[2024-06-07 14:58:27,008] {taskinstance.py:1032} INFO - Dependencies all met for <TaskInstance: data_ingestion_gcs_dag.transform_dataset_task manual__2024-06-07T14:58:22.615288+00:00 [queued]>
[2024-06-07 14:58:27,017] {taskinstance.py:1032} INFO - Dependencies all met for <TaskInstance: data_ingestion_gcs_dag.transform_dataset_task manual__2024-06-07T14:58:22.615288+00:00 [queued]>
[2024-06-07 14:58:27,018] {taskinstance.py:1238} INFO - 
--------------------------------------------------------------------------------
[2024-06-07 14:58:27,018] {taskinstance.py:1239} INFO - Starting attempt 1 of 2
[2024-06-07 14:58:27,018] {taskinstance.py:1240} INFO - 
--------------------------------------------------------------------------------
[2024-06-07 14:58:27,030] {taskinstance.py:1259} INFO - Executing <Task(PythonOperator): transform_dataset_task> on 2024-06-07 14:58:22.615288+00:00
[2024-06-07 14:58:27,035] {standard_task_runner.py:52} INFO - Started process 7737 to run task
[2024-06-07 14:58:27,039] {standard_task_runner.py:76} INFO - Running: ['***', 'tasks', 'run', 'data_ingestion_gcs_dag', 'transform_dataset_task', 'manual__2024-06-07T14:58:22.615288+00:00', '--job-id', '307', '--raw', '--subdir', 'DAGS_FOLDER/data_ingestion.py', '--cfg-path', '/tmp/tmpsv6ecu6j', '--error-file', '/tmp/tmp5sznld76']
[2024-06-07 14:58:27,042] {standard_task_runner.py:77} INFO - Job 307: Subtask transform_dataset_task
[2024-06-07 14:58:27,090] {logging_mixin.py:109} INFO - Running <TaskInstance: data_ingestion_gcs_dag.transform_dataset_task manual__2024-06-07T14:58:22.615288+00:00 [running]> on host fbb305b57b58
[2024-06-07 14:58:27,138] {taskinstance.py:1426} INFO - Exporting the following env vars:
AIRFLOW_CTX_DAG_OWNER=***
AIRFLOW_CTX_DAG_ID=data_ingestion_gcs_dag
AIRFLOW_CTX_TASK_ID=transform_dataset_task
AIRFLOW_CTX_EXECUTION_DATE=2024-06-07T14:58:22.615288+00:00
AIRFLOW_CTX_DAG_RUN_ID=manual__2024-06-07T14:58:22.615288+00:00
[2024-06-07 14:58:27,168] {python.py:175} INFO - Done. Returned value was: None
[2024-06-07 14:58:27,183] {taskinstance.py:1277} INFO - Marking task as SUCCESS. dag_id=data_ingestion_gcs_dag, task_id=transform_dataset_task, execution_date=20240607T145822, start_date=20240607T145827, end_date=20240607T145827
[2024-06-07 14:58:27,214] {local_task_job.py:154} INFO - Task exited with return code 0
[2024-06-07 14:58:27,250] {local_task_job.py:264} INFO - 1 downstream tasks scheduled from follow-on schedule check
