[2024-06-04 13:42:06,540] {taskinstance.py:1032} INFO - Dependencies all met for <TaskInstance: data_ingestion_gcs_dag.transform_dataset_task manual__2024-06-04T13:42:02.092438+00:00 [queued]>
[2024-06-04 13:42:06,551] {taskinstance.py:1032} INFO - Dependencies all met for <TaskInstance: data_ingestion_gcs_dag.transform_dataset_task manual__2024-06-04T13:42:02.092438+00:00 [queued]>
[2024-06-04 13:42:06,551] {taskinstance.py:1238} INFO - 
--------------------------------------------------------------------------------
[2024-06-04 13:42:06,551] {taskinstance.py:1239} INFO - Starting attempt 1 of 2
[2024-06-04 13:42:06,551] {taskinstance.py:1240} INFO - 
--------------------------------------------------------------------------------
[2024-06-04 13:42:06,567] {taskinstance.py:1259} INFO - Executing <Task(PythonOperator): transform_dataset_task> on 2024-06-04 13:42:02.092438+00:00
[2024-06-04 13:42:06,576] {standard_task_runner.py:52} INFO - Started process 19530 to run task
[2024-06-04 13:42:06,579] {standard_task_runner.py:76} INFO - Running: ['***', 'tasks', 'run', 'data_ingestion_gcs_dag', 'transform_dataset_task', 'manual__2024-06-04T13:42:02.092438+00:00', '--job-id', '210', '--raw', '--subdir', 'DAGS_FOLDER/data_ingestion.py', '--cfg-path', '/tmp/tmp4s_lopai', '--error-file', '/tmp/tmpi1uw57py']
[2024-06-04 13:42:06,585] {standard_task_runner.py:77} INFO - Job 210: Subtask transform_dataset_task
[2024-06-04 13:42:06,639] {logging_mixin.py:109} INFO - Running <TaskInstance: data_ingestion_gcs_dag.transform_dataset_task manual__2024-06-04T13:42:02.092438+00:00 [running]> on host 7ae6972dd88f
[2024-06-04 13:42:06,691] {taskinstance.py:1426} INFO - Exporting the following env vars:
AIRFLOW_CTX_DAG_OWNER=***
AIRFLOW_CTX_DAG_ID=data_ingestion_gcs_dag
AIRFLOW_CTX_TASK_ID=transform_dataset_task
AIRFLOW_CTX_EXECUTION_DATE=2024-06-04T13:42:02.092438+00:00
AIRFLOW_CTX_DAG_RUN_ID=manual__2024-06-04T13:42:02.092438+00:00
[2024-06-04 13:42:06,713] {logging_mixin.py:109} INFO - Why the Pandemic Probably Started in a Lab, in 5 Key Points
[2024-06-04 13:42:06,714] {logging_mixin.py:109} INFO - The world must not continue to bear the intolerable risks of research with the potential to cause pandemics.
[2024-06-04 13:42:06,714] {logging_mixin.py:109} INFO - Coronavirus Origins Investigation;Coronavirus (2019-nCoV);Laboratories and Scientific Equipment;Fauci, Anthony S;Daszak, Peter;Shi Zhengli;Baric, Ralph Steven;Wuhan Institute of Virology (China);EcoHealth Alliance;Wuhan Huanan Seafood Wholesale Market (Wuhan, China);National Institute of Allergy and Infectious Diseases;Wuhan (China)
[2024-06-04 13:42:06,714] {logging_mixin.py:109} INFO - ['Coronavirus Origins Investigation', 'Coronavirus (2019-nCoV)', 'Laboratories and Scientific Equipment']
[2024-06-04 13:42:06,714] {logging_mixin.py:109} INFO - [{'type': 'image', 'subtype': '', 'caption': '', 'copyright': 'Illustration by Mike McQuade. Source photographs by Getty Images.', 'approved_for_syndication': 1, 'media-metadata': [{'url': 'https://static01.nyt.com/images/2024/05/31/opinion/opinion-covid-lab-leak-promo/opinion-covid-lab-leak-promo-thumbStandard.jpg', 'format': 'Standard Thumbnail', 'height': 75, 'width': 75}, {'url': 'https://static01.nyt.com/images/2024/05/31/opinion/opinion-covid-lab-leak-promo/opinion-covid-lab-leak-promo-mediumThreeByTwo210.jpg', 'format': 'mediumThreeByTwo210', 'height': 140, 'width': 210}, {'url': 'https://static01.nyt.com/images/2024/05/31/opinion/opinion-covid-lab-leak-promo/opinion-covid-lab-leak-promo-mediumThreeByTwo440.jpg', 'format': 'mediumThreeByTwo440', 'height': 293, 'width': 440}]}]
[2024-06-04 13:42:06,714] {logging_mixin.py:109} INFO - A Guide to Managing Covid This Summer
[2024-06-04 13:42:06,714] {logging_mixin.py:109} INFO - Experts say cases could rise in the coming weeks. Here’s what to know about symptoms, testing and treatment.
[2024-06-04 13:42:06,714] {logging_mixin.py:109} INFO - Tests (Medical);Coronavirus (2019-nCoV);Disease Rates;Research;Immune System;Quarantines
[2024-06-04 13:42:06,714] {logging_mixin.py:109} INFO - ['Tests (Medical)', 'Coronavirus (2019-nCoV)', 'Disease Rates', 'Research', 'Immune System', 'Quarantines']
[2024-06-04 13:42:06,714] {logging_mixin.py:109} INFO - [{'type': 'image', 'subtype': 'photo', 'caption': '', 'copyright': 'Getty Images', 'approved_for_syndication': 1, 'media-metadata': [{'url': 'https://static01.nyt.com/images/2024/05/29/well/WELL-COVID-SUMMER1/WELL-COVID-SUMMER1-thumbStandard.jpg', 'format': 'Standard Thumbnail', 'height': 75, 'width': 75}, {'url': 'https://static01.nyt.com/images/2024/05/29/well/WELL-COVID-SUMMER1/WELL-COVID-SUMMER1-mediumThreeByTwo210.jpg', 'format': 'mediumThreeByTwo210', 'height': 140, 'width': 210}, {'url': 'https://static01.nyt.com/images/2024/05/29/well/WELL-COVID-SUMMER1/WELL-COVID-SUMMER1-mediumThreeByTwo440.jpg', 'format': 'mediumThreeByTwo440', 'height': 293, 'width': 440}]}]
[2024-06-04 13:42:06,714] {logging_mixin.py:109} INFO - What My Dog Taught Me About Mortality
[2024-06-04 13:42:06,714] {logging_mixin.py:109} INFO - Walnut rescued me from death more than once—but not in the way you might think.
[2024-06-04 13:42:06,714] {logging_mixin.py:109} INFO - Death and Dying;Pets;Hamsters;Dogs
[2024-06-04 13:42:06,714] {logging_mixin.py:109} INFO - ['Death and Dying', 'Pets', 'Hamsters', 'Dogs']
[2024-06-04 13:42:06,714] {logging_mixin.py:109} INFO - [{'type': 'image', 'subtype': '', 'caption': '', 'copyright': 'Animations by Gaia Alari', 'approved_for_syndication': 0, 'media-metadata': [{'url': 'https://static01.nyt.com/images/2024/06/01/magazine/01mag-animal-promostill/01mag-animal-promostill-thumbStandard.jpg', 'format': 'Standard Thumbnail', 'height': 75, 'width': 75}, {'url': 'https://static01.nyt.com/images/2024/06/01/magazine/01mag-animal-promostill/01mag-animal-promostill-mediumThreeByTwo210.jpg', 'format': 'mediumThreeByTwo210', 'height': 140, 'width': 210}, {'url': 'https://static01.nyt.com/images/2024/06/01/magazine/01mag-animal-promostill/01mag-animal-promostill-mediumThreeByTwo440.jpg', 'format': 'mediumThreeByTwo440', 'height': 293, 'width': 440}]}]
[2024-06-04 13:42:06,715] {logging_mixin.py:109} INFO - After Trump’s Conviction, a National Enquirer Editor Sends His Regrets
[2024-06-04 13:42:06,715] {logging_mixin.py:109} INFO - For Barry Levine, a former top journalist at the supermarket tabloid, the former president’s trial was its own kind of tear-jerker.
[2024-06-04 13:42:06,715] {logging_mixin.py:109} INFO - News and News Media;New York State Criminal Case Against Trump (71543-23);Content Type: Personal Profile;American Media Inc;National Enquirer
[2024-06-04 13:42:06,715] {logging_mixin.py:109} INFO - ['News and News Media', 'New York State Criminal Case Against Trump (71543-23)', 'Content Type: Personal Profile']
[2024-06-04 13:42:06,715] {logging_mixin.py:109} INFO - [{'type': 'image', 'subtype': 'photo', 'caption': 'Issues of The National Enquirer from its high point, when it broke news on the presidential candidate John Edwards.', 'copyright': 'Hiroko Masuike for The New York Times', 'approved_for_syndication': 1, 'media-metadata': [{'url': 'https://static01.nyt.com/images/2024/06/01/multimedia/01BARRY-LEVINE-ENQUIRER-lkcb/01BARRY-LEVINE-ENQUIRER-lkcb-thumbStandard.jpg', 'format': 'Standard Thumbnail', 'height': 75, 'width': 75}, {'url': 'https://static01.nyt.com/images/2024/06/01/multimedia/01BARRY-LEVINE-ENQUIRER-lkcb/01BARRY-LEVINE-ENQUIRER-lkcb-mediumThreeByTwo210.jpg', 'format': 'mediumThreeByTwo210', 'height': 140, 'width': 210}, {'url': 'https://static01.nyt.com/images/2024/06/01/multimedia/01BARRY-LEVINE-ENQUIRER-lkcb/01BARRY-LEVINE-ENQUIRER-lkcb-mediumThreeByTwo440.jpg', 'format': 'mediumThreeByTwo440', 'height': 293, 'width': 440}]}]
[2024-06-04 13:42:06,715] {logging_mixin.py:109} INFO - They Spent Their Life Savings on Life Coaching
[2024-06-04 13:42:06,715] {logging_mixin.py:109} INFO - Some people who wanted to improve their lives and careers through coaching found themselves trapped in what they described as a pyramid scheme.
[2024-06-04 13:42:06,715] {logging_mixin.py:109} INFO - internal-truncator;Coaches (Non-Sports);Credit and Debt;Careers and Professions;Frauds and Swindling;Ponzi and Pyramid Schemes
[2024-06-04 13:42:06,715] {logging_mixin.py:109} INFO - ['internal-truncator', 'Coaches (Non-Sports)', 'Credit and Debt', 'Careers and Professions', 'Frauds and Swindling', 'Ponzi and Pyramid Schemes']
[2024-06-04 13:42:06,715] {logging_mixin.py:109} INFO - [{'type': 'image', 'subtype': 'photo', 'caption': '', 'copyright': 'Rose Wong', 'approved_for_syndication': 1, 'media-metadata': [{'url': 'https://static01.nyt.com/images/2024/06/01/business/01life-coaching/01life-coaching-thumbStandard.jpg', 'format': 'Standard Thumbnail', 'height': 75, 'width': 75}, {'url': 'https://static01.nyt.com/images/2024/06/01/business/01life-coaching/01life-coaching-mediumThreeByTwo210.jpg', 'format': 'mediumThreeByTwo210', 'height': 140, 'width': 210}, {'url': 'https://static01.nyt.com/images/2024/06/01/business/01life-coaching/01life-coaching-mediumThreeByTwo440.jpg', 'format': 'mediumThreeByTwo440', 'height': 293, 'width': 440}]}]
[2024-06-04 13:42:06,715] {logging_mixin.py:109} INFO - Brexit Champion Says He’ll Run for Parliament, Jolting U.K. Election
[2024-06-04 13:42:06,715] {logging_mixin.py:109} INFO - Nigel Farage, an anti-immigration campaigner and Trump ally, reversed a pledge not to run. His Reform U.K. party hopes to take seats from Conservatives.
[2024-06-04 13:42:06,715] {logging_mixin.py:109} INFO - Elections;Sunak, Rishi (1980- );Farage, Nigel (1964- );Great Britain
[2024-06-04 13:42:06,715] {logging_mixin.py:109} INFO - ['Elections']
[2024-06-04 13:42:06,715] {logging_mixin.py:109} INFO - [{'type': 'image', 'subtype': 'photo', 'caption': 'Nigel Farage at a news conference on Monday for the Reform U.K. party, which campaigns to curb immigration.', 'copyright': 'Henry Nicholls/Agence France-Presse — Getty Images', 'approved_for_syndication': 1, 'media-metadata': [{'url': 'https://static01.nyt.com/images/2024/06/03/multimedia/03uk-farage-gpcl/03uk-farage-gpcl-thumbStandard.jpg', 'format': 'Standard Thumbnail', 'height': 75, 'width': 75}, {'url': 'https://static01.nyt.com/images/2024/06/03/multimedia/03uk-farage-gpcl/03uk-farage-gpcl-mediumThreeByTwo210.jpg', 'format': 'mediumThreeByTwo210', 'height': 140, 'width': 210}, {'url': 'https://static01.nyt.com/images/2024/06/03/multimedia/03uk-farage-gpcl/03uk-farage-gpcl-mediumThreeByTwo440.jpg', 'format': 'mediumThreeByTwo440', 'height': 293, 'width': 440}]}]
[2024-06-04 13:42:06,715] {logging_mixin.py:109} INFO - Rupert Murdoch Marries for the Fifth Time
[2024-06-04 13:42:06,716] {logging_mixin.py:109} INFO - Mr. Murdoch, the 93-year-old media mogul, married Elena Zhukova, a retired molecular biologist, Saturday at Moraga, his Bel Air vineyard estate in Los Angeles.
[2024-06-04 13:42:06,716] {logging_mixin.py:109} INFO - Weddings and Engagements;Murdoch, Rupert;Zhukova, Elena
[2024-06-04 13:42:06,716] {logging_mixin.py:109} INFO - ['Weddings and Engagements']
[2024-06-04 13:42:06,716] {logging_mixin.py:109} INFO - [{'type': 'image', 'subtype': 'photo', 'caption': 'On Saturday, Rupert Murdoch married Elena Zhukova at Moraga, his Tuscan-style vineyard estate in the hills of the Bel Air neighborhood in Los Angeles.', 'copyright': 'News Corp', 'approved_for_syndication': 1, 'media-metadata': [{'url': 'https://static01.nyt.com/images/2024/06/02/fashion/02RUPERT-MURDOCH-WEDDING-03/02RUPERT-MURDOCH-WEDDING-03-thumbStandard.jpg', 'format': 'Standard Thumbnail', 'height': 75, 'width': 75}, {'url': 'https://static01.nyt.com/images/2024/06/02/fashion/02RUPERT-MURDOCH-WEDDING-03/02RUPERT-MURDOCH-WEDDING-03-mediumThreeByTwo210.jpg', 'format': 'mediumThreeByTwo210', 'height': 140, 'width': 210}, {'url': 'https://static01.nyt.com/images/2024/06/02/fashion/02RUPERT-MURDOCH-WEDDING-03/02RUPERT-MURDOCH-WEDDING-03-mediumThreeByTwo440.jpg', 'format': 'mediumThreeByTwo440', 'height': 293, 'width': 440}]}]
[2024-06-04 13:42:06,716] {logging_mixin.py:109} INFO - Biden Is Expected to Sign Order Letting Him Seal Border With Mexico
[2024-06-04 13:42:06,716] {logging_mixin.py:109} INFO - The move, expected on Tuesday, would allow the president to temporarily close the border and suspend longtime protections for asylum seekers in the United States.
[2024-06-04 13:42:06,716] {logging_mixin.py:109} INFO - United States Politics and Government;Asylum, Right of;Illegal Immigration;Executive Orders and Memorandums;Immigration and Emigration;Biden, Joseph R Jr;Homeland Security Department
[2024-06-04 13:42:06,716] {logging_mixin.py:109} INFO - ['United States Politics and Government', 'Asylum, Right of', 'Illegal Immigration', 'Executive Orders and Memorandums', 'Immigration and Emigration']
[2024-06-04 13:42:06,716] {logging_mixin.py:109} INFO - [{'type': 'image', 'subtype': 'photo', 'caption': 'President Biden’s expected order would represent the most restrictive border policy instituted by him or any modern Democrat.', 'copyright': 'Christopher Lee for The New York Times', 'approved_for_syndication': 1, 'media-metadata': [{'url': 'https://static01.nyt.com/images/2024/06/03/multimedia/03dc-immig-clgq/03dc-immig-clgq-thumbStandard.jpg', 'format': 'Standard Thumbnail', 'height': 75, 'width': 75}, {'url': 'https://static01.nyt.com/images/2024/06/03/multimedia/03dc-immig-clgq/03dc-immig-clgq-mediumThreeByTwo210.jpg', 'format': 'mediumThreeByTwo210', 'height': 140, 'width': 210}, {'url': 'https://static01.nyt.com/images/2024/06/03/multimedia/03dc-immig-clgq/03dc-immig-clgq-mediumThreeByTwo440.jpg', 'format': 'mediumThreeByTwo440', 'height': 293, 'width': 440}]}]
[2024-06-04 13:42:06,716] {logging_mixin.py:109} INFO - My Country Shows What Europe Has Become
[2024-06-04 13:42:06,716] {logging_mixin.py:109} INFO - For all its singularity, Belgium tells a quintessentially European story.
[2024-06-04 13:42:06,716] {logging_mixin.py:109} INFO - Elections;De Croo, Alexander;European Union;European Parliament;Vlaams Belang;Belgium;Wallonia (Belgium);Flanders (Belgium);Brussels (Belgium)
[2024-06-04 13:42:06,716] {logging_mixin.py:109} INFO - ['Elections']
[2024-06-04 13:42:06,716] {logging_mixin.py:109} INFO - [{'type': 'image', 'subtype': 'photo', 'caption': '', 'copyright': 'Photo Illustration by Jan A. Staiger', 'approved_for_syndication': 0, 'media-metadata': [{'url': 'https://static01.nyt.com/images/2024/06/03/opinion/03jager-02/03jager-02-thumbStandard.jpg', 'format': 'Standard Thumbnail', 'height': 75, 'width': 75}, {'url': 'https://static01.nyt.com/images/2024/06/03/opinion/03jager-02/03jager-02-mediumThreeByTwo210.jpg', 'format': 'mediumThreeByTwo210', 'height': 140, 'width': 210}, {'url': 'https://static01.nyt.com/images/2024/06/03/opinion/03jager-02/03jager-02-mediumThreeByTwo440.jpg', 'format': 'mediumThreeByTwo440', 'height': 293, 'width': 440}]}]
[2024-06-04 13:42:06,716] {logging_mixin.py:109} INFO - The Heat Wave Scenario That Keeps Climate Scientists Up at Night
[2024-06-04 13:42:06,717] {logging_mixin.py:109} INFO - The hotter it gets, the more difficult it is for our bodies to cope.
[2024-06-04 13:42:06,717] {logging_mixin.py:109} INFO - Heat and Heat Waves;Weather;Deaths (Fatalities);Heatstroke;Power Failures and Blackouts;Air Conditioning;Urban Areas;Global Warming;Hurricanes and Tropical Storms;Infrastructure (Public Works);Electric Light and Power;Arizona;Atlanta (Ga);Dallas (Tex);Delhi (India);Detroit (Mich);Europe;Houston (Tex);India;Louisiana;New Orleans (La);Pacific Northwestern States (US);Phoenix (Ariz);Russia
[2024-06-04 13:42:06,717] {logging_mixin.py:109} INFO - ['Heat and Heat Waves', 'Weather', 'Deaths (Fatalities)', 'Heatstroke', 'Power Failures and Blackouts', 'Air Conditioning', 'Urban Areas', 'Global Warming', 'Hurricanes and Tropical Storms', 'Infrastructure (Public Works)', 'Electric Light and Power']
[2024-06-04 13:42:06,717] {logging_mixin.py:109} INFO - [{'type': 'image', 'subtype': 'photo', 'caption': '', 'copyright': 'Melissa Phillip/Houston Chronicle, via Associated Press', 'approved_for_syndication': 1, 'media-metadata': [{'url': 'https://static01.nyt.com/images/2024/05/31/multimedia/31goodell1-mqcl/31goodell1-mqcl-thumbStandard.jpg', 'format': 'Standard Thumbnail', 'height': 75, 'width': 75}, {'url': 'https://static01.nyt.com/images/2024/05/31/multimedia/31goodell1-mqcl/31goodell1-mqcl-mediumThreeByTwo210.jpg', 'format': 'mediumThreeByTwo210', 'height': 140, 'width': 210}, {'url': 'https://static01.nyt.com/images/2024/05/31/multimedia/31goodell1-mqcl/31goodell1-mqcl-mediumThreeByTwo440.jpg', 'format': 'mediumThreeByTwo440', 'height': 293, 'width': 440}]}]
[2024-06-04 13:42:06,717] {logging_mixin.py:109} INFO - Learn to Make the Juiciest Steak With This Hot Restaurant Trick
[2024-06-04 13:42:06,717] {logging_mixin.py:109} INFO - Basting your steaks with butter is the secret to perfectly cooked meat at home.
[2024-06-04 13:42:06,717] {logging_mixin.py:109} INFO - Cooking and Cookbooks;Content Type: Service;Butter;Recipes;Meat;Asparagus;Chefs
[2024-06-04 13:42:06,717] {logging_mixin.py:109} INFO - ['Cooking and Cookbooks', 'Content Type: Service', 'Butter', 'Recipes', 'Meat', 'Asparagus', 'Chefs']
[2024-06-04 13:42:06,717] {logging_mixin.py:109} INFO - [{'type': 'image', 'subtype': 'photo', 'caption': 'Butter basting your steak helps yield an even, rosy pink interior, juicy and full of promise.', 'copyright': 'David Malosh for The New York Times. Food Stylist: Simon Andrews.', 'approved_for_syndication': 1, 'media-metadata': [{'url': 'https://static01.nyt.com/images/2024/06/05/multimedia/31Butter-Steak2-gwch/31Butter-Steak2-gwch-thumbStandard.jpg', 'format': 'Standard Thumbnail', 'height': 75, 'width': 75}, {'url': 'https://static01.nyt.com/images/2024/06/05/multimedia/31Butter-Steak2-gwch/31Butter-Steak2-gwch-mediumThreeByTwo210.jpg', 'format': 'mediumThreeByTwo210', 'height': 140, 'width': 210}, {'url': 'https://static01.nyt.com/images/2024/06/05/multimedia/31Butter-Steak2-gwch/31Butter-Steak2-gwch-mediumThreeByTwo440.jpg', 'format': 'mediumThreeByTwo440', 'height': 293, 'width': 440}]}]
[2024-06-04 13:42:06,717] {logging_mixin.py:109} INFO - Sally Buzbee, Washington Post Editor, to Leave Role
[2024-06-04 13:42:06,717] {logging_mixin.py:109} INFO - Matt Murray, the former editor in chief of The Wall Street Journal, will take her place temporarily.
[2024-06-04 13:42:06,717] {logging_mixin.py:109} INFO - Newspapers;Appointments and Executive Changes;News and News Media;Buzbee, Sally;Lewis, William (1969- );Murray, Matt (1966- );Ryan, Frederick J Jr;Bezos, Jeffrey P;Associated Press;Wall Street Journal;Washington Post
[2024-06-04 13:42:06,717] {logging_mixin.py:109} INFO - ['Newspapers', 'Appointments and Executive Changes', 'News and News Media']
[2024-06-04 13:42:06,717] {logging_mixin.py:109} INFO - [{'type': 'image', 'subtype': 'photo', 'caption': 'The Post greatly expanded its editing ranks under Sally Buzbee, announcing the addition of roughly 41 positions in 2021, and revamping its vaunted Style section.', 'copyright': 'Jabin Botsford/The Washington Post, via Getty Images', 'approved_for_syndication': 1, 'media-metadata': [{'url': 'https://static01.nyt.com/images/2024/06/02/multimedia/02paper-1/02buzbee-HP-thumbStandard-v2.jpg', 'format': 'Standard Thumbnail', 'height': 75, 'width': 75}, {'url': 'https://static01.nyt.com/images/2024/06/02/multimedia/02paper-1/02paper-1-mediumThreeByTwo210-v3.jpg', 'format': 'mediumThreeByTwo210', 'height': 140, 'width': 210}, {'url': 'https://static01.nyt.com/images/2024/06/02/multimedia/02paper-1/02paper-1-mediumThreeByTwo440-v3.jpg', 'format': 'mediumThreeByTwo440', 'height': 293, 'width': 440}]}]
[2024-06-04 13:42:06,718] {logging_mixin.py:109} INFO - Woman Declared Dead Is Found Alive at Funeral Home
[2024-06-04 13:42:06,718] {logging_mixin.py:109} INFO - Constance Glantz, 74, of Lincoln, Neb., was pronounced dead in a nursing home. A funeral home employee preparing her body realized that she was breathing.
[2024-06-04 13:42:06,718] {logging_mixin.py:109} INFO - Nursing Homes;Morgues and Mortuaries;Deaths (Fatalities);Nebraska;Lincoln (Neb)
[2024-06-04 13:42:06,718] {logging_mixin.py:109} INFO - ['Nursing Homes', 'Morgues and Mortuaries', 'Deaths (Fatalities)']
[2024-06-04 13:42:06,718] {logging_mixin.py:109} INFO - [{'type': 'image', 'subtype': 'photo', 'caption': 'Chief Deputy Ben Houchin answering questions after a woman was found alive at a funeral home in Lincoln, Neb.', 'copyright': 'Lancaster County Sheriff’s Office', 'approved_for_syndication': 1, 'media-metadata': [{'url': 'https://static01.nyt.com/images/2024/06/03/multimedia/03xp-notdead/03xp-notdead-thumbStandard-v2.jpg', 'format': 'Standard Thumbnail', 'height': 75, 'width': 75}, {'url': 'https://static01.nyt.com/images/2024/06/03/multimedia/03xp-notdead/03xp-notdead-mediumThreeByTwo210.jpg', 'format': 'mediumThreeByTwo210', 'height': 140, 'width': 210}, {'url': 'https://static01.nyt.com/images/2024/06/03/multimedia/03xp-notdead/03xp-notdead-mediumThreeByTwo440.jpg', 'format': 'mediumThreeByTwo440', 'height': 293, 'width': 440}]}]
[2024-06-04 13:42:06,718] {logging_mixin.py:109} INFO - Menendez, on Trial, Files to Run for Re-election as an Independent
[2024-06-04 13:42:06,718] {logging_mixin.py:109} INFO - Several men dropped off the paperwork in Trenton, N.J., while the senator was in a federal courthouse in Manhattan. He has until the middle of August to withdraw.
[2024-06-04 13:42:06,718] {logging_mixin.py:109} INFO - Elections, Senate;Bribery and Kickbacks;Menendez, Robert;New Jersey
[2024-06-04 13:42:06,718] {logging_mixin.py:109} INFO - ['Elections, Senate', 'Bribery and Kickbacks']
[2024-06-04 13:42:06,718] {logging_mixin.py:109} INFO - [{'type': 'image', 'subtype': 'photo', 'caption': 'Senator Robert Menendez of New Jersey, who is on trial on federal corruption charges, filed paperwork to run for re-election as an independent candidate in November.', 'copyright': 'Haiyun Jiang /The New York Times', 'approved_for_syndication': 1, 'media-metadata': [{'url': 'https://static01.nyt.com/images/2024/06/03/multimedia/03menenez-campaign-01-qwbc/03menenez-campaign-01-qwbc-thumbStandard.jpg', 'format': 'Standard Thumbnail', 'height': 75, 'width': 75}, {'url': 'https://static01.nyt.com/images/2024/06/03/multimedia/03menenez-campaign-01-qwbc/03menenez-campaign-01-qwbc-mediumThreeByTwo210.jpg', 'format': 'mediumThreeByTwo210', 'height': 140, 'width': 210}, {'url': 'https://static01.nyt.com/images/2024/06/03/multimedia/03menenez-campaign-01-qwbc/03menenez-campaign-01-qwbc-mediumThreeByTwo440.jpg', 'format': 'mediumThreeByTwo440', 'height': 293, 'width': 440}]}]
[2024-06-04 13:42:06,718] {logging_mixin.py:109} INFO - I Reread a Book That Changed My Life, but I’d Changed, Too
[2024-06-04 13:42:06,718] {logging_mixin.py:109} INFO - At the very least, it’s a chance to remember who we were when we first experienced it.
[2024-06-04 13:42:06,718] {logging_mixin.py:109} INFO - Books and Literature;Writing and Writers;Language and Languages;Poetry and Poets;Dillard, Annie
[2024-06-04 13:42:06,718] {logging_mixin.py:109} INFO - ['Books and Literature', 'Writing and Writers', 'Language and Languages', 'Poetry and Poets']
[2024-06-04 13:42:06,719] {logging_mixin.py:109} INFO - [{'type': 'image', 'subtype': 'photo', 'caption': '', 'copyright': 'Brian Chorski/Connected Archives x Kintzing', 'approved_for_syndication': 1, 'media-metadata': [{'url': 'https://static01.nyt.com/images/2024/06/03/opinion/03renkl/03renkl-thumbStandard.jpg', 'format': 'Standard Thumbnail', 'height': 75, 'width': 75}, {'url': 'https://static01.nyt.com/images/2024/06/03/opinion/03renkl/03renkl-mediumThreeByTwo210.jpg', 'format': 'mediumThreeByTwo210', 'height': 140, 'width': 210}, {'url': 'https://static01.nyt.com/images/2024/06/03/opinion/03renkl/03renkl-mediumThreeByTwo440.jpg', 'format': 'mediumThreeByTwo440', 'height': 293, 'width': 440}]}]
[2024-06-04 13:42:06,719] {logging_mixin.py:109} INFO - 2024 India General Election: Live Results
[2024-06-04 13:42:06,719] {logging_mixin.py:109} INFO - See results and maps from India’s 2024 Lok Sabha elections.
[2024-06-04 13:42:06,719] {logging_mixin.py:109} INFO - internal-paywall-exempt;Elections;Modi, Narendra;Bharatiya Janata Party;India
[2024-06-04 13:42:06,719] {logging_mixin.py:109} INFO - ['internal-paywall-exempt', 'Elections']
[2024-06-04 13:42:06,719] {logging_mixin.py:109} INFO - [{'type': 'image', 'subtype': '', 'caption': '', 'copyright': 'The New York Times', 'approved_for_syndication': 1, 'media-metadata': [{'url': 'https://static01.nyt.com/images/2024/06/01/multimedia/2024-03-29-international-elections-results-india/2024-03-29-international-elections-results-india-thumbStandard-v6.png', 'format': 'Standard Thumbnail', 'height': 75, 'width': 75}, {'url': 'https://static01.nyt.com/images/2024/06/01/multimedia/2024-03-29-international-elections-results-india/2024-03-29-international-elections-results-india-mediumThreeByTwo210-v6.png', 'format': 'mediumThreeByTwo210', 'height': 140, 'width': 210}, {'url': 'https://static01.nyt.com/images/2024/06/01/multimedia/2024-03-29-international-elections-results-india/2024-03-29-international-elections-results-india-mediumThreeByTwo440-v6.png', 'format': 'mediumThreeByTwo440', 'height': 293, 'width': 440}]}]
[2024-06-04 13:42:06,719] {logging_mixin.py:109} INFO - What to Know About Claudia Sheinbaum, Mexico’s Newly Elected President
[2024-06-04 13:42:06,719] {logging_mixin.py:109} INFO - Here are five key insights into Mexico’s new president as people wonder whether she will diverge from Andrés Manuel López Obrador’s policies or focus on cementing his legacy.
[2024-06-04 13:42:06,719] {logging_mixin.py:109} INFO - Content Type: Personal Profile;Elections;Politics and Government;Sheinbaum, Claudia;Lopez Obrador, Andres Manuel;Morena (Mexican Political Party);Mexico;Mexico City (Mexico)
[2024-06-04 13:42:06,719] {logging_mixin.py:109} INFO - ['Content Type: Personal Profile', 'Elections', 'Politics and Government']
[2024-06-04 13:42:06,719] {logging_mixin.py:109} INFO - [{'type': 'image', 'subtype': 'photo', 'caption': 'Mexico’s newly elected president, Claudia Sheinbaum, in Mexico City on Sunday.', 'copyright': 'Fred Ramos for The New York Times', 'approved_for_syndication': 1, 'media-metadata': [{'url': 'https://static01.nyt.com/images/2024/06/03/multimedia/03mexico-sheinbaum-president-tpgq/03mexico-sheinbaum-president-tpgq-thumbStandard.jpg', 'format': 'Standard Thumbnail', 'height': 75, 'width': 75}, {'url': 'https://static01.nyt.com/images/2024/06/03/multimedia/03mexico-sheinbaum-president-tpgq/03mexico-sheinbaum-president-tpgq-mediumThreeByTwo210.jpg', 'format': 'mediumThreeByTwo210', 'height': 140, 'width': 210}, {'url': 'https://static01.nyt.com/images/2024/06/03/multimedia/03mexico-sheinbaum-president-tpgq/03mexico-sheinbaum-president-tpgq-mediumThreeByTwo440.jpg', 'format': 'mediumThreeByTwo440', 'height': 293, 'width': 440}]}]
[2024-06-04 13:42:06,720] {logging_mixin.py:109} INFO - Another Milestone in Mexico: Its First Jewish President
[2024-06-04 13:42:06,720] {logging_mixin.py:109} INFO - Claudia Sheinbaum was born to Jewish parents, but she has played down her heritage on the campaign trail.
[2024-06-04 13:42:06,720] {logging_mixin.py:109} INFO - Jews and Judaism;Discrimination;Politics and Government;Elections;Sheinbaum, Claudia;Fox, Vicente;Mexico
[2024-06-04 13:42:06,720] {logging_mixin.py:109} INFO - ['Jews and Judaism', 'Discrimination', 'Politics and Government', 'Elections']
[2024-06-04 13:42:06,720] {logging_mixin.py:109} INFO - [{'type': 'image', 'subtype': 'photo', 'caption': 'Claudia Sheinbaum in Mexico City in 2020.', 'copyright': 'Meghan Dhaliwal for The New York Times', 'approved_for_syndication': 1, 'media-metadata': [{'url': 'https://static01.nyt.com/images/2024/06/03/multimedia/03mexico-jewish-president-tkcb/03mexico-jewish-president-tkcb-thumbStandard.jpg', 'format': 'Standard Thumbnail', 'height': 75, 'width': 75}, {'url': 'https://static01.nyt.com/images/2024/06/03/multimedia/03mexico-jewish-president-tkcb/03mexico-jewish-president-tkcb-mediumThreeByTwo210.jpg', 'format': 'mediumThreeByTwo210', 'height': 140, 'width': 210}, {'url': 'https://static01.nyt.com/images/2024/06/03/multimedia/03mexico-jewish-president-tkcb/03mexico-jewish-president-tkcb-mediumThreeByTwo440.jpg', 'format': 'mediumThreeByTwo440', 'height': 293, 'width': 440}]}]
[2024-06-04 13:42:06,720] {logging_mixin.py:109} INFO - Time Flies When You’re Being Convicted
[2024-06-04 13:42:06,720] {logging_mixin.py:109} INFO - Is it still true that there’s no such thing as bad publicity?
[2024-06-04 13:42:06,720] {logging_mixin.py:109} INFO - Presidential Election of 2024;United States Politics and Government;Third-Party Politics (US);New York State Criminal Case Against Trump (71543-23);Biden, Hunter;Biden, Joseph R III;Trump, Donald J;Democratic Party;Republican Party;Supreme Court (US)
[2024-06-04 13:42:06,720] {logging_mixin.py:109} INFO - ['Presidential Election of 2024', 'United States Politics and Government', 'Third-Party Politics (US)', 'New York State Criminal Case Against Trump (71543-23)']
[2024-06-04 13:42:06,720] {logging_mixin.py:109} INFO - [{'type': 'image', 'subtype': 'photo', 'caption': '', 'copyright': 'Damon Winter/The New York Times', 'approved_for_syndication': 1, 'media-metadata': [{'url': 'https://static01.nyt.com/images/2024/06/04/multimedia/03conversation1-cljf/03conversation1-cljf-thumbStandard.jpg', 'format': 'Standard Thumbnail', 'height': 75, 'width': 75}, {'url': 'https://static01.nyt.com/images/2024/06/04/multimedia/03conversation1-cljf/03conversation1-cljf-mediumThreeByTwo210.jpg', 'format': 'mediumThreeByTwo210', 'height': 140, 'width': 210}, {'url': 'https://static01.nyt.com/images/2024/06/04/multimedia/03conversation1-cljf/03conversation1-cljf-mediumThreeByTwo440.jpg', 'format': 'mediumThreeByTwo440', 'height': 293, 'width': 440}]}]
[2024-06-04 13:42:06,720] {logging_mixin.py:109} INFO - Tracking Dangerous Heat in the U.S.
[2024-06-04 13:42:06,720] {logging_mixin.py:109} INFO - See detailed maps of the latest heat index forecasts in the United States.
[2024-06-04 13:42:06,720] {logging_mixin.py:109} INFO - Heat and Heat Waves;United States
[2024-06-04 13:42:06,720] {logging_mixin.py:109} INFO - ['Heat and Heat Waves']
[2024-06-04 13:42:06,721] {logging_mixin.py:109} INFO - [{'type': 'image', 'subtype': '', 'caption': '', 'copyright': '', 'approved_for_syndication': 0, 'media-metadata': [{'url': 'https://static01.nyt.com/images/2023/07/27/us/heat-wave-map-tracker-1690472620837/heat-wave-map-tracker-1690472620837-thumbStandard-v410.png', 'format': 'Standard Thumbnail', 'height': 75, 'width': 75}, {'url': 'https://static01.nyt.com/images/2023/07/27/us/heat-wave-map-tracker-1690472620837/heat-wave-map-tracker-1690472620837-mediumThreeByTwo210-v410.png', 'format': 'mediumThreeByTwo210', 'height': 140, 'width': 210}, {'url': 'https://static01.nyt.com/images/2023/07/27/us/heat-wave-map-tracker-1690472620837/heat-wave-map-tracker-1690472620837-mediumThreeByTwo440-v410.png', 'format': 'mediumThreeByTwo440', 'height': 293, 'width': 440}]}]
[2024-06-04 13:42:06,721] {python.py:175} INFO - Done. Returned value was: None
[2024-06-04 13:42:06,732] {taskinstance.py:1277} INFO - Marking task as SUCCESS. dag_id=data_ingestion_gcs_dag, task_id=transform_dataset_task, execution_date=20240604T134202, start_date=20240604T134206, end_date=20240604T134206
[2024-06-04 13:42:06,791] {local_task_job.py:154} INFO - Task exited with return code 0
[2024-06-04 13:42:06,825] {local_task_job.py:264} INFO - 0 downstream tasks scheduled from follow-on schedule check
