[2024-05-28 12:59:21,166] {manager.py:514} INFO - Processing files using up to 2 processes at a time 
[2024-05-28 12:59:21,166] {manager.py:515} INFO - Process each file at most once every 30 seconds
[2024-05-28 12:59:21,166] {manager.py:517} INFO - Checking for new files in /opt/airflow/dags every 300 seconds
[2024-05-28 12:59:21,167] {manager.py:663} INFO - Searching for files in /opt/airflow/dags
[2024-05-28 12:59:21,168] {manager.py:666} INFO - There are 0 files in /opt/airflow/dags
[2024-05-28 12:59:21,213] {manager.py:1065} INFO - Finding 'running' jobs without a recent heartbeat
[2024-05-28 12:59:21,213] {manager.py:1069} INFO - Failing jobs without heartbeat after 2024-05-28 12:54:21.213708+00:00
[2024-05-28 12:59:31,239] {manager.py:1065} INFO - Finding 'running' jobs without a recent heartbeat
[2024-05-28 12:59:31,239] {manager.py:1069} INFO - Failing jobs without heartbeat after 2024-05-28 12:54:31.239761+00:00
[2024-05-28 12:59:41,261] {manager.py:1065} INFO - Finding 'running' jobs without a recent heartbeat
[2024-05-28 12:59:41,261] {manager.py:1069} INFO - Failing jobs without heartbeat after 2024-05-28 12:54:41.261905+00:00
[2024-05-28 12:59:51,286] {manager.py:1065} INFO - Finding 'running' jobs without a recent heartbeat
[2024-05-28 12:59:51,286] {manager.py:1069} INFO - Failing jobs without heartbeat after 2024-05-28 12:54:51.286572+00:00
[2024-05-28 13:00:01,310] {manager.py:1065} INFO - Finding 'running' jobs without a recent heartbeat
[2024-05-28 13:00:01,310] {manager.py:1069} INFO - Failing jobs without heartbeat after 2024-05-28 12:55:01.310464+00:00
[2024-05-28 13:00:11,332] {manager.py:1065} INFO - Finding 'running' jobs without a recent heartbeat
[2024-05-28 13:00:11,332] {manager.py:1069} INFO - Failing jobs without heartbeat after 2024-05-28 12:55:11.332663+00:00
[2024-05-28 13:00:21,359] {manager.py:1065} INFO - Finding 'running' jobs without a recent heartbeat
[2024-05-28 13:00:21,360] {manager.py:1069} INFO - Failing jobs without heartbeat after 2024-05-28 12:55:21.360084+00:00
[2024-05-28 13:00:25,092] {manager.py:495} INFO - Exiting gracefully upon receiving signal 15
[2024-05-28 13:02:39,764] {manager.py:514} INFO - Processing files using up to 2 processes at a time 
[2024-05-28 13:02:39,764] {manager.py:515} INFO - Process each file at most once every 30 seconds
[2024-05-28 13:02:39,764] {manager.py:517} INFO - Checking for new files in /opt/airflow/dags every 300 seconds
[2024-05-28 13:02:39,764] {manager.py:663} INFO - Searching for files in /opt/airflow/dags
[2024-05-28 13:02:39,765] {manager.py:666} INFO - There are 0 files in /opt/airflow/dags
[2024-05-28 13:02:39,792] {manager.py:1065} INFO - Finding 'running' jobs without a recent heartbeat
[2024-05-28 13:02:39,792] {manager.py:1069} INFO - Failing jobs without heartbeat after 2024-05-28 12:57:39.792547+00:00
[2024-05-28 13:02:49,818] {manager.py:1065} INFO - Finding 'running' jobs without a recent heartbeat
[2024-05-28 13:02:49,818] {manager.py:1069} INFO - Failing jobs without heartbeat after 2024-05-28 12:57:49.818387+00:00
[2024-05-28 13:02:59,844] {manager.py:1065} INFO - Finding 'running' jobs without a recent heartbeat
[2024-05-28 13:02:59,845] {manager.py:1069} INFO - Failing jobs without heartbeat after 2024-05-28 12:57:59.845127+00:00
[2024-05-28 13:03:09,867] {manager.py:1065} INFO - Finding 'running' jobs without a recent heartbeat
[2024-05-28 13:03:09,867] {manager.py:1069} INFO - Failing jobs without heartbeat after 2024-05-28 12:58:09.867373+00:00
[2024-05-28 13:03:19,890] {manager.py:1065} INFO - Finding 'running' jobs without a recent heartbeat
[2024-05-28 13:03:19,890] {manager.py:1069} INFO - Failing jobs without heartbeat after 2024-05-28 12:58:19.890449+00:00
[2024-05-28 13:03:29,913] {manager.py:1065} INFO - Finding 'running' jobs without a recent heartbeat
[2024-05-28 13:03:29,913] {manager.py:1069} INFO - Failing jobs without heartbeat after 2024-05-28 12:58:29.913699+00:00
[2024-05-28 13:03:39,935] {manager.py:1065} INFO - Finding 'running' jobs without a recent heartbeat
[2024-05-28 13:03:39,936] {manager.py:1069} INFO - Failing jobs without heartbeat after 2024-05-28 12:58:39.936138+00:00
[2024-05-28 13:03:49,959] {manager.py:1065} INFO - Finding 'running' jobs without a recent heartbeat
[2024-05-28 13:03:49,960] {manager.py:1069} INFO - Failing jobs without heartbeat after 2024-05-28 12:58:49.959992+00:00
[2024-05-28 13:03:59,980] {manager.py:1065} INFO - Finding 'running' jobs without a recent heartbeat
[2024-05-28 13:03:59,980] {manager.py:1069} INFO - Failing jobs without heartbeat after 2024-05-28 12:58:59.980762+00:00
[2024-05-28 13:04:10,006] {manager.py:1065} INFO - Finding 'running' jobs without a recent heartbeat
[2024-05-28 13:04:10,006] {manager.py:1069} INFO - Failing jobs without heartbeat after 2024-05-28 12:59:10.006419+00:00
[2024-05-28 13:04:20,027] {manager.py:1065} INFO - Finding 'running' jobs without a recent heartbeat
[2024-05-28 13:04:20,027] {manager.py:1069} INFO - Failing jobs without heartbeat after 2024-05-28 12:59:20.027383+00:00
[2024-05-28 13:04:30,050] {manager.py:1065} INFO - Finding 'running' jobs without a recent heartbeat
[2024-05-28 13:04:30,050] {manager.py:1069} INFO - Failing jobs without heartbeat after 2024-05-28 12:59:30.050255+00:00
[2024-05-28 13:04:40,073] {manager.py:1065} INFO - Finding 'running' jobs without a recent heartbeat
[2024-05-28 13:04:40,074] {manager.py:1069} INFO - Failing jobs without heartbeat after 2024-05-28 12:59:40.074082+00:00
[2024-05-28 13:04:50,093] {manager.py:1065} INFO - Finding 'running' jobs without a recent heartbeat
[2024-05-28 13:04:50,093] {manager.py:1069} INFO - Failing jobs without heartbeat after 2024-05-28 12:59:50.093905+00:00
[2024-05-28 13:05:00,115] {manager.py:1065} INFO - Finding 'running' jobs without a recent heartbeat
[2024-05-28 13:05:00,115] {manager.py:1069} INFO - Failing jobs without heartbeat after 2024-05-28 13:00:00.115249+00:00
[2024-05-28 13:05:10,135] {manager.py:1065} INFO - Finding 'running' jobs without a recent heartbeat
[2024-05-28 13:05:10,135] {manager.py:1069} INFO - Failing jobs without heartbeat after 2024-05-28 13:00:10.135314+00:00
[2024-05-28 13:05:20,155] {manager.py:1065} INFO - Finding 'running' jobs without a recent heartbeat
[2024-05-28 13:05:20,156] {manager.py:1069} INFO - Failing jobs without heartbeat after 2024-05-28 13:00:20.156121+00:00
[2024-05-28 13:05:30,176] {manager.py:1065} INFO - Finding 'running' jobs without a recent heartbeat
[2024-05-28 13:05:30,177] {manager.py:1069} INFO - Failing jobs without heartbeat after 2024-05-28 13:00:30.177053+00:00
[2024-05-28 13:05:40,198] {manager.py:1065} INFO - Finding 'running' jobs without a recent heartbeat
[2024-05-28 13:05:40,198] {manager.py:1069} INFO - Failing jobs without heartbeat after 2024-05-28 13:00:40.198493+00:00
[2024-05-28 13:05:50,224] {manager.py:1065} INFO - Finding 'running' jobs without a recent heartbeat
[2024-05-28 13:05:50,224] {manager.py:1069} INFO - Failing jobs without heartbeat after 2024-05-28 13:00:50.224480+00:00
[2024-05-28 13:06:00,248] {manager.py:1065} INFO - Finding 'running' jobs without a recent heartbeat
[2024-05-28 13:06:00,248] {manager.py:1069} INFO - Failing jobs without heartbeat after 2024-05-28 13:01:00.248653+00:00
[2024-05-28 13:06:10,269] {manager.py:1065} INFO - Finding 'running' jobs without a recent heartbeat
[2024-05-28 13:06:10,269] {manager.py:1069} INFO - Failing jobs without heartbeat after 2024-05-28 13:01:10.269841+00:00
[2024-05-28 13:06:20,290] {manager.py:1065} INFO - Finding 'running' jobs without a recent heartbeat
[2024-05-28 13:06:20,291] {manager.py:1069} INFO - Failing jobs without heartbeat after 2024-05-28 13:01:20.291038+00:00
[2024-05-28 13:06:30,312] {manager.py:1065} INFO - Finding 'running' jobs without a recent heartbeat
[2024-05-28 13:06:30,312] {manager.py:1069} INFO - Failing jobs without heartbeat after 2024-05-28 13:01:30.312731+00:00
[2024-05-28 13:06:40,335] {manager.py:1065} INFO - Finding 'running' jobs without a recent heartbeat
[2024-05-28 13:06:40,336] {manager.py:1069} INFO - Failing jobs without heartbeat after 2024-05-28 13:01:40.336121+00:00
[2024-05-28 13:06:50,358] {manager.py:1065} INFO - Finding 'running' jobs without a recent heartbeat
[2024-05-28 13:06:50,358] {manager.py:1069} INFO - Failing jobs without heartbeat after 2024-05-28 13:01:50.358822+00:00
[2024-05-28 13:07:00,382] {manager.py:1065} INFO - Finding 'running' jobs without a recent heartbeat
[2024-05-28 13:07:00,382] {manager.py:1069} INFO - Failing jobs without heartbeat after 2024-05-28 13:02:00.382395+00:00
[2024-05-28 13:07:10,403] {manager.py:1065} INFO - Finding 'running' jobs without a recent heartbeat
[2024-05-28 13:07:10,403] {manager.py:1069} INFO - Failing jobs without heartbeat after 2024-05-28 13:02:10.403607+00:00
[2024-05-28 13:07:20,426] {manager.py:1065} INFO - Finding 'running' jobs without a recent heartbeat
[2024-05-28 13:07:20,426] {manager.py:1069} INFO - Failing jobs without heartbeat after 2024-05-28 13:02:20.426423+00:00
[2024-05-28 13:07:30,452] {manager.py:1065} INFO - Finding 'running' jobs without a recent heartbeat
[2024-05-28 13:07:30,452] {manager.py:1069} INFO - Failing jobs without heartbeat after 2024-05-28 13:02:30.452739+00:00
[2024-05-28 13:07:40,475] {manager.py:663} INFO - Searching for files in /opt/airflow/dags
[2024-05-28 13:07:40,475] {manager.py:666} INFO - There are 0 files in /opt/airflow/dags
[2024-05-28 13:07:40,486] {manager.py:1065} INFO - Finding 'running' jobs without a recent heartbeat
[2024-05-28 13:07:40,486] {manager.py:1069} INFO - Failing jobs without heartbeat after 2024-05-28 13:02:40.486610+00:00
[2024-05-28 13:07:50,507] {manager.py:1065} INFO - Finding 'running' jobs without a recent heartbeat
[2024-05-28 13:07:50,507] {manager.py:1069} INFO - Failing jobs without heartbeat after 2024-05-28 13:02:50.507507+00:00
[2024-05-28 13:08:00,527] {manager.py:1065} INFO - Finding 'running' jobs without a recent heartbeat
[2024-05-28 13:08:00,527] {manager.py:1069} INFO - Failing jobs without heartbeat after 2024-05-28 13:03:00.527159+00:00
[2024-05-28 13:08:10,549] {manager.py:1065} INFO - Finding 'running' jobs without a recent heartbeat
[2024-05-28 13:08:10,549] {manager.py:1069} INFO - Failing jobs without heartbeat after 2024-05-28 13:03:10.549712+00:00
[2024-05-28 13:08:20,572] {manager.py:1065} INFO - Finding 'running' jobs without a recent heartbeat
[2024-05-28 13:08:20,572] {manager.py:1069} INFO - Failing jobs without heartbeat after 2024-05-28 13:03:20.572212+00:00
[2024-05-28 13:08:30,596] {manager.py:1065} INFO - Finding 'running' jobs without a recent heartbeat
[2024-05-28 13:08:30,596] {manager.py:1069} INFO - Failing jobs without heartbeat after 2024-05-28 13:03:30.596801+00:00
[2024-05-28 13:08:40,619] {manager.py:1065} INFO - Finding 'running' jobs without a recent heartbeat
[2024-05-28 13:08:40,619] {manager.py:1069} INFO - Failing jobs without heartbeat after 2024-05-28 13:03:40.619563+00:00
[2024-05-28 13:08:50,639] {manager.py:1065} INFO - Finding 'running' jobs without a recent heartbeat
[2024-05-28 13:08:50,639] {manager.py:1069} INFO - Failing jobs without heartbeat after 2024-05-28 13:03:50.639958+00:00
[2024-05-28 13:09:00,661] {manager.py:1065} INFO - Finding 'running' jobs without a recent heartbeat
[2024-05-28 13:09:00,662] {manager.py:1069} INFO - Failing jobs without heartbeat after 2024-05-28 13:04:00.662080+00:00
[2024-05-28 13:09:10,685] {manager.py:1065} INFO - Finding 'running' jobs without a recent heartbeat
[2024-05-28 13:09:10,685] {manager.py:1069} INFO - Failing jobs without heartbeat after 2024-05-28 13:04:10.685215+00:00
[2024-05-28 13:09:20,707] {manager.py:1065} INFO - Finding 'running' jobs without a recent heartbeat
[2024-05-28 13:09:20,707] {manager.py:1069} INFO - Failing jobs without heartbeat after 2024-05-28 13:04:20.707800+00:00
[2024-05-28 13:09:30,732] {manager.py:1065} INFO - Finding 'running' jobs without a recent heartbeat
[2024-05-28 13:09:30,732] {manager.py:1069} INFO - Failing jobs without heartbeat after 2024-05-28 13:04:30.732613+00:00
[2024-05-28 13:09:40,752] {manager.py:1065} INFO - Finding 'running' jobs without a recent heartbeat
[2024-05-28 13:09:40,752] {manager.py:1069} INFO - Failing jobs without heartbeat after 2024-05-28 13:04:40.752687+00:00
[2024-05-28 13:09:50,774] {manager.py:1065} INFO - Finding 'running' jobs without a recent heartbeat
[2024-05-28 13:09:50,774] {manager.py:1069} INFO - Failing jobs without heartbeat after 2024-05-28 13:04:50.774598+00:00
[2024-05-28 13:10:00,796] {manager.py:1065} INFO - Finding 'running' jobs without a recent heartbeat
[2024-05-28 13:10:00,796] {manager.py:1069} INFO - Failing jobs without heartbeat after 2024-05-28 13:05:00.796687+00:00
[2024-05-28 13:10:10,819] {manager.py:1065} INFO - Finding 'running' jobs without a recent heartbeat
[2024-05-28 13:10:10,819] {manager.py:1069} INFO - Failing jobs without heartbeat after 2024-05-28 13:05:10.819490+00:00
[2024-05-28 13:10:20,842] {manager.py:1065} INFO - Finding 'running' jobs without a recent heartbeat
[2024-05-28 13:10:20,842] {manager.py:1069} INFO - Failing jobs without heartbeat after 2024-05-28 13:05:20.842371+00:00
[2024-05-28 13:10:30,867] {manager.py:1065} INFO - Finding 'running' jobs without a recent heartbeat
[2024-05-28 13:10:30,867] {manager.py:1069} INFO - Failing jobs without heartbeat after 2024-05-28 13:05:30.867680+00:00
[2024-05-28 13:10:40,889] {manager.py:1065} INFO - Finding 'running' jobs without a recent heartbeat
[2024-05-28 13:10:40,889] {manager.py:1069} INFO - Failing jobs without heartbeat after 2024-05-28 13:05:40.889506+00:00
[2024-05-28 13:10:50,912] {manager.py:1065} INFO - Finding 'running' jobs without a recent heartbeat
[2024-05-28 13:10:50,912] {manager.py:1069} INFO - Failing jobs without heartbeat after 2024-05-28 13:05:50.912749+00:00
[2024-05-28 13:11:00,936] {manager.py:1065} INFO - Finding 'running' jobs without a recent heartbeat
[2024-05-28 13:11:00,936] {manager.py:1069} INFO - Failing jobs without heartbeat after 2024-05-28 13:06:00.936788+00:00
[2024-05-28 13:11:10,958] {manager.py:1065} INFO - Finding 'running' jobs without a recent heartbeat
[2024-05-28 13:11:10,958] {manager.py:1069} INFO - Failing jobs without heartbeat after 2024-05-28 13:06:10.958951+00:00
[2024-05-28 13:11:20,980] {manager.py:1065} INFO - Finding 'running' jobs without a recent heartbeat
[2024-05-28 13:11:20,980] {manager.py:1069} INFO - Failing jobs without heartbeat after 2024-05-28 13:06:20.980740+00:00
[2024-05-28 13:11:31,001] {manager.py:1065} INFO - Finding 'running' jobs without a recent heartbeat
[2024-05-28 13:11:31,001] {manager.py:1069} INFO - Failing jobs without heartbeat after 2024-05-28 13:06:31.001374+00:00
[2024-05-28 13:11:41,020] {manager.py:1065} INFO - Finding 'running' jobs without a recent heartbeat
[2024-05-28 13:11:41,020] {manager.py:1069} INFO - Failing jobs without heartbeat after 2024-05-28 13:06:41.020700+00:00
[2024-05-28 13:11:51,042] {manager.py:1065} INFO - Finding 'running' jobs without a recent heartbeat
[2024-05-28 13:11:51,042] {manager.py:1069} INFO - Failing jobs without heartbeat after 2024-05-28 13:06:51.042493+00:00
[2024-05-28 13:12:01,067] {manager.py:1065} INFO - Finding 'running' jobs without a recent heartbeat
[2024-05-28 13:12:01,067] {manager.py:1069} INFO - Failing jobs without heartbeat after 2024-05-28 13:07:01.067524+00:00
[2024-05-28 13:12:11,092] {manager.py:1065} INFO - Finding 'running' jobs without a recent heartbeat
[2024-05-28 13:12:11,092] {manager.py:1069} INFO - Failing jobs without heartbeat after 2024-05-28 13:07:11.092217+00:00
[2024-05-28 13:12:21,116] {manager.py:1065} INFO - Finding 'running' jobs without a recent heartbeat
[2024-05-28 13:12:21,117] {manager.py:1069} INFO - Failing jobs without heartbeat after 2024-05-28 13:07:21.117097+00:00
[2024-05-28 13:12:31,138] {manager.py:1065} INFO - Finding 'running' jobs without a recent heartbeat
[2024-05-28 13:12:31,139] {manager.py:1069} INFO - Failing jobs without heartbeat after 2024-05-28 13:07:31.138982+00:00
[2024-05-28 13:12:41,163] {manager.py:663} INFO - Searching for files in /opt/airflow/dags
[2024-05-28 13:12:41,164] {manager.py:666} INFO - There are 0 files in /opt/airflow/dags
[2024-05-28 13:12:41,174] {manager.py:1065} INFO - Finding 'running' jobs without a recent heartbeat
[2024-05-28 13:12:41,174] {manager.py:1069} INFO - Failing jobs without heartbeat after 2024-05-28 13:07:41.174544+00:00
[2024-05-28 13:12:51,196] {manager.py:1065} INFO - Finding 'running' jobs without a recent heartbeat
[2024-05-28 13:12:51,196] {manager.py:1069} INFO - Failing jobs without heartbeat after 2024-05-28 13:07:51.196654+00:00
[2024-05-28 13:13:01,221] {manager.py:1065} INFO - Finding 'running' jobs without a recent heartbeat
[2024-05-28 13:13:01,221] {manager.py:1069} INFO - Failing jobs without heartbeat after 2024-05-28 13:08:01.221950+00:00
[2024-05-28 13:13:11,245] {manager.py:1065} INFO - Finding 'running' jobs without a recent heartbeat
[2024-05-28 13:13:11,245] {manager.py:1069} INFO - Failing jobs without heartbeat after 2024-05-28 13:08:11.245880+00:00
[2024-05-28 13:13:21,271] {manager.py:1065} INFO - Finding 'running' jobs without a recent heartbeat
[2024-05-28 13:13:21,271] {manager.py:1069} INFO - Failing jobs without heartbeat after 2024-05-28 13:08:21.271186+00:00
[2024-05-28 13:13:31,292] {manager.py:1065} INFO - Finding 'running' jobs without a recent heartbeat
[2024-05-28 13:13:31,292] {manager.py:1069} INFO - Failing jobs without heartbeat after 2024-05-28 13:08:31.292845+00:00
[2024-05-28 13:13:41,314] {manager.py:1065} INFO - Finding 'running' jobs without a recent heartbeat
[2024-05-28 13:13:41,314] {manager.py:1069} INFO - Failing jobs without heartbeat after 2024-05-28 13:08:41.314737+00:00
[2024-05-28 13:13:51,336] {manager.py:1065} INFO - Finding 'running' jobs without a recent heartbeat
[2024-05-28 13:13:51,336] {manager.py:1069} INFO - Failing jobs without heartbeat after 2024-05-28 13:08:51.336695+00:00
[2024-05-28 13:14:01,359] {manager.py:1065} INFO - Finding 'running' jobs without a recent heartbeat
[2024-05-28 13:14:01,359] {manager.py:1069} INFO - Failing jobs without heartbeat after 2024-05-28 13:09:01.359319+00:00
[2024-05-28 13:14:11,380] {manager.py:1065} INFO - Finding 'running' jobs without a recent heartbeat
[2024-05-28 13:14:11,380] {manager.py:1069} INFO - Failing jobs without heartbeat after 2024-05-28 13:09:11.380745+00:00
[2024-05-28 13:14:21,404] {manager.py:1065} INFO - Finding 'running' jobs without a recent heartbeat
[2024-05-28 13:14:21,404] {manager.py:1069} INFO - Failing jobs without heartbeat after 2024-05-28 13:09:21.404753+00:00
[2024-05-28 13:14:31,430] {manager.py:1065} INFO - Finding 'running' jobs without a recent heartbeat
[2024-05-28 13:14:31,431] {manager.py:1069} INFO - Failing jobs without heartbeat after 2024-05-28 13:09:31.431121+00:00
[2024-05-28 13:14:41,455] {manager.py:1065} INFO - Finding 'running' jobs without a recent heartbeat
[2024-05-28 13:14:41,456] {manager.py:1069} INFO - Failing jobs without heartbeat after 2024-05-28 13:09:41.455984+00:00
[2024-05-28 13:14:51,483] {manager.py:1065} INFO - Finding 'running' jobs without a recent heartbeat
[2024-05-28 13:14:51,483] {manager.py:1069} INFO - Failing jobs without heartbeat after 2024-05-28 13:09:51.483337+00:00
[2024-05-28 13:15:01,506] {manager.py:1065} INFO - Finding 'running' jobs without a recent heartbeat
[2024-05-28 13:15:01,506] {manager.py:1069} INFO - Failing jobs without heartbeat after 2024-05-28 13:10:01.506604+00:00
[2024-05-28 13:15:11,529] {manager.py:1065} INFO - Finding 'running' jobs without a recent heartbeat
[2024-05-28 13:15:11,530] {manager.py:1069} INFO - Failing jobs without heartbeat after 2024-05-28 13:10:11.530148+00:00
[2024-05-28 13:15:21,554] {manager.py:1065} INFO - Finding 'running' jobs without a recent heartbeat
[2024-05-28 13:15:21,555] {manager.py:1069} INFO - Failing jobs without heartbeat after 2024-05-28 13:10:21.555236+00:00
[2024-05-28 13:15:31,577] {manager.py:1065} INFO - Finding 'running' jobs without a recent heartbeat
[2024-05-28 13:15:31,577] {manager.py:1069} INFO - Failing jobs without heartbeat after 2024-05-28 13:10:31.577904+00:00
[2024-05-28 13:15:41,600] {manager.py:1065} INFO - Finding 'running' jobs without a recent heartbeat
[2024-05-28 13:15:41,600] {manager.py:1069} INFO - Failing jobs without heartbeat after 2024-05-28 13:10:41.600451+00:00
[2024-05-28 13:15:51,621] {manager.py:1065} INFO - Finding 'running' jobs without a recent heartbeat
[2024-05-28 13:15:51,622] {manager.py:1069} INFO - Failing jobs without heartbeat after 2024-05-28 13:10:51.622489+00:00
[2024-05-28 13:16:01,648] {manager.py:1065} INFO - Finding 'running' jobs without a recent heartbeat
[2024-05-28 13:16:01,648] {manager.py:1069} INFO - Failing jobs without heartbeat after 2024-05-28 13:11:01.648634+00:00
[2024-05-28 13:16:11,673] {manager.py:1065} INFO - Finding 'running' jobs without a recent heartbeat
[2024-05-28 13:16:11,673] {manager.py:1069} INFO - Failing jobs without heartbeat after 2024-05-28 13:11:11.673831+00:00
[2024-05-28 13:16:21,695] {manager.py:1065} INFO - Finding 'running' jobs without a recent heartbeat
[2024-05-28 13:16:21,696] {manager.py:1069} INFO - Failing jobs without heartbeat after 2024-05-28 13:11:21.696004+00:00
[2024-05-28 13:16:31,719] {manager.py:1065} INFO - Finding 'running' jobs without a recent heartbeat
[2024-05-28 13:16:31,720] {manager.py:1069} INFO - Failing jobs without heartbeat after 2024-05-28 13:11:31.720005+00:00
[2024-05-28 13:16:41,742] {manager.py:1065} INFO - Finding 'running' jobs without a recent heartbeat
[2024-05-28 13:16:41,742] {manager.py:1069} INFO - Failing jobs without heartbeat after 2024-05-28 13:11:41.742352+00:00
[2024-05-28 13:16:51,764] {manager.py:1065} INFO - Finding 'running' jobs without a recent heartbeat
[2024-05-28 13:16:51,764] {manager.py:1069} INFO - Failing jobs without heartbeat after 2024-05-28 13:11:51.764667+00:00
[2024-05-28 13:17:01,785] {manager.py:1065} INFO - Finding 'running' jobs without a recent heartbeat
[2024-05-28 13:17:01,785] {manager.py:1069} INFO - Failing jobs without heartbeat after 2024-05-28 13:12:01.785243+00:00
[2024-05-28 13:17:11,804] {manager.py:1065} INFO - Finding 'running' jobs without a recent heartbeat
[2024-05-28 13:17:11,804] {manager.py:1069} INFO - Failing jobs without heartbeat after 2024-05-28 13:12:11.804660+00:00
[2024-05-28 13:17:21,824] {manager.py:1065} INFO - Finding 'running' jobs without a recent heartbeat
[2024-05-28 13:17:21,824] {manager.py:1069} INFO - Failing jobs without heartbeat after 2024-05-28 13:12:21.824705+00:00
[2024-05-28 13:17:31,844] {manager.py:1065} INFO - Finding 'running' jobs without a recent heartbeat
[2024-05-28 13:17:31,844] {manager.py:1069} INFO - Failing jobs without heartbeat after 2024-05-28 13:12:31.844613+00:00
[2024-05-28 13:17:41,866] {manager.py:663} INFO - Searching for files in /opt/airflow/dags
[2024-05-28 13:17:41,866] {manager.py:666} INFO - There are 0 files in /opt/airflow/dags
[2024-05-28 13:17:41,878] {manager.py:1065} INFO - Finding 'running' jobs without a recent heartbeat
[2024-05-28 13:17:41,878] {manager.py:1069} INFO - Failing jobs without heartbeat after 2024-05-28 13:12:41.878227+00:00
[2024-05-28 13:17:51,899] {manager.py:1065} INFO - Finding 'running' jobs without a recent heartbeat
[2024-05-28 13:17:51,899] {manager.py:1069} INFO - Failing jobs without heartbeat after 2024-05-28 13:12:51.899258+00:00
[2024-05-28 13:18:01,921] {manager.py:1065} INFO - Finding 'running' jobs without a recent heartbeat
[2024-05-28 13:18:01,921] {manager.py:1069} INFO - Failing jobs without heartbeat after 2024-05-28 13:13:01.921825+00:00
[2024-05-28 13:18:11,945] {manager.py:1065} INFO - Finding 'running' jobs without a recent heartbeat
[2024-05-28 13:18:11,945] {manager.py:1069} INFO - Failing jobs without heartbeat after 2024-05-28 13:13:11.945744+00:00
[2024-05-28 13:18:21,971] {manager.py:1065} INFO - Finding 'running' jobs without a recent heartbeat
[2024-05-28 13:18:21,971] {manager.py:1069} INFO - Failing jobs without heartbeat after 2024-05-28 13:13:21.971814+00:00
[2024-05-28 13:18:32,008] {manager.py:1065} INFO - Finding 'running' jobs without a recent heartbeat
[2024-05-28 13:18:32,008] {manager.py:1069} INFO - Failing jobs without heartbeat after 2024-05-28 13:13:32.008472+00:00
[2024-05-28 13:18:42,030] {manager.py:1065} INFO - Finding 'running' jobs without a recent heartbeat
[2024-05-28 13:18:42,030] {manager.py:1069} INFO - Failing jobs without heartbeat after 2024-05-28 13:13:42.030895+00:00
[2024-05-28 13:18:52,059] {manager.py:1065} INFO - Finding 'running' jobs without a recent heartbeat
[2024-05-28 13:18:52,059] {manager.py:1069} INFO - Failing jobs without heartbeat after 2024-05-28 13:13:52.059753+00:00
[2024-05-28 13:19:02,082] {manager.py:1065} INFO - Finding 'running' jobs without a recent heartbeat
[2024-05-28 13:19:02,082] {manager.py:1069} INFO - Failing jobs without heartbeat after 2024-05-28 13:14:02.082718+00:00
[2024-05-28 13:19:12,103] {manager.py:1065} INFO - Finding 'running' jobs without a recent heartbeat
[2024-05-28 13:19:12,103] {manager.py:1069} INFO - Failing jobs without heartbeat after 2024-05-28 13:14:12.103972+00:00
[2024-05-28 13:19:22,126] {manager.py:1065} INFO - Finding 'running' jobs without a recent heartbeat
[2024-05-28 13:19:22,126] {manager.py:1069} INFO - Failing jobs without heartbeat after 2024-05-28 13:14:22.126524+00:00
[2024-05-28 13:19:32,152] {manager.py:1065} INFO - Finding 'running' jobs without a recent heartbeat
[2024-05-28 13:19:32,152] {manager.py:1069} INFO - Failing jobs without heartbeat after 2024-05-28 13:14:32.152212+00:00
[2024-05-28 13:19:42,172] {manager.py:1065} INFO - Finding 'running' jobs without a recent heartbeat
[2024-05-28 13:19:42,172] {manager.py:1069} INFO - Failing jobs without heartbeat after 2024-05-28 13:14:42.172742+00:00
[2024-05-28 13:19:52,195] {manager.py:1065} INFO - Finding 'running' jobs without a recent heartbeat
[2024-05-28 13:19:52,195] {manager.py:1069} INFO - Failing jobs without heartbeat after 2024-05-28 13:14:52.195611+00:00
[2024-05-28 13:20:02,222] {manager.py:1065} INFO - Finding 'running' jobs without a recent heartbeat
[2024-05-28 13:20:02,222] {manager.py:1069} INFO - Failing jobs without heartbeat after 2024-05-28 13:15:02.222228+00:00
[2024-05-28 13:20:12,243] {manager.py:1065} INFO - Finding 'running' jobs without a recent heartbeat
[2024-05-28 13:20:12,243] {manager.py:1069} INFO - Failing jobs without heartbeat after 2024-05-28 13:15:12.243381+00:00
[2024-05-28 13:20:22,266] {manager.py:1065} INFO - Finding 'running' jobs without a recent heartbeat
[2024-05-28 13:20:22,266] {manager.py:1069} INFO - Failing jobs without heartbeat after 2024-05-28 13:15:22.266344+00:00
[2024-05-28 13:20:32,287] {manager.py:1065} INFO - Finding 'running' jobs without a recent heartbeat
[2024-05-28 13:20:32,287] {manager.py:1069} INFO - Failing jobs without heartbeat after 2024-05-28 13:15:32.287272+00:00
[2024-05-28 13:20:42,307] {manager.py:1065} INFO - Finding 'running' jobs without a recent heartbeat
[2024-05-28 13:20:42,308] {manager.py:1069} INFO - Failing jobs without heartbeat after 2024-05-28 13:15:42.308003+00:00
[2024-05-28 13:20:52,329] {manager.py:1065} INFO - Finding 'running' jobs without a recent heartbeat
[2024-05-28 13:20:52,329] {manager.py:1069} INFO - Failing jobs without heartbeat after 2024-05-28 13:15:52.329158+00:00
[2024-05-28 13:21:02,351] {manager.py:1065} INFO - Finding 'running' jobs without a recent heartbeat
[2024-05-28 13:21:02,351] {manager.py:1069} INFO - Failing jobs without heartbeat after 2024-05-28 13:16:02.351304+00:00
[2024-05-28 13:21:12,371] {manager.py:1065} INFO - Finding 'running' jobs without a recent heartbeat
[2024-05-28 13:21:12,371] {manager.py:1069} INFO - Failing jobs without heartbeat after 2024-05-28 13:16:12.371311+00:00
[2024-05-28 13:21:22,392] {manager.py:1065} INFO - Finding 'running' jobs without a recent heartbeat
[2024-05-28 13:21:22,392] {manager.py:1069} INFO - Failing jobs without heartbeat after 2024-05-28 13:16:22.392664+00:00
[2024-05-28 13:21:32,413] {manager.py:1065} INFO - Finding 'running' jobs without a recent heartbeat
[2024-05-28 13:21:32,414] {manager.py:1069} INFO - Failing jobs without heartbeat after 2024-05-28 13:16:32.414024+00:00
[2024-05-28 13:21:42,437] {manager.py:1065} INFO - Finding 'running' jobs without a recent heartbeat
[2024-05-28 13:21:42,437] {manager.py:1069} INFO - Failing jobs without heartbeat after 2024-05-28 13:16:42.437977+00:00
[2024-05-28 13:21:52,460] {manager.py:1065} INFO - Finding 'running' jobs without a recent heartbeat
[2024-05-28 13:21:52,460] {manager.py:1069} INFO - Failing jobs without heartbeat after 2024-05-28 13:16:52.460268+00:00
[2024-05-28 13:22:02,481] {manager.py:1065} INFO - Finding 'running' jobs without a recent heartbeat
[2024-05-28 13:22:02,481] {manager.py:1069} INFO - Failing jobs without heartbeat after 2024-05-28 13:17:02.481374+00:00
[2024-05-28 13:22:12,502] {manager.py:1065} INFO - Finding 'running' jobs without a recent heartbeat
[2024-05-28 13:22:12,503] {manager.py:1069} INFO - Failing jobs without heartbeat after 2024-05-28 13:17:12.503003+00:00
[2024-05-28 13:22:22,526] {manager.py:1065} INFO - Finding 'running' jobs without a recent heartbeat
[2024-05-28 13:22:22,527] {manager.py:1069} INFO - Failing jobs without heartbeat after 2024-05-28 13:17:22.527189+00:00
[2024-05-28 13:22:32,548] {manager.py:1065} INFO - Finding 'running' jobs without a recent heartbeat
[2024-05-28 13:22:32,548] {manager.py:1069} INFO - Failing jobs without heartbeat after 2024-05-28 13:17:32.548752+00:00
[2024-05-28 13:22:42,575] {manager.py:663} INFO - Searching for files in /opt/airflow/dags
[2024-05-28 13:22:42,576] {manager.py:666} INFO - There are 1 files in /opt/airflow/dags
[2024-05-28 13:22:42,587] {manager.py:1065} INFO - Finding 'running' jobs without a recent heartbeat
[2024-05-28 13:22:42,588] {manager.py:1069} INFO - Failing jobs without heartbeat after 2024-05-28 13:17:42.588083+00:00
[2024-05-28 13:22:42,604] {manager.py:784} INFO - 
================================================================================
DAG File Processing Stats

File Path                              PID  Runtime      # DAGs    # Errors  Last Runtime    Last Run
-----------------------------------  -----  ---------  --------  ----------  --------------  ----------
/opt/airflow/dags/data_ingestion.py   1127  0.00s             0           0
================================================================================
[2024-05-28 13:22:52,622] {manager.py:1065} INFO - Finding 'running' jobs without a recent heartbeat
[2024-05-28 13:22:52,622] {manager.py:1069} INFO - Failing jobs without heartbeat after 2024-05-28 13:17:52.622565+00:00
[2024-05-28 13:23:02,646] {manager.py:1065} INFO - Finding 'running' jobs without a recent heartbeat
[2024-05-28 13:23:02,646] {manager.py:1069} INFO - Failing jobs without heartbeat after 2024-05-28 13:18:02.646174+00:00
[2024-05-28 13:23:12,668] {manager.py:1065} INFO - Finding 'running' jobs without a recent heartbeat
[2024-05-28 13:23:12,668] {manager.py:1069} INFO - Failing jobs without heartbeat after 2024-05-28 13:18:12.668598+00:00
[2024-05-28 13:23:12,676] {manager.py:784} INFO - 
================================================================================
DAG File Processing Stats

File Path                            PID    Runtime      # DAGs    # Errors  Last Runtime    Last Run
-----------------------------------  -----  ---------  --------  ----------  --------------  -------------------
/opt/airflow/dags/data_ingestion.py                           1           0  5.66s           2024-05-28T13:22:48
================================================================================
[2024-05-28 13:23:22,690] {manager.py:1065} INFO - Finding 'running' jobs without a recent heartbeat
[2024-05-28 13:23:22,691] {manager.py:1069} INFO - Failing jobs without heartbeat after 2024-05-28 13:18:22.691083+00:00
[2024-05-28 13:23:32,714] {manager.py:1065} INFO - Finding 'running' jobs without a recent heartbeat
[2024-05-28 13:23:32,715] {manager.py:1069} INFO - Failing jobs without heartbeat after 2024-05-28 13:18:32.715000+00:00
[2024-05-28 13:23:42,733] {manager.py:1065} INFO - Finding 'running' jobs without a recent heartbeat
[2024-05-28 13:23:42,734] {manager.py:1069} INFO - Failing jobs without heartbeat after 2024-05-28 13:18:42.734121+00:00
[2024-05-28 13:23:42,741] {manager.py:784} INFO - 
================================================================================
DAG File Processing Stats

File Path                            PID    Runtime      # DAGs    # Errors  Last Runtime    Last Run
-----------------------------------  -----  ---------  --------  ----------  --------------  -------------------
/opt/airflow/dags/data_ingestion.py                           1           0  0.90s           2024-05-28T13:23:19
================================================================================
[2024-05-28 13:23:53,269] {manager.py:1065} INFO - Finding 'running' jobs without a recent heartbeat
[2024-05-28 13:23:53,269] {manager.py:1069} INFO - Failing jobs without heartbeat after 2024-05-28 13:18:53.269399+00:00
[2024-05-28 13:24:03,300] {manager.py:1065} INFO - Finding 'running' jobs without a recent heartbeat
[2024-05-28 13:24:03,300] {manager.py:1069} INFO - Failing jobs without heartbeat after 2024-05-28 13:19:03.300683+00:00
[2024-05-28 13:24:13,326] {manager.py:1065} INFO - Finding 'running' jobs without a recent heartbeat
[2024-05-28 13:24:13,326] {manager.py:1069} INFO - Failing jobs without heartbeat after 2024-05-28 13:19:13.326826+00:00
[2024-05-28 13:24:13,333] {manager.py:784} INFO - 
================================================================================
DAG File Processing Stats

File Path                            PID    Runtime      # DAGs    # Errors  Last Runtime    Last Run
-----------------------------------  -----  ---------  --------  ----------  --------------  -------------------
/opt/airflow/dags/data_ingestion.py                           1           0  1.10s           2024-05-28T13:23:50
================================================================================
[2024-05-28 13:24:23,403] {manager.py:1065} INFO - Finding 'running' jobs without a recent heartbeat
[2024-05-28 13:24:23,403] {manager.py:1069} INFO - Failing jobs without heartbeat after 2024-05-28 13:19:23.403741+00:00
[2024-05-28 13:24:33,423] {manager.py:1065} INFO - Finding 'running' jobs without a recent heartbeat
[2024-05-28 13:24:33,423] {manager.py:1069} INFO - Failing jobs without heartbeat after 2024-05-28 13:19:33.423661+00:00
[2024-05-28 13:24:43,444] {manager.py:1065} INFO - Finding 'running' jobs without a recent heartbeat
[2024-05-28 13:24:43,444] {manager.py:1069} INFO - Failing jobs without heartbeat after 2024-05-28 13:19:43.444871+00:00
[2024-05-28 13:24:43,453] {manager.py:784} INFO - 
================================================================================
DAG File Processing Stats

File Path                            PID    Runtime      # DAGs    # Errors  Last Runtime    Last Run
-----------------------------------  -----  ---------  --------  ----------  --------------  -------------------
/opt/airflow/dags/data_ingestion.py                           1           0  1.21s           2024-05-28T13:24:42
================================================================================
[2024-05-28 13:24:53,472] {manager.py:1065} INFO - Finding 'running' jobs without a recent heartbeat
[2024-05-28 13:24:53,472] {manager.py:1069} INFO - Failing jobs without heartbeat after 2024-05-28 13:19:53.472648+00:00
[2024-05-28 13:25:03,501] {manager.py:1065} INFO - Finding 'running' jobs without a recent heartbeat
[2024-05-28 13:25:03,501] {manager.py:1069} INFO - Failing jobs without heartbeat after 2024-05-28 13:20:03.501870+00:00
[2024-05-28 13:25:13,524] {manager.py:1065} INFO - Finding 'running' jobs without a recent heartbeat
[2024-05-28 13:25:13,524] {manager.py:1069} INFO - Failing jobs without heartbeat after 2024-05-28 13:20:13.524720+00:00
[2024-05-28 13:25:13,534] {manager.py:784} INFO - 
================================================================================
DAG File Processing Stats

File Path                            PID    Runtime      # DAGs    # Errors  Last Runtime    Last Run
-----------------------------------  -----  ---------  --------  ----------  --------------  -------------------
/opt/airflow/dags/data_ingestion.py                           1           0  0.83s           2024-05-28T13:24:54
================================================================================
[2024-05-28 13:25:23,545] {manager.py:1065} INFO - Finding 'running' jobs without a recent heartbeat
[2024-05-28 13:25:23,545] {manager.py:1069} INFO - Failing jobs without heartbeat after 2024-05-28 13:20:23.545769+00:00
[2024-05-28 13:25:33,565] {manager.py:1065} INFO - Finding 'running' jobs without a recent heartbeat
[2024-05-28 13:25:33,565] {manager.py:1069} INFO - Failing jobs without heartbeat after 2024-05-28 13:20:33.565495+00:00
[2024-05-28 13:25:43,586] {manager.py:1065} INFO - Finding 'running' jobs without a recent heartbeat
[2024-05-28 13:25:43,586] {manager.py:1069} INFO - Failing jobs without heartbeat after 2024-05-28 13:20:43.586888+00:00
[2024-05-28 13:25:43,594] {manager.py:784} INFO - 
================================================================================
DAG File Processing Stats

File Path                            PID    Runtime      # DAGs    # Errors  Last Runtime    Last Run
-----------------------------------  -----  ---------  --------  ----------  --------------  -------------------
/opt/airflow/dags/data_ingestion.py                           1           0  0.81s           2024-05-28T13:25:25
================================================================================
[2024-05-28 13:25:53,606] {manager.py:1065} INFO - Finding 'running' jobs without a recent heartbeat
[2024-05-28 13:25:53,606] {manager.py:1069} INFO - Failing jobs without heartbeat after 2024-05-28 13:20:53.606746+00:00
[2024-05-28 13:26:03,635] {manager.py:1065} INFO - Finding 'running' jobs without a recent heartbeat
[2024-05-28 13:26:03,635] {manager.py:1069} INFO - Failing jobs without heartbeat after 2024-05-28 13:21:03.635750+00:00
[2024-05-28 13:26:13,655] {manager.py:1065} INFO - Finding 'running' jobs without a recent heartbeat
[2024-05-28 13:26:13,655] {manager.py:1069} INFO - Failing jobs without heartbeat after 2024-05-28 13:21:13.655775+00:00
[2024-05-28 13:26:13,663] {manager.py:784} INFO - 
================================================================================
DAG File Processing Stats

File Path                            PID    Runtime      # DAGs    # Errors  Last Runtime    Last Run
-----------------------------------  -----  ---------  --------  ----------  --------------  -------------------
/opt/airflow/dags/data_ingestion.py                           1           0  0.92s           2024-05-28T13:25:56
================================================================================
[2024-05-28 13:26:23,677] {manager.py:1065} INFO - Finding 'running' jobs without a recent heartbeat
[2024-05-28 13:26:23,677] {manager.py:1069} INFO - Failing jobs without heartbeat after 2024-05-28 13:21:23.677773+00:00
[2024-05-28 13:26:33,699] {manager.py:1065} INFO - Finding 'running' jobs without a recent heartbeat
[2024-05-28 13:26:33,700] {manager.py:1069} INFO - Failing jobs without heartbeat after 2024-05-28 13:21:33.700083+00:00
[2024-05-28 13:26:43,726] {manager.py:1065} INFO - Finding 'running' jobs without a recent heartbeat
[2024-05-28 13:26:43,726] {manager.py:1069} INFO - Failing jobs without heartbeat after 2024-05-28 13:21:43.726778+00:00
[2024-05-28 13:26:43,737] {manager.py:784} INFO - 
================================================================================
DAG File Processing Stats

File Path                            PID    Runtime      # DAGs    # Errors  Last Runtime    Last Run
-----------------------------------  -----  ---------  --------  ----------  --------------  -------------------
/opt/airflow/dags/data_ingestion.py                           1           0  0.94s           2024-05-28T13:26:27
================================================================================
[2024-05-28 13:26:53,754] {manager.py:1065} INFO - Finding 'running' jobs without a recent heartbeat
[2024-05-28 13:26:53,755] {manager.py:1069} INFO - Failing jobs without heartbeat after 2024-05-28 13:21:53.755056+00:00
[2024-05-28 13:27:03,782] {manager.py:1065} INFO - Finding 'running' jobs without a recent heartbeat
[2024-05-28 13:27:03,783] {manager.py:1069} INFO - Failing jobs without heartbeat after 2024-05-28 13:22:03.783051+00:00
[2024-05-28 13:27:13,809] {manager.py:1065} INFO - Finding 'running' jobs without a recent heartbeat
[2024-05-28 13:27:13,810] {manager.py:1069} INFO - Failing jobs without heartbeat after 2024-05-28 13:22:13.810188+00:00
[2024-05-28 13:27:13,816] {manager.py:784} INFO - 
================================================================================
DAG File Processing Stats

File Path                            PID    Runtime      # DAGs    # Errors  Last Runtime    Last Run
-----------------------------------  -----  ---------  --------  ----------  --------------  -------------------
/opt/airflow/dags/data_ingestion.py                           1           0  0.90s           2024-05-28T13:26:58
================================================================================
[2024-05-28 13:27:23,833] {manager.py:1065} INFO - Finding 'running' jobs without a recent heartbeat
[2024-05-28 13:27:23,833] {manager.py:1069} INFO - Failing jobs without heartbeat after 2024-05-28 13:22:23.833312+00:00
[2024-05-28 13:27:33,864] {manager.py:1065} INFO - Finding 'running' jobs without a recent heartbeat
[2024-05-28 13:27:33,864] {manager.py:1069} INFO - Failing jobs without heartbeat after 2024-05-28 13:22:33.864706+00:00
[2024-05-28 13:27:42,892] {manager.py:663} INFO - Searching for files in /opt/airflow/dags
[2024-05-28 13:27:42,893] {manager.py:666} INFO - There are 1 files in /opt/airflow/dags
[2024-05-28 13:27:43,908] {manager.py:1065} INFO - Finding 'running' jobs without a recent heartbeat
[2024-05-28 13:27:43,909] {manager.py:1069} INFO - Failing jobs without heartbeat after 2024-05-28 13:22:43.909117+00:00
[2024-05-28 13:27:43,919] {manager.py:784} INFO - 
================================================================================
DAG File Processing Stats

File Path                            PID    Runtime      # DAGs    # Errors  Last Runtime    Last Run
-----------------------------------  -----  ---------  --------  ----------  --------------  -------------------
/opt/airflow/dags/data_ingestion.py                           1           0  0.97s           2024-05-28T13:27:29
================================================================================
[2024-05-28 13:27:53,938] {manager.py:1065} INFO - Finding 'running' jobs without a recent heartbeat
[2024-05-28 13:27:53,938] {manager.py:1069} INFO - Failing jobs without heartbeat after 2024-05-28 13:22:53.938396+00:00
[2024-05-28 13:28:04,155] {manager.py:1065} INFO - Finding 'running' jobs without a recent heartbeat
[2024-05-28 13:28:04,156] {manager.py:1069} INFO - Failing jobs without heartbeat after 2024-05-28 13:23:04.156057+00:00
[2024-05-28 13:28:14,184] {manager.py:1065} INFO - Finding 'running' jobs without a recent heartbeat
[2024-05-28 13:28:14,184] {manager.py:1069} INFO - Failing jobs without heartbeat after 2024-05-28 13:23:14.184639+00:00
[2024-05-28 13:28:14,193] {manager.py:784} INFO - 
================================================================================
DAG File Processing Stats

File Path                            PID    Runtime      # DAGs    # Errors  Last Runtime    Last Run
-----------------------------------  -----  ---------  --------  ----------  --------------  -------------------
/opt/airflow/dags/data_ingestion.py                           1           0  1.04s           2024-05-28T13:28:00
================================================================================
[2024-05-28 13:28:24,212] {manager.py:1065} INFO - Finding 'running' jobs without a recent heartbeat
[2024-05-28 13:28:24,212] {manager.py:1069} INFO - Failing jobs without heartbeat after 2024-05-28 13:23:24.212585+00:00
[2024-05-28 13:28:34,243] {manager.py:1065} INFO - Finding 'running' jobs without a recent heartbeat
[2024-05-28 13:28:34,243] {manager.py:1069} INFO - Failing jobs without heartbeat after 2024-05-28 13:23:34.243487+00:00
[2024-05-28 13:28:44,274] {manager.py:1065} INFO - Finding 'running' jobs without a recent heartbeat
[2024-05-28 13:28:44,275] {manager.py:1069} INFO - Failing jobs without heartbeat after 2024-05-28 13:23:44.275149+00:00
[2024-05-28 13:28:44,283] {manager.py:784} INFO - 
================================================================================
DAG File Processing Stats

File Path                            PID    Runtime      # DAGs    # Errors  Last Runtime    Last Run
-----------------------------------  -----  ---------  --------  ----------  --------------  -------------------
/opt/airflow/dags/data_ingestion.py                           1           0  1.04s           2024-05-28T13:28:31
================================================================================
[2024-05-28 13:28:54,298] {manager.py:1065} INFO - Finding 'running' jobs without a recent heartbeat
[2024-05-28 13:28:54,298] {manager.py:1069} INFO - Failing jobs without heartbeat after 2024-05-28 13:23:54.298649+00:00
[2024-05-28 13:29:04,330] {manager.py:1065} INFO - Finding 'running' jobs without a recent heartbeat
[2024-05-28 13:29:04,331] {manager.py:1069} INFO - Failing jobs without heartbeat after 2024-05-28 13:24:04.331332+00:00
[2024-05-28 13:29:14,351] {manager.py:1065} INFO - Finding 'running' jobs without a recent heartbeat
[2024-05-28 13:29:14,351] {manager.py:1069} INFO - Failing jobs without heartbeat after 2024-05-28 13:24:14.351290+00:00
[2024-05-28 13:29:14,358] {manager.py:784} INFO - 
================================================================================
DAG File Processing Stats

File Path                            PID    Runtime      # DAGs    # Errors  Last Runtime    Last Run
-----------------------------------  -----  ---------  --------  ----------  --------------  -------------------
/opt/airflow/dags/data_ingestion.py                           1           0  0.78s           2024-05-28T13:29:02
================================================================================
[2024-05-28 13:29:24,370] {manager.py:1065} INFO - Finding 'running' jobs without a recent heartbeat
[2024-05-28 13:29:24,370] {manager.py:1069} INFO - Failing jobs without heartbeat after 2024-05-28 13:24:24.370732+00:00
[2024-05-28 13:29:34,399] {manager.py:1065} INFO - Finding 'running' jobs without a recent heartbeat
[2024-05-28 13:29:34,399] {manager.py:1069} INFO - Failing jobs without heartbeat after 2024-05-28 13:24:34.399938+00:00
[2024-05-28 13:29:44,426] {manager.py:1065} INFO - Finding 'running' jobs without a recent heartbeat
[2024-05-28 13:29:44,426] {manager.py:1069} INFO - Failing jobs without heartbeat after 2024-05-28 13:24:44.426367+00:00
[2024-05-28 13:29:44,435] {manager.py:784} INFO - 
================================================================================
DAG File Processing Stats

File Path                            PID    Runtime      # DAGs    # Errors  Last Runtime    Last Run
-----------------------------------  -----  ---------  --------  ----------  --------------  -------------------
/opt/airflow/dags/data_ingestion.py                           1           0  0.74s           2024-05-28T13:29:32
================================================================================
[2024-05-28 13:29:54,452] {manager.py:1065} INFO - Finding 'running' jobs without a recent heartbeat
[2024-05-28 13:29:54,452] {manager.py:1069} INFO - Failing jobs without heartbeat after 2024-05-28 13:24:54.452676+00:00
[2024-05-28 13:30:04,475] {manager.py:1065} INFO - Finding 'running' jobs without a recent heartbeat
[2024-05-28 13:30:04,475] {manager.py:1069} INFO - Failing jobs without heartbeat after 2024-05-28 13:25:04.475539+00:00
[2024-05-28 13:30:14,500] {manager.py:1065} INFO - Finding 'running' jobs without a recent heartbeat
[2024-05-28 13:30:14,500] {manager.py:1069} INFO - Failing jobs without heartbeat after 2024-05-28 13:25:14.500966+00:00
[2024-05-28 13:30:14,510] {manager.py:784} INFO - 
================================================================================
DAG File Processing Stats

File Path                            PID    Runtime      # DAGs    # Errors  Last Runtime    Last Run
-----------------------------------  -----  ---------  --------  ----------  --------------  -------------------
/opt/airflow/dags/data_ingestion.py                           1           0  0.98s           2024-05-28T13:30:03
================================================================================
[2024-05-28 13:30:24,529] {manager.py:1065} INFO - Finding 'running' jobs without a recent heartbeat
[2024-05-28 13:30:24,529] {manager.py:1069} INFO - Failing jobs without heartbeat after 2024-05-28 13:25:24.529856+00:00
[2024-05-28 13:30:34,554] {manager.py:1065} INFO - Finding 'running' jobs without a recent heartbeat
[2024-05-28 13:30:34,555] {manager.py:1069} INFO - Failing jobs without heartbeat after 2024-05-28 13:25:34.555242+00:00
[2024-05-28 13:30:44,586] {manager.py:1065} INFO - Finding 'running' jobs without a recent heartbeat
[2024-05-28 13:30:44,586] {manager.py:1069} INFO - Failing jobs without heartbeat after 2024-05-28 13:25:44.586845+00:00
[2024-05-28 13:30:44,593] {manager.py:784} INFO - 
================================================================================
DAG File Processing Stats

File Path                            PID    Runtime      # DAGs    # Errors  Last Runtime    Last Run
-----------------------------------  -----  ---------  --------  ----------  --------------  -------------------
/opt/airflow/dags/data_ingestion.py                           1           0  0.84s           2024-05-28T13:30:34
================================================================================
[2024-05-28 13:30:54,609] {manager.py:1065} INFO - Finding 'running' jobs without a recent heartbeat
[2024-05-28 13:30:54,610] {manager.py:1069} INFO - Failing jobs without heartbeat after 2024-05-28 13:25:54.610025+00:00
[2024-05-28 13:31:04,637] {manager.py:1065} INFO - Finding 'running' jobs without a recent heartbeat
[2024-05-28 13:31:04,638] {manager.py:1069} INFO - Failing jobs without heartbeat after 2024-05-28 13:26:04.638172+00:00
[2024-05-28 13:31:14,856] {manager.py:1065} INFO - Finding 'running' jobs without a recent heartbeat
[2024-05-28 13:31:14,856] {manager.py:1069} INFO - Failing jobs without heartbeat after 2024-05-28 13:26:14.856758+00:00
[2024-05-28 13:31:14,866] {manager.py:784} INFO - 
================================================================================
DAG File Processing Stats

File Path                            PID    Runtime      # DAGs    # Errors  Last Runtime    Last Run
-----------------------------------  -----  ---------  --------  ----------  --------------  -------------------
/opt/airflow/dags/data_ingestion.py                           1           0  1.06s           2024-05-28T13:31:05
================================================================================
[2024-05-28 13:31:24,886] {manager.py:1065} INFO - Finding 'running' jobs without a recent heartbeat
[2024-05-28 13:31:24,886] {manager.py:1069} INFO - Failing jobs without heartbeat after 2024-05-28 13:26:24.886956+00:00
[2024-05-28 13:31:34,914] {manager.py:1065} INFO - Finding 'running' jobs without a recent heartbeat
[2024-05-28 13:31:34,914] {manager.py:1069} INFO - Failing jobs without heartbeat after 2024-05-28 13:26:34.914650+00:00
[2024-05-28 13:31:44,940] {manager.py:1065} INFO - Finding 'running' jobs without a recent heartbeat
[2024-05-28 13:31:44,940] {manager.py:1069} INFO - Failing jobs without heartbeat after 2024-05-28 13:26:44.940933+00:00
[2024-05-28 13:31:44,950] {manager.py:784} INFO - 
================================================================================
DAG File Processing Stats

File Path                            PID    Runtime      # DAGs    # Errors  Last Runtime    Last Run
-----------------------------------  -----  ---------  --------  ----------  --------------  -------------------
/opt/airflow/dags/data_ingestion.py                           1           0  0.84s           2024-05-28T13:31:36
================================================================================
[2024-05-28 13:31:54,963] {manager.py:1065} INFO - Finding 'running' jobs without a recent heartbeat
[2024-05-28 13:31:54,963] {manager.py:1069} INFO - Failing jobs without heartbeat after 2024-05-28 13:26:54.963819+00:00
[2024-05-28 13:32:04,982] {manager.py:1065} INFO - Finding 'running' jobs without a recent heartbeat
[2024-05-28 13:32:04,982] {manager.py:1069} INFO - Failing jobs without heartbeat after 2024-05-28 13:27:04.982435+00:00
[2024-05-28 13:32:15,003] {manager.py:1065} INFO - Finding 'running' jobs without a recent heartbeat
[2024-05-28 13:32:15,004] {manager.py:1069} INFO - Failing jobs without heartbeat after 2024-05-28 13:27:15.004444+00:00
[2024-05-28 13:32:15,014] {manager.py:784} INFO - 
================================================================================
DAG File Processing Stats

File Path                            PID    Runtime      # DAGs    # Errors  Last Runtime    Last Run
-----------------------------------  -----  ---------  --------  ----------  --------------  -------------------
/opt/airflow/dags/data_ingestion.py                           1           0  0.84s           2024-05-28T13:32:07
================================================================================
[2024-05-28 13:32:25,026] {manager.py:1065} INFO - Finding 'running' jobs without a recent heartbeat
[2024-05-28 13:32:25,027] {manager.py:1069} INFO - Failing jobs without heartbeat after 2024-05-28 13:27:25.027070+00:00
[2024-05-28 13:32:35,047] {manager.py:1065} INFO - Finding 'running' jobs without a recent heartbeat
[2024-05-28 13:32:35,048] {manager.py:1069} INFO - Failing jobs without heartbeat after 2024-05-28 13:27:35.048065+00:00
[2024-05-28 13:32:43,074] {manager.py:663} INFO - Searching for files in /opt/airflow/dags
[2024-05-28 13:32:43,075] {manager.py:666} INFO - There are 1 files in /opt/airflow/dags
[2024-05-28 13:32:45,098] {manager.py:1065} INFO - Finding 'running' jobs without a recent heartbeat
[2024-05-28 13:32:45,099] {manager.py:1069} INFO - Failing jobs without heartbeat after 2024-05-28 13:27:45.099200+00:00
[2024-05-28 13:32:45,109] {manager.py:784} INFO - 
================================================================================
DAG File Processing Stats

File Path                            PID    Runtime      # DAGs    # Errors  Last Runtime    Last Run
-----------------------------------  -----  ---------  --------  ----------  --------------  -------------------
/opt/airflow/dags/data_ingestion.py                           1           0  0.98s           2024-05-28T13:32:38
================================================================================
[2024-05-28 13:32:55,123] {manager.py:1065} INFO - Finding 'running' jobs without a recent heartbeat
[2024-05-28 13:32:55,123] {manager.py:1069} INFO - Failing jobs without heartbeat after 2024-05-28 13:27:55.123703+00:00
[2024-05-28 13:33:05,149] {manager.py:1065} INFO - Finding 'running' jobs without a recent heartbeat
[2024-05-28 13:33:05,149] {manager.py:1069} INFO - Failing jobs without heartbeat after 2024-05-28 13:28:05.149319+00:00
[2024-05-28 13:33:15,762] {manager.py:1065} INFO - Finding 'running' jobs without a recent heartbeat
[2024-05-28 13:33:15,762] {manager.py:1069} INFO - Failing jobs without heartbeat after 2024-05-28 13:28:15.762605+00:00
[2024-05-28 13:33:15,775] {manager.py:784} INFO - 
================================================================================
DAG File Processing Stats

File Path                            PID    Runtime      # DAGs    # Errors  Last Runtime    Last Run
-----------------------------------  -----  ---------  --------  ----------  --------------  -------------------
/opt/airflow/dags/data_ingestion.py                           1           0  1.19s           2024-05-28T13:33:09
================================================================================
[2024-05-28 13:33:25,796] {manager.py:1065} INFO - Finding 'running' jobs without a recent heartbeat
[2024-05-28 13:33:25,796] {manager.py:1069} INFO - Failing jobs without heartbeat after 2024-05-28 13:28:25.796565+00:00
[2024-05-28 13:33:35,824] {manager.py:1065} INFO - Finding 'running' jobs without a recent heartbeat
[2024-05-28 13:33:35,824] {manager.py:1069} INFO - Failing jobs without heartbeat after 2024-05-28 13:28:35.824191+00:00
[2024-05-28 13:33:45,850] {manager.py:1065} INFO - Finding 'running' jobs without a recent heartbeat
[2024-05-28 13:33:45,850] {manager.py:1069} INFO - Failing jobs without heartbeat after 2024-05-28 13:28:45.850448+00:00
[2024-05-28 13:33:45,859] {manager.py:784} INFO - 
================================================================================
DAG File Processing Stats

File Path                            PID    Runtime      # DAGs    # Errors  Last Runtime    Last Run
-----------------------------------  -----  ---------  --------  ----------  --------------  -------------------
/opt/airflow/dags/data_ingestion.py                           1           0  0.88s           2024-05-28T13:33:40
================================================================================
[2024-05-28 13:33:55,875] {manager.py:1065} INFO - Finding 'running' jobs without a recent heartbeat
[2024-05-28 13:33:55,875] {manager.py:1069} INFO - Failing jobs without heartbeat after 2024-05-28 13:28:55.875299+00:00
[2024-05-28 13:34:05,982] {manager.py:1065} INFO - Finding 'running' jobs without a recent heartbeat
[2024-05-28 13:34:05,982] {manager.py:1069} INFO - Failing jobs without heartbeat after 2024-05-28 13:29:05.982636+00:00
[2024-05-28 13:34:16,008] {manager.py:1065} INFO - Finding 'running' jobs without a recent heartbeat
[2024-05-28 13:34:16,008] {manager.py:1069} INFO - Failing jobs without heartbeat after 2024-05-28 13:29:16.008612+00:00
[2024-05-28 13:34:16,017] {manager.py:784} INFO - 
================================================================================
DAG File Processing Stats

File Path                            PID    Runtime      # DAGs    # Errors  Last Runtime    Last Run
-----------------------------------  -----  ---------  --------  ----------  --------------  -------------------
/opt/airflow/dags/data_ingestion.py                           1           0  0.69s           2024-05-28T13:34:11
================================================================================
[2024-05-28 13:34:26,030] {manager.py:1065} INFO - Finding 'running' jobs without a recent heartbeat
[2024-05-28 13:34:26,030] {manager.py:1069} INFO - Failing jobs without heartbeat after 2024-05-28 13:29:26.030471+00:00
[2024-05-28 13:34:36,050] {manager.py:1065} INFO - Finding 'running' jobs without a recent heartbeat
[2024-05-28 13:34:36,050] {manager.py:1069} INFO - Failing jobs without heartbeat after 2024-05-28 13:29:36.050401+00:00
[2024-05-28 13:34:46,071] {manager.py:1065} INFO - Finding 'running' jobs without a recent heartbeat
[2024-05-28 13:34:46,072] {manager.py:1069} INFO - Failing jobs without heartbeat after 2024-05-28 13:29:46.071996+00:00
[2024-05-28 13:34:46,082] {manager.py:784} INFO - 
================================================================================
DAG File Processing Stats

File Path                            PID    Runtime      # DAGs    # Errors  Last Runtime    Last Run
-----------------------------------  -----  ---------  --------  ----------  --------------  -------------------
/opt/airflow/dags/data_ingestion.py                           1           0  0.70s           2024-05-28T13:34:42
================================================================================
[2024-05-28 13:34:56,104] {manager.py:1065} INFO - Finding 'running' jobs without a recent heartbeat
[2024-05-28 13:34:56,104] {manager.py:1069} INFO - Failing jobs without heartbeat after 2024-05-28 13:29:56.104302+00:00
[2024-05-28 13:35:06,132] {manager.py:1065} INFO - Finding 'running' jobs without a recent heartbeat
[2024-05-28 13:35:06,132] {manager.py:1069} INFO - Failing jobs without heartbeat after 2024-05-28 13:30:06.132774+00:00
[2024-05-28 13:35:16,157] {manager.py:1065} INFO - Finding 'running' jobs without a recent heartbeat
[2024-05-28 13:35:16,158] {manager.py:1069} INFO - Failing jobs without heartbeat after 2024-05-28 13:30:16.158021+00:00
[2024-05-28 13:35:16,167] {manager.py:784} INFO - 
================================================================================
DAG File Processing Stats

File Path                            PID    Runtime      # DAGs    # Errors  Last Runtime    Last Run
-----------------------------------  -----  ---------  --------  ----------  --------------  -------------------
/opt/airflow/dags/data_ingestion.py                           1           0  0.75s           2024-05-28T13:35:13
================================================================================
[2024-05-28 13:35:26,186] {manager.py:1065} INFO - Finding 'running' jobs without a recent heartbeat
[2024-05-28 13:35:26,186] {manager.py:1069} INFO - Failing jobs without heartbeat after 2024-05-28 13:30:26.186583+00:00
[2024-05-28 13:35:36,214] {manager.py:1065} INFO - Finding 'running' jobs without a recent heartbeat
[2024-05-28 13:35:36,214] {manager.py:1069} INFO - Failing jobs without heartbeat after 2024-05-28 13:30:36.214495+00:00
[2024-05-28 13:35:46,275] {manager.py:1065} INFO - Finding 'running' jobs without a recent heartbeat
[2024-05-28 13:35:46,275] {manager.py:1069} INFO - Failing jobs without heartbeat after 2024-05-28 13:30:46.275752+00:00
[2024-05-28 13:35:46,285] {manager.py:784} INFO - 
================================================================================
DAG File Processing Stats

File Path                            PID    Runtime      # DAGs    # Errors  Last Runtime    Last Run
-----------------------------------  -----  ---------  --------  ----------  --------------  -------------------
/opt/airflow/dags/data_ingestion.py                           1           0  0.80s           2024-05-28T13:35:44
================================================================================
[2024-05-28 13:35:56,298] {manager.py:1065} INFO - Finding 'running' jobs without a recent heartbeat
[2024-05-28 13:35:56,299] {manager.py:1069} INFO - Failing jobs without heartbeat after 2024-05-28 13:30:56.299087+00:00
[2024-05-28 13:36:06,319] {manager.py:1065} INFO - Finding 'running' jobs without a recent heartbeat
[2024-05-28 13:36:06,319] {manager.py:1069} INFO - Failing jobs without heartbeat after 2024-05-28 13:31:06.319509+00:00
[2024-05-28 13:36:16,340] {manager.py:1065} INFO - Finding 'running' jobs without a recent heartbeat
[2024-05-28 13:36:16,340] {manager.py:1069} INFO - Failing jobs without heartbeat after 2024-05-28 13:31:16.340886+00:00
[2024-05-28 13:36:16,349] {manager.py:784} INFO - 
================================================================================
DAG File Processing Stats

File Path                            PID    Runtime      # DAGs    # Errors  Last Runtime    Last Run
-----------------------------------  -----  ---------  --------  ----------  --------------  -------------------
/opt/airflow/dags/data_ingestion.py                           1           0  0.80s           2024-05-28T13:36:14
================================================================================
[2024-05-28 13:36:26,361] {manager.py:1065} INFO - Finding 'running' jobs without a recent heartbeat
[2024-05-28 13:36:26,361] {manager.py:1069} INFO - Failing jobs without heartbeat after 2024-05-28 13:31:26.361777+00:00
[2024-05-28 13:36:36,382] {manager.py:1065} INFO - Finding 'running' jobs without a recent heartbeat
[2024-05-28 13:36:36,383] {manager.py:1069} INFO - Failing jobs without heartbeat after 2024-05-28 13:31:36.383100+00:00
[2024-05-28 13:36:46,404] {manager.py:1065} INFO - Finding 'running' jobs without a recent heartbeat
[2024-05-28 13:36:46,404] {manager.py:1069} INFO - Failing jobs without heartbeat after 2024-05-28 13:31:46.404740+00:00
[2024-05-28 13:36:46,414] {manager.py:784} INFO - 
================================================================================
DAG File Processing Stats

File Path                            PID    Runtime      # DAGs    # Errors  Last Runtime    Last Run
-----------------------------------  -----  ---------  --------  ----------  --------------  -------------------
/opt/airflow/dags/data_ingestion.py                           1           0  0.80s           2024-05-28T13:36:45
================================================================================
[2024-05-28 13:36:56,436] {manager.py:1065} INFO - Finding 'running' jobs without a recent heartbeat
[2024-05-28 13:36:56,436] {manager.py:1069} INFO - Failing jobs without heartbeat after 2024-05-28 13:31:56.436675+00:00
[2024-05-28 13:37:06,463] {manager.py:1065} INFO - Finding 'running' jobs without a recent heartbeat
[2024-05-28 13:37:06,464] {manager.py:1069} INFO - Failing jobs without heartbeat after 2024-05-28 13:32:06.464028+00:00
[2024-05-28 13:37:16,494] {manager.py:1065} INFO - Finding 'running' jobs without a recent heartbeat
[2024-05-28 13:37:16,495] {manager.py:1069} INFO - Failing jobs without heartbeat after 2024-05-28 13:32:16.495154+00:00
[2024-05-28 13:37:16,505] {manager.py:784} INFO - 
================================================================================
DAG File Processing Stats

File Path                              PID  Runtime      # DAGs    # Errors  Last Runtime    Last Run
-----------------------------------  -----  ---------  --------  ----------  --------------  -------------------
/opt/airflow/dags/data_ingestion.py   2122  0.71s             1           0  0.80s           2024-05-28T13:36:45
================================================================================
[2024-05-28 13:37:26,532] {manager.py:1065} INFO - Finding 'running' jobs without a recent heartbeat
[2024-05-28 13:37:26,532] {manager.py:1069} INFO - Failing jobs without heartbeat after 2024-05-28 13:32:26.532477+00:00
[2024-05-28 13:37:36,557] {manager.py:1065} INFO - Finding 'running' jobs without a recent heartbeat
[2024-05-28 13:37:36,557] {manager.py:1069} INFO - Failing jobs without heartbeat after 2024-05-28 13:32:36.557832+00:00
[2024-05-28 13:37:43,576] {manager.py:663} INFO - Searching for files in /opt/airflow/dags
[2024-05-28 13:37:43,577] {manager.py:666} INFO - There are 1 files in /opt/airflow/dags
[2024-05-28 13:37:46,596] {manager.py:1065} INFO - Finding 'running' jobs without a recent heartbeat
[2024-05-28 13:37:46,596] {manager.py:1069} INFO - Failing jobs without heartbeat after 2024-05-28 13:32:46.596840+00:00
[2024-05-28 13:37:46,608] {manager.py:784} INFO - 
================================================================================
DAG File Processing Stats

File Path                              PID  Runtime      # DAGs    # Errors  Last Runtime    Last Run
-----------------------------------  -----  ---------  --------  ----------  --------------  -------------------
/opt/airflow/dags/data_ingestion.py   2159  0.00s             1           0  0.71s           2024-05-28T13:37:16
================================================================================
[2024-05-28 13:37:56,625] {manager.py:1065} INFO - Finding 'running' jobs without a recent heartbeat
[2024-05-28 13:37:56,625] {manager.py:1069} INFO - Failing jobs without heartbeat after 2024-05-28 13:32:56.625739+00:00
[2024-05-28 13:38:06,646] {manager.py:1065} INFO - Finding 'running' jobs without a recent heartbeat
[2024-05-28 13:38:06,646] {manager.py:1069} INFO - Failing jobs without heartbeat after 2024-05-28 13:33:06.646174+00:00
[2024-05-28 13:38:16,668] {manager.py:1065} INFO - Finding 'running' jobs without a recent heartbeat
[2024-05-28 13:38:16,668] {manager.py:1069} INFO - Failing jobs without heartbeat after 2024-05-28 13:33:16.668602+00:00
[2024-05-28 13:38:16,677] {manager.py:784} INFO - 
================================================================================
DAG File Processing Stats

File Path                            PID    Runtime      # DAGs    # Errors  Last Runtime    Last Run
-----------------------------------  -----  ---------  --------  ----------  --------------  -------------------
/opt/airflow/dags/data_ingestion.py                           1           0  0.88s           2024-05-28T13:37:47
================================================================================
[2024-05-28 13:38:26,695] {manager.py:1065} INFO - Finding 'running' jobs without a recent heartbeat
[2024-05-28 13:38:26,695] {manager.py:1069} INFO - Failing jobs without heartbeat after 2024-05-28 13:33:26.695715+00:00
[2024-05-28 13:38:36,728] {manager.py:1065} INFO - Finding 'running' jobs without a recent heartbeat
[2024-05-28 13:38:36,728] {manager.py:1069} INFO - Failing jobs without heartbeat after 2024-05-28 13:33:36.728642+00:00
[2024-05-28 13:38:46,754] {manager.py:1065} INFO - Finding 'running' jobs without a recent heartbeat
[2024-05-28 13:38:46,754] {manager.py:1069} INFO - Failing jobs without heartbeat after 2024-05-28 13:33:46.754702+00:00
[2024-05-28 13:38:46,761] {manager.py:784} INFO - 
================================================================================
DAG File Processing Stats

File Path                            PID    Runtime      # DAGs    # Errors  Last Runtime    Last Run
-----------------------------------  -----  ---------  --------  ----------  --------------  -------------------
/opt/airflow/dags/data_ingestion.py                           1           0  1.42s           2024-05-28T13:38:18
================================================================================
[2024-05-28 13:38:57,026] {manager.py:1065} INFO - Finding 'running' jobs without a recent heartbeat
[2024-05-28 13:38:57,026] {manager.py:1069} INFO - Failing jobs without heartbeat after 2024-05-28 13:33:57.026652+00:00
[2024-05-28 13:39:07,048] {manager.py:1065} INFO - Finding 'running' jobs without a recent heartbeat
[2024-05-28 13:39:07,048] {manager.py:1069} INFO - Failing jobs without heartbeat after 2024-05-28 13:34:07.048629+00:00
[2024-05-28 13:39:17,070] {manager.py:1065} INFO - Finding 'running' jobs without a recent heartbeat
[2024-05-28 13:39:17,070] {manager.py:1069} INFO - Failing jobs without heartbeat after 2024-05-28 13:34:17.070866+00:00
[2024-05-28 13:39:17,077] {manager.py:784} INFO - 
================================================================================
DAG File Processing Stats

File Path                            PID    Runtime      # DAGs    # Errors  Last Runtime    Last Run
-----------------------------------  -----  ---------  --------  ----------  --------------  -------------------
/opt/airflow/dags/data_ingestion.py                           1           0  1.01s           2024-05-28T13:38:50
================================================================================
[2024-05-28 13:39:27,096] {manager.py:1065} INFO - Finding 'running' jobs without a recent heartbeat
[2024-05-28 13:39:27,096] {manager.py:1069} INFO - Failing jobs without heartbeat after 2024-05-28 13:34:27.096671+00:00
[2024-05-28 13:39:37,116] {manager.py:1065} INFO - Finding 'running' jobs without a recent heartbeat
[2024-05-28 13:39:37,116] {manager.py:1069} INFO - Failing jobs without heartbeat after 2024-05-28 13:34:37.116956+00:00
[2024-05-28 13:39:47,134] {manager.py:1065} INFO - Finding 'running' jobs without a recent heartbeat
[2024-05-28 13:39:47,134] {manager.py:1069} INFO - Failing jobs without heartbeat after 2024-05-28 13:34:47.134853+00:00
[2024-05-28 13:39:47,141] {manager.py:784} INFO - 
================================================================================
DAG File Processing Stats

File Path                            PID    Runtime      # DAGs    # Errors  Last Runtime    Last Run
-----------------------------------  -----  ---------  --------  ----------  --------------  -------------------
/opt/airflow/dags/data_ingestion.py                           1           0  0.83s           2024-05-28T13:39:20
================================================================================
[2024-05-28 13:39:57,154] {manager.py:1065} INFO - Finding 'running' jobs without a recent heartbeat
[2024-05-28 13:39:57,154] {manager.py:1069} INFO - Failing jobs without heartbeat after 2024-05-28 13:34:57.154954+00:00
[2024-05-28 13:40:02,495] {manager.py:495} INFO - Exiting gracefully upon receiving signal 15
[2024-05-31 12:54:00,909] {manager.py:514} INFO - Processing files using up to 2 processes at a time 
[2024-05-31 12:54:00,909] {manager.py:515} INFO - Process each file at most once every 30 seconds
[2024-05-31 12:54:00,909] {manager.py:517} INFO - Checking for new files in /opt/airflow/dags every 300 seconds
[2024-05-31 12:54:00,909] {manager.py:663} INFO - Searching for files in /opt/airflow/dags
[2024-05-31 12:54:00,911] {manager.py:666} INFO - There are 1 files in /opt/airflow/dags
[2024-05-31 12:54:00,996] {manager.py:1065} INFO - Finding 'running' jobs without a recent heartbeat
[2024-05-31 12:54:00,997] {manager.py:1069} INFO - Failing jobs without heartbeat after 2024-05-31 12:49:00.997847+00:00
[2024-05-31 12:54:01,051] {manager.py:784} INFO - 
================================================================================
DAG File Processing Stats

File Path                              PID  Runtime      # DAGs    # Errors  Last Runtime    Last Run
-----------------------------------  -----  ---------  --------  ----------  --------------  ----------
/opt/airflow/dags/data_ingestion.py    165  0.05s             0           0
================================================================================
[2024-05-31 12:54:11,070] {manager.py:1065} INFO - Finding 'running' jobs without a recent heartbeat
[2024-05-31 12:54:11,071] {manager.py:1069} INFO - Failing jobs without heartbeat after 2024-05-31 12:49:11.071110+00:00
[2024-05-31 12:54:21,106] {manager.py:1065} INFO - Finding 'running' jobs without a recent heartbeat
[2024-05-31 12:54:21,106] {manager.py:1069} INFO - Failing jobs without heartbeat after 2024-05-31 12:49:21.106836+00:00
[2024-05-31 12:54:31,134] {manager.py:1065} INFO - Finding 'running' jobs without a recent heartbeat
[2024-05-31 12:54:31,135] {manager.py:1069} INFO - Failing jobs without heartbeat after 2024-05-31 12:49:31.135171+00:00
[2024-05-31 12:54:31,142] {manager.py:784} INFO - 
================================================================================
DAG File Processing Stats

File Path                            PID    Runtime      # DAGs    # Errors  Last Runtime    Last Run
-----------------------------------  -----  ---------  --------  ----------  --------------  -------------------
/opt/airflow/dags/data_ingestion.py                           1           0  4.20s           2024-05-31T12:54:05
================================================================================
[2024-05-31 12:54:41,164] {manager.py:1065} INFO - Finding 'running' jobs without a recent heartbeat
[2024-05-31 12:54:41,164] {manager.py:1069} INFO - Failing jobs without heartbeat after 2024-05-31 12:49:41.164927+00:00
[2024-05-31 12:54:51,196] {manager.py:1065} INFO - Finding 'running' jobs without a recent heartbeat
[2024-05-31 12:54:51,196] {manager.py:1069} INFO - Failing jobs without heartbeat after 2024-05-31 12:49:51.196334+00:00
[2024-05-31 12:55:01,221] {manager.py:1065} INFO - Finding 'running' jobs without a recent heartbeat
[2024-05-31 12:55:01,221] {manager.py:1069} INFO - Failing jobs without heartbeat after 2024-05-31 12:50:01.221348+00:00
[2024-05-31 12:55:01,229] {manager.py:784} INFO - 
================================================================================
DAG File Processing Stats

File Path                            PID    Runtime      # DAGs    # Errors  Last Runtime    Last Run
-----------------------------------  -----  ---------  --------  ----------  --------------  -------------------
/opt/airflow/dags/data_ingestion.py                           1           0  1.00s           2024-05-31T12:54:36
================================================================================
[2024-05-31 12:55:11,297] {manager.py:1065} INFO - Finding 'running' jobs without a recent heartbeat
[2024-05-31 12:55:11,297] {manager.py:1069} INFO - Failing jobs without heartbeat after 2024-05-31 12:50:11.297422+00:00
[2024-05-31 12:55:21,317] {manager.py:1065} INFO - Finding 'running' jobs without a recent heartbeat
[2024-05-31 12:55:21,318] {manager.py:1069} INFO - Failing jobs without heartbeat after 2024-05-31 12:50:21.318145+00:00
[2024-05-31 12:55:31,249] {manager.py:784} INFO - 
================================================================================
DAG File Processing Stats

File Path                            PID    Runtime      # DAGs    # Errors  Last Runtime    Last Run
-----------------------------------  -----  ---------  --------  ----------  --------------  -------------------
/opt/airflow/dags/data_ingestion.py                           1           0  0.92s           2024-05-31T12:55:07
================================================================================
[2024-05-31 12:55:31,335] {manager.py:1065} INFO - Finding 'running' jobs without a recent heartbeat
[2024-05-31 12:55:31,335] {manager.py:1069} INFO - Failing jobs without heartbeat after 2024-05-31 12:50:31.335940+00:00
[2024-05-31 12:55:41,355] {manager.py:1065} INFO - Finding 'running' jobs without a recent heartbeat
[2024-05-31 12:55:41,355] {manager.py:1069} INFO - Failing jobs without heartbeat after 2024-05-31 12:50:41.355954+00:00
[2024-05-31 12:55:51,375] {manager.py:1065} INFO - Finding 'running' jobs without a recent heartbeat
[2024-05-31 12:55:51,375] {manager.py:1069} INFO - Failing jobs without heartbeat after 2024-05-31 12:50:51.375884+00:00
[2024-05-31 12:56:01,394] {manager.py:1065} INFO - Finding 'running' jobs without a recent heartbeat
[2024-05-31 12:56:01,394] {manager.py:1069} INFO - Failing jobs without heartbeat after 2024-05-31 12:51:01.394734+00:00
[2024-05-31 12:56:01,401] {manager.py:784} INFO - 
================================================================================
DAG File Processing Stats

File Path                            PID    Runtime      # DAGs    # Errors  Last Runtime    Last Run
-----------------------------------  -----  ---------  --------  ----------  --------------  -------------------
/opt/airflow/dags/data_ingestion.py                           1           0  0.79s           2024-05-31T12:55:38
================================================================================
[2024-05-31 12:56:11,413] {manager.py:1065} INFO - Finding 'running' jobs without a recent heartbeat
[2024-05-31 12:56:11,413] {manager.py:1069} INFO - Failing jobs without heartbeat after 2024-05-31 12:51:11.413751+00:00
[2024-05-31 12:56:21,436] {manager.py:1065} INFO - Finding 'running' jobs without a recent heartbeat
[2024-05-31 12:56:21,437] {manager.py:1069} INFO - Failing jobs without heartbeat after 2024-05-31 12:51:21.437135+00:00
[2024-05-31 12:56:31,460] {manager.py:1065} INFO - Finding 'running' jobs without a recent heartbeat
[2024-05-31 12:56:31,460] {manager.py:1069} INFO - Failing jobs without heartbeat after 2024-05-31 12:51:31.460392+00:00
[2024-05-31 12:56:31,467] {manager.py:784} INFO - 
================================================================================
DAG File Processing Stats

File Path                            PID    Runtime      # DAGs    # Errors  Last Runtime    Last Run
-----------------------------------  -----  ---------  --------  ----------  --------------  -------------------
/opt/airflow/dags/data_ingestion.py                           1           0  0.78s           2024-05-31T12:56:08
================================================================================
[2024-05-31 12:56:41,483] {manager.py:1065} INFO - Finding 'running' jobs without a recent heartbeat
[2024-05-31 12:56:41,483] {manager.py:1069} INFO - Failing jobs without heartbeat after 2024-05-31 12:51:41.483544+00:00
[2024-05-31 12:56:51,513] {manager.py:1065} INFO - Finding 'running' jobs without a recent heartbeat
[2024-05-31 12:56:51,513] {manager.py:1069} INFO - Failing jobs without heartbeat after 2024-05-31 12:51:51.513242+00:00
[2024-05-31 12:57:01,540] {manager.py:1065} INFO - Finding 'running' jobs without a recent heartbeat
[2024-05-31 12:57:01,541] {manager.py:1069} INFO - Failing jobs without heartbeat after 2024-05-31 12:52:01.541122+00:00
[2024-05-31 12:57:01,547] {manager.py:784} INFO - 
================================================================================
DAG File Processing Stats

File Path                            PID    Runtime      # DAGs    # Errors  Last Runtime    Last Run
-----------------------------------  -----  ---------  --------  ----------  --------------  -------------------
/opt/airflow/dags/data_ingestion.py                           1           0  0.95s           2024-05-31T12:56:39
================================================================================
[2024-05-31 12:57:11,937] {manager.py:1065} INFO - Finding 'running' jobs without a recent heartbeat
[2024-05-31 12:57:11,937] {manager.py:1069} INFO - Failing jobs without heartbeat after 2024-05-31 12:52:11.937513+00:00
[2024-05-31 12:57:21,966] {manager.py:1065} INFO - Finding 'running' jobs without a recent heartbeat
[2024-05-31 12:57:21,966] {manager.py:1069} INFO - Failing jobs without heartbeat after 2024-05-31 12:52:21.966698+00:00
[2024-05-31 12:57:31,990] {manager.py:1065} INFO - Finding 'running' jobs without a recent heartbeat
[2024-05-31 12:57:31,990] {manager.py:1069} INFO - Failing jobs without heartbeat after 2024-05-31 12:52:31.990408+00:00
[2024-05-31 12:57:31,997] {manager.py:784} INFO - 
================================================================================
DAG File Processing Stats

File Path                            PID    Runtime      # DAGs    # Errors  Last Runtime    Last Run
-----------------------------------  -----  ---------  --------  ----------  --------------  -------------------
/opt/airflow/dags/data_ingestion.py                           1           0  1.03s           2024-05-31T12:57:10
================================================================================
[2024-05-31 12:57:42,021] {manager.py:1065} INFO - Finding 'running' jobs without a recent heartbeat
[2024-05-31 12:57:42,021] {manager.py:1069} INFO - Failing jobs without heartbeat after 2024-05-31 12:52:42.021360+00:00
