[2024-06-13 11:46:51,813] {taskinstance.py:1032} INFO - Dependencies all met for <TaskInstance: data_ingestion_gcs_dag.transform_dataset_task scheduled__2024-06-07T00:00:00+00:00 [queued]>
[2024-06-13 11:46:51,841] {taskinstance.py:1032} INFO - Dependencies all met for <TaskInstance: data_ingestion_gcs_dag.transform_dataset_task scheduled__2024-06-07T00:00:00+00:00 [queued]>
[2024-06-13 11:46:51,841] {taskinstance.py:1238} INFO - 
--------------------------------------------------------------------------------
[2024-06-13 11:46:51,841] {taskinstance.py:1239} INFO - Starting attempt 1 of 2
[2024-06-13 11:46:51,841] {taskinstance.py:1240} INFO - 
--------------------------------------------------------------------------------
[2024-06-13 11:46:51,873] {taskinstance.py:1259} INFO - Executing <Task(PythonOperator): transform_dataset_task> on 2024-06-07 00:00:00+00:00
[2024-06-13 11:46:51,904] {standard_task_runner.py:52} INFO - Started process 209 to run task
[2024-06-13 11:46:51,931] {standard_task_runner.py:76} INFO - Running: ['***', 'tasks', 'run', 'data_ingestion_gcs_dag', 'transform_dataset_task', 'scheduled__2024-06-07T00:00:00+00:00', '--job-id', '347', '--raw', '--subdir', 'DAGS_FOLDER/data_ingestion.py', '--cfg-path', '/tmp/tmpu2mty882', '--error-file', '/tmp/tmpeqv6vyo0']
[2024-06-13 11:46:51,934] {standard_task_runner.py:77} INFO - Job 347: Subtask transform_dataset_task
[2024-06-13 11:46:52,077] {logging_mixin.py:109} INFO - Running <TaskInstance: data_ingestion_gcs_dag.transform_dataset_task scheduled__2024-06-07T00:00:00+00:00 [running]> on host e092adbea91d
[2024-06-13 11:46:52,179] {taskinstance.py:1426} INFO - Exporting the following env vars:
AIRFLOW_CTX_DAG_OWNER=***
AIRFLOW_CTX_DAG_ID=data_ingestion_gcs_dag
AIRFLOW_CTX_TASK_ID=transform_dataset_task
AIRFLOW_CTX_EXECUTION_DATE=2024-06-07T00:00:00+00:00
AIRFLOW_CTX_DAG_RUN_ID=scheduled__2024-06-07T00:00:00+00:00
[2024-06-13 11:46:52,252] {python.py:175} INFO - Done. Returned value was: None
[2024-06-13 11:46:52,284] {taskinstance.py:1277} INFO - Marking task as SUCCESS. dag_id=data_ingestion_gcs_dag, task_id=transform_dataset_task, execution_date=20240607T000000, start_date=20240613T114651, end_date=20240613T114652
[2024-06-13 11:46:52,367] {local_task_job.py:154} INFO - Task exited with return code 0
[2024-06-13 11:46:52,427] {local_task_job.py:264} INFO - 1 downstream tasks scheduled from follow-on schedule check
