[2024-06-13 11:47:24,239] {taskinstance.py:1032} INFO - Dependencies all met for <TaskInstance: data_ingestion_gcs_dag.transform_dataset_task scheduled__2024-06-12T09:00:00+00:00 [queued]>
[2024-06-13 11:47:24,255] {taskinstance.py:1032} INFO - Dependencies all met for <TaskInstance: data_ingestion_gcs_dag.transform_dataset_task scheduled__2024-06-12T09:00:00+00:00 [queued]>
[2024-06-13 11:47:24,255] {taskinstance.py:1238} INFO - 
--------------------------------------------------------------------------------
[2024-06-13 11:47:24,255] {taskinstance.py:1239} INFO - Starting attempt 1 of 2
[2024-06-13 11:47:24,255] {taskinstance.py:1240} INFO - 
--------------------------------------------------------------------------------
[2024-06-13 11:47:24,272] {taskinstance.py:1259} INFO - Executing <Task(PythonOperator): transform_dataset_task> on 2024-06-12 09:00:00+00:00
[2024-06-13 11:47:24,278] {standard_task_runner.py:52} INFO - Started process 283 to run task
[2024-06-13 11:47:24,281] {standard_task_runner.py:76} INFO - Running: ['***', 'tasks', 'run', 'data_ingestion_gcs_dag', 'transform_dataset_task', 'scheduled__2024-06-12T09:00:00+00:00', '--job-id', '351', '--raw', '--subdir', 'DAGS_FOLDER/data_ingestion.py', '--cfg-path', '/tmp/tmpuef79wj6', '--error-file', '/tmp/tmp49bt1_k3']
[2024-06-13 11:47:24,285] {standard_task_runner.py:77} INFO - Job 351: Subtask transform_dataset_task
[2024-06-13 11:47:24,356] {logging_mixin.py:109} INFO - Running <TaskInstance: data_ingestion_gcs_dag.transform_dataset_task scheduled__2024-06-12T09:00:00+00:00 [running]> on host e092adbea91d
[2024-06-13 11:47:24,433] {taskinstance.py:1426} INFO - Exporting the following env vars:
AIRFLOW_CTX_DAG_OWNER=***
AIRFLOW_CTX_DAG_ID=data_ingestion_gcs_dag
AIRFLOW_CTX_TASK_ID=transform_dataset_task
AIRFLOW_CTX_EXECUTION_DATE=2024-06-12T09:00:00+00:00
AIRFLOW_CTX_DAG_RUN_ID=scheduled__2024-06-12T09:00:00+00:00
[2024-06-13 11:47:24,463] {python.py:175} INFO - Done. Returned value was: None
[2024-06-13 11:47:24,477] {taskinstance.py:1277} INFO - Marking task as SUCCESS. dag_id=data_ingestion_gcs_dag, task_id=transform_dataset_task, execution_date=20240612T090000, start_date=20240613T114724, end_date=20240613T114724
[2024-06-13 11:47:24,537] {local_task_job.py:154} INFO - Task exited with return code 0
[2024-06-13 11:47:24,580] {local_task_job.py:264} INFO - 1 downstream tasks scheduled from follow-on schedule check
