[2024-06-07 15:45:49,894] {taskinstance.py:1032} INFO - Dependencies all met for <TaskInstance: data_ingestion_gcs_dag.load_data_to_bq_task manual__2024-06-07T15:45:41.226345+00:00 [queued]>
[2024-06-07 15:45:49,904] {taskinstance.py:1032} INFO - Dependencies all met for <TaskInstance: data_ingestion_gcs_dag.load_data_to_bq_task manual__2024-06-07T15:45:41.226345+00:00 [queued]>
[2024-06-07 15:45:49,904] {taskinstance.py:1238} INFO - 
--------------------------------------------------------------------------------
[2024-06-07 15:45:49,905] {taskinstance.py:1239} INFO - Starting attempt 1 of 2
[2024-06-07 15:45:49,905] {taskinstance.py:1240} INFO - 
--------------------------------------------------------------------------------
[2024-06-07 15:45:49,915] {taskinstance.py:1259} INFO - Executing <Task(PythonOperator): load_data_to_bq_task> on 2024-06-07 15:45:41.226345+00:00
[2024-06-07 15:45:49,921] {standard_task_runner.py:52} INFO - Started process 12006 to run task
[2024-06-07 15:45:49,925] {standard_task_runner.py:76} INFO - Running: ['***', 'tasks', 'run', 'data_ingestion_gcs_dag', 'load_data_to_bq_task', 'manual__2024-06-07T15:45:41.226345+00:00', '--job-id', '340', '--raw', '--subdir', 'DAGS_FOLDER/data_ingestion.py', '--cfg-path', '/tmp/tmpfbvxdwz1', '--error-file', '/tmp/tmpjo66ooo_']
[2024-06-07 15:45:49,928] {standard_task_runner.py:77} INFO - Job 340: Subtask load_data_to_bq_task
[2024-06-07 15:45:49,981] {logging_mixin.py:109} INFO - Running <TaskInstance: data_ingestion_gcs_dag.load_data_to_bq_task manual__2024-06-07T15:45:41.226345+00:00 [running]> on host fbb305b57b58
[2024-06-07 15:45:50,037] {taskinstance.py:1426} INFO - Exporting the following env vars:
AIRFLOW_CTX_DAG_OWNER=***
AIRFLOW_CTX_DAG_ID=data_ingestion_gcs_dag
AIRFLOW_CTX_TASK_ID=load_data_to_bq_task
AIRFLOW_CTX_EXECUTION_DATE=2024-06-07T15:45:41.226345+00:00
AIRFLOW_CTX_DAG_RUN_ID=manual__2024-06-07T15:45:41.226345+00:00
[2024-06-07 15:45:56,907] {logging_mixin.py:109} INFO - Loaded data from gs://nyt_most_viewved_bucket/new_york_times_most_viewed_2024-06-07_15-45-43.json to parisvelib.ny_most_viewed.nyt_most_viewed_articles
[2024-06-07 15:45:56,907] {python.py:175} INFO - Done. Returned value was: None
[2024-06-07 15:45:56,926] {taskinstance.py:1277} INFO - Marking task as SUCCESS. dag_id=data_ingestion_gcs_dag, task_id=load_data_to_bq_task, execution_date=20240607T154541, start_date=20240607T154549, end_date=20240607T154556
[2024-06-07 15:45:56,967] {local_task_job.py:154} INFO - Task exited with return code 0
[2024-06-07 15:45:57,009] {local_task_job.py:264} INFO - 0 downstream tasks scheduled from follow-on schedule check
