[2024-06-07 14:13:39,998] {taskinstance.py:1032} INFO - Dependencies all met for <TaskInstance: data_ingestion_gcs_dag.download_dataset_task manual__2024-06-07T14:13:38.202370+00:00 [queued]>
[2024-06-07 14:13:40,007] {taskinstance.py:1032} INFO - Dependencies all met for <TaskInstance: data_ingestion_gcs_dag.download_dataset_task manual__2024-06-07T14:13:38.202370+00:00 [queued]>
[2024-06-07 14:13:40,007] {taskinstance.py:1238} INFO - 
--------------------------------------------------------------------------------
[2024-06-07 14:13:40,007] {taskinstance.py:1239} INFO - Starting attempt 1 of 2
[2024-06-07 14:13:40,007] {taskinstance.py:1240} INFO - 
--------------------------------------------------------------------------------
[2024-06-07 14:13:40,018] {taskinstance.py:1259} INFO - Executing <Task(BashOperator): download_dataset_task> on 2024-06-07 14:13:38.202370+00:00
[2024-06-07 14:13:40,023] {standard_task_runner.py:52} INFO - Started process 3725 to run task
[2024-06-07 14:13:40,027] {standard_task_runner.py:76} INFO - Running: ['***', 'tasks', 'run', 'data_ingestion_gcs_dag', 'download_dataset_task', 'manual__2024-06-07T14:13:38.202370+00:00', '--job-id', '284', '--raw', '--subdir', 'DAGS_FOLDER/data_ingestion.py', '--cfg-path', '/tmp/tmp1r_d6vqi', '--error-file', '/tmp/tmpu0wbtvlg']
[2024-06-07 14:13:40,030] {standard_task_runner.py:77} INFO - Job 284: Subtask download_dataset_task
[2024-06-07 14:13:40,083] {logging_mixin.py:109} INFO - Running <TaskInstance: data_ingestion_gcs_dag.download_dataset_task manual__2024-06-07T14:13:38.202370+00:00 [running]> on host fbb305b57b58
[2024-06-07 14:13:40,134] {taskinstance.py:1426} INFO - Exporting the following env vars:
AIRFLOW_CTX_DAG_OWNER=***
AIRFLOW_CTX_DAG_ID=data_ingestion_gcs_dag
AIRFLOW_CTX_TASK_ID=download_dataset_task
AIRFLOW_CTX_EXECUTION_DATE=2024-06-07T14:13:38.202370+00:00
AIRFLOW_CTX_DAG_RUN_ID=manual__2024-06-07T14:13:38.202370+00:00
[2024-06-07 14:13:40,136] {subprocess.py:62} INFO - Tmp dir root location: 
 /tmp
[2024-06-07 14:13:40,136] {subprocess.py:74} INFO - Running command: ['bash', '-c', 'curl -sSL https://api.nytimes.com/svc/mostpopular/v2/viewed/1.json?api-key=6RmAG7GJNkjXhOt5pYF8xPooXDpEpWt1 > /opt/***/new_york_times_most_viewed_2024-06-07_14-13-39.json']
[2024-06-07 14:13:40,145] {subprocess.py:85} INFO - Output:
[2024-06-07 14:13:40,973] {subprocess.py:93} INFO - Command exited with return code 0
[2024-06-07 14:13:41,018] {taskinstance.py:1277} INFO - Marking task as SUCCESS. dag_id=data_ingestion_gcs_dag, task_id=download_dataset_task, execution_date=20240607T141338, start_date=20240607T141339, end_date=20240607T141341
[2024-06-07 14:13:41,055] {local_task_job.py:154} INFO - Task exited with return code 0
[2024-06-07 14:13:41,101] {local_task_job.py:264} INFO - 1 downstream tasks scheduled from follow-on schedule check
