[2024-06-04 13:07:59,454] {taskinstance.py:1032} INFO - Dependencies all met for <TaskInstance: data_ingestion_gcs_dag.transform_dataset_task manual__2024-06-04T13:07:55.122695+00:00 [queued]>
[2024-06-04 13:07:59,463] {taskinstance.py:1032} INFO - Dependencies all met for <TaskInstance: data_ingestion_gcs_dag.transform_dataset_task manual__2024-06-04T13:07:55.122695+00:00 [queued]>
[2024-06-04 13:07:59,463] {taskinstance.py:1238} INFO - 
--------------------------------------------------------------------------------
[2024-06-04 13:07:59,463] {taskinstance.py:1239} INFO - Starting attempt 1 of 2
[2024-06-04 13:07:59,464] {taskinstance.py:1240} INFO - 
--------------------------------------------------------------------------------
[2024-06-04 13:07:59,474] {taskinstance.py:1259} INFO - Executing <Task(PythonOperator): transform_dataset_task> on 2024-06-04 13:07:55.122695+00:00
[2024-06-04 13:07:59,479] {standard_task_runner.py:52} INFO - Started process 17026 to run task
[2024-06-04 13:07:59,483] {standard_task_runner.py:76} INFO - Running: ['***', 'tasks', 'run', 'data_ingestion_gcs_dag', 'transform_dataset_task', 'manual__2024-06-04T13:07:55.122695+00:00', '--job-id', '185', '--raw', '--subdir', 'DAGS_FOLDER/data_ingestion.py', '--cfg-path', '/tmp/tmputde2sb4', '--error-file', '/tmp/tmpyxvu3kjf']
[2024-06-04 13:07:59,487] {standard_task_runner.py:77} INFO - Job 185: Subtask transform_dataset_task
[2024-06-04 13:07:59,541] {logging_mixin.py:109} INFO - Running <TaskInstance: data_ingestion_gcs_dag.transform_dataset_task manual__2024-06-04T13:07:55.122695+00:00 [running]> on host 7ae6972dd88f
[2024-06-04 13:07:59,595] {taskinstance.py:1426} INFO - Exporting the following env vars:
AIRFLOW_CTX_DAG_OWNER=***
AIRFLOW_CTX_DAG_ID=data_ingestion_gcs_dag
AIRFLOW_CTX_TASK_ID=transform_dataset_task
AIRFLOW_CTX_EXECUTION_DATE=2024-06-04T13:07:55.122695+00:00
AIRFLOW_CTX_DAG_RUN_ID=manual__2024-06-04T13:07:55.122695+00:00
[2024-06-04 13:07:59,625] {python.py:175} INFO - Done. Returned value was: None
[2024-06-04 13:07:59,635] {taskinstance.py:1277} INFO - Marking task as SUCCESS. dag_id=data_ingestion_gcs_dag, task_id=transform_dataset_task, execution_date=20240604T130755, start_date=20240604T130759, end_date=20240604T130759
[2024-06-04 13:07:59,655] {local_task_job.py:154} INFO - Task exited with return code 0
[2024-06-04 13:07:59,684] {local_task_job.py:264} INFO - 0 downstream tasks scheduled from follow-on schedule check
