[2024-06-05 12:25:43,194] {taskinstance.py:1032} INFO - Dependencies all met for <TaskInstance: data_ingestion_gcs_dag.download_dataset_task manual__2024-06-05T12:25:41.248249+00:00 [queued]>
[2024-06-05 12:25:43,206] {taskinstance.py:1032} INFO - Dependencies all met for <TaskInstance: data_ingestion_gcs_dag.download_dataset_task manual__2024-06-05T12:25:41.248249+00:00 [queued]>
[2024-06-05 12:25:43,207] {taskinstance.py:1238} INFO - 
--------------------------------------------------------------------------------
[2024-06-05 12:25:43,207] {taskinstance.py:1239} INFO - Starting attempt 1 of 2
[2024-06-05 12:25:43,208] {taskinstance.py:1240} INFO - 
--------------------------------------------------------------------------------
[2024-06-05 12:25:43,220] {taskinstance.py:1259} INFO - Executing <Task(BashOperator): download_dataset_task> on 2024-06-05 12:25:41.248249+00:00
[2024-06-05 12:25:43,229] {standard_task_runner.py:52} INFO - Started process 566 to run task
[2024-06-05 12:25:43,235] {standard_task_runner.py:76} INFO - Running: ['***', 'tasks', 'run', 'data_ingestion_gcs_dag', 'download_dataset_task', 'manual__2024-06-05T12:25:41.248249+00:00', '--job-id', '222', '--raw', '--subdir', 'DAGS_FOLDER/data_ingestion.py', '--cfg-path', '/tmp/tmpa524z41c', '--error-file', '/tmp/tmpcwlzt6l4']
[2024-06-05 12:25:43,240] {standard_task_runner.py:77} INFO - Job 222: Subtask download_dataset_task
[2024-06-05 12:25:43,313] {logging_mixin.py:109} INFO - Running <TaskInstance: data_ingestion_gcs_dag.download_dataset_task manual__2024-06-05T12:25:41.248249+00:00 [running]> on host d816676767e6
[2024-06-05 12:25:43,378] {taskinstance.py:1426} INFO - Exporting the following env vars:
AIRFLOW_CTX_DAG_OWNER=***
AIRFLOW_CTX_DAG_ID=data_ingestion_gcs_dag
AIRFLOW_CTX_TASK_ID=download_dataset_task
AIRFLOW_CTX_EXECUTION_DATE=2024-06-05T12:25:41.248249+00:00
AIRFLOW_CTX_DAG_RUN_ID=manual__2024-06-05T12:25:41.248249+00:00
[2024-06-05 12:25:43,380] {subprocess.py:62} INFO - Tmp dir root location: 
 /tmp
[2024-06-05 12:25:43,381] {subprocess.py:74} INFO - Running command: ['bash', '-c', 'curl -sSL https://api.nytimes.com/svc/mostpopular/v2/viewed/1.json?api-key=6RmAG7GJNkjXhOt5pYF8xPooXDpEpWt1 > /opt/***/new_york_times_most_viewed.json']
[2024-06-05 12:25:43,395] {subprocess.py:85} INFO - Output:
[2024-06-05 12:25:44,264] {subprocess.py:93} INFO - Command exited with return code 0
[2024-06-05 12:25:44,292] {taskinstance.py:1277} INFO - Marking task as SUCCESS. dag_id=data_ingestion_gcs_dag, task_id=download_dataset_task, execution_date=20240605T122541, start_date=20240605T122543, end_date=20240605T122544
[2024-06-05 12:25:44,335] {local_task_job.py:154} INFO - Task exited with return code 0
[2024-06-05 12:25:44,370] {local_task_job.py:264} INFO - 0 downstream tasks scheduled from follow-on schedule check
