[2024-06-05 13:00:10,771] {taskinstance.py:1032} INFO - Dependencies all met for <TaskInstance: data_ingestion_gcs_dag.transform_dataset_task manual__2024-06-05T12:56:23.122270+00:00 [queued]>
[2024-06-05 13:00:10,780] {taskinstance.py:1032} INFO - Dependencies all met for <TaskInstance: data_ingestion_gcs_dag.transform_dataset_task manual__2024-06-05T12:56:23.122270+00:00 [queued]>
[2024-06-05 13:00:10,780] {taskinstance.py:1238} INFO - 
--------------------------------------------------------------------------------
[2024-06-05 13:00:10,780] {taskinstance.py:1239} INFO - Starting attempt 1 of 2
[2024-06-05 13:00:10,780] {taskinstance.py:1240} INFO - 
--------------------------------------------------------------------------------
[2024-06-05 13:00:10,791] {taskinstance.py:1259} INFO - Executing <Task(PythonOperator): transform_dataset_task> on 2024-06-05 12:56:23.122270+00:00
[2024-06-05 13:00:10,796] {standard_task_runner.py:52} INFO - Started process 3556 to run task
[2024-06-05 13:00:10,799] {standard_task_runner.py:76} INFO - Running: ['***', 'tasks', 'run', 'data_ingestion_gcs_dag', 'transform_dataset_task', 'manual__2024-06-05T12:56:23.122270+00:00', '--job-id', '232', '--raw', '--subdir', 'DAGS_FOLDER/data_ingestion.py', '--cfg-path', '/tmp/tmpjwvycp4d', '--error-file', '/tmp/tmpzu72jtym']
[2024-06-05 13:00:10,802] {standard_task_runner.py:77} INFO - Job 232: Subtask transform_dataset_task
[2024-06-05 13:00:10,849] {logging_mixin.py:109} INFO - Running <TaskInstance: data_ingestion_gcs_dag.transform_dataset_task manual__2024-06-05T12:56:23.122270+00:00 [running]> on host d816676767e6
[2024-06-05 13:00:10,898] {taskinstance.py:1426} INFO - Exporting the following env vars:
AIRFLOW_CTX_DAG_OWNER=***
AIRFLOW_CTX_DAG_ID=data_ingestion_gcs_dag
AIRFLOW_CTX_TASK_ID=transform_dataset_task
AIRFLOW_CTX_EXECUTION_DATE=2024-06-05T12:56:23.122270+00:00
AIRFLOW_CTX_DAG_RUN_ID=manual__2024-06-05T12:56:23.122270+00:00
[2024-06-05 13:00:10,922] {python.py:175} INFO - Done. Returned value was: None
[2024-06-05 13:00:10,932] {taskinstance.py:1277} INFO - Marking task as SUCCESS. dag_id=data_ingestion_gcs_dag, task_id=transform_dataset_task, execution_date=20240605T125623, start_date=20240605T130010, end_date=20240605T130010
[2024-06-05 13:00:10,974] {local_task_job.py:154} INFO - Task exited with return code 0
[2024-06-05 13:00:11,011] {local_task_job.py:264} INFO - 1 downstream tasks scheduled from follow-on schedule check
