[2024-05-28 13:22:42,608] {processor.py:163} INFO - Started process (PID=1127) to work on /opt/airflow/dags/data_ingestion.py
[2024-05-28 13:22:42,608] {processor.py:642} INFO - Processing file /opt/airflow/dags/data_ingestion.py for tasks to queue
[2024-05-28 13:22:42,609] {logging_mixin.py:109} INFO - [2024-05-28 13:22:42,609] {dagbag.py:500} INFO - Filling up the DagBag from /opt/airflow/dags/data_ingestion.py
[2024-05-28 13:22:44,733] {processor.py:654} INFO - DAG(s) dict_keys(['data_ingestion_gcs_dag']) retrieved from /opt/airflow/dags/data_ingestion.py
[2024-05-28 13:22:48,022] {logging_mixin.py:109} INFO - [2024-05-28 13:22:48,022] {manager.py:496} INFO - Created Permission View: can edit on DAG:data_ingestion_gcs_dag
[2024-05-28 13:22:48,038] {logging_mixin.py:109} INFO - [2024-05-28 13:22:48,038] {manager.py:496} INFO - Created Permission View: can read on DAG:data_ingestion_gcs_dag
[2024-05-28 13:22:48,041] {logging_mixin.py:109} INFO - [2024-05-28 13:22:48,039] {dag.py:2396} INFO - Sync 1 DAGs
[2024-05-28 13:22:48,054] {logging_mixin.py:109} INFO - [2024-05-28 13:22:48,053] {dag.py:2415} INFO - Creating ORM DAG for data_ingestion_gcs_dag
[2024-05-28 13:22:48,194] {logging_mixin.py:109} INFO - [2024-05-28 13:22:48,193] {dag.py:2935} INFO - Setting next_dagrun for data_ingestion_gcs_dag to 2024-05-27 00:00:00+00:00
[2024-05-28 13:22:48,218] {processor.py:171} INFO - Processing /opt/airflow/dags/data_ingestion.py took 5.613 seconds
[2024-05-28 13:23:18,333] {processor.py:163} INFO - Started process (PID=1181) to work on /opt/airflow/dags/data_ingestion.py
[2024-05-28 13:23:18,335] {processor.py:642} INFO - Processing file /opt/airflow/dags/data_ingestion.py for tasks to queue
[2024-05-28 13:23:18,335] {logging_mixin.py:109} INFO - [2024-05-28 13:23:18,335] {dagbag.py:500} INFO - Filling up the DagBag from /opt/airflow/dags/data_ingestion.py
[2024-05-28 13:23:19,155] {processor.py:654} INFO - DAG(s) dict_keys(['data_ingestion_gcs_dag']) retrieved from /opt/airflow/dags/data_ingestion.py
[2024-05-28 13:23:19,164] {logging_mixin.py:109} INFO - [2024-05-28 13:23:19,163] {dag.py:2396} INFO - Sync 1 DAGs
[2024-05-28 13:23:19,188] {processor.py:171} INFO - Processing /opt/airflow/dags/data_ingestion.py took 0.859 seconds
[2024-05-28 13:23:49,265] {processor.py:163} INFO - Started process (PID=1209) to work on /opt/airflow/dags/data_ingestion.py
[2024-05-28 13:23:49,266] {processor.py:642} INFO - Processing file /opt/airflow/dags/data_ingestion.py for tasks to queue
[2024-05-28 13:23:49,266] {logging_mixin.py:109} INFO - [2024-05-28 13:23:49,266] {dagbag.py:500} INFO - Filling up the DagBag from /opt/airflow/dags/data_ingestion.py
[2024-05-28 13:23:50,282] {processor.py:654} INFO - DAG(s) dict_keys(['data_ingestion_gcs_dag']) retrieved from /opt/airflow/dags/data_ingestion.py
[2024-05-28 13:23:50,294] {logging_mixin.py:109} INFO - [2024-05-28 13:23:50,293] {dag.py:2396} INFO - Sync 1 DAGs
[2024-05-28 13:23:50,330] {processor.py:171} INFO - Processing /opt/airflow/dags/data_ingestion.py took 1.068 seconds
[2024-05-28 13:24:20,408] {processor.py:163} INFO - Started process (PID=1247) to work on /opt/airflow/dags/data_ingestion.py
[2024-05-28 13:24:20,412] {processor.py:642} INFO - Processing file /opt/airflow/dags/data_ingestion.py for tasks to queue
[2024-05-28 13:24:20,413] {logging_mixin.py:109} INFO - [2024-05-28 13:24:20,412] {dagbag.py:500} INFO - Filling up the DagBag from /opt/airflow/dags/data_ingestion.py
[2024-05-28 13:24:21,176] {processor.py:654} INFO - DAG(s) dict_keys(['data_ingestion_gcs_dag']) retrieved from /opt/airflow/dags/data_ingestion.py
[2024-05-28 13:24:21,187] {logging_mixin.py:109} INFO - [2024-05-28 13:24:21,186] {dag.py:2396} INFO - Sync 1 DAGs
[2024-05-28 13:24:21,216] {processor.py:171} INFO - Processing /opt/airflow/dags/data_ingestion.py took 0.811 seconds
[2024-05-28 13:24:41,290] {processor.py:163} INFO - Started process (PID=1276) to work on /opt/airflow/dags/data_ingestion.py
[2024-05-28 13:24:41,291] {processor.py:642} INFO - Processing file /opt/airflow/dags/data_ingestion.py for tasks to queue
[2024-05-28 13:24:41,292] {logging_mixin.py:109} INFO - [2024-05-28 13:24:41,292] {dagbag.py:500} INFO - Filling up the DagBag from /opt/airflow/dags/data_ingestion.py
[2024-05-28 13:24:42,204] {processor.py:654} INFO - DAG(s) dict_keys(['data_ingestion_gcs_dag']) retrieved from /opt/airflow/dags/data_ingestion.py
[2024-05-28 13:24:42,430] {logging_mixin.py:109} INFO - [2024-05-28 13:24:42,429] {dag.py:2396} INFO - Sync 1 DAGs
[2024-05-28 13:24:42,460] {processor.py:171} INFO - Processing /opt/airflow/dags/data_ingestion.py took 1.173 seconds
[2024-05-28 13:24:53,490] {processor.py:163} INFO - Started process (PID=1302) to work on /opt/airflow/dags/data_ingestion.py
[2024-05-28 13:24:53,493] {processor.py:642} INFO - Processing file /opt/airflow/dags/data_ingestion.py for tasks to queue
[2024-05-28 13:24:53,493] {logging_mixin.py:109} INFO - [2024-05-28 13:24:53,493] {dagbag.py:500} INFO - Filling up the DagBag from /opt/airflow/dags/data_ingestion.py
[2024-05-28 13:24:54,269] {processor.py:654} INFO - DAG(s) dict_keys(['data_ingestion_gcs_dag']) retrieved from /opt/airflow/dags/data_ingestion.py
[2024-05-28 13:24:54,273] {logging_mixin.py:109} INFO - [2024-05-28 13:24:54,271] {dag.py:2396} INFO - Sync 1 DAGs
[2024-05-28 13:24:54,287] {logging_mixin.py:109} INFO - [2024-05-28 13:24:54,287] {dag.py:2935} INFO - Setting next_dagrun for data_ingestion_gcs_dag to 2024-05-28T00:00:00+00:00
[2024-05-28 13:24:54,300] {processor.py:171} INFO - Processing /opt/airflow/dags/data_ingestion.py took 0.812 seconds
[2024-05-28 13:25:24,385] {processor.py:163} INFO - Started process (PID=1341) to work on /opt/airflow/dags/data_ingestion.py
[2024-05-28 13:25:24,386] {processor.py:642} INFO - Processing file /opt/airflow/dags/data_ingestion.py for tasks to queue
[2024-05-28 13:25:24,386] {logging_mixin.py:109} INFO - [2024-05-28 13:25:24,386] {dagbag.py:500} INFO - Filling up the DagBag from /opt/airflow/dags/data_ingestion.py
[2024-05-28 13:25:25,131] {processor.py:654} INFO - DAG(s) dict_keys(['data_ingestion_gcs_dag']) retrieved from /opt/airflow/dags/data_ingestion.py
[2024-05-28 13:25:25,142] {logging_mixin.py:109} INFO - [2024-05-28 13:25:25,141] {dag.py:2396} INFO - Sync 1 DAGs
[2024-05-28 13:25:25,155] {logging_mixin.py:109} INFO - [2024-05-28 13:25:25,155] {dag.py:2935} INFO - Setting next_dagrun for data_ingestion_gcs_dag to 2024-05-28T00:00:00+00:00
[2024-05-28 13:25:25,168] {processor.py:171} INFO - Processing /opt/airflow/dags/data_ingestion.py took 0.786 seconds
[2024-05-28 13:25:55,246] {processor.py:163} INFO - Started process (PID=1369) to work on /opt/airflow/dags/data_ingestion.py
[2024-05-28 13:25:55,249] {processor.py:642} INFO - Processing file /opt/airflow/dags/data_ingestion.py for tasks to queue
[2024-05-28 13:25:55,250] {logging_mixin.py:109} INFO - [2024-05-28 13:25:55,249] {dagbag.py:500} INFO - Filling up the DagBag from /opt/airflow/dags/data_ingestion.py
[2024-05-28 13:25:56,095] {processor.py:654} INFO - DAG(s) dict_keys(['data_ingestion_gcs_dag']) retrieved from /opt/airflow/dags/data_ingestion.py
[2024-05-28 13:25:56,104] {logging_mixin.py:109} INFO - [2024-05-28 13:25:56,103] {dag.py:2396} INFO - Sync 1 DAGs
[2024-05-28 13:25:56,121] {logging_mixin.py:109} INFO - [2024-05-28 13:25:56,121] {dag.py:2935} INFO - Setting next_dagrun for data_ingestion_gcs_dag to 2024-05-28T00:00:00+00:00
[2024-05-28 13:25:56,132] {processor.py:171} INFO - Processing /opt/airflow/dags/data_ingestion.py took 0.889 seconds
[2024-05-28 13:26:26,220] {processor.py:163} INFO - Started process (PID=1409) to work on /opt/airflow/dags/data_ingestion.py
[2024-05-28 13:26:26,221] {processor.py:642} INFO - Processing file /opt/airflow/dags/data_ingestion.py for tasks to queue
[2024-05-28 13:26:26,222] {logging_mixin.py:109} INFO - [2024-05-28 13:26:26,222] {dagbag.py:500} INFO - Filling up the DagBag from /opt/airflow/dags/data_ingestion.py
[2024-05-28 13:26:27,089] {processor.py:654} INFO - DAG(s) dict_keys(['data_ingestion_gcs_dag']) retrieved from /opt/airflow/dags/data_ingestion.py
[2024-05-28 13:26:27,099] {logging_mixin.py:109} INFO - [2024-05-28 13:26:27,098] {dag.py:2396} INFO - Sync 1 DAGs
[2024-05-28 13:26:27,117] {logging_mixin.py:109} INFO - [2024-05-28 13:26:27,117] {dag.py:2935} INFO - Setting next_dagrun for data_ingestion_gcs_dag to 2024-05-28T00:00:00+00:00
[2024-05-28 13:26:27,131] {processor.py:171} INFO - Processing /opt/airflow/dags/data_ingestion.py took 0.915 seconds
[2024-05-28 13:26:57,203] {processor.py:163} INFO - Started process (PID=1438) to work on /opt/airflow/dags/data_ingestion.py
[2024-05-28 13:26:57,207] {processor.py:642} INFO - Processing file /opt/airflow/dags/data_ingestion.py for tasks to queue
[2024-05-28 13:26:57,207] {logging_mixin.py:109} INFO - [2024-05-28 13:26:57,207] {dagbag.py:500} INFO - Filling up the DagBag from /opt/airflow/dags/data_ingestion.py
[2024-05-28 13:26:58,031] {processor.py:654} INFO - DAG(s) dict_keys(['data_ingestion_gcs_dag']) retrieved from /opt/airflow/dags/data_ingestion.py
[2024-05-28 13:26:58,043] {logging_mixin.py:109} INFO - [2024-05-28 13:26:58,042] {dag.py:2396} INFO - Sync 1 DAGs
[2024-05-28 13:26:58,059] {logging_mixin.py:109} INFO - [2024-05-28 13:26:58,059] {dag.py:2935} INFO - Setting next_dagrun for data_ingestion_gcs_dag to 2024-05-28T00:00:00+00:00
[2024-05-28 13:26:58,072] {processor.py:171} INFO - Processing /opt/airflow/dags/data_ingestion.py took 0.873 seconds
[2024-05-28 13:27:28,142] {processor.py:163} INFO - Started process (PID=1477) to work on /opt/airflow/dags/data_ingestion.py
[2024-05-28 13:27:28,144] {processor.py:642} INFO - Processing file /opt/airflow/dags/data_ingestion.py for tasks to queue
[2024-05-28 13:27:28,145] {logging_mixin.py:109} INFO - [2024-05-28 13:27:28,145] {dagbag.py:500} INFO - Filling up the DagBag from /opt/airflow/dags/data_ingestion.py
[2024-05-28 13:27:29,048] {processor.py:654} INFO - DAG(s) dict_keys(['data_ingestion_gcs_dag']) retrieved from /opt/airflow/dags/data_ingestion.py
[2024-05-28 13:27:29,057] {logging_mixin.py:109} INFO - [2024-05-28 13:27:29,056] {dag.py:2396} INFO - Sync 1 DAGs
[2024-05-28 13:27:29,071] {logging_mixin.py:109} INFO - [2024-05-28 13:27:29,071] {dag.py:2935} INFO - Setting next_dagrun for data_ingestion_gcs_dag to 2024-05-28T00:00:00+00:00
[2024-05-28 13:27:29,083] {processor.py:171} INFO - Processing /opt/airflow/dags/data_ingestion.py took 0.945 seconds
[2024-05-28 13:27:59,151] {processor.py:163} INFO - Started process (PID=1506) to work on /opt/airflow/dags/data_ingestion.py
[2024-05-28 13:27:59,155] {processor.py:642} INFO - Processing file /opt/airflow/dags/data_ingestion.py for tasks to queue
[2024-05-28 13:27:59,156] {logging_mixin.py:109} INFO - [2024-05-28 13:27:59,156] {dagbag.py:500} INFO - Filling up the DagBag from /opt/airflow/dags/data_ingestion.py
[2024-05-28 13:28:00,122] {processor.py:654} INFO - DAG(s) dict_keys(['data_ingestion_gcs_dag']) retrieved from /opt/airflow/dags/data_ingestion.py
[2024-05-28 13:28:00,132] {logging_mixin.py:109} INFO - [2024-05-28 13:28:00,131] {dag.py:2396} INFO - Sync 1 DAGs
[2024-05-28 13:28:00,149] {logging_mixin.py:109} INFO - [2024-05-28 13:28:00,149] {dag.py:2935} INFO - Setting next_dagrun for data_ingestion_gcs_dag to 2024-05-28T00:00:00+00:00
[2024-05-28 13:28:00,162] {processor.py:171} INFO - Processing /opt/airflow/dags/data_ingestion.py took 1.016 seconds
[2024-05-28 13:28:30,245] {processor.py:163} INFO - Started process (PID=1546) to work on /opt/airflow/dags/data_ingestion.py
[2024-05-28 13:28:30,246] {processor.py:642} INFO - Processing file /opt/airflow/dags/data_ingestion.py for tasks to queue
[2024-05-28 13:28:30,246] {logging_mixin.py:109} INFO - [2024-05-28 13:28:30,246] {dagbag.py:500} INFO - Filling up the DagBag from /opt/airflow/dags/data_ingestion.py
[2024-05-28 13:28:31,217] {processor.py:654} INFO - DAG(s) dict_keys(['data_ingestion_gcs_dag']) retrieved from /opt/airflow/dags/data_ingestion.py
[2024-05-28 13:28:31,227] {logging_mixin.py:109} INFO - [2024-05-28 13:28:31,226] {dag.py:2396} INFO - Sync 1 DAGs
[2024-05-28 13:28:31,243] {logging_mixin.py:109} INFO - [2024-05-28 13:28:31,242] {dag.py:2935} INFO - Setting next_dagrun for data_ingestion_gcs_dag to 2024-05-28T00:00:00+00:00
[2024-05-28 13:28:31,256] {processor.py:171} INFO - Processing /opt/airflow/dags/data_ingestion.py took 1.016 seconds
[2024-05-28 13:29:01,333] {processor.py:163} INFO - Started process (PID=1575) to work on /opt/airflow/dags/data_ingestion.py
[2024-05-28 13:29:01,337] {processor.py:642} INFO - Processing file /opt/airflow/dags/data_ingestion.py for tasks to queue
[2024-05-28 13:29:01,338] {logging_mixin.py:109} INFO - [2024-05-28 13:29:01,338] {dagbag.py:500} INFO - Filling up the DagBag from /opt/airflow/dags/data_ingestion.py
[2024-05-28 13:29:02,052] {processor.py:654} INFO - DAG(s) dict_keys(['data_ingestion_gcs_dag']) retrieved from /opt/airflow/dags/data_ingestion.py
[2024-05-28 13:29:02,061] {logging_mixin.py:109} INFO - [2024-05-28 13:29:02,060] {dag.py:2396} INFO - Sync 1 DAGs
[2024-05-28 13:29:02,075] {logging_mixin.py:109} INFO - [2024-05-28 13:29:02,075] {dag.py:2935} INFO - Setting next_dagrun for data_ingestion_gcs_dag to 2024-05-28T00:00:00+00:00
[2024-05-28 13:29:02,086] {processor.py:171} INFO - Processing /opt/airflow/dags/data_ingestion.py took 0.756 seconds
[2024-05-28 13:29:32,167] {processor.py:163} INFO - Started process (PID=1615) to work on /opt/airflow/dags/data_ingestion.py
[2024-05-28 13:29:32,170] {processor.py:642} INFO - Processing file /opt/airflow/dags/data_ingestion.py for tasks to queue
[2024-05-28 13:29:32,170] {logging_mixin.py:109} INFO - [2024-05-28 13:29:32,170] {dagbag.py:500} INFO - Filling up the DagBag from /opt/airflow/dags/data_ingestion.py
[2024-05-28 13:29:32,849] {processor.py:654} INFO - DAG(s) dict_keys(['data_ingestion_gcs_dag']) retrieved from /opt/airflow/dags/data_ingestion.py
[2024-05-28 13:29:32,857] {logging_mixin.py:109} INFO - [2024-05-28 13:29:32,856] {dag.py:2396} INFO - Sync 1 DAGs
[2024-05-28 13:29:32,872] {logging_mixin.py:109} INFO - [2024-05-28 13:29:32,872] {dag.py:2935} INFO - Setting next_dagrun for data_ingestion_gcs_dag to 2024-05-28T00:00:00+00:00
[2024-05-28 13:29:32,883] {processor.py:171} INFO - Processing /opt/airflow/dags/data_ingestion.py took 0.718 seconds
[2024-05-28 13:30:02,955] {processor.py:163} INFO - Started process (PID=1644) to work on /opt/airflow/dags/data_ingestion.py
[2024-05-28 13:30:02,958] {processor.py:642} INFO - Processing file /opt/airflow/dags/data_ingestion.py for tasks to queue
[2024-05-28 13:30:02,959] {logging_mixin.py:109} INFO - [2024-05-28 13:30:02,959] {dagbag.py:500} INFO - Filling up the DagBag from /opt/airflow/dags/data_ingestion.py
[2024-05-28 13:30:03,867] {processor.py:654} INFO - DAG(s) dict_keys(['data_ingestion_gcs_dag']) retrieved from /opt/airflow/dags/data_ingestion.py
[2024-05-28 13:30:03,877] {logging_mixin.py:109} INFO - [2024-05-28 13:30:03,876] {dag.py:2396} INFO - Sync 1 DAGs
[2024-05-28 13:30:03,893] {logging_mixin.py:109} INFO - [2024-05-28 13:30:03,893] {dag.py:2935} INFO - Setting next_dagrun for data_ingestion_gcs_dag to 2024-05-28T00:00:00+00:00
[2024-05-28 13:30:03,903] {processor.py:171} INFO - Processing /opt/airflow/dags/data_ingestion.py took 0.952 seconds
[2024-05-28 13:30:33,966] {processor.py:163} INFO - Started process (PID=1683) to work on /opt/airflow/dags/data_ingestion.py
[2024-05-28 13:30:33,970] {processor.py:642} INFO - Processing file /opt/airflow/dags/data_ingestion.py for tasks to queue
[2024-05-28 13:30:33,971] {logging_mixin.py:109} INFO - [2024-05-28 13:30:33,971] {dagbag.py:500} INFO - Filling up the DagBag from /opt/airflow/dags/data_ingestion.py
[2024-05-28 13:30:34,742] {processor.py:654} INFO - DAG(s) dict_keys(['data_ingestion_gcs_dag']) retrieved from /opt/airflow/dags/data_ingestion.py
[2024-05-28 13:30:34,753] {logging_mixin.py:109} INFO - [2024-05-28 13:30:34,752] {dag.py:2396} INFO - Sync 1 DAGs
[2024-05-28 13:30:34,768] {logging_mixin.py:109} INFO - [2024-05-28 13:30:34,768] {dag.py:2935} INFO - Setting next_dagrun for data_ingestion_gcs_dag to 2024-05-28T00:00:00+00:00
[2024-05-28 13:30:34,779] {processor.py:171} INFO - Processing /opt/airflow/dags/data_ingestion.py took 0.816 seconds
[2024-05-28 13:31:04,845] {processor.py:163} INFO - Started process (PID=1711) to work on /opt/airflow/dags/data_ingestion.py
[2024-05-28 13:31:04,850] {processor.py:642} INFO - Processing file /opt/airflow/dags/data_ingestion.py for tasks to queue
[2024-05-28 13:31:04,851] {logging_mixin.py:109} INFO - [2024-05-28 13:31:04,851] {dagbag.py:500} INFO - Filling up the DagBag from /opt/airflow/dags/data_ingestion.py
[2024-05-28 13:31:05,818] {processor.py:654} INFO - DAG(s) dict_keys(['data_ingestion_gcs_dag']) retrieved from /opt/airflow/dags/data_ingestion.py
[2024-05-28 13:31:05,833] {logging_mixin.py:109} INFO - [2024-05-28 13:31:05,832] {dag.py:2396} INFO - Sync 1 DAGs
[2024-05-28 13:31:05,853] {logging_mixin.py:109} INFO - [2024-05-28 13:31:05,853] {dag.py:2935} INFO - Setting next_dagrun for data_ingestion_gcs_dag to 2024-05-28T00:00:00+00:00
[2024-05-28 13:31:05,871] {processor.py:171} INFO - Processing /opt/airflow/dags/data_ingestion.py took 1.029 seconds
[2024-05-28 13:31:35,935] {processor.py:163} INFO - Started process (PID=1750) to work on /opt/airflow/dags/data_ingestion.py
[2024-05-28 13:31:35,936] {processor.py:642} INFO - Processing file /opt/airflow/dags/data_ingestion.py for tasks to queue
[2024-05-28 13:31:35,936] {logging_mixin.py:109} INFO - [2024-05-28 13:31:35,936] {dagbag.py:500} INFO - Filling up the DagBag from /opt/airflow/dags/data_ingestion.py
[2024-05-28 13:31:36,686] {processor.py:654} INFO - DAG(s) dict_keys(['data_ingestion_gcs_dag']) retrieved from /opt/airflow/dags/data_ingestion.py
[2024-05-28 13:31:36,702] {logging_mixin.py:109} INFO - [2024-05-28 13:31:36,701] {dag.py:2396} INFO - Sync 1 DAGs
[2024-05-28 13:31:36,723] {logging_mixin.py:109} INFO - [2024-05-28 13:31:36,723] {dag.py:2935} INFO - Setting next_dagrun for data_ingestion_gcs_dag to 2024-05-28T00:00:00+00:00
[2024-05-28 13:31:36,739] {processor.py:171} INFO - Processing /opt/airflow/dags/data_ingestion.py took 0.807 seconds
[2024-05-28 13:32:06,832] {processor.py:163} INFO - Started process (PID=1778) to work on /opt/airflow/dags/data_ingestion.py
[2024-05-28 13:32:06,834] {processor.py:642} INFO - Processing file /opt/airflow/dags/data_ingestion.py for tasks to queue
[2024-05-28 13:32:06,835] {logging_mixin.py:109} INFO - [2024-05-28 13:32:06,835] {dagbag.py:500} INFO - Filling up the DagBag from /opt/airflow/dags/data_ingestion.py
[2024-05-28 13:32:07,605] {processor.py:654} INFO - DAG(s) dict_keys(['data_ingestion_gcs_dag']) retrieved from /opt/airflow/dags/data_ingestion.py
[2024-05-28 13:32:07,615] {logging_mixin.py:109} INFO - [2024-05-28 13:32:07,615] {dag.py:2396} INFO - Sync 1 DAGs
[2024-05-28 13:32:07,631] {logging_mixin.py:109} INFO - [2024-05-28 13:32:07,631] {dag.py:2935} INFO - Setting next_dagrun for data_ingestion_gcs_dag to 2024-05-28T00:00:00+00:00
[2024-05-28 13:32:07,642] {processor.py:171} INFO - Processing /opt/airflow/dags/data_ingestion.py took 0.813 seconds
[2024-05-28 13:32:37,721] {processor.py:163} INFO - Started process (PID=1817) to work on /opt/airflow/dags/data_ingestion.py
[2024-05-28 13:32:37,724] {processor.py:642} INFO - Processing file /opt/airflow/dags/data_ingestion.py for tasks to queue
[2024-05-28 13:32:37,724] {logging_mixin.py:109} INFO - [2024-05-28 13:32:37,724] {dagbag.py:500} INFO - Filling up the DagBag from /opt/airflow/dags/data_ingestion.py
[2024-05-28 13:32:38,639] {processor.py:654} INFO - DAG(s) dict_keys(['data_ingestion_gcs_dag']) retrieved from /opt/airflow/dags/data_ingestion.py
[2024-05-28 13:32:38,648] {logging_mixin.py:109} INFO - [2024-05-28 13:32:38,647] {dag.py:2396} INFO - Sync 1 DAGs
[2024-05-28 13:32:38,662] {logging_mixin.py:109} INFO - [2024-05-28 13:32:38,662] {dag.py:2935} INFO - Setting next_dagrun for data_ingestion_gcs_dag to 2024-05-28T00:00:00+00:00
[2024-05-28 13:32:38,674] {processor.py:171} INFO - Processing /opt/airflow/dags/data_ingestion.py took 0.956 seconds
[2024-05-28 13:33:08,761] {processor.py:163} INFO - Started process (PID=1845) to work on /opt/airflow/dags/data_ingestion.py
[2024-05-28 13:33:08,765] {processor.py:642} INFO - Processing file /opt/airflow/dags/data_ingestion.py for tasks to queue
[2024-05-28 13:33:08,765] {logging_mixin.py:109} INFO - [2024-05-28 13:33:08,765] {dagbag.py:500} INFO - Filling up the DagBag from /opt/airflow/dags/data_ingestion.py
[2024-05-28 13:33:09,853] {processor.py:654} INFO - DAG(s) dict_keys(['data_ingestion_gcs_dag']) retrieved from /opt/airflow/dags/data_ingestion.py
[2024-05-28 13:33:09,867] {logging_mixin.py:109} INFO - [2024-05-28 13:33:09,866] {dag.py:2396} INFO - Sync 1 DAGs
[2024-05-28 13:33:09,890] {logging_mixin.py:109} INFO - [2024-05-28 13:33:09,889] {dag.py:2935} INFO - Setting next_dagrun for data_ingestion_gcs_dag to 2024-05-28T00:00:00+00:00
[2024-05-28 13:33:09,909] {processor.py:171} INFO - Processing /opt/airflow/dags/data_ingestion.py took 1.153 seconds
[2024-05-28 13:33:39,978] {processor.py:163} INFO - Started process (PID=1882) to work on /opt/airflow/dags/data_ingestion.py
[2024-05-28 13:33:39,983] {processor.py:642} INFO - Processing file /opt/airflow/dags/data_ingestion.py for tasks to queue
[2024-05-28 13:33:39,983] {logging_mixin.py:109} INFO - [2024-05-28 13:33:39,983] {dagbag.py:500} INFO - Filling up the DagBag from /opt/airflow/dags/data_ingestion.py
[2024-05-28 13:33:40,788] {processor.py:654} INFO - DAG(s) dict_keys(['data_ingestion_gcs_dag']) retrieved from /opt/airflow/dags/data_ingestion.py
[2024-05-28 13:33:40,799] {logging_mixin.py:109} INFO - [2024-05-28 13:33:40,798] {dag.py:2396} INFO - Sync 1 DAGs
[2024-05-28 13:33:40,815] {logging_mixin.py:109} INFO - [2024-05-28 13:33:40,815] {dag.py:2935} INFO - Setting next_dagrun for data_ingestion_gcs_dag to 2024-05-28T00:00:00+00:00
[2024-05-28 13:33:40,827] {processor.py:171} INFO - Processing /opt/airflow/dags/data_ingestion.py took 0.852 seconds
[2024-05-28 13:34:11,006] {processor.py:163} INFO - Started process (PID=1923) to work on /opt/airflow/dags/data_ingestion.py
[2024-05-28 13:34:11,007] {processor.py:642} INFO - Processing file /opt/airflow/dags/data_ingestion.py for tasks to queue
[2024-05-28 13:34:11,008] {logging_mixin.py:109} INFO - [2024-05-28 13:34:11,008] {dagbag.py:500} INFO - Filling up the DagBag from /opt/airflow/dags/data_ingestion.py
[2024-05-28 13:34:11,643] {processor.py:654} INFO - DAG(s) dict_keys(['data_ingestion_gcs_dag']) retrieved from /opt/airflow/dags/data_ingestion.py
[2024-05-28 13:34:11,651] {logging_mixin.py:109} INFO - [2024-05-28 13:34:11,650] {dag.py:2396} INFO - Sync 1 DAGs
[2024-05-28 13:34:11,666] {logging_mixin.py:109} INFO - [2024-05-28 13:34:11,666] {dag.py:2935} INFO - Setting next_dagrun for data_ingestion_gcs_dag to 2024-05-28T00:00:00+00:00
[2024-05-28 13:34:11,676] {processor.py:171} INFO - Processing /opt/airflow/dags/data_ingestion.py took 0.672 seconds
[2024-05-28 13:34:41,759] {processor.py:163} INFO - Started process (PID=1962) to work on /opt/airflow/dags/data_ingestion.py
[2024-05-28 13:34:41,763] {processor.py:642} INFO - Processing file /opt/airflow/dags/data_ingestion.py for tasks to queue
[2024-05-28 13:34:41,764] {logging_mixin.py:109} INFO - [2024-05-28 13:34:41,764] {dagbag.py:500} INFO - Filling up the DagBag from /opt/airflow/dags/data_ingestion.py
[2024-05-28 13:34:42,404] {processor.py:654} INFO - DAG(s) dict_keys(['data_ingestion_gcs_dag']) retrieved from /opt/airflow/dags/data_ingestion.py
[2024-05-28 13:34:42,412] {logging_mixin.py:109} INFO - [2024-05-28 13:34:42,412] {dag.py:2396} INFO - Sync 1 DAGs
[2024-05-28 13:34:42,426] {logging_mixin.py:109} INFO - [2024-05-28 13:34:42,426] {dag.py:2935} INFO - Setting next_dagrun for data_ingestion_gcs_dag to 2024-05-28T00:00:00+00:00
[2024-05-28 13:34:42,436] {processor.py:171} INFO - Processing /opt/airflow/dags/data_ingestion.py took 0.680 seconds
[2024-05-28 13:35:12,500] {processor.py:163} INFO - Started process (PID=1991) to work on /opt/airflow/dags/data_ingestion.py
[2024-05-28 13:35:12,501] {processor.py:642} INFO - Processing file /opt/airflow/dags/data_ingestion.py for tasks to queue
[2024-05-28 13:35:12,501] {logging_mixin.py:109} INFO - [2024-05-28 13:35:12,501] {dagbag.py:500} INFO - Filling up the DagBag from /opt/airflow/dags/data_ingestion.py
[2024-05-28 13:35:13,187] {processor.py:654} INFO - DAG(s) dict_keys(['data_ingestion_gcs_dag']) retrieved from /opt/airflow/dags/data_ingestion.py
[2024-05-28 13:35:13,195] {logging_mixin.py:109} INFO - [2024-05-28 13:35:13,195] {dag.py:2396} INFO - Sync 1 DAGs
[2024-05-28 13:35:13,210] {logging_mixin.py:109} INFO - [2024-05-28 13:35:13,210] {dag.py:2935} INFO - Setting next_dagrun for data_ingestion_gcs_dag to 2024-05-28T00:00:00+00:00
[2024-05-28 13:35:13,223] {processor.py:171} INFO - Processing /opt/airflow/dags/data_ingestion.py took 0.726 seconds
[2024-05-28 13:35:43,255] {processor.py:163} INFO - Started process (PID=2029) to work on /opt/airflow/dags/data_ingestion.py
[2024-05-28 13:35:43,256] {processor.py:642} INFO - Processing file /opt/airflow/dags/data_ingestion.py for tasks to queue
[2024-05-28 13:35:43,257] {logging_mixin.py:109} INFO - [2024-05-28 13:35:43,257] {dagbag.py:500} INFO - Filling up the DagBag from /opt/airflow/dags/data_ingestion.py
[2024-05-28 13:35:43,973] {processor.py:654} INFO - DAG(s) dict_keys(['data_ingestion_gcs_dag']) retrieved from /opt/airflow/dags/data_ingestion.py
[2024-05-28 13:35:43,982] {logging_mixin.py:109} INFO - [2024-05-28 13:35:43,981] {dag.py:2396} INFO - Sync 1 DAGs
[2024-05-28 13:35:43,996] {logging_mixin.py:109} INFO - [2024-05-28 13:35:43,996] {dag.py:2935} INFO - Setting next_dagrun for data_ingestion_gcs_dag to 2024-05-28T00:00:00+00:00
[2024-05-28 13:35:44,029] {processor.py:171} INFO - Processing /opt/airflow/dags/data_ingestion.py took 0.779 seconds
[2024-05-28 13:36:14,117] {processor.py:163} INFO - Started process (PID=2058) to work on /opt/airflow/dags/data_ingestion.py
[2024-05-28 13:36:14,118] {processor.py:642} INFO - Processing file /opt/airflow/dags/data_ingestion.py for tasks to queue
[2024-05-28 13:36:14,118] {logging_mixin.py:109} INFO - [2024-05-28 13:36:14,118] {dagbag.py:500} INFO - Filling up the DagBag from /opt/airflow/dags/data_ingestion.py
[2024-05-28 13:36:14,856] {processor.py:654} INFO - DAG(s) dict_keys(['data_ingestion_gcs_dag']) retrieved from /opt/airflow/dags/data_ingestion.py
[2024-05-28 13:36:14,865] {logging_mixin.py:109} INFO - [2024-05-28 13:36:14,865] {dag.py:2396} INFO - Sync 1 DAGs
[2024-05-28 13:36:14,881] {logging_mixin.py:109} INFO - [2024-05-28 13:36:14,881] {dag.py:2935} INFO - Setting next_dagrun for data_ingestion_gcs_dag to 2024-05-28T00:00:00+00:00
[2024-05-28 13:36:14,893] {processor.py:171} INFO - Processing /opt/airflow/dags/data_ingestion.py took 0.780 seconds
[2024-05-28 13:36:44,968] {processor.py:163} INFO - Started process (PID=2095) to work on /opt/airflow/dags/data_ingestion.py
[2024-05-28 13:36:44,971] {processor.py:642} INFO - Processing file /opt/airflow/dags/data_ingestion.py for tasks to queue
[2024-05-28 13:36:44,971] {logging_mixin.py:109} INFO - [2024-05-28 13:36:44,971] {dagbag.py:500} INFO - Filling up the DagBag from /opt/airflow/dags/data_ingestion.py
[2024-05-28 13:36:45,715] {processor.py:654} INFO - DAG(s) dict_keys(['data_ingestion_gcs_dag']) retrieved from /opt/airflow/dags/data_ingestion.py
[2024-05-28 13:36:45,723] {logging_mixin.py:109} INFO - [2024-05-28 13:36:45,722] {dag.py:2396} INFO - Sync 1 DAGs
[2024-05-28 13:36:45,737] {logging_mixin.py:109} INFO - [2024-05-28 13:36:45,737] {dag.py:2935} INFO - Setting next_dagrun for data_ingestion_gcs_dag to 2024-05-28T00:00:00+00:00
[2024-05-28 13:36:45,748] {processor.py:171} INFO - Processing /opt/airflow/dags/data_ingestion.py took 0.783 seconds
[2024-05-28 13:37:15,810] {processor.py:163} INFO - Started process (PID=2122) to work on /opt/airflow/dags/data_ingestion.py
[2024-05-28 13:37:15,812] {processor.py:642} INFO - Processing file /opt/airflow/dags/data_ingestion.py for tasks to queue
[2024-05-28 13:37:15,812] {logging_mixin.py:109} INFO - [2024-05-28 13:37:15,812] {dagbag.py:500} INFO - Filling up the DagBag from /opt/airflow/dags/data_ingestion.py
[2024-05-28 13:37:16,466] {processor.py:654} INFO - DAG(s) dict_keys(['data_ingestion_gcs_dag']) retrieved from /opt/airflow/dags/data_ingestion.py
[2024-05-28 13:37:16,475] {logging_mixin.py:109} INFO - [2024-05-28 13:37:16,474] {dag.py:2396} INFO - Sync 1 DAGs
[2024-05-28 13:37:16,489] {logging_mixin.py:109} INFO - [2024-05-28 13:37:16,489] {dag.py:2935} INFO - Setting next_dagrun for data_ingestion_gcs_dag to 2024-05-28T00:00:00+00:00
[2024-05-28 13:37:16,500] {processor.py:171} INFO - Processing /opt/airflow/dags/data_ingestion.py took 0.693 seconds
[2024-05-28 13:37:46,616] {processor.py:163} INFO - Started process (PID=2159) to work on /opt/airflow/dags/data_ingestion.py
[2024-05-28 13:37:46,617] {processor.py:642} INFO - Processing file /opt/airflow/dags/data_ingestion.py for tasks to queue
[2024-05-28 13:37:46,618] {logging_mixin.py:109} INFO - [2024-05-28 13:37:46,618] {dagbag.py:500} INFO - Filling up the DagBag from /opt/airflow/dags/data_ingestion.py
[2024-05-28 13:37:47,430] {processor.py:654} INFO - DAG(s) dict_keys(['data_ingestion_gcs_dag']) retrieved from /opt/airflow/dags/data_ingestion.py
[2024-05-28 13:37:47,439] {logging_mixin.py:109} INFO - [2024-05-28 13:37:47,439] {dag.py:2396} INFO - Sync 1 DAGs
[2024-05-28 13:37:47,456] {logging_mixin.py:109} INFO - [2024-05-28 13:37:47,456] {dag.py:2935} INFO - Setting next_dagrun for data_ingestion_gcs_dag to 2024-05-28T00:00:00+00:00
[2024-05-28 13:37:47,466] {processor.py:171} INFO - Processing /opt/airflow/dags/data_ingestion.py took 0.853 seconds
[2024-05-28 13:38:17,573] {processor.py:163} INFO - Started process (PID=2188) to work on /opt/airflow/dags/data_ingestion.py
[2024-05-28 13:38:17,575] {processor.py:642} INFO - Processing file /opt/airflow/dags/data_ingestion.py for tasks to queue
[2024-05-28 13:38:17,576] {logging_mixin.py:109} INFO - [2024-05-28 13:38:17,576] {dagbag.py:500} INFO - Filling up the DagBag from /opt/airflow/dags/data_ingestion.py
[2024-05-28 13:38:18,922] {processor.py:654} INFO - DAG(s) dict_keys(['data_ingestion_gcs_dag']) retrieved from /opt/airflow/dags/data_ingestion.py
[2024-05-28 13:38:18,931] {logging_mixin.py:109} INFO - [2024-05-28 13:38:18,931] {dag.py:2396} INFO - Sync 1 DAGs
[2024-05-28 13:38:18,947] {logging_mixin.py:109} INFO - [2024-05-28 13:38:18,947] {dag.py:2935} INFO - Setting next_dagrun for data_ingestion_gcs_dag to 2024-05-28T00:00:00+00:00
[2024-05-28 13:38:18,957] {processor.py:171} INFO - Processing /opt/airflow/dags/data_ingestion.py took 1.390 seconds
[2024-05-28 13:38:49,020] {processor.py:163} INFO - Started process (PID=2224) to work on /opt/airflow/dags/data_ingestion.py
[2024-05-28 13:38:49,021] {processor.py:642} INFO - Processing file /opt/airflow/dags/data_ingestion.py for tasks to queue
[2024-05-28 13:38:49,022] {logging_mixin.py:109} INFO - [2024-05-28 13:38:49,022] {dagbag.py:500} INFO - Filling up the DagBag from /opt/airflow/dags/data_ingestion.py
[2024-05-28 13:38:49,965] {processor.py:654} INFO - DAG(s) dict_keys(['data_ingestion_gcs_dag']) retrieved from /opt/airflow/dags/data_ingestion.py
[2024-05-28 13:38:49,976] {logging_mixin.py:109} INFO - [2024-05-28 13:38:49,975] {dag.py:2396} INFO - Sync 1 DAGs
[2024-05-28 13:38:49,992] {logging_mixin.py:109} INFO - [2024-05-28 13:38:49,992] {dag.py:2935} INFO - Setting next_dagrun for data_ingestion_gcs_dag to 2024-05-28T00:00:00+00:00
[2024-05-28 13:38:50,004] {processor.py:171} INFO - Processing /opt/airflow/dags/data_ingestion.py took 0.987 seconds
[2024-05-28 13:39:20,094] {processor.py:163} INFO - Started process (PID=2253) to work on /opt/airflow/dags/data_ingestion.py
[2024-05-28 13:39:20,095] {processor.py:642} INFO - Processing file /opt/airflow/dags/data_ingestion.py for tasks to queue
[2024-05-28 13:39:20,095] {logging_mixin.py:109} INFO - [2024-05-28 13:39:20,095] {dagbag.py:500} INFO - Filling up the DagBag from /opt/airflow/dags/data_ingestion.py
[2024-05-28 13:39:20,863] {processor.py:654} INFO - DAG(s) dict_keys(['data_ingestion_gcs_dag']) retrieved from /opt/airflow/dags/data_ingestion.py
[2024-05-28 13:39:20,871] {logging_mixin.py:109} INFO - [2024-05-28 13:39:20,870] {dag.py:2396} INFO - Sync 1 DAGs
[2024-05-28 13:39:20,886] {logging_mixin.py:109} INFO - [2024-05-28 13:39:20,886] {dag.py:2935} INFO - Setting next_dagrun for data_ingestion_gcs_dag to 2024-05-28T00:00:00+00:00
[2024-05-28 13:39:20,897] {processor.py:171} INFO - Processing /opt/airflow/dags/data_ingestion.py took 0.806 seconds
[2024-05-28 13:39:50,982] {processor.py:163} INFO - Started process (PID=2292) to work on /opt/airflow/dags/data_ingestion.py
[2024-05-28 13:39:50,984] {processor.py:642} INFO - Processing file /opt/airflow/dags/data_ingestion.py for tasks to queue
[2024-05-28 13:39:50,985] {logging_mixin.py:109} INFO - [2024-05-28 13:39:50,985] {dagbag.py:500} INFO - Filling up the DagBag from /opt/airflow/dags/data_ingestion.py
[2024-05-28 13:39:51,694] {processor.py:654} INFO - DAG(s) dict_keys(['data_ingestion_gcs_dag']) retrieved from /opt/airflow/dags/data_ingestion.py
[2024-05-28 13:39:51,703] {logging_mixin.py:109} INFO - [2024-05-28 13:39:51,702] {dag.py:2396} INFO - Sync 1 DAGs
[2024-05-28 13:39:51,718] {logging_mixin.py:109} INFO - [2024-05-28 13:39:51,718] {dag.py:2935} INFO - Setting next_dagrun for data_ingestion_gcs_dag to 2024-05-28T00:00:00+00:00
[2024-05-28 13:39:51,728] {processor.py:171} INFO - Processing /opt/airflow/dags/data_ingestion.py took 0.749 seconds
