[2024-06-05 12:20:47,892] {taskinstance.py:1032} INFO - Dependencies all met for <TaskInstance: data_ingestion_gcs_dag.download_dataset_task scheduled__2024-06-04T00:00:00+00:00 [queued]>
[2024-06-05 12:20:47,906] {taskinstance.py:1032} INFO - Dependencies all met for <TaskInstance: data_ingestion_gcs_dag.download_dataset_task scheduled__2024-06-04T00:00:00+00:00 [queued]>
[2024-06-05 12:20:47,906] {taskinstance.py:1238} INFO - 
--------------------------------------------------------------------------------
[2024-06-05 12:20:47,906] {taskinstance.py:1239} INFO - Starting attempt 1 of 2
[2024-06-05 12:20:47,906] {taskinstance.py:1240} INFO - 
--------------------------------------------------------------------------------
[2024-06-05 12:20:47,919] {taskinstance.py:1259} INFO - Executing <Task(BashOperator): download_dataset_task> on 2024-06-04 00:00:00+00:00
[2024-06-05 12:20:47,925] {standard_task_runner.py:52} INFO - Started process 188 to run task
[2024-06-05 12:20:47,931] {standard_task_runner.py:76} INFO - Running: ['***', 'tasks', 'run', 'data_ingestion_gcs_dag', 'download_dataset_task', 'scheduled__2024-06-04T00:00:00+00:00', '--job-id', '216', '--raw', '--subdir', 'DAGS_FOLDER/data_ingestion.py', '--cfg-path', '/tmp/tmpjshncvi3', '--error-file', '/tmp/tmpu1si3wqj']
[2024-06-05 12:20:47,936] {standard_task_runner.py:77} INFO - Job 216: Subtask download_dataset_task
[2024-06-05 12:20:48,007] {logging_mixin.py:109} INFO - Running <TaskInstance: data_ingestion_gcs_dag.download_dataset_task scheduled__2024-06-04T00:00:00+00:00 [running]> on host d816676767e6
[2024-06-05 12:20:48,090] {taskinstance.py:1426} INFO - Exporting the following env vars:
AIRFLOW_CTX_DAG_OWNER=***
AIRFLOW_CTX_DAG_ID=data_ingestion_gcs_dag
AIRFLOW_CTX_TASK_ID=download_dataset_task
AIRFLOW_CTX_EXECUTION_DATE=2024-06-04T00:00:00+00:00
AIRFLOW_CTX_DAG_RUN_ID=scheduled__2024-06-04T00:00:00+00:00
[2024-06-05 12:20:48,092] {subprocess.py:62} INFO - Tmp dir root location: 
 /tmp
[2024-06-05 12:20:48,092] {subprocess.py:74} INFO - Running command: ['bash', '-c', 'curl -sSL https://api.nytimes.com/svc/mostpopular/v2/viewed/1.json?api-key=6RmAG7GJNkjXhOt5pYF8xPooXDpEpWt1 > /opt/***/new_york_times_most_viewed.json']
[2024-06-05 12:20:48,107] {subprocess.py:85} INFO - Output:
[2024-06-05 12:20:48,976] {subprocess.py:93} INFO - Command exited with return code 0
[2024-06-05 12:20:49,002] {taskinstance.py:1277} INFO - Marking task as SUCCESS. dag_id=data_ingestion_gcs_dag, task_id=download_dataset_task, execution_date=20240604T000000, start_date=20240605T122047, end_date=20240605T122049
[2024-06-05 12:20:49,046] {local_task_job.py:154} INFO - Task exited with return code 0
[2024-06-05 12:20:49,087] {local_task_job.py:264} INFO - 1 downstream tasks scheduled from follow-on schedule check
[2024-06-05 12:56:24,909] {taskinstance.py:1032} INFO - Dependencies all met for <TaskInstance: data_ingestion_gcs_dag.download_dataset_task scheduled__2024-06-04T00:00:00+00:00 [queued]>
[2024-06-05 12:56:24,918] {taskinstance.py:1032} INFO - Dependencies all met for <TaskInstance: data_ingestion_gcs_dag.download_dataset_task scheduled__2024-06-04T00:00:00+00:00 [queued]>
[2024-06-05 12:56:24,919] {taskinstance.py:1238} INFO - 
--------------------------------------------------------------------------------
[2024-06-05 12:56:24,919] {taskinstance.py:1239} INFO - Starting attempt 1 of 2
[2024-06-05 12:56:24,919] {taskinstance.py:1240} INFO - 
--------------------------------------------------------------------------------
[2024-06-05 12:56:24,930] {taskinstance.py:1259} INFO - Executing <Task(BashOperator): download_dataset_task> on 2024-06-04 00:00:00+00:00
[2024-06-05 12:56:24,934] {standard_task_runner.py:52} INFO - Started process 3213 to run task
[2024-06-05 12:56:24,938] {standard_task_runner.py:76} INFO - Running: ['***', 'tasks', 'run', 'data_ingestion_gcs_dag', 'download_dataset_task', 'scheduled__2024-06-04T00:00:00+00:00', '--job-id', '228', '--raw', '--subdir', 'DAGS_FOLDER/data_ingestion.py', '--cfg-path', '/tmp/tmp98h9q2jt', '--error-file', '/tmp/tmp12k8i00d']
[2024-06-05 12:56:24,941] {standard_task_runner.py:77} INFO - Job 228: Subtask download_dataset_task
[2024-06-05 12:56:24,992] {logging_mixin.py:109} INFO - Running <TaskInstance: data_ingestion_gcs_dag.download_dataset_task scheduled__2024-06-04T00:00:00+00:00 [running]> on host d816676767e6
[2024-06-05 12:56:25,042] {taskinstance.py:1426} INFO - Exporting the following env vars:
AIRFLOW_CTX_DAG_OWNER=***
AIRFLOW_CTX_DAG_ID=data_ingestion_gcs_dag
AIRFLOW_CTX_TASK_ID=download_dataset_task
AIRFLOW_CTX_EXECUTION_DATE=2024-06-04T00:00:00+00:00
AIRFLOW_CTX_DAG_RUN_ID=scheduled__2024-06-04T00:00:00+00:00
[2024-06-05 12:56:25,044] {subprocess.py:62} INFO - Tmp dir root location: 
 /tmp
[2024-06-05 12:56:25,045] {subprocess.py:74} INFO - Running command: ['bash', '-c', 'curl -sSL https://api.nytimes.com/svc/mostpopular/v2/viewed/1.json?api-key=6RmAG7GJNkjXhOt5pYF8xPooXDpEpWt1 > /opt/***/new_york_times_most_viewed.json']
[2024-06-05 12:56:25,056] {subprocess.py:85} INFO - Output:
[2024-06-05 12:56:26,028] {subprocess.py:93} INFO - Command exited with return code 0
[2024-06-05 12:56:26,057] {taskinstance.py:1277} INFO - Marking task as SUCCESS. dag_id=data_ingestion_gcs_dag, task_id=download_dataset_task, execution_date=20240604T000000, start_date=20240605T125624, end_date=20240605T125626
[2024-06-05 12:56:26,081] {local_task_job.py:154} INFO - Task exited with return code 0
[2024-06-05 12:56:26,117] {local_task_job.py:264} INFO - 1 downstream tasks scheduled from follow-on schedule check
