[2024-06-03 08:21:06,597] {taskinstance.py:1032} INFO - Dependencies all met for <TaskInstance: data_ingestion_gcs_dag.download_dataset_task scheduled__2024-06-02T00:00:00+00:00 [queued]>
[2024-06-03 08:21:06,616] {taskinstance.py:1032} INFO - Dependencies all met for <TaskInstance: data_ingestion_gcs_dag.download_dataset_task scheduled__2024-06-02T00:00:00+00:00 [queued]>
[2024-06-03 08:21:06,616] {taskinstance.py:1238} INFO - 
--------------------------------------------------------------------------------
[2024-06-03 08:21:06,616] {taskinstance.py:1239} INFO - Starting attempt 1 of 2
[2024-06-03 08:21:06,616] {taskinstance.py:1240} INFO - 
--------------------------------------------------------------------------------
[2024-06-03 08:21:06,633] {taskinstance.py:1259} INFO - Executing <Task(BashOperator): download_dataset_task> on 2024-06-02 00:00:00+00:00
[2024-06-03 08:21:06,640] {standard_task_runner.py:52} INFO - Started process 544 to run task
[2024-06-03 08:21:06,646] {standard_task_runner.py:76} INFO - Running: ['***', 'tasks', 'run', 'data_ingestion_gcs_dag', 'download_dataset_task', 'scheduled__2024-06-02T00:00:00+00:00', '--job-id', '159', '--raw', '--subdir', 'DAGS_FOLDER/data_ingestion.py', '--cfg-path', '/tmp/tmp762rcngn', '--error-file', '/tmp/tmpnrjw37qv']
[2024-06-03 08:21:06,649] {standard_task_runner.py:77} INFO - Job 159: Subtask download_dataset_task
[2024-06-03 08:21:06,708] {logging_mixin.py:109} INFO - Running <TaskInstance: data_ingestion_gcs_dag.download_dataset_task scheduled__2024-06-02T00:00:00+00:00 [running]> on host 7ae6972dd88f
[2024-06-03 08:21:06,766] {taskinstance.py:1426} INFO - Exporting the following env vars:
AIRFLOW_CTX_DAG_OWNER=***
AIRFLOW_CTX_DAG_ID=data_ingestion_gcs_dag
AIRFLOW_CTX_TASK_ID=download_dataset_task
AIRFLOW_CTX_EXECUTION_DATE=2024-06-02T00:00:00+00:00
AIRFLOW_CTX_DAG_RUN_ID=scheduled__2024-06-02T00:00:00+00:00
[2024-06-03 08:21:06,767] {subprocess.py:62} INFO - Tmp dir root location: 
 /tmp
[2024-06-03 08:21:06,768] {subprocess.py:74} INFO - Running command: ['bash', '-c', 'curl -sSL https://api.nytimes.com/svc/mostpopular/v2/viewed/1.json?api-key=6RmAG7GJNkjXhOt5pYF8xPooXDpEpWt1 > /opt/***/new_york_times_most_viewed.csv']
[2024-06-03 08:21:06,778] {subprocess.py:85} INFO - Output:
[2024-06-03 08:21:07,709] {subprocess.py:93} INFO - Command exited with return code 0
[2024-06-03 08:21:07,738] {taskinstance.py:1277} INFO - Marking task as SUCCESS. dag_id=data_ingestion_gcs_dag, task_id=download_dataset_task, execution_date=20240602T000000, start_date=20240603T082106, end_date=20240603T082107
[2024-06-03 08:21:07,782] {local_task_job.py:154} INFO - Task exited with return code 0
[2024-06-03 08:21:07,816] {local_task_job.py:264} INFO - 0 downstream tasks scheduled from follow-on schedule check
