[2024-06-13 11:46:54,085] {taskinstance.py:1032} INFO - Dependencies all met for <TaskInstance: data_ingestion_gcs_dag.upload_to_gcs_task scheduled__2024-06-07T00:00:00+00:00 [queued]>
[2024-06-13 11:46:54,105] {taskinstance.py:1032} INFO - Dependencies all met for <TaskInstance: data_ingestion_gcs_dag.upload_to_gcs_task scheduled__2024-06-07T00:00:00+00:00 [queued]>
[2024-06-13 11:46:54,105] {taskinstance.py:1238} INFO - 
--------------------------------------------------------------------------------
[2024-06-13 11:46:54,105] {taskinstance.py:1239} INFO - Starting attempt 1 of 2
[2024-06-13 11:46:54,105] {taskinstance.py:1240} INFO - 
--------------------------------------------------------------------------------
[2024-06-13 11:46:54,128] {taskinstance.py:1259} INFO - Executing <Task(PythonOperator): upload_to_gcs_task> on 2024-06-07 00:00:00+00:00
[2024-06-13 11:46:54,134] {standard_task_runner.py:52} INFO - Started process 215 to run task
[2024-06-13 11:46:54,138] {standard_task_runner.py:76} INFO - Running: ['***', 'tasks', 'run', 'data_ingestion_gcs_dag', 'upload_to_gcs_task', 'scheduled__2024-06-07T00:00:00+00:00', '--job-id', '348', '--raw', '--subdir', 'DAGS_FOLDER/data_ingestion.py', '--cfg-path', '/tmp/tmpxzybalfw', '--error-file', '/tmp/tmpsl0offzn']
[2024-06-13 11:46:54,142] {standard_task_runner.py:77} INFO - Job 348: Subtask upload_to_gcs_task
[2024-06-13 11:46:54,205] {logging_mixin.py:109} INFO - Running <TaskInstance: data_ingestion_gcs_dag.upload_to_gcs_task scheduled__2024-06-07T00:00:00+00:00 [running]> on host e092adbea91d
[2024-06-13 11:46:54,260] {taskinstance.py:1426} INFO - Exporting the following env vars:
AIRFLOW_CTX_DAG_OWNER=***
AIRFLOW_CTX_DAG_ID=data_ingestion_gcs_dag
AIRFLOW_CTX_TASK_ID=upload_to_gcs_task
AIRFLOW_CTX_EXECUTION_DATE=2024-06-07T00:00:00+00:00
AIRFLOW_CTX_DAG_RUN_ID=scheduled__2024-06-07T00:00:00+00:00
[2024-06-13 11:46:54,517] {logging_mixin.py:109} INFO - File new_york_times_most_viewed_2024-06-13_11-46-48.json uploaded to new_york_times_most_viewed_2024-06-13_11-46-48.json.
[2024-06-13 11:46:54,517] {python.py:175} INFO - Done. Returned value was: None
[2024-06-13 11:46:54,532] {taskinstance.py:1277} INFO - Marking task as SUCCESS. dag_id=data_ingestion_gcs_dag, task_id=upload_to_gcs_task, execution_date=20240607T000000, start_date=20240613T114654, end_date=20240613T114654
[2024-06-13 11:46:54,596] {local_task_job.py:154} INFO - Task exited with return code 0
[2024-06-13 11:46:54,631] {local_task_job.py:264} INFO - 1 downstream tasks scheduled from follow-on schedule check
