[2024-06-07 12:43:37,292] {taskinstance.py:1032} INFO - Dependencies all met for <TaskInstance: data_ingestion_gcs_dag.download_dataset_task scheduled__2024-06-06T00:00:00+00:00 [queued]>
[2024-06-07 12:43:37,301] {taskinstance.py:1032} INFO - Dependencies all met for <TaskInstance: data_ingestion_gcs_dag.download_dataset_task scheduled__2024-06-06T00:00:00+00:00 [queued]>
[2024-06-07 12:43:37,301] {taskinstance.py:1238} INFO - 
--------------------------------------------------------------------------------
[2024-06-07 12:43:37,301] {taskinstance.py:1239} INFO - Starting attempt 1 of 2
[2024-06-07 12:43:37,301] {taskinstance.py:1240} INFO - 
--------------------------------------------------------------------------------
[2024-06-07 12:43:37,309] {taskinstance.py:1259} INFO - Executing <Task(BashOperator): download_dataset_task> on 2024-06-06 00:00:00+00:00
[2024-06-07 12:43:37,314] {standard_task_runner.py:52} INFO - Started process 658 to run task
[2024-06-07 12:43:37,317] {standard_task_runner.py:76} INFO - Running: ['***', 'tasks', 'run', 'data_ingestion_gcs_dag', 'download_dataset_task', 'scheduled__2024-06-06T00:00:00+00:00', '--job-id', '259', '--raw', '--subdir', 'DAGS_FOLDER/data_ingestion.py', '--cfg-path', '/tmp/tmpmo65t1i0', '--error-file', '/tmp/tmpcnw9eyt9']
[2024-06-07 12:43:37,320] {standard_task_runner.py:77} INFO - Job 259: Subtask download_dataset_task
[2024-06-07 12:43:37,372] {logging_mixin.py:109} INFO - Running <TaskInstance: data_ingestion_gcs_dag.download_dataset_task scheduled__2024-06-06T00:00:00+00:00 [running]> on host fbb305b57b58
[2024-06-07 12:43:37,421] {taskinstance.py:1426} INFO - Exporting the following env vars:
AIRFLOW_CTX_DAG_OWNER=***
AIRFLOW_CTX_DAG_ID=data_ingestion_gcs_dag
AIRFLOW_CTX_TASK_ID=download_dataset_task
AIRFLOW_CTX_EXECUTION_DATE=2024-06-06T00:00:00+00:00
AIRFLOW_CTX_DAG_RUN_ID=scheduled__2024-06-06T00:00:00+00:00
[2024-06-07 12:43:37,422] {subprocess.py:62} INFO - Tmp dir root location: 
 /tmp
[2024-06-07 12:43:37,423] {subprocess.py:74} INFO - Running command: ['bash', '-c', 'curl -sSL https://api.nytimes.com/svc/mostpopular/v2/viewed/1.json?api-key=6RmAG7GJNkjXhOt5pYF8xPooXDpEpWt1 > /opt/***/new_york_times_most_viewed.json']
[2024-06-07 12:43:37,434] {subprocess.py:85} INFO - Output:
[2024-06-07 12:43:38,404] {subprocess.py:93} INFO - Command exited with return code 0
[2024-06-07 12:43:38,431] {taskinstance.py:1277} INFO - Marking task as SUCCESS. dag_id=data_ingestion_gcs_dag, task_id=download_dataset_task, execution_date=20240606T000000, start_date=20240607T124337, end_date=20240607T124338
[2024-06-07 12:43:38,456] {local_task_job.py:154} INFO - Task exited with return code 0
[2024-06-07 12:43:38,492] {local_task_job.py:264} INFO - 1 downstream tasks scheduled from follow-on schedule check
[2024-06-07 13:45:04,915] {taskinstance.py:1032} INFO - Dependencies all met for <TaskInstance: data_ingestion_gcs_dag.download_dataset_task scheduled__2024-06-06T00:00:00+00:00 [queued]>
[2024-06-07 13:45:04,925] {taskinstance.py:1032} INFO - Dependencies all met for <TaskInstance: data_ingestion_gcs_dag.download_dataset_task scheduled__2024-06-06T00:00:00+00:00 [queued]>
[2024-06-07 13:45:04,925] {taskinstance.py:1238} INFO - 
--------------------------------------------------------------------------------
[2024-06-07 13:45:04,925] {taskinstance.py:1239} INFO - Starting attempt 1 of 2
[2024-06-07 13:45:04,925] {taskinstance.py:1240} INFO - 
--------------------------------------------------------------------------------
[2024-06-07 13:45:04,937] {taskinstance.py:1259} INFO - Executing <Task(BashOperator): download_dataset_task> on 2024-06-06 00:00:00+00:00
[2024-06-07 13:45:04,943] {standard_task_runner.py:52} INFO - Started process 1176 to run task
[2024-06-07 13:45:04,946] {standard_task_runner.py:76} INFO - Running: ['***', 'tasks', 'run', 'data_ingestion_gcs_dag', 'download_dataset_task', 'scheduled__2024-06-06T00:00:00+00:00', '--job-id', '271', '--raw', '--subdir', 'DAGS_FOLDER/data_ingestion.py', '--cfg-path', '/tmp/tmpqzha9rl4', '--error-file', '/tmp/tmp9v2yl5dv']
[2024-06-07 13:45:04,949] {standard_task_runner.py:77} INFO - Job 271: Subtask download_dataset_task
[2024-06-07 13:45:05,007] {logging_mixin.py:109} INFO - Running <TaskInstance: data_ingestion_gcs_dag.download_dataset_task scheduled__2024-06-06T00:00:00+00:00 [running]> on host fbb305b57b58
[2024-06-07 13:45:05,127] {taskinstance.py:1426} INFO - Exporting the following env vars:
AIRFLOW_CTX_DAG_OWNER=***
AIRFLOW_CTX_DAG_ID=data_ingestion_gcs_dag
AIRFLOW_CTX_TASK_ID=download_dataset_task
AIRFLOW_CTX_EXECUTION_DATE=2024-06-06T00:00:00+00:00
AIRFLOW_CTX_DAG_RUN_ID=scheduled__2024-06-06T00:00:00+00:00
[2024-06-07 13:45:05,129] {subprocess.py:62} INFO - Tmp dir root location: 
 /tmp
[2024-06-07 13:45:05,130] {subprocess.py:74} INFO - Running command: ['bash', '-c', 'curl -sSL https://api.nytimes.com/svc/mostpopular/v2/viewed/1.json?api-key=6RmAG7GJNkjXhOt5pYF8xPooXDpEpWt1 > /opt/***/new_york_times_most_viewed_2024-06-07_13-45-04.json']
[2024-06-07 13:45:05,142] {subprocess.py:85} INFO - Output:
[2024-06-07 13:45:06,152] {subprocess.py:93} INFO - Command exited with return code 0
[2024-06-07 13:45:06,196] {taskinstance.py:1277} INFO - Marking task as SUCCESS. dag_id=data_ingestion_gcs_dag, task_id=download_dataset_task, execution_date=20240606T000000, start_date=20240607T134504, end_date=20240607T134506
[2024-06-07 13:45:06,246] {local_task_job.py:154} INFO - Task exited with return code 0
[2024-06-07 13:45:06,308] {local_task_job.py:264} INFO - 1 downstream tasks scheduled from follow-on schedule check
