[2024-06-03 08:15:58,214] {processor.py:163} INFO - Started process (PID=174) to work on /opt/airflow/dags/data_ingestion.py
[2024-06-03 08:15:58,220] {processor.py:642} INFO - Processing file /opt/airflow/dags/data_ingestion.py for tasks to queue
[2024-06-03 08:15:58,220] {logging_mixin.py:109} INFO - [2024-06-03 08:15:58,220] {dagbag.py:500} INFO - Filling up the DagBag from /opt/airflow/dags/data_ingestion.py
[2024-06-03 08:15:59,795] {processor.py:654} INFO - DAG(s) dict_keys(['data_ingestion_gcs_dag']) retrieved from /opt/airflow/dags/data_ingestion.py
[2024-06-03 08:16:00,600] {logging_mixin.py:109} INFO - [2024-06-03 08:16:00,599] {dag.py:2396} INFO - Sync 1 DAGs
[2024-06-03 08:16:00,633] {processor.py:171} INFO - Processing /opt/airflow/dags/data_ingestion.py took 2.422 seconds
[2024-06-03 08:16:30,704] {processor.py:163} INFO - Started process (PID=219) to work on /opt/airflow/dags/data_ingestion.py
[2024-06-03 08:16:30,707] {processor.py:642} INFO - Processing file /opt/airflow/dags/data_ingestion.py for tasks to queue
[2024-06-03 08:16:30,707] {logging_mixin.py:109} INFO - [2024-06-03 08:16:30,707] {dagbag.py:500} INFO - Filling up the DagBag from /opt/airflow/dags/data_ingestion.py
[2024-06-03 08:16:31,010] {processor.py:654} INFO - DAG(s) dict_keys(['data_ingestion_gcs_dag']) retrieved from /opt/airflow/dags/data_ingestion.py
[2024-06-03 08:16:31,019] {logging_mixin.py:109} INFO - [2024-06-03 08:16:31,018] {dag.py:2396} INFO - Sync 1 DAGs
[2024-06-03 08:16:31,046] {processor.py:171} INFO - Processing /opt/airflow/dags/data_ingestion.py took 0.345 seconds
[2024-06-03 08:17:01,109] {processor.py:163} INFO - Started process (PID=247) to work on /opt/airflow/dags/data_ingestion.py
[2024-06-03 08:17:01,110] {processor.py:642} INFO - Processing file /opt/airflow/dags/data_ingestion.py for tasks to queue
[2024-06-03 08:17:01,111] {logging_mixin.py:109} INFO - [2024-06-03 08:17:01,110] {dagbag.py:500} INFO - Filling up the DagBag from /opt/airflow/dags/data_ingestion.py
[2024-06-03 08:17:01,411] {processor.py:654} INFO - DAG(s) dict_keys(['data_ingestion_gcs_dag']) retrieved from /opt/airflow/dags/data_ingestion.py
[2024-06-03 08:17:01,419] {logging_mixin.py:109} INFO - [2024-06-03 08:17:01,418] {dag.py:2396} INFO - Sync 1 DAGs
[2024-06-03 08:17:01,440] {processor.py:171} INFO - Processing /opt/airflow/dags/data_ingestion.py took 0.334 seconds
[2024-06-03 08:17:31,506] {processor.py:163} INFO - Started process (PID=285) to work on /opt/airflow/dags/data_ingestion.py
[2024-06-03 08:17:31,507] {processor.py:642} INFO - Processing file /opt/airflow/dags/data_ingestion.py for tasks to queue
[2024-06-03 08:17:31,508] {logging_mixin.py:109} INFO - [2024-06-03 08:17:31,508] {dagbag.py:500} INFO - Filling up the DagBag from /opt/airflow/dags/data_ingestion.py
[2024-06-03 08:17:31,807] {processor.py:654} INFO - DAG(s) dict_keys(['data_ingestion_gcs_dag']) retrieved from /opt/airflow/dags/data_ingestion.py
[2024-06-03 08:17:31,817] {logging_mixin.py:109} INFO - [2024-06-03 08:17:31,816] {dag.py:2396} INFO - Sync 1 DAGs
[2024-06-03 08:17:31,841] {processor.py:171} INFO - Processing /opt/airflow/dags/data_ingestion.py took 0.338 seconds
[2024-06-03 08:18:01,905] {processor.py:163} INFO - Started process (PID=313) to work on /opt/airflow/dags/data_ingestion.py
[2024-06-03 08:18:01,907] {processor.py:642} INFO - Processing file /opt/airflow/dags/data_ingestion.py for tasks to queue
[2024-06-03 08:18:01,908] {logging_mixin.py:109} INFO - [2024-06-03 08:18:01,908] {dagbag.py:500} INFO - Filling up the DagBag from /opt/airflow/dags/data_ingestion.py
[2024-06-03 08:18:02,257] {processor.py:654} INFO - DAG(s) dict_keys(['data_ingestion_gcs_dag']) retrieved from /opt/airflow/dags/data_ingestion.py
[2024-06-03 08:18:02,267] {logging_mixin.py:109} INFO - [2024-06-03 08:18:02,266] {dag.py:2396} INFO - Sync 1 DAGs
[2024-06-03 08:18:02,300] {processor.py:171} INFO - Processing /opt/airflow/dags/data_ingestion.py took 0.399 seconds
[2024-06-03 08:18:32,365] {processor.py:163} INFO - Started process (PID=351) to work on /opt/airflow/dags/data_ingestion.py
[2024-06-03 08:18:32,366] {processor.py:642} INFO - Processing file /opt/airflow/dags/data_ingestion.py for tasks to queue
[2024-06-03 08:18:32,367] {logging_mixin.py:109} INFO - [2024-06-03 08:18:32,367] {dagbag.py:500} INFO - Filling up the DagBag from /opt/airflow/dags/data_ingestion.py
[2024-06-03 08:18:32,689] {processor.py:654} INFO - DAG(s) dict_keys(['data_ingestion_gcs_dag']) retrieved from /opt/airflow/dags/data_ingestion.py
[2024-06-03 08:18:32,699] {logging_mixin.py:109} INFO - [2024-06-03 08:18:32,698] {dag.py:2396} INFO - Sync 1 DAGs
[2024-06-03 08:18:32,724] {processor.py:171} INFO - Processing /opt/airflow/dags/data_ingestion.py took 0.363 seconds
[2024-06-03 08:19:02,793] {processor.py:163} INFO - Started process (PID=379) to work on /opt/airflow/dags/data_ingestion.py
[2024-06-03 08:19:02,794] {processor.py:642} INFO - Processing file /opt/airflow/dags/data_ingestion.py for tasks to queue
[2024-06-03 08:19:02,795] {logging_mixin.py:109} INFO - [2024-06-03 08:19:02,795] {dagbag.py:500} INFO - Filling up the DagBag from /opt/airflow/dags/data_ingestion.py
[2024-06-03 08:19:03,099] {processor.py:654} INFO - DAG(s) dict_keys(['data_ingestion_gcs_dag']) retrieved from /opt/airflow/dags/data_ingestion.py
[2024-06-03 08:19:03,109] {logging_mixin.py:109} INFO - [2024-06-03 08:19:03,108] {dag.py:2396} INFO - Sync 1 DAGs
[2024-06-03 08:19:03,131] {processor.py:171} INFO - Processing /opt/airflow/dags/data_ingestion.py took 0.341 seconds
[2024-06-03 08:19:33,214] {processor.py:163} INFO - Started process (PID=408) to work on /opt/airflow/dags/data_ingestion.py
[2024-06-03 08:19:33,216] {processor.py:642} INFO - Processing file /opt/airflow/dags/data_ingestion.py for tasks to queue
[2024-06-03 08:19:33,216] {logging_mixin.py:109} INFO - [2024-06-03 08:19:33,216] {dagbag.py:500} INFO - Filling up the DagBag from /opt/airflow/dags/data_ingestion.py
[2024-06-03 08:19:33,576] {processor.py:654} INFO - DAG(s) dict_keys(['data_ingestion_gcs_dag']) retrieved from /opt/airflow/dags/data_ingestion.py
[2024-06-03 08:19:33,586] {logging_mixin.py:109} INFO - [2024-06-03 08:19:33,585] {dag.py:2396} INFO - Sync 1 DAGs
[2024-06-03 08:19:33,611] {processor.py:171} INFO - Processing /opt/airflow/dags/data_ingestion.py took 0.402 seconds
[2024-06-03 08:20:03,679] {processor.py:163} INFO - Started process (PID=448) to work on /opt/airflow/dags/data_ingestion.py
[2024-06-03 08:20:03,680] {processor.py:642} INFO - Processing file /opt/airflow/dags/data_ingestion.py for tasks to queue
[2024-06-03 08:20:03,681] {logging_mixin.py:109} INFO - [2024-06-03 08:20:03,681] {dagbag.py:500} INFO - Filling up the DagBag from /opt/airflow/dags/data_ingestion.py
[2024-06-03 08:20:03,981] {processor.py:654} INFO - DAG(s) dict_keys(['data_ingestion_gcs_dag']) retrieved from /opt/airflow/dags/data_ingestion.py
[2024-06-03 08:20:03,992] {logging_mixin.py:109} INFO - [2024-06-03 08:20:03,991] {dag.py:2396} INFO - Sync 1 DAGs
[2024-06-03 08:20:04,019] {processor.py:171} INFO - Processing /opt/airflow/dags/data_ingestion.py took 0.343 seconds
[2024-06-03 08:20:34,087] {processor.py:163} INFO - Started process (PID=477) to work on /opt/airflow/dags/data_ingestion.py
[2024-06-03 08:20:34,088] {processor.py:642} INFO - Processing file /opt/airflow/dags/data_ingestion.py for tasks to queue
[2024-06-03 08:20:34,089] {logging_mixin.py:109} INFO - [2024-06-03 08:20:34,088] {dagbag.py:500} INFO - Filling up the DagBag from /opt/airflow/dags/data_ingestion.py
[2024-06-03 08:20:34,442] {processor.py:654} INFO - DAG(s) dict_keys(['data_ingestion_gcs_dag']) retrieved from /opt/airflow/dags/data_ingestion.py
[2024-06-03 08:20:34,456] {logging_mixin.py:109} INFO - [2024-06-03 08:20:34,455] {dag.py:2396} INFO - Sync 1 DAGs
[2024-06-03 08:20:34,495] {processor.py:171} INFO - Processing /opt/airflow/dags/data_ingestion.py took 0.412 seconds
[2024-06-03 08:21:04,570] {processor.py:163} INFO - Started process (PID=524) to work on /opt/airflow/dags/data_ingestion.py
[2024-06-03 08:21:04,574] {processor.py:642} INFO - Processing file /opt/airflow/dags/data_ingestion.py for tasks to queue
[2024-06-03 08:21:04,575] {logging_mixin.py:109} INFO - [2024-06-03 08:21:04,575] {dagbag.py:500} INFO - Filling up the DagBag from /opt/airflow/dags/data_ingestion.py
[2024-06-03 08:21:04,862] {processor.py:654} INFO - DAG(s) dict_keys(['data_ingestion_gcs_dag']) retrieved from /opt/airflow/dags/data_ingestion.py
[2024-06-03 08:21:04,870] {logging_mixin.py:109} INFO - [2024-06-03 08:21:04,869] {dag.py:2396} INFO - Sync 1 DAGs
[2024-06-03 08:21:04,884] {logging_mixin.py:109} INFO - [2024-06-03 08:21:04,884] {dag.py:2935} INFO - Setting next_dagrun for data_ingestion_gcs_dag to 2024-06-02 00:00:00+00:00
[2024-06-03 08:21:04,893] {processor.py:171} INFO - Processing /opt/airflow/dags/data_ingestion.py took 0.325 seconds
[2024-06-03 08:21:34,957] {processor.py:163} INFO - Started process (PID=567) to work on /opt/airflow/dags/data_ingestion.py
[2024-06-03 08:21:34,960] {processor.py:642} INFO - Processing file /opt/airflow/dags/data_ingestion.py for tasks to queue
[2024-06-03 08:21:34,960] {logging_mixin.py:109} INFO - [2024-06-03 08:21:34,960] {dagbag.py:500} INFO - Filling up the DagBag from /opt/airflow/dags/data_ingestion.py
[2024-06-03 08:21:35,265] {processor.py:654} INFO - DAG(s) dict_keys(['data_ingestion_gcs_dag']) retrieved from /opt/airflow/dags/data_ingestion.py
[2024-06-03 08:21:35,274] {logging_mixin.py:109} INFO - [2024-06-03 08:21:35,273] {dag.py:2396} INFO - Sync 1 DAGs
[2024-06-03 08:21:35,298] {processor.py:171} INFO - Processing /opt/airflow/dags/data_ingestion.py took 0.343 seconds
[2024-06-03 08:22:05,361] {processor.py:163} INFO - Started process (PID=603) to work on /opt/airflow/dags/data_ingestion.py
[2024-06-03 08:22:05,362] {processor.py:642} INFO - Processing file /opt/airflow/dags/data_ingestion.py for tasks to queue
[2024-06-03 08:22:05,362] {logging_mixin.py:109} INFO - [2024-06-03 08:22:05,362] {dagbag.py:500} INFO - Filling up the DagBag from /opt/airflow/dags/data_ingestion.py
[2024-06-03 08:22:05,680] {processor.py:654} INFO - DAG(s) dict_keys(['data_ingestion_gcs_dag']) retrieved from /opt/airflow/dags/data_ingestion.py
[2024-06-03 08:22:05,690] {logging_mixin.py:109} INFO - [2024-06-03 08:22:05,689] {dag.py:2396} INFO - Sync 1 DAGs
[2024-06-03 08:22:05,713] {processor.py:171} INFO - Processing /opt/airflow/dags/data_ingestion.py took 0.355 seconds
[2024-06-03 08:22:35,779] {processor.py:163} INFO - Started process (PID=633) to work on /opt/airflow/dags/data_ingestion.py
[2024-06-03 08:22:35,783] {processor.py:642} INFO - Processing file /opt/airflow/dags/data_ingestion.py for tasks to queue
[2024-06-03 08:22:35,784] {logging_mixin.py:109} INFO - [2024-06-03 08:22:35,783] {dagbag.py:500} INFO - Filling up the DagBag from /opt/airflow/dags/data_ingestion.py
[2024-06-03 08:22:36,154] {processor.py:654} INFO - DAG(s) dict_keys(['data_ingestion_gcs_dag']) retrieved from /opt/airflow/dags/data_ingestion.py
[2024-06-03 08:22:36,166] {logging_mixin.py:109} INFO - [2024-06-03 08:22:36,165] {dag.py:2396} INFO - Sync 1 DAGs
[2024-06-03 08:22:36,190] {processor.py:171} INFO - Processing /opt/airflow/dags/data_ingestion.py took 0.415 seconds
[2024-06-03 08:23:06,259] {processor.py:163} INFO - Started process (PID=662) to work on /opt/airflow/dags/data_ingestion.py
[2024-06-03 08:23:06,262] {processor.py:642} INFO - Processing file /opt/airflow/dags/data_ingestion.py for tasks to queue
[2024-06-03 08:23:06,263] {logging_mixin.py:109} INFO - [2024-06-03 08:23:06,262] {dagbag.py:500} INFO - Filling up the DagBag from /opt/airflow/dags/data_ingestion.py
[2024-06-03 08:23:06,572] {processor.py:654} INFO - DAG(s) dict_keys(['data_ingestion_gcs_dag']) retrieved from /opt/airflow/dags/data_ingestion.py
[2024-06-03 08:23:06,582] {logging_mixin.py:109} INFO - [2024-06-03 08:23:06,581] {dag.py:2396} INFO - Sync 1 DAGs
[2024-06-03 08:23:06,614] {processor.py:171} INFO - Processing /opt/airflow/dags/data_ingestion.py took 0.358 seconds
[2024-06-03 08:23:36,693] {processor.py:163} INFO - Started process (PID=702) to work on /opt/airflow/dags/data_ingestion.py
[2024-06-03 08:23:36,697] {processor.py:642} INFO - Processing file /opt/airflow/dags/data_ingestion.py for tasks to queue
[2024-06-03 08:23:36,698] {logging_mixin.py:109} INFO - [2024-06-03 08:23:36,698] {dagbag.py:500} INFO - Filling up the DagBag from /opt/airflow/dags/data_ingestion.py
[2024-06-03 08:23:36,985] {processor.py:654} INFO - DAG(s) dict_keys(['data_ingestion_gcs_dag']) retrieved from /opt/airflow/dags/data_ingestion.py
[2024-06-03 08:23:36,993] {logging_mixin.py:109} INFO - [2024-06-03 08:23:36,992] {dag.py:2396} INFO - Sync 1 DAGs
[2024-06-03 08:23:37,017] {processor.py:171} INFO - Processing /opt/airflow/dags/data_ingestion.py took 0.327 seconds
[2024-06-03 08:24:07,091] {processor.py:163} INFO - Started process (PID=731) to work on /opt/airflow/dags/data_ingestion.py
[2024-06-03 08:24:07,094] {processor.py:642} INFO - Processing file /opt/airflow/dags/data_ingestion.py for tasks to queue
[2024-06-03 08:24:07,095] {logging_mixin.py:109} INFO - [2024-06-03 08:24:07,095] {dagbag.py:500} INFO - Filling up the DagBag from /opt/airflow/dags/data_ingestion.py
[2024-06-03 08:24:07,592] {processor.py:654} INFO - DAG(s) dict_keys(['data_ingestion_gcs_dag']) retrieved from /opt/airflow/dags/data_ingestion.py
[2024-06-03 08:24:07,609] {logging_mixin.py:109} INFO - [2024-06-03 08:24:07,608] {dag.py:2396} INFO - Sync 1 DAGs
[2024-06-03 08:24:07,657] {processor.py:171} INFO - Processing /opt/airflow/dags/data_ingestion.py took 0.570 seconds
[2024-06-03 08:24:37,777] {processor.py:163} INFO - Started process (PID=770) to work on /opt/airflow/dags/data_ingestion.py
[2024-06-03 08:24:37,783] {processor.py:642} INFO - Processing file /opt/airflow/dags/data_ingestion.py for tasks to queue
[2024-06-03 08:24:37,785] {logging_mixin.py:109} INFO - [2024-06-03 08:24:37,784] {dagbag.py:500} INFO - Filling up the DagBag from /opt/airflow/dags/data_ingestion.py
[2024-06-03 08:24:38,175] {processor.py:654} INFO - DAG(s) dict_keys(['data_ingestion_gcs_dag']) retrieved from /opt/airflow/dags/data_ingestion.py
[2024-06-03 08:24:38,184] {logging_mixin.py:109} INFO - [2024-06-03 08:24:38,183] {dag.py:2396} INFO - Sync 1 DAGs
[2024-06-03 08:24:38,208] {processor.py:171} INFO - Processing /opt/airflow/dags/data_ingestion.py took 0.436 seconds
[2024-06-03 08:25:08,249] {processor.py:163} INFO - Started process (PID=798) to work on /opt/airflow/dags/data_ingestion.py
[2024-06-03 08:25:08,253] {processor.py:642} INFO - Processing file /opt/airflow/dags/data_ingestion.py for tasks to queue
[2024-06-03 08:25:08,253] {logging_mixin.py:109} INFO - [2024-06-03 08:25:08,253] {dagbag.py:500} INFO - Filling up the DagBag from /opt/airflow/dags/data_ingestion.py
[2024-06-03 08:25:08,602] {processor.py:654} INFO - DAG(s) dict_keys(['data_ingestion_gcs_dag']) retrieved from /opt/airflow/dags/data_ingestion.py
[2024-06-03 08:25:08,610] {logging_mixin.py:109} INFO - [2024-06-03 08:25:08,609] {dag.py:2396} INFO - Sync 1 DAGs
[2024-06-03 08:25:08,639] {processor.py:171} INFO - Processing /opt/airflow/dags/data_ingestion.py took 0.393 seconds
[2024-06-03 08:25:38,706] {processor.py:163} INFO - Started process (PID=835) to work on /opt/airflow/dags/data_ingestion.py
[2024-06-03 08:25:38,709] {processor.py:642} INFO - Processing file /opt/airflow/dags/data_ingestion.py for tasks to queue
[2024-06-03 08:25:38,709] {logging_mixin.py:109} INFO - [2024-06-03 08:25:38,709] {dagbag.py:500} INFO - Filling up the DagBag from /opt/airflow/dags/data_ingestion.py
[2024-06-03 08:25:39,026] {processor.py:654} INFO - DAG(s) dict_keys(['data_ingestion_gcs_dag']) retrieved from /opt/airflow/dags/data_ingestion.py
[2024-06-03 08:25:39,040] {logging_mixin.py:109} INFO - [2024-06-03 08:25:39,039] {dag.py:2396} INFO - Sync 1 DAGs
[2024-06-03 08:25:39,064] {processor.py:171} INFO - Processing /opt/airflow/dags/data_ingestion.py took 0.362 seconds
[2024-06-03 08:26:09,132] {processor.py:163} INFO - Started process (PID=870) to work on /opt/airflow/dags/data_ingestion.py
[2024-06-03 08:26:09,135] {processor.py:642} INFO - Processing file /opt/airflow/dags/data_ingestion.py for tasks to queue
[2024-06-03 08:26:09,135] {logging_mixin.py:109} INFO - [2024-06-03 08:26:09,135] {dagbag.py:500} INFO - Filling up the DagBag from /opt/airflow/dags/data_ingestion.py
[2024-06-03 08:26:09,432] {processor.py:654} INFO - DAG(s) dict_keys(['data_ingestion_gcs_dag']) retrieved from /opt/airflow/dags/data_ingestion.py
[2024-06-03 08:26:09,446] {logging_mixin.py:109} INFO - [2024-06-03 08:26:09,445] {dag.py:2396} INFO - Sync 1 DAGs
[2024-06-03 08:26:09,463] {logging_mixin.py:109} INFO - [2024-06-03 08:26:09,462] {dag.py:2935} INFO - Setting next_dagrun for data_ingestion_gcs_dag to 2024-06-03T00:00:00+00:00
[2024-06-03 08:26:09,475] {processor.py:171} INFO - Processing /opt/airflow/dags/data_ingestion.py took 0.346 seconds
[2024-06-03 08:26:39,546] {processor.py:163} INFO - Started process (PID=898) to work on /opt/airflow/dags/data_ingestion.py
[2024-06-03 08:26:39,550] {processor.py:642} INFO - Processing file /opt/airflow/dags/data_ingestion.py for tasks to queue
[2024-06-03 08:26:39,551] {logging_mixin.py:109} INFO - [2024-06-03 08:26:39,551] {dagbag.py:500} INFO - Filling up the DagBag from /opt/airflow/dags/data_ingestion.py
[2024-06-03 08:26:39,879] {processor.py:654} INFO - DAG(s) dict_keys(['data_ingestion_gcs_dag']) retrieved from /opt/airflow/dags/data_ingestion.py
[2024-06-03 08:26:39,895] {logging_mixin.py:109} INFO - [2024-06-03 08:26:39,894] {dag.py:2396} INFO - Sync 1 DAGs
[2024-06-03 08:26:39,913] {logging_mixin.py:109} INFO - [2024-06-03 08:26:39,913] {dag.py:2935} INFO - Setting next_dagrun for data_ingestion_gcs_dag to 2024-06-03T00:00:00+00:00
[2024-06-03 08:26:39,923] {processor.py:171} INFO - Processing /opt/airflow/dags/data_ingestion.py took 0.381 seconds
[2024-06-03 08:27:09,993] {processor.py:163} INFO - Started process (PID=938) to work on /opt/airflow/dags/data_ingestion.py
[2024-06-03 08:27:09,997] {processor.py:642} INFO - Processing file /opt/airflow/dags/data_ingestion.py for tasks to queue
[2024-06-03 08:27:09,998] {logging_mixin.py:109} INFO - [2024-06-03 08:27:09,998] {dagbag.py:500} INFO - Filling up the DagBag from /opt/airflow/dags/data_ingestion.py
[2024-06-03 08:27:10,287] {processor.py:654} INFO - DAG(s) dict_keys(['data_ingestion_gcs_dag']) retrieved from /opt/airflow/dags/data_ingestion.py
[2024-06-03 08:27:10,295] {logging_mixin.py:109} INFO - [2024-06-03 08:27:10,295] {dag.py:2396} INFO - Sync 1 DAGs
[2024-06-03 08:27:10,310] {logging_mixin.py:109} INFO - [2024-06-03 08:27:10,310] {dag.py:2935} INFO - Setting next_dagrun for data_ingestion_gcs_dag to 2024-06-03T00:00:00+00:00
[2024-06-03 08:27:10,318] {processor.py:171} INFO - Processing /opt/airflow/dags/data_ingestion.py took 0.329 seconds
[2024-06-03 08:27:40,383] {processor.py:163} INFO - Started process (PID=967) to work on /opt/airflow/dags/data_ingestion.py
[2024-06-03 08:27:40,384] {processor.py:642} INFO - Processing file /opt/airflow/dags/data_ingestion.py for tasks to queue
[2024-06-03 08:27:40,385] {logging_mixin.py:109} INFO - [2024-06-03 08:27:40,385] {dagbag.py:500} INFO - Filling up the DagBag from /opt/airflow/dags/data_ingestion.py
[2024-06-03 08:27:40,677] {processor.py:654} INFO - DAG(s) dict_keys(['data_ingestion_gcs_dag']) retrieved from /opt/airflow/dags/data_ingestion.py
[2024-06-03 08:27:40,686] {logging_mixin.py:109} INFO - [2024-06-03 08:27:40,685] {dag.py:2396} INFO - Sync 1 DAGs
[2024-06-03 08:27:40,700] {logging_mixin.py:109} INFO - [2024-06-03 08:27:40,700] {dag.py:2935} INFO - Setting next_dagrun for data_ingestion_gcs_dag to 2024-06-03T00:00:00+00:00
[2024-06-03 08:27:40,709] {processor.py:171} INFO - Processing /opt/airflow/dags/data_ingestion.py took 0.328 seconds
[2024-06-03 08:28:10,774] {processor.py:163} INFO - Started process (PID=1007) to work on /opt/airflow/dags/data_ingestion.py
[2024-06-03 08:28:10,776] {processor.py:642} INFO - Processing file /opt/airflow/dags/data_ingestion.py for tasks to queue
[2024-06-03 08:28:10,777] {logging_mixin.py:109} INFO - [2024-06-03 08:28:10,777] {dagbag.py:500} INFO - Filling up the DagBag from /opt/airflow/dags/data_ingestion.py
[2024-06-03 08:28:11,077] {processor.py:654} INFO - DAG(s) dict_keys(['data_ingestion_gcs_dag']) retrieved from /opt/airflow/dags/data_ingestion.py
[2024-06-03 08:28:11,106] {logging_mixin.py:109} INFO - [2024-06-03 08:28:11,105] {dag.py:2396} INFO - Sync 1 DAGs
[2024-06-03 08:28:11,133] {logging_mixin.py:109} INFO - [2024-06-03 08:28:11,133] {dag.py:2935} INFO - Setting next_dagrun for data_ingestion_gcs_dag to 2024-06-03T00:00:00+00:00
[2024-06-03 08:28:11,145] {processor.py:171} INFO - Processing /opt/airflow/dags/data_ingestion.py took 0.375 seconds
[2024-06-03 08:28:41,216] {processor.py:163} INFO - Started process (PID=1036) to work on /opt/airflow/dags/data_ingestion.py
[2024-06-03 08:28:41,218] {processor.py:642} INFO - Processing file /opt/airflow/dags/data_ingestion.py for tasks to queue
[2024-06-03 08:28:41,218] {logging_mixin.py:109} INFO - [2024-06-03 08:28:41,218] {dagbag.py:500} INFO - Filling up the DagBag from /opt/airflow/dags/data_ingestion.py
[2024-06-03 08:28:41,505] {processor.py:654} INFO - DAG(s) dict_keys(['data_ingestion_gcs_dag']) retrieved from /opt/airflow/dags/data_ingestion.py
[2024-06-03 08:28:41,513] {logging_mixin.py:109} INFO - [2024-06-03 08:28:41,512] {dag.py:2396} INFO - Sync 1 DAGs
[2024-06-03 08:28:41,528] {logging_mixin.py:109} INFO - [2024-06-03 08:28:41,528] {dag.py:2935} INFO - Setting next_dagrun for data_ingestion_gcs_dag to 2024-06-03T00:00:00+00:00
[2024-06-03 08:28:41,539] {processor.py:171} INFO - Processing /opt/airflow/dags/data_ingestion.py took 0.326 seconds
[2024-06-03 08:29:11,602] {processor.py:163} INFO - Started process (PID=1074) to work on /opt/airflow/dags/data_ingestion.py
[2024-06-03 08:29:11,605] {processor.py:642} INFO - Processing file /opt/airflow/dags/data_ingestion.py for tasks to queue
[2024-06-03 08:29:11,605] {logging_mixin.py:109} INFO - [2024-06-03 08:29:11,605] {dagbag.py:500} INFO - Filling up the DagBag from /opt/airflow/dags/data_ingestion.py
[2024-06-03 08:29:11,921] {processor.py:654} INFO - DAG(s) dict_keys(['data_ingestion_gcs_dag']) retrieved from /opt/airflow/dags/data_ingestion.py
[2024-06-03 08:29:11,930] {logging_mixin.py:109} INFO - [2024-06-03 08:29:11,929] {dag.py:2396} INFO - Sync 1 DAGs
[2024-06-03 08:29:11,947] {logging_mixin.py:109} INFO - [2024-06-03 08:29:11,947] {dag.py:2935} INFO - Setting next_dagrun for data_ingestion_gcs_dag to 2024-06-03T00:00:00+00:00
[2024-06-03 08:29:11,957] {processor.py:171} INFO - Processing /opt/airflow/dags/data_ingestion.py took 0.359 seconds
[2024-06-03 08:29:42,028] {processor.py:163} INFO - Started process (PID=1104) to work on /opt/airflow/dags/data_ingestion.py
[2024-06-03 08:29:42,029] {processor.py:642} INFO - Processing file /opt/airflow/dags/data_ingestion.py for tasks to queue
[2024-06-03 08:29:42,030] {logging_mixin.py:109} INFO - [2024-06-03 08:29:42,030] {dagbag.py:500} INFO - Filling up the DagBag from /opt/airflow/dags/data_ingestion.py
[2024-06-03 08:29:42,364] {processor.py:654} INFO - DAG(s) dict_keys(['data_ingestion_gcs_dag']) retrieved from /opt/airflow/dags/data_ingestion.py
[2024-06-03 08:29:42,373] {logging_mixin.py:109} INFO - [2024-06-03 08:29:42,372] {dag.py:2396} INFO - Sync 1 DAGs
[2024-06-03 08:29:42,391] {logging_mixin.py:109} INFO - [2024-06-03 08:29:42,391] {dag.py:2935} INFO - Setting next_dagrun for data_ingestion_gcs_dag to 2024-06-03T00:00:00+00:00
[2024-06-03 08:29:42,403] {processor.py:171} INFO - Processing /opt/airflow/dags/data_ingestion.py took 0.378 seconds
[2024-06-03 08:30:12,468] {processor.py:163} INFO - Started process (PID=1132) to work on /opt/airflow/dags/data_ingestion.py
[2024-06-03 08:30:12,472] {processor.py:642} INFO - Processing file /opt/airflow/dags/data_ingestion.py for tasks to queue
[2024-06-03 08:30:12,473] {logging_mixin.py:109} INFO - [2024-06-03 08:30:12,472] {dagbag.py:500} INFO - Filling up the DagBag from /opt/airflow/dags/data_ingestion.py
[2024-06-03 08:30:12,859] {processor.py:654} INFO - DAG(s) dict_keys(['data_ingestion_gcs_dag']) retrieved from /opt/airflow/dags/data_ingestion.py
[2024-06-03 08:30:12,868] {logging_mixin.py:109} INFO - [2024-06-03 08:30:12,867] {dag.py:2396} INFO - Sync 1 DAGs
[2024-06-03 08:30:12,884] {logging_mixin.py:109} INFO - [2024-06-03 08:30:12,884] {dag.py:2935} INFO - Setting next_dagrun for data_ingestion_gcs_dag to 2024-06-03T00:00:00+00:00
[2024-06-03 08:30:12,896] {processor.py:171} INFO - Processing /opt/airflow/dags/data_ingestion.py took 0.431 seconds
[2024-06-03 08:30:42,967] {processor.py:163} INFO - Started process (PID=1170) to work on /opt/airflow/dags/data_ingestion.py
[2024-06-03 08:30:42,968] {processor.py:642} INFO - Processing file /opt/airflow/dags/data_ingestion.py for tasks to queue
[2024-06-03 08:30:42,969] {logging_mixin.py:109} INFO - [2024-06-03 08:30:42,968] {dagbag.py:500} INFO - Filling up the DagBag from /opt/airflow/dags/data_ingestion.py
[2024-06-03 08:30:43,301] {processor.py:654} INFO - DAG(s) dict_keys(['data_ingestion_gcs_dag']) retrieved from /opt/airflow/dags/data_ingestion.py
[2024-06-03 08:30:43,326] {logging_mixin.py:109} INFO - [2024-06-03 08:30:43,325] {dag.py:2396} INFO - Sync 1 DAGs
[2024-06-03 08:30:43,361] {logging_mixin.py:109} INFO - [2024-06-03 08:30:43,360] {dag.py:2935} INFO - Setting next_dagrun for data_ingestion_gcs_dag to 2024-06-03T00:00:00+00:00
[2024-06-03 08:30:43,372] {processor.py:171} INFO - Processing /opt/airflow/dags/data_ingestion.py took 0.409 seconds
[2024-06-03 08:31:13,467] {processor.py:163} INFO - Started process (PID=1199) to work on /opt/airflow/dags/data_ingestion.py
[2024-06-03 08:31:13,471] {processor.py:642} INFO - Processing file /opt/airflow/dags/data_ingestion.py for tasks to queue
[2024-06-03 08:31:13,472] {logging_mixin.py:109} INFO - [2024-06-03 08:31:13,472] {dagbag.py:500} INFO - Filling up the DagBag from /opt/airflow/dags/data_ingestion.py
[2024-06-03 08:31:13,817] {processor.py:654} INFO - DAG(s) dict_keys(['data_ingestion_gcs_dag']) retrieved from /opt/airflow/dags/data_ingestion.py
[2024-06-03 08:31:13,831] {logging_mixin.py:109} INFO - [2024-06-03 08:31:13,830] {dag.py:2396} INFO - Sync 1 DAGs
[2024-06-03 08:31:13,853] {logging_mixin.py:109} INFO - [2024-06-03 08:31:13,852] {dag.py:2935} INFO - Setting next_dagrun for data_ingestion_gcs_dag to 2024-06-03T00:00:00+00:00
[2024-06-03 08:31:13,864] {processor.py:171} INFO - Processing /opt/airflow/dags/data_ingestion.py took 0.400 seconds
[2024-06-03 08:31:43,936] {processor.py:163} INFO - Started process (PID=1237) to work on /opt/airflow/dags/data_ingestion.py
[2024-06-03 08:31:43,937] {processor.py:642} INFO - Processing file /opt/airflow/dags/data_ingestion.py for tasks to queue
[2024-06-03 08:31:43,938] {logging_mixin.py:109} INFO - [2024-06-03 08:31:43,937] {dagbag.py:500} INFO - Filling up the DagBag from /opt/airflow/dags/data_ingestion.py
[2024-06-03 08:31:44,344] {processor.py:654} INFO - DAG(s) dict_keys(['data_ingestion_gcs_dag']) retrieved from /opt/airflow/dags/data_ingestion.py
[2024-06-03 08:31:44,353] {logging_mixin.py:109} INFO - [2024-06-03 08:31:44,352] {dag.py:2396} INFO - Sync 1 DAGs
[2024-06-03 08:31:44,369] {logging_mixin.py:109} INFO - [2024-06-03 08:31:44,369] {dag.py:2935} INFO - Setting next_dagrun for data_ingestion_gcs_dag to 2024-06-03T00:00:00+00:00
[2024-06-03 08:31:44,378] {processor.py:171} INFO - Processing /opt/airflow/dags/data_ingestion.py took 0.446 seconds
[2024-06-03 08:32:14,482] {processor.py:163} INFO - Started process (PID=1266) to work on /opt/airflow/dags/data_ingestion.py
[2024-06-03 08:32:14,483] {processor.py:642} INFO - Processing file /opt/airflow/dags/data_ingestion.py for tasks to queue
[2024-06-03 08:32:14,484] {logging_mixin.py:109} INFO - [2024-06-03 08:32:14,484] {dagbag.py:500} INFO - Filling up the DagBag from /opt/airflow/dags/data_ingestion.py
[2024-06-03 08:32:14,794] {processor.py:654} INFO - DAG(s) dict_keys(['data_ingestion_gcs_dag']) retrieved from /opt/airflow/dags/data_ingestion.py
[2024-06-03 08:32:14,802] {logging_mixin.py:109} INFO - [2024-06-03 08:32:14,801] {dag.py:2396} INFO - Sync 1 DAGs
[2024-06-03 08:32:14,816] {logging_mixin.py:109} INFO - [2024-06-03 08:32:14,816] {dag.py:2935} INFO - Setting next_dagrun for data_ingestion_gcs_dag to 2024-06-03T00:00:00+00:00
[2024-06-03 08:32:14,827] {processor.py:171} INFO - Processing /opt/airflow/dags/data_ingestion.py took 0.350 seconds
[2024-06-03 08:32:44,896] {processor.py:163} INFO - Started process (PID=1295) to work on /opt/airflow/dags/data_ingestion.py
[2024-06-03 08:32:44,899] {processor.py:642} INFO - Processing file /opt/airflow/dags/data_ingestion.py for tasks to queue
[2024-06-03 08:32:44,901] {logging_mixin.py:109} INFO - [2024-06-03 08:32:44,901] {dagbag.py:500} INFO - Filling up the DagBag from /opt/airflow/dags/data_ingestion.py
[2024-06-03 08:32:45,425] {processor.py:654} INFO - DAG(s) dict_keys(['data_ingestion_gcs_dag']) retrieved from /opt/airflow/dags/data_ingestion.py
[2024-06-03 08:32:45,435] {logging_mixin.py:109} INFO - [2024-06-03 08:32:45,434] {dag.py:2396} INFO - Sync 1 DAGs
[2024-06-03 08:32:45,453] {logging_mixin.py:109} INFO - [2024-06-03 08:32:45,453] {dag.py:2935} INFO - Setting next_dagrun for data_ingestion_gcs_dag to 2024-06-03T00:00:00+00:00
[2024-06-03 08:32:45,461] {processor.py:171} INFO - Processing /opt/airflow/dags/data_ingestion.py took 0.571 seconds
[2024-06-03 08:33:15,550] {processor.py:163} INFO - Started process (PID=1335) to work on /opt/airflow/dags/data_ingestion.py
[2024-06-03 08:33:15,552] {processor.py:642} INFO - Processing file /opt/airflow/dags/data_ingestion.py for tasks to queue
[2024-06-03 08:33:15,553] {logging_mixin.py:109} INFO - [2024-06-03 08:33:15,553] {dagbag.py:500} INFO - Filling up the DagBag from /opt/airflow/dags/data_ingestion.py
[2024-06-03 08:33:15,837] {processor.py:654} INFO - DAG(s) dict_keys(['data_ingestion_gcs_dag']) retrieved from /opt/airflow/dags/data_ingestion.py
[2024-06-03 08:33:15,846] {logging_mixin.py:109} INFO - [2024-06-03 08:33:15,845] {dag.py:2396} INFO - Sync 1 DAGs
[2024-06-03 08:33:15,861] {logging_mixin.py:109} INFO - [2024-06-03 08:33:15,861] {dag.py:2935} INFO - Setting next_dagrun for data_ingestion_gcs_dag to 2024-06-03T00:00:00+00:00
[2024-06-03 08:33:15,871] {processor.py:171} INFO - Processing /opt/airflow/dags/data_ingestion.py took 0.325 seconds
[2024-06-03 08:33:45,939] {processor.py:163} INFO - Started process (PID=1364) to work on /opt/airflow/dags/data_ingestion.py
[2024-06-03 08:33:45,940] {processor.py:642} INFO - Processing file /opt/airflow/dags/data_ingestion.py for tasks to queue
[2024-06-03 08:33:45,941] {logging_mixin.py:109} INFO - [2024-06-03 08:33:45,941] {dagbag.py:500} INFO - Filling up the DagBag from /opt/airflow/dags/data_ingestion.py
[2024-06-03 08:33:46,247] {processor.py:654} INFO - DAG(s) dict_keys(['data_ingestion_gcs_dag']) retrieved from /opt/airflow/dags/data_ingestion.py
[2024-06-03 08:33:46,260] {logging_mixin.py:109} INFO - [2024-06-03 08:33:46,258] {dag.py:2396} INFO - Sync 1 DAGs
[2024-06-03 08:33:46,278] {logging_mixin.py:109} INFO - [2024-06-03 08:33:46,278] {dag.py:2935} INFO - Setting next_dagrun for data_ingestion_gcs_dag to 2024-06-03T00:00:00+00:00
[2024-06-03 08:33:46,288] {processor.py:171} INFO - Processing /opt/airflow/dags/data_ingestion.py took 0.352 seconds
[2024-06-03 08:34:16,366] {processor.py:163} INFO - Started process (PID=1403) to work on /opt/airflow/dags/data_ingestion.py
[2024-06-03 08:34:16,367] {processor.py:642} INFO - Processing file /opt/airflow/dags/data_ingestion.py for tasks to queue
[2024-06-03 08:34:16,367] {logging_mixin.py:109} INFO - [2024-06-03 08:34:16,367] {dagbag.py:500} INFO - Filling up the DagBag from /opt/airflow/dags/data_ingestion.py
[2024-06-03 08:34:16,679] {processor.py:654} INFO - DAG(s) dict_keys(['data_ingestion_gcs_dag']) retrieved from /opt/airflow/dags/data_ingestion.py
[2024-06-03 08:34:16,688] {logging_mixin.py:109} INFO - [2024-06-03 08:34:16,687] {dag.py:2396} INFO - Sync 1 DAGs
[2024-06-03 08:34:16,706] {logging_mixin.py:109} INFO - [2024-06-03 08:34:16,706] {dag.py:2935} INFO - Setting next_dagrun for data_ingestion_gcs_dag to 2024-06-03T00:00:00+00:00
[2024-06-03 08:34:16,718] {processor.py:171} INFO - Processing /opt/airflow/dags/data_ingestion.py took 0.355 seconds
[2024-06-03 08:34:46,785] {processor.py:163} INFO - Started process (PID=1432) to work on /opt/airflow/dags/data_ingestion.py
[2024-06-03 08:34:46,789] {processor.py:642} INFO - Processing file /opt/airflow/dags/data_ingestion.py for tasks to queue
[2024-06-03 08:34:46,790] {logging_mixin.py:109} INFO - [2024-06-03 08:34:46,790] {dagbag.py:500} INFO - Filling up the DagBag from /opt/airflow/dags/data_ingestion.py
[2024-06-03 08:34:47,095] {processor.py:654} INFO - DAG(s) dict_keys(['data_ingestion_gcs_dag']) retrieved from /opt/airflow/dags/data_ingestion.py
[2024-06-03 08:34:47,104] {logging_mixin.py:109} INFO - [2024-06-03 08:34:47,103] {dag.py:2396} INFO - Sync 1 DAGs
[2024-06-03 08:34:47,121] {logging_mixin.py:109} INFO - [2024-06-03 08:34:47,120] {dag.py:2935} INFO - Setting next_dagrun for data_ingestion_gcs_dag to 2024-06-03T00:00:00+00:00
[2024-06-03 08:34:47,129] {processor.py:171} INFO - Processing /opt/airflow/dags/data_ingestion.py took 0.347 seconds
[2024-06-03 08:35:17,190] {processor.py:163} INFO - Started process (PID=1470) to work on /opt/airflow/dags/data_ingestion.py
[2024-06-03 08:35:17,191] {processor.py:642} INFO - Processing file /opt/airflow/dags/data_ingestion.py for tasks to queue
[2024-06-03 08:35:17,192] {logging_mixin.py:109} INFO - [2024-06-03 08:35:17,192] {dagbag.py:500} INFO - Filling up the DagBag from /opt/airflow/dags/data_ingestion.py
[2024-06-03 08:35:17,505] {processor.py:654} INFO - DAG(s) dict_keys(['data_ingestion_gcs_dag']) retrieved from /opt/airflow/dags/data_ingestion.py
[2024-06-03 08:35:17,515] {logging_mixin.py:109} INFO - [2024-06-03 08:35:17,514] {dag.py:2396} INFO - Sync 1 DAGs
[2024-06-03 08:35:17,532] {logging_mixin.py:109} INFO - [2024-06-03 08:35:17,532] {dag.py:2935} INFO - Setting next_dagrun for data_ingestion_gcs_dag to 2024-06-03T00:00:00+00:00
[2024-06-03 08:35:17,540] {processor.py:171} INFO - Processing /opt/airflow/dags/data_ingestion.py took 0.354 seconds
[2024-06-03 08:35:47,613] {processor.py:163} INFO - Started process (PID=1500) to work on /opt/airflow/dags/data_ingestion.py
[2024-06-03 08:35:47,617] {processor.py:642} INFO - Processing file /opt/airflow/dags/data_ingestion.py for tasks to queue
[2024-06-03 08:35:47,618] {logging_mixin.py:109} INFO - [2024-06-03 08:35:47,618] {dagbag.py:500} INFO - Filling up the DagBag from /opt/airflow/dags/data_ingestion.py
[2024-06-03 08:35:48,139] {processor.py:654} INFO - DAG(s) dict_keys(['data_ingestion_gcs_dag']) retrieved from /opt/airflow/dags/data_ingestion.py
[2024-06-03 08:35:48,155] {logging_mixin.py:109} INFO - [2024-06-03 08:35:48,154] {dag.py:2396} INFO - Sync 1 DAGs
[2024-06-03 08:35:48,179] {logging_mixin.py:109} INFO - [2024-06-03 08:35:48,179] {dag.py:2935} INFO - Setting next_dagrun for data_ingestion_gcs_dag to 2024-06-03T00:00:00+00:00
[2024-06-03 08:35:48,197] {processor.py:171} INFO - Processing /opt/airflow/dags/data_ingestion.py took 0.589 seconds
[2024-06-03 08:36:18,314] {processor.py:163} INFO - Started process (PID=1530) to work on /opt/airflow/dags/data_ingestion.py
[2024-06-03 08:36:18,315] {processor.py:642} INFO - Processing file /opt/airflow/dags/data_ingestion.py for tasks to queue
[2024-06-03 08:36:18,316] {logging_mixin.py:109} INFO - [2024-06-03 08:36:18,316] {dagbag.py:500} INFO - Filling up the DagBag from /opt/airflow/dags/data_ingestion.py
[2024-06-03 08:36:18,644] {processor.py:654} INFO - DAG(s) dict_keys(['data_ingestion_gcs_dag']) retrieved from /opt/airflow/dags/data_ingestion.py
[2024-06-03 08:36:18,652] {logging_mixin.py:109} INFO - [2024-06-03 08:36:18,652] {dag.py:2396} INFO - Sync 1 DAGs
[2024-06-03 08:36:18,667] {logging_mixin.py:109} INFO - [2024-06-03 08:36:18,666] {dag.py:2935} INFO - Setting next_dagrun for data_ingestion_gcs_dag to 2024-06-03T00:00:00+00:00
[2024-06-03 08:36:18,676] {processor.py:171} INFO - Processing /opt/airflow/dags/data_ingestion.py took 0.366 seconds
[2024-06-03 08:36:48,769] {processor.py:163} INFO - Started process (PID=1569) to work on /opt/airflow/dags/data_ingestion.py
[2024-06-03 08:36:48,772] {processor.py:642} INFO - Processing file /opt/airflow/dags/data_ingestion.py for tasks to queue
[2024-06-03 08:36:48,772] {logging_mixin.py:109} INFO - [2024-06-03 08:36:48,772] {dagbag.py:500} INFO - Filling up the DagBag from /opt/airflow/dags/data_ingestion.py
[2024-06-03 08:36:49,079] {processor.py:654} INFO - DAG(s) dict_keys(['data_ingestion_gcs_dag']) retrieved from /opt/airflow/dags/data_ingestion.py
[2024-06-03 08:36:49,090] {logging_mixin.py:109} INFO - [2024-06-03 08:36:49,089] {dag.py:2396} INFO - Sync 1 DAGs
[2024-06-03 08:36:49,109] {logging_mixin.py:109} INFO - [2024-06-03 08:36:49,109] {dag.py:2935} INFO - Setting next_dagrun for data_ingestion_gcs_dag to 2024-06-03T00:00:00+00:00
[2024-06-03 08:36:49,121] {processor.py:171} INFO - Processing /opt/airflow/dags/data_ingestion.py took 0.355 seconds
[2024-06-03 08:37:19,190] {processor.py:163} INFO - Started process (PID=1599) to work on /opt/airflow/dags/data_ingestion.py
[2024-06-03 08:37:19,191] {processor.py:642} INFO - Processing file /opt/airflow/dags/data_ingestion.py for tasks to queue
[2024-06-03 08:37:19,191] {logging_mixin.py:109} INFO - [2024-06-03 08:37:19,191] {dagbag.py:500} INFO - Filling up the DagBag from /opt/airflow/dags/data_ingestion.py
[2024-06-03 08:37:19,664] {processor.py:654} INFO - DAG(s) dict_keys(['data_ingestion_gcs_dag']) retrieved from /opt/airflow/dags/data_ingestion.py
[2024-06-03 08:37:19,676] {logging_mixin.py:109} INFO - [2024-06-03 08:37:19,675] {dag.py:2396} INFO - Sync 1 DAGs
[2024-06-03 08:37:19,697] {logging_mixin.py:109} INFO - [2024-06-03 08:37:19,697] {dag.py:2935} INFO - Setting next_dagrun for data_ingestion_gcs_dag to 2024-06-03T00:00:00+00:00
[2024-06-03 08:37:19,709] {processor.py:171} INFO - Processing /opt/airflow/dags/data_ingestion.py took 0.522 seconds
[2024-06-03 08:37:49,824] {processor.py:163} INFO - Started process (PID=1637) to work on /opt/airflow/dags/data_ingestion.py
[2024-06-03 08:37:49,830] {processor.py:642} INFO - Processing file /opt/airflow/dags/data_ingestion.py for tasks to queue
[2024-06-03 08:37:49,833] {logging_mixin.py:109} INFO - [2024-06-03 08:37:49,833] {dagbag.py:500} INFO - Filling up the DagBag from /opt/airflow/dags/data_ingestion.py
[2024-06-03 08:37:50,313] {processor.py:654} INFO - DAG(s) dict_keys(['data_ingestion_gcs_dag']) retrieved from /opt/airflow/dags/data_ingestion.py
[2024-06-03 08:37:50,326] {logging_mixin.py:109} INFO - [2024-06-03 08:37:50,324] {dag.py:2396} INFO - Sync 1 DAGs
[2024-06-03 08:37:50,346] {logging_mixin.py:109} INFO - [2024-06-03 08:37:50,346] {dag.py:2935} INFO - Setting next_dagrun for data_ingestion_gcs_dag to 2024-06-03T00:00:00+00:00
[2024-06-03 08:37:50,358] {processor.py:171} INFO - Processing /opt/airflow/dags/data_ingestion.py took 0.543 seconds
[2024-06-03 08:38:20,439] {processor.py:163} INFO - Started process (PID=1666) to work on /opt/airflow/dags/data_ingestion.py
[2024-06-03 08:38:20,440] {processor.py:642} INFO - Processing file /opt/airflow/dags/data_ingestion.py for tasks to queue
[2024-06-03 08:38:20,443] {logging_mixin.py:109} INFO - [2024-06-03 08:38:20,442] {dagbag.py:500} INFO - Filling up the DagBag from /opt/airflow/dags/data_ingestion.py
[2024-06-03 08:38:21,025] {processor.py:654} INFO - DAG(s) dict_keys(['data_ingestion_gcs_dag']) retrieved from /opt/airflow/dags/data_ingestion.py
[2024-06-03 08:38:21,040] {logging_mixin.py:109} INFO - [2024-06-03 08:38:21,038] {dag.py:2396} INFO - Sync 1 DAGs
[2024-06-03 08:38:21,068] {logging_mixin.py:109} INFO - [2024-06-03 08:38:21,068] {dag.py:2935} INFO - Setting next_dagrun for data_ingestion_gcs_dag to 2024-06-03T00:00:00+00:00
[2024-06-03 08:38:21,089] {processor.py:171} INFO - Processing /opt/airflow/dags/data_ingestion.py took 0.656 seconds
[2024-06-03 08:38:51,187] {processor.py:163} INFO - Started process (PID=1695) to work on /opt/airflow/dags/data_ingestion.py
[2024-06-03 08:38:51,190] {processor.py:642} INFO - Processing file /opt/airflow/dags/data_ingestion.py for tasks to queue
[2024-06-03 08:38:51,190] {logging_mixin.py:109} INFO - [2024-06-03 08:38:51,190] {dagbag.py:500} INFO - Filling up the DagBag from /opt/airflow/dags/data_ingestion.py
[2024-06-03 08:38:51,540] {processor.py:654} INFO - DAG(s) dict_keys(['data_ingestion_gcs_dag']) retrieved from /opt/airflow/dags/data_ingestion.py
[2024-06-03 08:38:51,549] {logging_mixin.py:109} INFO - [2024-06-03 08:38:51,548] {dag.py:2396} INFO - Sync 1 DAGs
[2024-06-03 08:38:51,571] {logging_mixin.py:109} INFO - [2024-06-03 08:38:51,571] {dag.py:2935} INFO - Setting next_dagrun for data_ingestion_gcs_dag to 2024-06-03T00:00:00+00:00
[2024-06-03 08:38:51,580] {processor.py:171} INFO - Processing /opt/airflow/dags/data_ingestion.py took 0.396 seconds
[2024-06-03 08:39:21,647] {processor.py:163} INFO - Started process (PID=1734) to work on /opt/airflow/dags/data_ingestion.py
[2024-06-03 08:39:21,648] {processor.py:642} INFO - Processing file /opt/airflow/dags/data_ingestion.py for tasks to queue
[2024-06-03 08:39:21,648] {logging_mixin.py:109} INFO - [2024-06-03 08:39:21,648] {dagbag.py:500} INFO - Filling up the DagBag from /opt/airflow/dags/data_ingestion.py
[2024-06-03 08:39:21,933] {processor.py:654} INFO - DAG(s) dict_keys(['data_ingestion_gcs_dag']) retrieved from /opt/airflow/dags/data_ingestion.py
[2024-06-03 08:39:21,943] {logging_mixin.py:109} INFO - [2024-06-03 08:39:21,941] {dag.py:2396} INFO - Sync 1 DAGs
[2024-06-03 08:39:21,965] {logging_mixin.py:109} INFO - [2024-06-03 08:39:21,965] {dag.py:2935} INFO - Setting next_dagrun for data_ingestion_gcs_dag to 2024-06-03T00:00:00+00:00
[2024-06-03 08:39:21,976] {processor.py:171} INFO - Processing /opt/airflow/dags/data_ingestion.py took 0.333 seconds
[2024-06-03 08:39:52,040] {processor.py:163} INFO - Started process (PID=1763) to work on /opt/airflow/dags/data_ingestion.py
[2024-06-03 08:39:52,041] {processor.py:642} INFO - Processing file /opt/airflow/dags/data_ingestion.py for tasks to queue
[2024-06-03 08:39:52,042] {logging_mixin.py:109} INFO - [2024-06-03 08:39:52,042] {dagbag.py:500} INFO - Filling up the DagBag from /opt/airflow/dags/data_ingestion.py
[2024-06-03 08:39:52,333] {processor.py:654} INFO - DAG(s) dict_keys(['data_ingestion_gcs_dag']) retrieved from /opt/airflow/dags/data_ingestion.py
[2024-06-03 08:39:52,341] {logging_mixin.py:109} INFO - [2024-06-03 08:39:52,340] {dag.py:2396} INFO - Sync 1 DAGs
[2024-06-03 08:39:52,362] {logging_mixin.py:109} INFO - [2024-06-03 08:39:52,362] {dag.py:2935} INFO - Setting next_dagrun for data_ingestion_gcs_dag to 2024-06-03T00:00:00+00:00
[2024-06-03 08:39:52,374] {processor.py:171} INFO - Processing /opt/airflow/dags/data_ingestion.py took 0.336 seconds
[2024-06-03 08:40:22,441] {processor.py:163} INFO - Started process (PID=1802) to work on /opt/airflow/dags/data_ingestion.py
[2024-06-03 08:40:22,442] {processor.py:642} INFO - Processing file /opt/airflow/dags/data_ingestion.py for tasks to queue
[2024-06-03 08:40:22,442] {logging_mixin.py:109} INFO - [2024-06-03 08:40:22,442] {dagbag.py:500} INFO - Filling up the DagBag from /opt/airflow/dags/data_ingestion.py
[2024-06-03 08:40:22,739] {processor.py:654} INFO - DAG(s) dict_keys(['data_ingestion_gcs_dag']) retrieved from /opt/airflow/dags/data_ingestion.py
[2024-06-03 08:40:22,748] {logging_mixin.py:109} INFO - [2024-06-03 08:40:22,747] {dag.py:2396} INFO - Sync 1 DAGs
[2024-06-03 08:40:22,767] {logging_mixin.py:109} INFO - [2024-06-03 08:40:22,767] {dag.py:2935} INFO - Setting next_dagrun for data_ingestion_gcs_dag to 2024-06-03T00:00:00+00:00
[2024-06-03 08:40:22,778] {processor.py:171} INFO - Processing /opt/airflow/dags/data_ingestion.py took 0.341 seconds
[2024-06-03 08:40:52,846] {processor.py:163} INFO - Started process (PID=1831) to work on /opt/airflow/dags/data_ingestion.py
[2024-06-03 08:40:52,848] {processor.py:642} INFO - Processing file /opt/airflow/dags/data_ingestion.py for tasks to queue
[2024-06-03 08:40:52,849] {logging_mixin.py:109} INFO - [2024-06-03 08:40:52,849] {dagbag.py:500} INFO - Filling up the DagBag from /opt/airflow/dags/data_ingestion.py
[2024-06-03 08:40:53,160] {processor.py:654} INFO - DAG(s) dict_keys(['data_ingestion_gcs_dag']) retrieved from /opt/airflow/dags/data_ingestion.py
[2024-06-03 08:40:53,169] {logging_mixin.py:109} INFO - [2024-06-03 08:40:53,168] {dag.py:2396} INFO - Sync 1 DAGs
[2024-06-03 08:40:53,188] {logging_mixin.py:109} INFO - [2024-06-03 08:40:53,188] {dag.py:2935} INFO - Setting next_dagrun for data_ingestion_gcs_dag to 2024-06-03T00:00:00+00:00
[2024-06-03 08:40:53,198] {processor.py:171} INFO - Processing /opt/airflow/dags/data_ingestion.py took 0.356 seconds
[2024-06-03 08:41:23,270] {processor.py:163} INFO - Started process (PID=1860) to work on /opt/airflow/dags/data_ingestion.py
[2024-06-03 08:41:23,271] {processor.py:642} INFO - Processing file /opt/airflow/dags/data_ingestion.py for tasks to queue
[2024-06-03 08:41:23,272] {logging_mixin.py:109} INFO - [2024-06-03 08:41:23,272] {dagbag.py:500} INFO - Filling up the DagBag from /opt/airflow/dags/data_ingestion.py
[2024-06-03 08:41:23,606] {processor.py:654} INFO - DAG(s) dict_keys(['data_ingestion_gcs_dag']) retrieved from /opt/airflow/dags/data_ingestion.py
[2024-06-03 08:41:23,617] {logging_mixin.py:109} INFO - [2024-06-03 08:41:23,616] {dag.py:2396} INFO - Sync 1 DAGs
[2024-06-03 08:41:23,631] {logging_mixin.py:109} INFO - [2024-06-03 08:41:23,631] {dag.py:2935} INFO - Setting next_dagrun for data_ingestion_gcs_dag to 2024-06-03T00:00:00+00:00
[2024-06-03 08:41:23,640] {processor.py:171} INFO - Processing /opt/airflow/dags/data_ingestion.py took 0.374 seconds
[2024-06-03 08:41:53,709] {processor.py:163} INFO - Started process (PID=1899) to work on /opt/airflow/dags/data_ingestion.py
[2024-06-03 08:41:53,710] {processor.py:642} INFO - Processing file /opt/airflow/dags/data_ingestion.py for tasks to queue
[2024-06-03 08:41:53,710] {logging_mixin.py:109} INFO - [2024-06-03 08:41:53,710] {dagbag.py:500} INFO - Filling up the DagBag from /opt/airflow/dags/data_ingestion.py
[2024-06-03 08:41:54,102] {processor.py:654} INFO - DAG(s) dict_keys(['data_ingestion_gcs_dag']) retrieved from /opt/airflow/dags/data_ingestion.py
[2024-06-03 08:41:54,114] {logging_mixin.py:109} INFO - [2024-06-03 08:41:54,113] {dag.py:2396} INFO - Sync 1 DAGs
[2024-06-03 08:41:54,129] {logging_mixin.py:109} INFO - [2024-06-03 08:41:54,129] {dag.py:2935} INFO - Setting next_dagrun for data_ingestion_gcs_dag to 2024-06-03T00:00:00+00:00
[2024-06-03 08:41:54,136] {processor.py:171} INFO - Processing /opt/airflow/dags/data_ingestion.py took 0.430 seconds
[2024-06-03 08:42:24,208] {processor.py:163} INFO - Started process (PID=1927) to work on /opt/airflow/dags/data_ingestion.py
[2024-06-03 08:42:24,212] {processor.py:642} INFO - Processing file /opt/airflow/dags/data_ingestion.py for tasks to queue
[2024-06-03 08:42:24,213] {logging_mixin.py:109} INFO - [2024-06-03 08:42:24,213] {dagbag.py:500} INFO - Filling up the DagBag from /opt/airflow/dags/data_ingestion.py
[2024-06-03 08:42:24,667] {processor.py:654} INFO - DAG(s) dict_keys(['data_ingestion_gcs_dag']) retrieved from /opt/airflow/dags/data_ingestion.py
[2024-06-03 08:42:24,678] {logging_mixin.py:109} INFO - [2024-06-03 08:42:24,677] {dag.py:2396} INFO - Sync 1 DAGs
[2024-06-03 08:42:24,697] {logging_mixin.py:109} INFO - [2024-06-03 08:42:24,697] {dag.py:2935} INFO - Setting next_dagrun for data_ingestion_gcs_dag to 2024-06-03T00:00:00+00:00
[2024-06-03 08:42:24,710] {processor.py:171} INFO - Processing /opt/airflow/dags/data_ingestion.py took 0.506 seconds
[2024-06-03 08:42:54,801] {processor.py:163} INFO - Started process (PID=1967) to work on /opt/airflow/dags/data_ingestion.py
[2024-06-03 08:42:54,802] {processor.py:642} INFO - Processing file /opt/airflow/dags/data_ingestion.py for tasks to queue
[2024-06-03 08:42:54,803] {logging_mixin.py:109} INFO - [2024-06-03 08:42:54,802] {dagbag.py:500} INFO - Filling up the DagBag from /opt/airflow/dags/data_ingestion.py
[2024-06-03 08:42:55,257] {processor.py:654} INFO - DAG(s) dict_keys(['data_ingestion_gcs_dag']) retrieved from /opt/airflow/dags/data_ingestion.py
[2024-06-03 08:42:55,270] {logging_mixin.py:109} INFO - [2024-06-03 08:42:55,269] {dag.py:2396} INFO - Sync 1 DAGs
[2024-06-03 08:42:55,287] {logging_mixin.py:109} INFO - [2024-06-03 08:42:55,287] {dag.py:2935} INFO - Setting next_dagrun for data_ingestion_gcs_dag to 2024-06-03T00:00:00+00:00
[2024-06-03 08:42:55,306] {processor.py:171} INFO - Processing /opt/airflow/dags/data_ingestion.py took 0.509 seconds
[2024-06-03 08:43:25,360] {processor.py:163} INFO - Started process (PID=1995) to work on /opt/airflow/dags/data_ingestion.py
[2024-06-03 08:43:25,364] {processor.py:642} INFO - Processing file /opt/airflow/dags/data_ingestion.py for tasks to queue
[2024-06-03 08:43:25,365] {logging_mixin.py:109} INFO - [2024-06-03 08:43:25,365] {dagbag.py:500} INFO - Filling up the DagBag from /opt/airflow/dags/data_ingestion.py
[2024-06-03 08:43:25,659] {processor.py:654} INFO - DAG(s) dict_keys(['data_ingestion_gcs_dag']) retrieved from /opt/airflow/dags/data_ingestion.py
[2024-06-03 08:43:25,669] {logging_mixin.py:109} INFO - [2024-06-03 08:43:25,668] {dag.py:2396} INFO - Sync 1 DAGs
[2024-06-03 08:43:25,685] {logging_mixin.py:109} INFO - [2024-06-03 08:43:25,685] {dag.py:2935} INFO - Setting next_dagrun for data_ingestion_gcs_dag to 2024-06-03T00:00:00+00:00
[2024-06-03 08:43:25,695] {processor.py:171} INFO - Processing /opt/airflow/dags/data_ingestion.py took 0.339 seconds
[2024-06-03 08:43:55,758] {processor.py:163} INFO - Started process (PID=2033) to work on /opt/airflow/dags/data_ingestion.py
[2024-06-03 08:43:55,759] {processor.py:642} INFO - Processing file /opt/airflow/dags/data_ingestion.py for tasks to queue
[2024-06-03 08:43:55,759] {logging_mixin.py:109} INFO - [2024-06-03 08:43:55,759] {dagbag.py:500} INFO - Filling up the DagBag from /opt/airflow/dags/data_ingestion.py
[2024-06-03 08:43:56,057] {processor.py:654} INFO - DAG(s) dict_keys(['data_ingestion_gcs_dag']) retrieved from /opt/airflow/dags/data_ingestion.py
[2024-06-03 08:43:56,066] {logging_mixin.py:109} INFO - [2024-06-03 08:43:56,065] {dag.py:2396} INFO - Sync 1 DAGs
[2024-06-03 08:43:56,082] {logging_mixin.py:109} INFO - [2024-06-03 08:43:56,081] {dag.py:2935} INFO - Setting next_dagrun for data_ingestion_gcs_dag to 2024-06-03T00:00:00+00:00
[2024-06-03 08:43:56,093] {processor.py:171} INFO - Processing /opt/airflow/dags/data_ingestion.py took 0.340 seconds
[2024-06-03 08:44:26,157] {processor.py:163} INFO - Started process (PID=2061) to work on /opt/airflow/dags/data_ingestion.py
[2024-06-03 08:44:26,160] {processor.py:642} INFO - Processing file /opt/airflow/dags/data_ingestion.py for tasks to queue
[2024-06-03 08:44:26,160] {logging_mixin.py:109} INFO - [2024-06-03 08:44:26,160] {dagbag.py:500} INFO - Filling up the DagBag from /opt/airflow/dags/data_ingestion.py
[2024-06-03 08:44:26,495] {processor.py:654} INFO - DAG(s) dict_keys(['data_ingestion_gcs_dag']) retrieved from /opt/airflow/dags/data_ingestion.py
[2024-06-03 08:44:26,506] {logging_mixin.py:109} INFO - [2024-06-03 08:44:26,505] {dag.py:2396} INFO - Sync 1 DAGs
[2024-06-03 08:44:26,524] {logging_mixin.py:109} INFO - [2024-06-03 08:44:26,524] {dag.py:2935} INFO - Setting next_dagrun for data_ingestion_gcs_dag to 2024-06-03T00:00:00+00:00
[2024-06-03 08:44:26,534] {processor.py:171} INFO - Processing /opt/airflow/dags/data_ingestion.py took 0.380 seconds
[2024-06-03 08:44:56,607] {processor.py:163} INFO - Started process (PID=2091) to work on /opt/airflow/dags/data_ingestion.py
[2024-06-03 08:44:56,610] {processor.py:642} INFO - Processing file /opt/airflow/dags/data_ingestion.py for tasks to queue
[2024-06-03 08:44:56,611] {logging_mixin.py:109} INFO - [2024-06-03 08:44:56,611] {dagbag.py:500} INFO - Filling up the DagBag from /opt/airflow/dags/data_ingestion.py
[2024-06-03 08:44:57,007] {processor.py:654} INFO - DAG(s) dict_keys(['data_ingestion_gcs_dag']) retrieved from /opt/airflow/dags/data_ingestion.py
[2024-06-03 08:44:57,015] {logging_mixin.py:109} INFO - [2024-06-03 08:44:57,014] {dag.py:2396} INFO - Sync 1 DAGs
[2024-06-03 08:44:57,031] {logging_mixin.py:109} INFO - [2024-06-03 08:44:57,031] {dag.py:2935} INFO - Setting next_dagrun for data_ingestion_gcs_dag to 2024-06-03T00:00:00+00:00
[2024-06-03 08:44:57,041] {processor.py:171} INFO - Processing /opt/airflow/dags/data_ingestion.py took 0.438 seconds
[2024-06-03 08:45:27,117] {processor.py:163} INFO - Started process (PID=2129) to work on /opt/airflow/dags/data_ingestion.py
[2024-06-03 08:45:27,118] {processor.py:642} INFO - Processing file /opt/airflow/dags/data_ingestion.py for tasks to queue
[2024-06-03 08:45:27,119] {logging_mixin.py:109} INFO - [2024-06-03 08:45:27,119] {dagbag.py:500} INFO - Filling up the DagBag from /opt/airflow/dags/data_ingestion.py
[2024-06-03 08:45:27,578] {processor.py:654} INFO - DAG(s) dict_keys(['data_ingestion_gcs_dag']) retrieved from /opt/airflow/dags/data_ingestion.py
[2024-06-03 08:45:27,592] {logging_mixin.py:109} INFO - [2024-06-03 08:45:27,591] {dag.py:2396} INFO - Sync 1 DAGs
[2024-06-03 08:45:27,616] {logging_mixin.py:109} INFO - [2024-06-03 08:45:27,616] {dag.py:2935} INFO - Setting next_dagrun for data_ingestion_gcs_dag to 2024-06-03T00:00:00+00:00
[2024-06-03 08:45:27,633] {processor.py:171} INFO - Processing /opt/airflow/dags/data_ingestion.py took 0.522 seconds
[2024-06-03 08:45:57,714] {processor.py:163} INFO - Started process (PID=2158) to work on /opt/airflow/dags/data_ingestion.py
[2024-06-03 08:45:57,715] {processor.py:642} INFO - Processing file /opt/airflow/dags/data_ingestion.py for tasks to queue
[2024-06-03 08:45:57,715] {logging_mixin.py:109} INFO - [2024-06-03 08:45:57,715] {dagbag.py:500} INFO - Filling up the DagBag from /opt/airflow/dags/data_ingestion.py
[2024-06-03 08:45:58,007] {processor.py:654} INFO - DAG(s) dict_keys(['data_ingestion_gcs_dag']) retrieved from /opt/airflow/dags/data_ingestion.py
[2024-06-03 08:45:58,015] {logging_mixin.py:109} INFO - [2024-06-03 08:45:58,014] {dag.py:2396} INFO - Sync 1 DAGs
[2024-06-03 08:45:58,031] {logging_mixin.py:109} INFO - [2024-06-03 08:45:58,031] {dag.py:2935} INFO - Setting next_dagrun for data_ingestion_gcs_dag to 2024-06-03T00:00:00+00:00
[2024-06-03 08:45:58,041] {processor.py:171} INFO - Processing /opt/airflow/dags/data_ingestion.py took 0.331 seconds
[2024-06-03 08:46:28,125] {processor.py:163} INFO - Started process (PID=2196) to work on /opt/airflow/dags/data_ingestion.py
[2024-06-03 08:46:28,126] {processor.py:642} INFO - Processing file /opt/airflow/dags/data_ingestion.py for tasks to queue
[2024-06-03 08:46:28,127] {logging_mixin.py:109} INFO - [2024-06-03 08:46:28,127] {dagbag.py:500} INFO - Filling up the DagBag from /opt/airflow/dags/data_ingestion.py
[2024-06-03 08:46:28,420] {processor.py:654} INFO - DAG(s) dict_keys(['data_ingestion_gcs_dag']) retrieved from /opt/airflow/dags/data_ingestion.py
[2024-06-03 08:46:28,429] {logging_mixin.py:109} INFO - [2024-06-03 08:46:28,428] {dag.py:2396} INFO - Sync 1 DAGs
[2024-06-03 08:46:28,443] {logging_mixin.py:109} INFO - [2024-06-03 08:46:28,443] {dag.py:2935} INFO - Setting next_dagrun for data_ingestion_gcs_dag to 2024-06-03T00:00:00+00:00
[2024-06-03 08:46:28,454] {processor.py:171} INFO - Processing /opt/airflow/dags/data_ingestion.py took 0.332 seconds
[2024-06-03 08:46:58,516] {processor.py:163} INFO - Started process (PID=2224) to work on /opt/airflow/dags/data_ingestion.py
[2024-06-03 08:46:58,518] {processor.py:642} INFO - Processing file /opt/airflow/dags/data_ingestion.py for tasks to queue
[2024-06-03 08:46:58,519] {logging_mixin.py:109} INFO - [2024-06-03 08:46:58,519] {dagbag.py:500} INFO - Filling up the DagBag from /opt/airflow/dags/data_ingestion.py
[2024-06-03 08:46:58,836] {processor.py:654} INFO - DAG(s) dict_keys(['data_ingestion_gcs_dag']) retrieved from /opt/airflow/dags/data_ingestion.py
[2024-06-03 08:46:58,847] {logging_mixin.py:109} INFO - [2024-06-03 08:46:58,846] {dag.py:2396} INFO - Sync 1 DAGs
[2024-06-03 08:46:58,862] {logging_mixin.py:109} INFO - [2024-06-03 08:46:58,862] {dag.py:2935} INFO - Setting next_dagrun for data_ingestion_gcs_dag to 2024-06-03T00:00:00+00:00
[2024-06-03 08:46:58,871] {processor.py:171} INFO - Processing /opt/airflow/dags/data_ingestion.py took 0.358 seconds
[2024-06-03 08:47:28,940] {processor.py:163} INFO - Started process (PID=2263) to work on /opt/airflow/dags/data_ingestion.py
[2024-06-03 08:47:28,942] {processor.py:642} INFO - Processing file /opt/airflow/dags/data_ingestion.py for tasks to queue
[2024-06-03 08:47:28,943] {logging_mixin.py:109} INFO - [2024-06-03 08:47:28,943] {dagbag.py:500} INFO - Filling up the DagBag from /opt/airflow/dags/data_ingestion.py
[2024-06-03 08:47:29,180] {processor.py:654} INFO - DAG(s) dict_keys(['data_ingestion_gcs_dag']) retrieved from /opt/airflow/dags/data_ingestion.py
[2024-06-03 08:47:29,189] {logging_mixin.py:109} INFO - [2024-06-03 08:47:29,188] {dag.py:2396} INFO - Sync 1 DAGs
[2024-06-03 08:47:29,205] {logging_mixin.py:109} INFO - [2024-06-03 08:47:29,205] {dag.py:2935} INFO - Setting next_dagrun for data_ingestion_gcs_dag to 2024-06-03T00:00:00+00:00
[2024-06-03 08:47:29,214] {processor.py:171} INFO - Processing /opt/airflow/dags/data_ingestion.py took 0.277 seconds
[2024-06-03 08:47:59,278] {processor.py:163} INFO - Started process (PID=2292) to work on /opt/airflow/dags/data_ingestion.py
[2024-06-03 08:47:59,282] {processor.py:642} INFO - Processing file /opt/airflow/dags/data_ingestion.py for tasks to queue
[2024-06-03 08:47:59,282] {logging_mixin.py:109} INFO - [2024-06-03 08:47:59,282] {dagbag.py:500} INFO - Filling up the DagBag from /opt/airflow/dags/data_ingestion.py
[2024-06-03 08:47:59,503] {processor.py:654} INFO - DAG(s) dict_keys(['data_ingestion_gcs_dag']) retrieved from /opt/airflow/dags/data_ingestion.py
[2024-06-03 08:47:59,514] {logging_mixin.py:109} INFO - [2024-06-03 08:47:59,513] {dag.py:2396} INFO - Sync 1 DAGs
[2024-06-03 08:47:59,529] {logging_mixin.py:109} INFO - [2024-06-03 08:47:59,529] {dag.py:2935} INFO - Setting next_dagrun for data_ingestion_gcs_dag to 2024-06-03T00:00:00+00:00
[2024-06-03 08:47:59,537] {processor.py:171} INFO - Processing /opt/airflow/dags/data_ingestion.py took 0.262 seconds
[2024-06-03 08:48:29,600] {processor.py:163} INFO - Started process (PID=2332) to work on /opt/airflow/dags/data_ingestion.py
[2024-06-03 08:48:29,601] {processor.py:642} INFO - Processing file /opt/airflow/dags/data_ingestion.py for tasks to queue
[2024-06-03 08:48:29,602] {logging_mixin.py:109} INFO - [2024-06-03 08:48:29,602] {dagbag.py:500} INFO - Filling up the DagBag from /opt/airflow/dags/data_ingestion.py
[2024-06-03 08:48:30,006] {processor.py:654} INFO - DAG(s) dict_keys(['data_ingestion_gcs_dag']) retrieved from /opt/airflow/dags/data_ingestion.py
[2024-06-03 08:48:30,018] {logging_mixin.py:109} INFO - [2024-06-03 08:48:30,017] {dag.py:2396} INFO - Sync 1 DAGs
[2024-06-03 08:48:30,042] {logging_mixin.py:109} INFO - [2024-06-03 08:48:30,042] {dag.py:2935} INFO - Setting next_dagrun for data_ingestion_gcs_dag to 2024-06-03T00:00:00+00:00
[2024-06-03 08:48:30,053] {processor.py:171} INFO - Processing /opt/airflow/dags/data_ingestion.py took 0.456 seconds
[2024-06-03 08:49:00,120] {processor.py:163} INFO - Started process (PID=2361) to work on /opt/airflow/dags/data_ingestion.py
[2024-06-03 08:49:00,121] {processor.py:642} INFO - Processing file /opt/airflow/dags/data_ingestion.py for tasks to queue
[2024-06-03 08:49:00,121] {logging_mixin.py:109} INFO - [2024-06-03 08:49:00,121] {dagbag.py:500} INFO - Filling up the DagBag from /opt/airflow/dags/data_ingestion.py
[2024-06-03 08:49:00,350] {processor.py:654} INFO - DAG(s) dict_keys(['data_ingestion_gcs_dag']) retrieved from /opt/airflow/dags/data_ingestion.py
[2024-06-03 08:49:00,366] {logging_mixin.py:109} INFO - [2024-06-03 08:49:00,364] {dag.py:2396} INFO - Sync 1 DAGs
[2024-06-03 08:49:00,385] {logging_mixin.py:109} INFO - [2024-06-03 08:49:00,385] {dag.py:2935} INFO - Setting next_dagrun for data_ingestion_gcs_dag to 2024-06-03T00:00:00+00:00
[2024-06-03 08:49:00,396] {processor.py:171} INFO - Processing /opt/airflow/dags/data_ingestion.py took 0.280 seconds
[2024-06-03 08:49:30,458] {processor.py:163} INFO - Started process (PID=2391) to work on /opt/airflow/dags/data_ingestion.py
[2024-06-03 08:49:30,459] {processor.py:642} INFO - Processing file /opt/airflow/dags/data_ingestion.py for tasks to queue
[2024-06-03 08:49:30,460] {logging_mixin.py:109} INFO - [2024-06-03 08:49:30,460] {dagbag.py:500} INFO - Filling up the DagBag from /opt/airflow/dags/data_ingestion.py
[2024-06-03 08:49:30,691] {processor.py:654} INFO - DAG(s) dict_keys(['data_ingestion_gcs_dag']) retrieved from /opt/airflow/dags/data_ingestion.py
[2024-06-03 08:49:30,701] {logging_mixin.py:109} INFO - [2024-06-03 08:49:30,700] {dag.py:2396} INFO - Sync 1 DAGs
[2024-06-03 08:49:30,717] {logging_mixin.py:109} INFO - [2024-06-03 08:49:30,717] {dag.py:2935} INFO - Setting next_dagrun for data_ingestion_gcs_dag to 2024-06-03T00:00:00+00:00
[2024-06-03 08:49:30,726] {processor.py:171} INFO - Processing /opt/airflow/dags/data_ingestion.py took 0.271 seconds
[2024-06-03 08:50:00,787] {processor.py:163} INFO - Started process (PID=2431) to work on /opt/airflow/dags/data_ingestion.py
[2024-06-03 08:50:00,789] {processor.py:642} INFO - Processing file /opt/airflow/dags/data_ingestion.py for tasks to queue
[2024-06-03 08:50:00,790] {logging_mixin.py:109} INFO - [2024-06-03 08:50:00,790] {dagbag.py:500} INFO - Filling up the DagBag from /opt/airflow/dags/data_ingestion.py
[2024-06-03 08:50:01,008] {processor.py:654} INFO - DAG(s) dict_keys(['data_ingestion_gcs_dag']) retrieved from /opt/airflow/dags/data_ingestion.py
[2024-06-03 08:50:01,018] {logging_mixin.py:109} INFO - [2024-06-03 08:50:01,017] {dag.py:2396} INFO - Sync 1 DAGs
[2024-06-03 08:50:01,034] {logging_mixin.py:109} INFO - [2024-06-03 08:50:01,034] {dag.py:2935} INFO - Setting next_dagrun for data_ingestion_gcs_dag to 2024-06-03T00:00:00+00:00
[2024-06-03 08:50:01,042] {processor.py:171} INFO - Processing /opt/airflow/dags/data_ingestion.py took 0.258 seconds
[2024-06-03 08:50:31,107] {processor.py:163} INFO - Started process (PID=2460) to work on /opt/airflow/dags/data_ingestion.py
[2024-06-03 08:50:31,108] {processor.py:642} INFO - Processing file /opt/airflow/dags/data_ingestion.py for tasks to queue
[2024-06-03 08:50:31,109] {logging_mixin.py:109} INFO - [2024-06-03 08:50:31,109] {dagbag.py:500} INFO - Filling up the DagBag from /opt/airflow/dags/data_ingestion.py
[2024-06-03 08:50:31,330] {processor.py:654} INFO - DAG(s) dict_keys(['data_ingestion_gcs_dag']) retrieved from /opt/airflow/dags/data_ingestion.py
[2024-06-03 08:50:31,339] {logging_mixin.py:109} INFO - [2024-06-03 08:50:31,338] {dag.py:2396} INFO - Sync 1 DAGs
[2024-06-03 08:50:31,355] {logging_mixin.py:109} INFO - [2024-06-03 08:50:31,355] {dag.py:2935} INFO - Setting next_dagrun for data_ingestion_gcs_dag to 2024-06-03T00:00:00+00:00
[2024-06-03 08:50:31,365] {processor.py:171} INFO - Processing /opt/airflow/dags/data_ingestion.py took 0.260 seconds
[2024-06-03 08:51:01,427] {processor.py:163} INFO - Started process (PID=2499) to work on /opt/airflow/dags/data_ingestion.py
[2024-06-03 08:51:01,431] {processor.py:642} INFO - Processing file /opt/airflow/dags/data_ingestion.py for tasks to queue
[2024-06-03 08:51:01,432] {logging_mixin.py:109} INFO - [2024-06-03 08:51:01,432] {dagbag.py:500} INFO - Filling up the DagBag from /opt/airflow/dags/data_ingestion.py
[2024-06-03 08:51:01,709] {processor.py:654} INFO - DAG(s) dict_keys(['data_ingestion_gcs_dag']) retrieved from /opt/airflow/dags/data_ingestion.py
[2024-06-03 08:51:01,725] {logging_mixin.py:109} INFO - [2024-06-03 08:51:01,723] {dag.py:2396} INFO - Sync 1 DAGs
[2024-06-03 08:51:01,753] {logging_mixin.py:109} INFO - [2024-06-03 08:51:01,753] {dag.py:2935} INFO - Setting next_dagrun for data_ingestion_gcs_dag to 2024-06-03T00:00:00+00:00
[2024-06-03 08:51:01,773] {processor.py:171} INFO - Processing /opt/airflow/dags/data_ingestion.py took 0.349 seconds
[2024-06-03 08:51:31,845] {processor.py:163} INFO - Started process (PID=2527) to work on /opt/airflow/dags/data_ingestion.py
[2024-06-03 08:51:31,846] {processor.py:642} INFO - Processing file /opt/airflow/dags/data_ingestion.py for tasks to queue
[2024-06-03 08:51:31,846] {logging_mixin.py:109} INFO - [2024-06-03 08:51:31,846] {dagbag.py:500} INFO - Filling up the DagBag from /opt/airflow/dags/data_ingestion.py
[2024-06-03 08:51:32,074] {processor.py:654} INFO - DAG(s) dict_keys(['data_ingestion_gcs_dag']) retrieved from /opt/airflow/dags/data_ingestion.py
[2024-06-03 08:51:32,083] {logging_mixin.py:109} INFO - [2024-06-03 08:51:32,082] {dag.py:2396} INFO - Sync 1 DAGs
[2024-06-03 08:51:32,099] {logging_mixin.py:109} INFO - [2024-06-03 08:51:32,099] {dag.py:2935} INFO - Setting next_dagrun for data_ingestion_gcs_dag to 2024-06-03T00:00:00+00:00
[2024-06-03 08:51:32,108] {processor.py:171} INFO - Processing /opt/airflow/dags/data_ingestion.py took 0.267 seconds
[2024-06-03 08:52:02,168] {processor.py:163} INFO - Started process (PID=2566) to work on /opt/airflow/dags/data_ingestion.py
[2024-06-03 08:52:02,172] {processor.py:642} INFO - Processing file /opt/airflow/dags/data_ingestion.py for tasks to queue
[2024-06-03 08:52:02,173] {logging_mixin.py:109} INFO - [2024-06-03 08:52:02,172] {dagbag.py:500} INFO - Filling up the DagBag from /opt/airflow/dags/data_ingestion.py
[2024-06-03 08:52:02,480] {processor.py:654} INFO - DAG(s) dict_keys(['data_ingestion_gcs_dag']) retrieved from /opt/airflow/dags/data_ingestion.py
[2024-06-03 08:52:02,489] {logging_mixin.py:109} INFO - [2024-06-03 08:52:02,488] {dag.py:2396} INFO - Sync 1 DAGs
[2024-06-03 08:52:02,505] {logging_mixin.py:109} INFO - [2024-06-03 08:52:02,505] {dag.py:2935} INFO - Setting next_dagrun for data_ingestion_gcs_dag to 2024-06-03T00:00:00+00:00
[2024-06-03 08:52:02,516] {processor.py:171} INFO - Processing /opt/airflow/dags/data_ingestion.py took 0.352 seconds
[2024-06-03 08:52:32,577] {processor.py:163} INFO - Started process (PID=2596) to work on /opt/airflow/dags/data_ingestion.py
[2024-06-03 08:52:32,578] {processor.py:642} INFO - Processing file /opt/airflow/dags/data_ingestion.py for tasks to queue
[2024-06-03 08:52:32,579] {logging_mixin.py:109} INFO - [2024-06-03 08:52:32,579] {dagbag.py:500} INFO - Filling up the DagBag from /opt/airflow/dags/data_ingestion.py
[2024-06-03 08:52:32,875] {processor.py:654} INFO - DAG(s) dict_keys(['data_ingestion_gcs_dag']) retrieved from /opt/airflow/dags/data_ingestion.py
[2024-06-03 08:52:32,885] {logging_mixin.py:109} INFO - [2024-06-03 08:52:32,884] {dag.py:2396} INFO - Sync 1 DAGs
[2024-06-03 08:52:32,911] {logging_mixin.py:109} INFO - [2024-06-03 08:52:32,910] {dag.py:2935} INFO - Setting next_dagrun for data_ingestion_gcs_dag to 2024-06-03T00:00:00+00:00
[2024-06-03 08:52:32,920] {processor.py:171} INFO - Processing /opt/airflow/dags/data_ingestion.py took 0.347 seconds
[2024-06-03 08:53:02,993] {processor.py:163} INFO - Started process (PID=2633) to work on /opt/airflow/dags/data_ingestion.py
[2024-06-03 08:53:02,995] {processor.py:642} INFO - Processing file /opt/airflow/dags/data_ingestion.py for tasks to queue
[2024-06-03 08:53:02,996] {logging_mixin.py:109} INFO - [2024-06-03 08:53:02,996] {dagbag.py:500} INFO - Filling up the DagBag from /opt/airflow/dags/data_ingestion.py
[2024-06-03 08:53:03,501] {processor.py:654} INFO - DAG(s) dict_keys(['data_ingestion_gcs_dag']) retrieved from /opt/airflow/dags/data_ingestion.py
[2024-06-03 08:53:03,515] {logging_mixin.py:109} INFO - [2024-06-03 08:53:03,514] {dag.py:2396} INFO - Sync 1 DAGs
[2024-06-03 08:53:03,546] {logging_mixin.py:109} INFO - [2024-06-03 08:53:03,546] {dag.py:2935} INFO - Setting next_dagrun for data_ingestion_gcs_dag to 2024-06-03T00:00:00+00:00
[2024-06-03 08:53:03,563] {processor.py:171} INFO - Processing /opt/airflow/dags/data_ingestion.py took 0.574 seconds
[2024-06-03 08:53:33,657] {processor.py:163} INFO - Started process (PID=2663) to work on /opt/airflow/dags/data_ingestion.py
[2024-06-03 08:53:33,658] {processor.py:642} INFO - Processing file /opt/airflow/dags/data_ingestion.py for tasks to queue
[2024-06-03 08:53:33,659] {logging_mixin.py:109} INFO - [2024-06-03 08:53:33,659] {dagbag.py:500} INFO - Filling up the DagBag from /opt/airflow/dags/data_ingestion.py
[2024-06-03 08:53:33,913] {processor.py:654} INFO - DAG(s) dict_keys(['data_ingestion_gcs_dag']) retrieved from /opt/airflow/dags/data_ingestion.py
[2024-06-03 08:53:33,923] {logging_mixin.py:109} INFO - [2024-06-03 08:53:33,922] {dag.py:2396} INFO - Sync 1 DAGs
[2024-06-03 08:53:33,945] {logging_mixin.py:109} INFO - [2024-06-03 08:53:33,945] {dag.py:2935} INFO - Setting next_dagrun for data_ingestion_gcs_dag to 2024-06-03T00:00:00+00:00
[2024-06-03 08:53:33,957] {processor.py:171} INFO - Processing /opt/airflow/dags/data_ingestion.py took 0.304 seconds
[2024-06-03 08:54:04,034] {processor.py:163} INFO - Started process (PID=2693) to work on /opt/airflow/dags/data_ingestion.py
[2024-06-03 08:54:04,037] {processor.py:642} INFO - Processing file /opt/airflow/dags/data_ingestion.py for tasks to queue
[2024-06-03 08:54:04,038] {logging_mixin.py:109} INFO - [2024-06-03 08:54:04,038] {dagbag.py:500} INFO - Filling up the DagBag from /opt/airflow/dags/data_ingestion.py
[2024-06-03 08:54:04,391] {processor.py:654} INFO - DAG(s) dict_keys(['data_ingestion_gcs_dag']) retrieved from /opt/airflow/dags/data_ingestion.py
[2024-06-03 08:54:04,407] {logging_mixin.py:109} INFO - [2024-06-03 08:54:04,405] {dag.py:2396} INFO - Sync 1 DAGs
[2024-06-03 08:54:04,438] {logging_mixin.py:109} INFO - [2024-06-03 08:54:04,438] {dag.py:2935} INFO - Setting next_dagrun for data_ingestion_gcs_dag to 2024-06-03T00:00:00+00:00
[2024-06-03 08:54:04,453] {processor.py:171} INFO - Processing /opt/airflow/dags/data_ingestion.py took 0.424 seconds
[2024-06-03 08:54:34,544] {processor.py:163} INFO - Started process (PID=2730) to work on /opt/airflow/dags/data_ingestion.py
[2024-06-03 08:54:34,547] {processor.py:642} INFO - Processing file /opt/airflow/dags/data_ingestion.py for tasks to queue
[2024-06-03 08:54:34,547] {logging_mixin.py:109} INFO - [2024-06-03 08:54:34,547] {dagbag.py:500} INFO - Filling up the DagBag from /opt/airflow/dags/data_ingestion.py
[2024-06-03 08:54:34,782] {processor.py:654} INFO - DAG(s) dict_keys(['data_ingestion_gcs_dag']) retrieved from /opt/airflow/dags/data_ingestion.py
[2024-06-03 08:54:34,793] {logging_mixin.py:109} INFO - [2024-06-03 08:54:34,792] {dag.py:2396} INFO - Sync 1 DAGs
[2024-06-03 08:54:34,817] {logging_mixin.py:109} INFO - [2024-06-03 08:54:34,817] {dag.py:2935} INFO - Setting next_dagrun for data_ingestion_gcs_dag to 2024-06-03T00:00:00+00:00
[2024-06-03 08:54:34,827] {processor.py:171} INFO - Processing /opt/airflow/dags/data_ingestion.py took 0.291 seconds
[2024-06-03 08:55:04,907] {processor.py:163} INFO - Started process (PID=2759) to work on /opt/airflow/dags/data_ingestion.py
[2024-06-03 08:55:04,909] {processor.py:642} INFO - Processing file /opt/airflow/dags/data_ingestion.py for tasks to queue
[2024-06-03 08:55:04,910] {logging_mixin.py:109} INFO - [2024-06-03 08:55:04,909] {dagbag.py:500} INFO - Filling up the DagBag from /opt/airflow/dags/data_ingestion.py
[2024-06-03 08:55:05,177] {processor.py:654} INFO - DAG(s) dict_keys(['data_ingestion_gcs_dag']) retrieved from /opt/airflow/dags/data_ingestion.py
[2024-06-03 08:55:05,191] {logging_mixin.py:109} INFO - [2024-06-03 08:55:05,190] {dag.py:2396} INFO - Sync 1 DAGs
[2024-06-03 08:55:05,210] {logging_mixin.py:109} INFO - [2024-06-03 08:55:05,210] {dag.py:2935} INFO - Setting next_dagrun for data_ingestion_gcs_dag to 2024-06-03T00:00:00+00:00
[2024-06-03 08:55:05,221] {processor.py:171} INFO - Processing /opt/airflow/dags/data_ingestion.py took 0.317 seconds
[2024-06-03 08:55:35,296] {processor.py:163} INFO - Started process (PID=2788) to work on /opt/airflow/dags/data_ingestion.py
[2024-06-03 08:55:35,297] {processor.py:642} INFO - Processing file /opt/airflow/dags/data_ingestion.py for tasks to queue
[2024-06-03 08:55:35,298] {logging_mixin.py:109} INFO - [2024-06-03 08:55:35,298] {dagbag.py:500} INFO - Filling up the DagBag from /opt/airflow/dags/data_ingestion.py
[2024-06-03 08:55:35,612] {processor.py:654} INFO - DAG(s) dict_keys(['data_ingestion_gcs_dag']) retrieved from /opt/airflow/dags/data_ingestion.py
[2024-06-03 08:55:35,636] {logging_mixin.py:109} INFO - [2024-06-03 08:55:35,634] {dag.py:2396} INFO - Sync 1 DAGs
[2024-06-03 08:55:35,660] {logging_mixin.py:109} INFO - [2024-06-03 08:55:35,660] {dag.py:2935} INFO - Setting next_dagrun for data_ingestion_gcs_dag to 2024-06-03T00:00:00+00:00
[2024-06-03 08:55:35,678] {processor.py:171} INFO - Processing /opt/airflow/dags/data_ingestion.py took 0.386 seconds
[2024-06-03 08:56:05,760] {processor.py:163} INFO - Started process (PID=2827) to work on /opt/airflow/dags/data_ingestion.py
[2024-06-03 08:56:05,763] {processor.py:642} INFO - Processing file /opt/airflow/dags/data_ingestion.py for tasks to queue
[2024-06-03 08:56:05,764] {logging_mixin.py:109} INFO - [2024-06-03 08:56:05,764] {dagbag.py:500} INFO - Filling up the DagBag from /opt/airflow/dags/data_ingestion.py
[2024-06-03 08:56:06,093] {processor.py:654} INFO - DAG(s) dict_keys(['data_ingestion_gcs_dag']) retrieved from /opt/airflow/dags/data_ingestion.py
[2024-06-03 08:56:06,108] {logging_mixin.py:109} INFO - [2024-06-03 08:56:06,106] {dag.py:2396} INFO - Sync 1 DAGs
[2024-06-03 08:56:06,132] {logging_mixin.py:109} INFO - [2024-06-03 08:56:06,132] {dag.py:2935} INFO - Setting next_dagrun for data_ingestion_gcs_dag to 2024-06-03T00:00:00+00:00
[2024-06-03 08:56:06,150] {processor.py:171} INFO - Processing /opt/airflow/dags/data_ingestion.py took 0.396 seconds
[2024-06-03 08:56:36,241] {processor.py:163} INFO - Started process (PID=2856) to work on /opt/airflow/dags/data_ingestion.py
[2024-06-03 08:56:36,243] {processor.py:642} INFO - Processing file /opt/airflow/dags/data_ingestion.py for tasks to queue
[2024-06-03 08:56:36,243] {logging_mixin.py:109} INFO - [2024-06-03 08:56:36,243] {dagbag.py:500} INFO - Filling up the DagBag from /opt/airflow/dags/data_ingestion.py
[2024-06-03 08:56:36,655] {processor.py:654} INFO - DAG(s) dict_keys(['data_ingestion_gcs_dag']) retrieved from /opt/airflow/dags/data_ingestion.py
[2024-06-03 08:56:36,670] {logging_mixin.py:109} INFO - [2024-06-03 08:56:36,669] {dag.py:2396} INFO - Sync 1 DAGs
[2024-06-03 08:56:36,696] {logging_mixin.py:109} INFO - [2024-06-03 08:56:36,696] {dag.py:2935} INFO - Setting next_dagrun for data_ingestion_gcs_dag to 2024-06-03T00:00:00+00:00
[2024-06-03 08:56:36,713] {processor.py:171} INFO - Processing /opt/airflow/dags/data_ingestion.py took 0.475 seconds
[2024-06-03 08:57:06,794] {processor.py:163} INFO - Started process (PID=2884) to work on /opt/airflow/dags/data_ingestion.py
[2024-06-03 08:57:06,797] {processor.py:642} INFO - Processing file /opt/airflow/dags/data_ingestion.py for tasks to queue
[2024-06-03 08:57:06,797] {logging_mixin.py:109} INFO - [2024-06-03 08:57:06,797] {dagbag.py:500} INFO - Filling up the DagBag from /opt/airflow/dags/data_ingestion.py
[2024-06-03 08:57:07,023] {processor.py:654} INFO - DAG(s) dict_keys(['data_ingestion_gcs_dag']) retrieved from /opt/airflow/dags/data_ingestion.py
[2024-06-03 08:57:07,034] {logging_mixin.py:109} INFO - [2024-06-03 08:57:07,033] {dag.py:2396} INFO - Sync 1 DAGs
[2024-06-03 08:57:07,051] {logging_mixin.py:109} INFO - [2024-06-03 08:57:07,051] {dag.py:2935} INFO - Setting next_dagrun for data_ingestion_gcs_dag to 2024-06-03T00:00:00+00:00
[2024-06-03 08:57:07,062] {processor.py:171} INFO - Processing /opt/airflow/dags/data_ingestion.py took 0.271 seconds
[2024-06-03 08:57:37,127] {processor.py:163} INFO - Started process (PID=2923) to work on /opt/airflow/dags/data_ingestion.py
[2024-06-03 08:57:37,129] {processor.py:642} INFO - Processing file /opt/airflow/dags/data_ingestion.py for tasks to queue
[2024-06-03 08:57:37,130] {logging_mixin.py:109} INFO - [2024-06-03 08:57:37,130] {dagbag.py:500} INFO - Filling up the DagBag from /opt/airflow/dags/data_ingestion.py
[2024-06-03 08:57:37,393] {processor.py:654} INFO - DAG(s) dict_keys(['data_ingestion_gcs_dag']) retrieved from /opt/airflow/dags/data_ingestion.py
[2024-06-03 08:57:37,405] {logging_mixin.py:109} INFO - [2024-06-03 08:57:37,403] {dag.py:2396} INFO - Sync 1 DAGs
[2024-06-03 08:57:37,424] {logging_mixin.py:109} INFO - [2024-06-03 08:57:37,424] {dag.py:2935} INFO - Setting next_dagrun for data_ingestion_gcs_dag to 2024-06-03T00:00:00+00:00
[2024-06-03 08:57:37,439] {processor.py:171} INFO - Processing /opt/airflow/dags/data_ingestion.py took 0.316 seconds
[2024-06-03 08:58:07,504] {processor.py:163} INFO - Started process (PID=2954) to work on /opt/airflow/dags/data_ingestion.py
[2024-06-03 08:58:07,507] {processor.py:642} INFO - Processing file /opt/airflow/dags/data_ingestion.py for tasks to queue
[2024-06-03 08:58:07,507] {logging_mixin.py:109} INFO - [2024-06-03 08:58:07,507] {dagbag.py:500} INFO - Filling up the DagBag from /opt/airflow/dags/data_ingestion.py
[2024-06-03 08:58:07,731] {processor.py:654} INFO - DAG(s) dict_keys(['data_ingestion_gcs_dag']) retrieved from /opt/airflow/dags/data_ingestion.py
[2024-06-03 08:58:07,740] {logging_mixin.py:109} INFO - [2024-06-03 08:58:07,739] {dag.py:2396} INFO - Sync 1 DAGs
[2024-06-03 08:58:07,756] {logging_mixin.py:109} INFO - [2024-06-03 08:58:07,756] {dag.py:2935} INFO - Setting next_dagrun for data_ingestion_gcs_dag to 2024-06-03T00:00:00+00:00
[2024-06-03 08:58:07,767] {processor.py:171} INFO - Processing /opt/airflow/dags/data_ingestion.py took 0.267 seconds
[2024-06-03 08:58:37,835] {processor.py:163} INFO - Started process (PID=2991) to work on /opt/airflow/dags/data_ingestion.py
[2024-06-03 08:58:37,836] {processor.py:642} INFO - Processing file /opt/airflow/dags/data_ingestion.py for tasks to queue
[2024-06-03 08:58:37,837] {logging_mixin.py:109} INFO - [2024-06-03 08:58:37,837] {dagbag.py:500} INFO - Filling up the DagBag from /opt/airflow/dags/data_ingestion.py
[2024-06-03 08:58:38,107] {processor.py:654} INFO - DAG(s) dict_keys(['data_ingestion_gcs_dag']) retrieved from /opt/airflow/dags/data_ingestion.py
[2024-06-03 08:58:38,123] {logging_mixin.py:109} INFO - [2024-06-03 08:58:38,121] {dag.py:2396} INFO - Sync 1 DAGs
[2024-06-03 08:58:38,147] {logging_mixin.py:109} INFO - [2024-06-03 08:58:38,146] {dag.py:2935} INFO - Setting next_dagrun for data_ingestion_gcs_dag to 2024-06-03T00:00:00+00:00
[2024-06-03 08:58:38,169] {processor.py:171} INFO - Processing /opt/airflow/dags/data_ingestion.py took 0.342 seconds
[2024-06-03 08:59:08,231] {processor.py:163} INFO - Started process (PID=3020) to work on /opt/airflow/dags/data_ingestion.py
[2024-06-03 08:59:08,234] {processor.py:642} INFO - Processing file /opt/airflow/dags/data_ingestion.py for tasks to queue
[2024-06-03 08:59:08,234] {logging_mixin.py:109} INFO - [2024-06-03 08:59:08,234] {dagbag.py:500} INFO - Filling up the DagBag from /opt/airflow/dags/data_ingestion.py
[2024-06-03 08:59:08,466] {processor.py:654} INFO - DAG(s) dict_keys(['data_ingestion_gcs_dag']) retrieved from /opt/airflow/dags/data_ingestion.py
[2024-06-03 08:59:08,476] {logging_mixin.py:109} INFO - [2024-06-03 08:59:08,475] {dag.py:2396} INFO - Sync 1 DAGs
[2024-06-03 08:59:08,494] {logging_mixin.py:109} INFO - [2024-06-03 08:59:08,494] {dag.py:2935} INFO - Setting next_dagrun for data_ingestion_gcs_dag to 2024-06-03T00:00:00+00:00
[2024-06-03 08:59:08,506] {processor.py:171} INFO - Processing /opt/airflow/dags/data_ingestion.py took 0.277 seconds
[2024-06-03 08:59:38,572] {processor.py:163} INFO - Started process (PID=3048) to work on /opt/airflow/dags/data_ingestion.py
[2024-06-03 08:59:38,573] {processor.py:642} INFO - Processing file /opt/airflow/dags/data_ingestion.py for tasks to queue
[2024-06-03 08:59:38,574] {logging_mixin.py:109} INFO - [2024-06-03 08:59:38,574] {dagbag.py:500} INFO - Filling up the DagBag from /opt/airflow/dags/data_ingestion.py
[2024-06-03 08:59:38,810] {processor.py:654} INFO - DAG(s) dict_keys(['data_ingestion_gcs_dag']) retrieved from /opt/airflow/dags/data_ingestion.py
[2024-06-03 08:59:38,820] {logging_mixin.py:109} INFO - [2024-06-03 08:59:38,819] {dag.py:2396} INFO - Sync 1 DAGs
[2024-06-03 08:59:38,839] {logging_mixin.py:109} INFO - [2024-06-03 08:59:38,839] {dag.py:2935} INFO - Setting next_dagrun for data_ingestion_gcs_dag to 2024-06-03T00:00:00+00:00
[2024-06-03 08:59:38,852] {processor.py:171} INFO - Processing /opt/airflow/dags/data_ingestion.py took 0.283 seconds
[2024-06-03 09:00:08,915] {processor.py:163} INFO - Started process (PID=3085) to work on /opt/airflow/dags/data_ingestion.py
[2024-06-03 09:00:08,920] {processor.py:642} INFO - Processing file /opt/airflow/dags/data_ingestion.py for tasks to queue
[2024-06-03 09:00:08,920] {logging_mixin.py:109} INFO - [2024-06-03 09:00:08,920] {dagbag.py:500} INFO - Filling up the DagBag from /opt/airflow/dags/data_ingestion.py
[2024-06-03 09:00:09,165] {processor.py:654} INFO - DAG(s) dict_keys(['data_ingestion_gcs_dag']) retrieved from /opt/airflow/dags/data_ingestion.py
[2024-06-03 09:00:09,184] {logging_mixin.py:109} INFO - [2024-06-03 09:00:09,182] {dag.py:2396} INFO - Sync 1 DAGs
[2024-06-03 09:00:09,202] {logging_mixin.py:109} INFO - [2024-06-03 09:00:09,202] {dag.py:2935} INFO - Setting next_dagrun for data_ingestion_gcs_dag to 2024-06-03T00:00:00+00:00
[2024-06-03 09:00:09,214] {processor.py:171} INFO - Processing /opt/airflow/dags/data_ingestion.py took 0.302 seconds
[2024-06-03 09:00:39,282] {processor.py:163} INFO - Started process (PID=3114) to work on /opt/airflow/dags/data_ingestion.py
[2024-06-03 09:00:39,284] {processor.py:642} INFO - Processing file /opt/airflow/dags/data_ingestion.py for tasks to queue
[2024-06-03 09:00:39,284] {logging_mixin.py:109} INFO - [2024-06-03 09:00:39,284] {dagbag.py:500} INFO - Filling up the DagBag from /opt/airflow/dags/data_ingestion.py
[2024-06-03 09:00:39,546] {processor.py:654} INFO - DAG(s) dict_keys(['data_ingestion_gcs_dag']) retrieved from /opt/airflow/dags/data_ingestion.py
[2024-06-03 09:00:39,555] {logging_mixin.py:109} INFO - [2024-06-03 09:00:39,554] {dag.py:2396} INFO - Sync 1 DAGs
[2024-06-03 09:00:39,571] {logging_mixin.py:109} INFO - [2024-06-03 09:00:39,571] {dag.py:2935} INFO - Setting next_dagrun for data_ingestion_gcs_dag to 2024-06-03T00:00:00+00:00
[2024-06-03 09:00:39,582] {processor.py:171} INFO - Processing /opt/airflow/dags/data_ingestion.py took 0.303 seconds
[2024-06-03 09:01:09,666] {processor.py:163} INFO - Started process (PID=3142) to work on /opt/airflow/dags/data_ingestion.py
[2024-06-03 09:01:09,669] {processor.py:642} INFO - Processing file /opt/airflow/dags/data_ingestion.py for tasks to queue
[2024-06-03 09:01:09,669] {logging_mixin.py:109} INFO - [2024-06-03 09:01:09,669] {dagbag.py:500} INFO - Filling up the DagBag from /opt/airflow/dags/data_ingestion.py
[2024-06-03 09:01:09,948] {processor.py:654} INFO - DAG(s) dict_keys(['data_ingestion_gcs_dag']) retrieved from /opt/airflow/dags/data_ingestion.py
[2024-06-03 09:01:09,960] {logging_mixin.py:109} INFO - [2024-06-03 09:01:09,959] {dag.py:2396} INFO - Sync 1 DAGs
[2024-06-03 09:01:09,978] {logging_mixin.py:109} INFO - [2024-06-03 09:01:09,978] {dag.py:2935} INFO - Setting next_dagrun for data_ingestion_gcs_dag to 2024-06-03T00:00:00+00:00
[2024-06-03 09:01:09,991] {processor.py:171} INFO - Processing /opt/airflow/dags/data_ingestion.py took 0.328 seconds
[2024-06-03 09:01:40,073] {processor.py:163} INFO - Started process (PID=3181) to work on /opt/airflow/dags/data_ingestion.py
[2024-06-03 09:01:40,080] {processor.py:642} INFO - Processing file /opt/airflow/dags/data_ingestion.py for tasks to queue
[2024-06-03 09:01:40,081] {logging_mixin.py:109} INFO - [2024-06-03 09:01:40,081] {dagbag.py:500} INFO - Filling up the DagBag from /opt/airflow/dags/data_ingestion.py
[2024-06-03 09:01:40,426] {processor.py:654} INFO - DAG(s) dict_keys(['data_ingestion_gcs_dag']) retrieved from /opt/airflow/dags/data_ingestion.py
[2024-06-03 09:01:40,438] {logging_mixin.py:109} INFO - [2024-06-03 09:01:40,437] {dag.py:2396} INFO - Sync 1 DAGs
[2024-06-03 09:01:40,465] {logging_mixin.py:109} INFO - [2024-06-03 09:01:40,465] {dag.py:2935} INFO - Setting next_dagrun for data_ingestion_gcs_dag to 2024-06-03T00:00:00+00:00
[2024-06-03 09:01:40,484] {processor.py:171} INFO - Processing /opt/airflow/dags/data_ingestion.py took 0.416 seconds
[2024-06-03 09:02:10,571] {processor.py:163} INFO - Started process (PID=3210) to work on /opt/airflow/dags/data_ingestion.py
[2024-06-03 09:02:10,574] {processor.py:642} INFO - Processing file /opt/airflow/dags/data_ingestion.py for tasks to queue
[2024-06-03 09:02:10,574] {logging_mixin.py:109} INFO - [2024-06-03 09:02:10,574] {dagbag.py:500} INFO - Filling up the DagBag from /opt/airflow/dags/data_ingestion.py
[2024-06-03 09:02:10,889] {processor.py:654} INFO - DAG(s) dict_keys(['data_ingestion_gcs_dag']) retrieved from /opt/airflow/dags/data_ingestion.py
[2024-06-03 09:02:10,906] {logging_mixin.py:109} INFO - [2024-06-03 09:02:10,904] {dag.py:2396} INFO - Sync 1 DAGs
[2024-06-03 09:02:10,932] {logging_mixin.py:109} INFO - [2024-06-03 09:02:10,932] {dag.py:2935} INFO - Setting next_dagrun for data_ingestion_gcs_dag to 2024-06-03T00:00:00+00:00
[2024-06-03 09:02:10,949] {processor.py:171} INFO - Processing /opt/airflow/dags/data_ingestion.py took 0.383 seconds
[2024-06-03 09:02:41,035] {processor.py:163} INFO - Started process (PID=3245) to work on /opt/airflow/dags/data_ingestion.py
[2024-06-03 09:02:41,038] {processor.py:642} INFO - Processing file /opt/airflow/dags/data_ingestion.py for tasks to queue
[2024-06-03 09:02:41,039] {logging_mixin.py:109} INFO - [2024-06-03 09:02:41,038] {dagbag.py:500} INFO - Filling up the DagBag from /opt/airflow/dags/data_ingestion.py
[2024-06-03 09:02:41,418] {processor.py:654} INFO - DAG(s) dict_keys(['data_ingestion_gcs_dag']) retrieved from /opt/airflow/dags/data_ingestion.py
[2024-06-03 09:02:41,433] {logging_mixin.py:109} INFO - [2024-06-03 09:02:41,432] {dag.py:2396} INFO - Sync 1 DAGs
[2024-06-03 09:02:41,456] {logging_mixin.py:109} INFO - [2024-06-03 09:02:41,456] {dag.py:2935} INFO - Setting next_dagrun for data_ingestion_gcs_dag to 2024-06-03T00:00:00+00:00
[2024-06-03 09:02:41,478] {processor.py:171} INFO - Processing /opt/airflow/dags/data_ingestion.py took 0.449 seconds
[2024-06-03 09:03:11,559] {processor.py:163} INFO - Started process (PID=3275) to work on /opt/airflow/dags/data_ingestion.py
[2024-06-03 09:03:11,561] {processor.py:642} INFO - Processing file /opt/airflow/dags/data_ingestion.py for tasks to queue
[2024-06-03 09:03:11,562] {logging_mixin.py:109} INFO - [2024-06-03 09:03:11,562] {dagbag.py:500} INFO - Filling up the DagBag from /opt/airflow/dags/data_ingestion.py
[2024-06-03 09:03:11,784] {processor.py:654} INFO - DAG(s) dict_keys(['data_ingestion_gcs_dag']) retrieved from /opt/airflow/dags/data_ingestion.py
[2024-06-03 09:03:11,793] {logging_mixin.py:109} INFO - [2024-06-03 09:03:11,792] {dag.py:2396} INFO - Sync 1 DAGs
[2024-06-03 09:03:11,807] {logging_mixin.py:109} INFO - [2024-06-03 09:03:11,807] {dag.py:2935} INFO - Setting next_dagrun for data_ingestion_gcs_dag to 2024-06-03T00:00:00+00:00
[2024-06-03 09:03:11,818] {processor.py:171} INFO - Processing /opt/airflow/dags/data_ingestion.py took 0.262 seconds
[2024-06-03 09:03:41,878] {processor.py:163} INFO - Started process (PID=3304) to work on /opt/airflow/dags/data_ingestion.py
[2024-06-03 09:03:41,879] {processor.py:642} INFO - Processing file /opt/airflow/dags/data_ingestion.py for tasks to queue
[2024-06-03 09:03:41,880] {logging_mixin.py:109} INFO - [2024-06-03 09:03:41,880] {dagbag.py:500} INFO - Filling up the DagBag from /opt/airflow/dags/data_ingestion.py
[2024-06-03 09:03:42,096] {processor.py:654} INFO - DAG(s) dict_keys(['data_ingestion_gcs_dag']) retrieved from /opt/airflow/dags/data_ingestion.py
[2024-06-03 09:03:42,107] {logging_mixin.py:109} INFO - [2024-06-03 09:03:42,106] {dag.py:2396} INFO - Sync 1 DAGs
[2024-06-03 09:03:42,122] {logging_mixin.py:109} INFO - [2024-06-03 09:03:42,121] {dag.py:2935} INFO - Setting next_dagrun for data_ingestion_gcs_dag to 2024-06-03T00:00:00+00:00
[2024-06-03 09:03:42,132] {processor.py:171} INFO - Processing /opt/airflow/dags/data_ingestion.py took 0.257 seconds
[2024-06-03 09:04:12,194] {processor.py:163} INFO - Started process (PID=3344) to work on /opt/airflow/dags/data_ingestion.py
[2024-06-03 09:04:12,195] {processor.py:642} INFO - Processing file /opt/airflow/dags/data_ingestion.py for tasks to queue
[2024-06-03 09:04:12,196] {logging_mixin.py:109} INFO - [2024-06-03 09:04:12,196] {dagbag.py:500} INFO - Filling up the DagBag from /opt/airflow/dags/data_ingestion.py
[2024-06-03 09:04:12,625] {processor.py:654} INFO - DAG(s) dict_keys(['data_ingestion_gcs_dag']) retrieved from /opt/airflow/dags/data_ingestion.py
[2024-06-03 09:04:12,639] {logging_mixin.py:109} INFO - [2024-06-03 09:04:12,638] {dag.py:2396} INFO - Sync 1 DAGs
[2024-06-03 09:04:12,666] {logging_mixin.py:109} INFO - [2024-06-03 09:04:12,666] {dag.py:2935} INFO - Setting next_dagrun for data_ingestion_gcs_dag to 2024-06-03T00:00:00+00:00
[2024-06-03 09:04:12,680] {processor.py:171} INFO - Processing /opt/airflow/dags/data_ingestion.py took 0.490 seconds
