[2024-06-07 15:25:01,709] {taskinstance.py:1032} INFO - Dependencies all met for <TaskInstance: data_ingestion_gcs_dag.transform_dataset_task manual__2024-06-07T15:24:57.385655+00:00 [queued]>
[2024-06-07 15:25:01,720] {taskinstance.py:1032} INFO - Dependencies all met for <TaskInstance: data_ingestion_gcs_dag.transform_dataset_task manual__2024-06-07T15:24:57.385655+00:00 [queued]>
[2024-06-07 15:25:01,720] {taskinstance.py:1238} INFO - 
--------------------------------------------------------------------------------
[2024-06-07 15:25:01,720] {taskinstance.py:1239} INFO - Starting attempt 1 of 2
[2024-06-07 15:25:01,720] {taskinstance.py:1240} INFO - 
--------------------------------------------------------------------------------
[2024-06-07 15:25:01,732] {taskinstance.py:1259} INFO - Executing <Task(PythonOperator): transform_dataset_task> on 2024-06-07 15:24:57.385655+00:00
[2024-06-07 15:25:01,739] {standard_task_runner.py:52} INFO - Started process 10170 to run task
[2024-06-07 15:25:01,743] {standard_task_runner.py:76} INFO - Running: ['***', 'tasks', 'run', 'data_ingestion_gcs_dag', 'transform_dataset_task', 'manual__2024-06-07T15:24:57.385655+00:00', '--job-id', '330', '--raw', '--subdir', 'DAGS_FOLDER/data_ingestion.py', '--cfg-path', '/tmp/tmp2mb6bicq', '--error-file', '/tmp/tmpccf73fq0']
[2024-06-07 15:25:01,746] {standard_task_runner.py:77} INFO - Job 330: Subtask transform_dataset_task
[2024-06-07 15:25:01,808] {logging_mixin.py:109} INFO - Running <TaskInstance: data_ingestion_gcs_dag.transform_dataset_task manual__2024-06-07T15:24:57.385655+00:00 [running]> on host fbb305b57b58
[2024-06-07 15:25:01,864] {taskinstance.py:1426} INFO - Exporting the following env vars:
AIRFLOW_CTX_DAG_OWNER=***
AIRFLOW_CTX_DAG_ID=data_ingestion_gcs_dag
AIRFLOW_CTX_TASK_ID=transform_dataset_task
AIRFLOW_CTX_EXECUTION_DATE=2024-06-07T15:24:57.385655+00:00
AIRFLOW_CTX_DAG_RUN_ID=manual__2024-06-07T15:24:57.385655+00:00
[2024-06-07 15:25:01,891] {python.py:175} INFO - Done. Returned value was: None
[2024-06-07 15:25:01,902] {taskinstance.py:1277} INFO - Marking task as SUCCESS. dag_id=data_ingestion_gcs_dag, task_id=transform_dataset_task, execution_date=20240607T152457, start_date=20240607T152501, end_date=20240607T152501
[2024-06-07 15:25:01,921] {local_task_job.py:154} INFO - Task exited with return code 0
[2024-06-07 15:25:01,959] {local_task_job.py:264} INFO - 1 downstream tasks scheduled from follow-on schedule check
