[2024-06-07 15:50:05,325] {taskinstance.py:1032} INFO - Dependencies all met for <TaskInstance: data_ingestion_gcs_dag.load_data_to_bq_task manual__2024-06-07T15:49:57.430612+00:00 [queued]>
[2024-06-07 15:50:05,334] {taskinstance.py:1032} INFO - Dependencies all met for <TaskInstance: data_ingestion_gcs_dag.load_data_to_bq_task manual__2024-06-07T15:49:57.430612+00:00 [queued]>
[2024-06-07 15:50:05,334] {taskinstance.py:1238} INFO - 
--------------------------------------------------------------------------------
[2024-06-07 15:50:05,334] {taskinstance.py:1239} INFO - Starting attempt 1 of 2
[2024-06-07 15:50:05,334] {taskinstance.py:1240} INFO - 
--------------------------------------------------------------------------------
[2024-06-07 15:50:05,345] {taskinstance.py:1259} INFO - Executing <Task(PythonOperator): load_data_to_bq_task> on 2024-06-07 15:49:57.430612+00:00
[2024-06-07 15:50:05,350] {standard_task_runner.py:52} INFO - Started process 12377 to run task
[2024-06-07 15:50:05,353] {standard_task_runner.py:76} INFO - Running: ['***', 'tasks', 'run', 'data_ingestion_gcs_dag', 'load_data_to_bq_task', 'manual__2024-06-07T15:49:57.430612+00:00', '--job-id', '344', '--raw', '--subdir', 'DAGS_FOLDER/data_ingestion.py', '--cfg-path', '/tmp/tmp1d8l6rw7', '--error-file', '/tmp/tmp92ai53xi']
[2024-06-07 15:50:05,356] {standard_task_runner.py:77} INFO - Job 344: Subtask load_data_to_bq_task
[2024-06-07 15:50:05,408] {logging_mixin.py:109} INFO - Running <TaskInstance: data_ingestion_gcs_dag.load_data_to_bq_task manual__2024-06-07T15:49:57.430612+00:00 [running]> on host fbb305b57b58
[2024-06-07 15:50:05,465] {taskinstance.py:1426} INFO - Exporting the following env vars:
AIRFLOW_CTX_DAG_OWNER=***
AIRFLOW_CTX_DAG_ID=data_ingestion_gcs_dag
AIRFLOW_CTX_TASK_ID=load_data_to_bq_task
AIRFLOW_CTX_EXECUTION_DATE=2024-06-07T15:49:57.430612+00:00
AIRFLOW_CTX_DAG_RUN_ID=manual__2024-06-07T15:49:57.430612+00:00
[2024-06-07 15:50:16,619] {logging_mixin.py:109} INFO - Loaded data from gs://nyt_most_viewved_bucket/new_york_times_most_viewed_2024-06-07_15-49-59.json to parisvelib.ny_most_viewed.nyt_most_viewed_articles
[2024-06-07 15:50:16,620] {python.py:175} INFO - Done. Returned value was: None
[2024-06-07 15:50:16,630] {taskinstance.py:1277} INFO - Marking task as SUCCESS. dag_id=data_ingestion_gcs_dag, task_id=load_data_to_bq_task, execution_date=20240607T154957, start_date=20240607T155005, end_date=20240607T155016
[2024-06-07 15:50:16,673] {local_task_job.py:154} INFO - Task exited with return code 0
[2024-06-07 15:50:16,701] {local_task_job.py:264} INFO - 0 downstream tasks scheduled from follow-on schedule check
