[2024-06-07 15:50:03,128] {taskinstance.py:1032} INFO - Dependencies all met for <TaskInstance: data_ingestion_gcs_dag.upload_to_gcs_task manual__2024-06-07T15:49:57.430612+00:00 [queued]>
[2024-06-07 15:50:03,137] {taskinstance.py:1032} INFO - Dependencies all met for <TaskInstance: data_ingestion_gcs_dag.upload_to_gcs_task manual__2024-06-07T15:49:57.430612+00:00 [queued]>
[2024-06-07 15:50:03,137] {taskinstance.py:1238} INFO - 
--------------------------------------------------------------------------------
[2024-06-07 15:50:03,137] {taskinstance.py:1239} INFO - Starting attempt 1 of 2
[2024-06-07 15:50:03,137] {taskinstance.py:1240} INFO - 
--------------------------------------------------------------------------------
[2024-06-07 15:50:03,148] {taskinstance.py:1259} INFO - Executing <Task(PythonOperator): upload_to_gcs_task> on 2024-06-07 15:49:57.430612+00:00
[2024-06-07 15:50:03,153] {standard_task_runner.py:52} INFO - Started process 12371 to run task
[2024-06-07 15:50:03,156] {standard_task_runner.py:76} INFO - Running: ['***', 'tasks', 'run', 'data_ingestion_gcs_dag', 'upload_to_gcs_task', 'manual__2024-06-07T15:49:57.430612+00:00', '--job-id', '343', '--raw', '--subdir', 'DAGS_FOLDER/data_ingestion.py', '--cfg-path', '/tmp/tmp56jt7dws', '--error-file', '/tmp/tmpa7oyymhp']
[2024-06-07 15:50:03,158] {standard_task_runner.py:77} INFO - Job 343: Subtask upload_to_gcs_task
[2024-06-07 15:50:03,212] {logging_mixin.py:109} INFO - Running <TaskInstance: data_ingestion_gcs_dag.upload_to_gcs_task manual__2024-06-07T15:49:57.430612+00:00 [running]> on host fbb305b57b58
[2024-06-07 15:50:03,265] {taskinstance.py:1426} INFO - Exporting the following env vars:
AIRFLOW_CTX_DAG_OWNER=***
AIRFLOW_CTX_DAG_ID=data_ingestion_gcs_dag
AIRFLOW_CTX_TASK_ID=upload_to_gcs_task
AIRFLOW_CTX_EXECUTION_DATE=2024-06-07T15:49:57.430612+00:00
AIRFLOW_CTX_DAG_RUN_ID=manual__2024-06-07T15:49:57.430612+00:00
[2024-06-07 15:50:03,577] {logging_mixin.py:109} INFO - File new_york_times_most_viewed_2024-06-07_15-49-59.json uploaded to new_york_times_most_viewed_2024-06-07_15-49-59.json.
[2024-06-07 15:50:03,577] {python.py:175} INFO - Done. Returned value was: None
[2024-06-07 15:50:03,588] {taskinstance.py:1277} INFO - Marking task as SUCCESS. dag_id=data_ingestion_gcs_dag, task_id=upload_to_gcs_task, execution_date=20240607T154957, start_date=20240607T155003, end_date=20240607T155003
[2024-06-07 15:50:03,611] {local_task_job.py:154} INFO - Task exited with return code 0
[2024-06-07 15:50:03,643] {local_task_job.py:264} INFO - 1 downstream tasks scheduled from follow-on schedule check
