[2024-06-07 15:18:12,862] {taskinstance.py:1032} INFO - Dependencies all met for <TaskInstance: data_ingestion_gcs_dag.upload_to_gcs_task manual__2024-06-07T15:18:05.892437+00:00 [queued]>
[2024-06-07 15:18:12,879] {taskinstance.py:1032} INFO - Dependencies all met for <TaskInstance: data_ingestion_gcs_dag.upload_to_gcs_task manual__2024-06-07T15:18:05.892437+00:00 [queued]>
[2024-06-07 15:18:12,879] {taskinstance.py:1238} INFO - 
--------------------------------------------------------------------------------
[2024-06-07 15:18:12,879] {taskinstance.py:1239} INFO - Starting attempt 1 of 2
[2024-06-07 15:18:12,879] {taskinstance.py:1240} INFO - 
--------------------------------------------------------------------------------
[2024-06-07 15:18:12,898] {taskinstance.py:1259} INFO - Executing <Task(PythonOperator): upload_to_gcs_task> on 2024-06-07 15:18:05.892437+00:00
[2024-06-07 15:18:12,906] {standard_task_runner.py:52} INFO - Started process 9550 to run task
[2024-06-07 15:18:12,910] {standard_task_runner.py:76} INFO - Running: ['***', 'tasks', 'run', 'data_ingestion_gcs_dag', 'upload_to_gcs_task', 'manual__2024-06-07T15:18:05.892437+00:00', '--job-id', '323', '--raw', '--subdir', 'DAGS_FOLDER/data_ingestion.py', '--cfg-path', '/tmp/tmp67xsgyy7', '--error-file', '/tmp/tmp3xrdm05r']
[2024-06-07 15:18:12,913] {standard_task_runner.py:77} INFO - Job 323: Subtask upload_to_gcs_task
[2024-06-07 15:18:12,969] {logging_mixin.py:109} INFO - Running <TaskInstance: data_ingestion_gcs_dag.upload_to_gcs_task manual__2024-06-07T15:18:05.892437+00:00 [running]> on host fbb305b57b58
[2024-06-07 15:18:13,026] {taskinstance.py:1426} INFO - Exporting the following env vars:
AIRFLOW_CTX_DAG_OWNER=***
AIRFLOW_CTX_DAG_ID=data_ingestion_gcs_dag
AIRFLOW_CTX_TASK_ID=upload_to_gcs_task
AIRFLOW_CTX_EXECUTION_DATE=2024-06-07T15:18:05.892437+00:00
AIRFLOW_CTX_DAG_RUN_ID=manual__2024-06-07T15:18:05.892437+00:00
[2024-06-07 15:18:13,318] {logging_mixin.py:109} INFO - File new_york_times_most_viewed_2024-06-07_15-18-07.json uploaded to new_york_times_most_viewed_2024-06-07_15-18-12.json.
[2024-06-07 15:18:13,319] {python.py:175} INFO - Done. Returned value was: None
[2024-06-07 15:18:13,330] {taskinstance.py:1277} INFO - Marking task as SUCCESS. dag_id=data_ingestion_gcs_dag, task_id=upload_to_gcs_task, execution_date=20240607T151805, start_date=20240607T151812, end_date=20240607T151813
[2024-06-07 15:18:13,366] {local_task_job.py:154} INFO - Task exited with return code 0
[2024-06-07 15:18:13,399] {local_task_job.py:264} INFO - 1 downstream tasks scheduled from follow-on schedule check
