[2024-05-31 13:20:21,002] {taskinstance.py:1032} INFO - Dependencies all met for <TaskInstance: data_ingestion_gcs_dag.download_dataset_task manual__2024-05-31T13:20:19.211012+00:00 [queued]>
[2024-05-31 13:20:21,010] {taskinstance.py:1032} INFO - Dependencies all met for <TaskInstance: data_ingestion_gcs_dag.download_dataset_task manual__2024-05-31T13:20:19.211012+00:00 [queued]>
[2024-05-31 13:20:21,011] {taskinstance.py:1238} INFO - 
--------------------------------------------------------------------------------
[2024-05-31 13:20:21,011] {taskinstance.py:1239} INFO - Starting attempt 1 of 2
[2024-05-31 13:20:21,011] {taskinstance.py:1240} INFO - 
--------------------------------------------------------------------------------
[2024-05-31 13:20:21,022] {taskinstance.py:1259} INFO - Executing <Task(BashOperator): download_dataset_task> on 2024-05-31 13:20:19.211012+00:00
[2024-05-31 13:20:21,026] {standard_task_runner.py:52} INFO - Started process 1903 to run task
[2024-05-31 13:20:21,029] {standard_task_runner.py:76} INFO - Running: ['***', 'tasks', 'run', 'data_ingestion_gcs_dag', 'download_dataset_task', 'manual__2024-05-31T13:20:19.211012+00:00', '--job-id', '151', '--raw', '--subdir', 'DAGS_FOLDER/data_ingestion.py', '--cfg-path', '/tmp/tmpjf_r8h9k', '--error-file', '/tmp/tmp9jfmjdhs']
[2024-05-31 13:20:21,032] {standard_task_runner.py:77} INFO - Job 151: Subtask download_dataset_task
[2024-05-31 13:20:21,085] {logging_mixin.py:109} INFO - Running <TaskInstance: data_ingestion_gcs_dag.download_dataset_task manual__2024-05-31T13:20:19.211012+00:00 [running]> on host b7a15074a928
[2024-05-31 13:20:21,167] {taskinstance.py:1426} INFO - Exporting the following env vars:
AIRFLOW_CTX_DAG_OWNER=***
AIRFLOW_CTX_DAG_ID=data_ingestion_gcs_dag
AIRFLOW_CTX_TASK_ID=download_dataset_task
AIRFLOW_CTX_EXECUTION_DATE=2024-05-31T13:20:19.211012+00:00
AIRFLOW_CTX_DAG_RUN_ID=manual__2024-05-31T13:20:19.211012+00:00
[2024-05-31 13:20:21,170] {subprocess.py:62} INFO - Tmp dir root location: 
 /tmp
[2024-05-31 13:20:21,173] {subprocess.py:74} INFO - Running command: ['bash', '-c', 'curl -sSL https://api.nytimes.com/svc/mostpopular/v2/viewed/1.json?api-key=6RmAG7GJNkjXhOt5pYF8xPooXDpEpWt1 > /opt/***/new_york_times_most_viewed.csv']
[2024-05-31 13:20:21,190] {subprocess.py:85} INFO - Output:
[2024-05-31 13:20:22,050] {subprocess.py:93} INFO - Command exited with return code 0
[2024-05-31 13:20:22,095] {taskinstance.py:1277} INFO - Marking task as SUCCESS. dag_id=data_ingestion_gcs_dag, task_id=download_dataset_task, execution_date=20240531T132019, start_date=20240531T132021, end_date=20240531T132022
[2024-05-31 13:20:22,131] {local_task_job.py:154} INFO - Task exited with return code 0
[2024-05-31 13:20:22,169] {local_task_job.py:264} INFO - 0 downstream tasks scheduled from follow-on schedule check
