[2024-06-05 12:20:50,888] {taskinstance.py:1032} INFO - Dependencies all met for <TaskInstance: data_ingestion_gcs_dag.transform_dataset_task scheduled__2024-06-04T00:00:00+00:00 [queued]>
[2024-06-05 12:20:50,900] {taskinstance.py:1032} INFO - Dependencies all met for <TaskInstance: data_ingestion_gcs_dag.transform_dataset_task scheduled__2024-06-04T00:00:00+00:00 [queued]>
[2024-06-05 12:20:50,900] {taskinstance.py:1238} INFO - 
--------------------------------------------------------------------------------
[2024-06-05 12:20:50,900] {taskinstance.py:1239} INFO - Starting attempt 1 of 2
[2024-06-05 12:20:50,900] {taskinstance.py:1240} INFO - 
--------------------------------------------------------------------------------
[2024-06-05 12:20:50,912] {taskinstance.py:1259} INFO - Executing <Task(PythonOperator): transform_dataset_task> on 2024-06-04 00:00:00+00:00
[2024-06-05 12:20:50,918] {standard_task_runner.py:52} INFO - Started process 199 to run task
[2024-06-05 12:20:50,925] {standard_task_runner.py:76} INFO - Running: ['***', 'tasks', 'run', 'data_ingestion_gcs_dag', 'transform_dataset_task', 'scheduled__2024-06-04T00:00:00+00:00', '--job-id', '217', '--raw', '--subdir', 'DAGS_FOLDER/data_ingestion.py', '--cfg-path', '/tmp/tmpdzqc3sqv', '--error-file', '/tmp/tmp23f3dlp0']
[2024-06-05 12:20:50,930] {standard_task_runner.py:77} INFO - Job 217: Subtask transform_dataset_task
[2024-06-05 12:20:50,989] {logging_mixin.py:109} INFO - Running <TaskInstance: data_ingestion_gcs_dag.transform_dataset_task scheduled__2024-06-04T00:00:00+00:00 [running]> on host d816676767e6
[2024-06-05 12:20:51,052] {taskinstance.py:1426} INFO - Exporting the following env vars:
AIRFLOW_CTX_DAG_OWNER=***
AIRFLOW_CTX_DAG_ID=data_ingestion_gcs_dag
AIRFLOW_CTX_TASK_ID=transform_dataset_task
AIRFLOW_CTX_EXECUTION_DATE=2024-06-04T00:00:00+00:00
AIRFLOW_CTX_DAG_RUN_ID=scheduled__2024-06-04T00:00:00+00:00
[2024-06-05 12:20:51,085] {python.py:175} INFO - Done. Returned value was: None
[2024-06-05 12:20:51,098] {taskinstance.py:1277} INFO - Marking task as SUCCESS. dag_id=data_ingestion_gcs_dag, task_id=transform_dataset_task, execution_date=20240604T000000, start_date=20240605T122050, end_date=20240605T122051
[2024-06-05 12:20:51,136] {local_task_job.py:154} INFO - Task exited with return code 0
[2024-06-05 12:20:51,166] {local_task_job.py:264} INFO - 0 downstream tasks scheduled from follow-on schedule check
[2024-06-05 12:56:27,226] {taskinstance.py:1032} INFO - Dependencies all met for <TaskInstance: data_ingestion_gcs_dag.transform_dataset_task scheduled__2024-06-04T00:00:00+00:00 [queued]>
[2024-06-05 12:56:27,235] {taskinstance.py:1032} INFO - Dependencies all met for <TaskInstance: data_ingestion_gcs_dag.transform_dataset_task scheduled__2024-06-04T00:00:00+00:00 [queued]>
[2024-06-05 12:56:27,235] {taskinstance.py:1238} INFO - 
--------------------------------------------------------------------------------
[2024-06-05 12:56:27,235] {taskinstance.py:1239} INFO - Starting attempt 1 of 2
[2024-06-05 12:56:27,236] {taskinstance.py:1240} INFO - 
--------------------------------------------------------------------------------
[2024-06-05 12:56:27,246] {taskinstance.py:1259} INFO - Executing <Task(PythonOperator): transform_dataset_task> on 2024-06-04 00:00:00+00:00
[2024-06-05 12:56:27,251] {standard_task_runner.py:52} INFO - Started process 3222 to run task
[2024-06-05 12:56:27,254] {standard_task_runner.py:76} INFO - Running: ['***', 'tasks', 'run', 'data_ingestion_gcs_dag', 'transform_dataset_task', 'scheduled__2024-06-04T00:00:00+00:00', '--job-id', '229', '--raw', '--subdir', 'DAGS_FOLDER/data_ingestion.py', '--cfg-path', '/tmp/tmpwpnmnog5', '--error-file', '/tmp/tmpnbc8boij']
[2024-06-05 12:56:27,257] {standard_task_runner.py:77} INFO - Job 229: Subtask transform_dataset_task
[2024-06-05 12:56:27,311] {logging_mixin.py:109} INFO - Running <TaskInstance: data_ingestion_gcs_dag.transform_dataset_task scheduled__2024-06-04T00:00:00+00:00 [running]> on host d816676767e6
[2024-06-05 12:56:27,365] {taskinstance.py:1426} INFO - Exporting the following env vars:
AIRFLOW_CTX_DAG_OWNER=***
AIRFLOW_CTX_DAG_ID=data_ingestion_gcs_dag
AIRFLOW_CTX_TASK_ID=transform_dataset_task
AIRFLOW_CTX_EXECUTION_DATE=2024-06-04T00:00:00+00:00
AIRFLOW_CTX_DAG_RUN_ID=scheduled__2024-06-04T00:00:00+00:00
[2024-06-05 12:56:27,394] {python.py:175} INFO - Done. Returned value was: None
[2024-06-05 12:56:27,405] {taskinstance.py:1277} INFO - Marking task as SUCCESS. dag_id=data_ingestion_gcs_dag, task_id=transform_dataset_task, execution_date=20240604T000000, start_date=20240605T125627, end_date=20240605T125627
[2024-06-05 12:56:27,429] {local_task_job.py:154} INFO - Task exited with return code 0
[2024-06-05 12:56:27,464] {local_task_job.py:264} INFO - 1 downstream tasks scheduled from follow-on schedule check
