[2024-06-05 12:25:45,655] {processor.py:163} INFO - Started process (PID=577) to work on /opt/airflow/dags/transform.py
[2024-06-05 12:25:45,656] {processor.py:642} INFO - Processing file /opt/airflow/dags/transform.py for tasks to queue
[2024-06-05 12:25:45,656] {logging_mixin.py:109} INFO - [2024-06-05 12:25:45,656] {dagbag.py:500} INFO - Filling up the DagBag from /opt/airflow/dags/transform.py
[2024-06-05 12:25:46,217] {processor.py:656} WARNING - No viable dags retrieved from /opt/airflow/dags/transform.py
[2024-06-05 12:25:46,221] {processor.py:171} INFO - Processing /opt/airflow/dags/transform.py took 0.568 seconds
[2024-06-05 12:26:16,334] {processor.py:163} INFO - Started process (PID=625) to work on /opt/airflow/dags/transform.py
[2024-06-05 12:26:16,335] {processor.py:642} INFO - Processing file /opt/airflow/dags/transform.py for tasks to queue
[2024-06-05 12:26:16,336] {logging_mixin.py:109} INFO - [2024-06-05 12:26:16,336] {dagbag.py:500} INFO - Filling up the DagBag from /opt/airflow/dags/transform.py
[2024-06-05 12:26:16,867] {processor.py:656} WARNING - No viable dags retrieved from /opt/airflow/dags/transform.py
[2024-06-05 12:26:16,871] {processor.py:171} INFO - Processing /opt/airflow/dags/transform.py took 0.540 seconds
[2024-06-05 12:26:46,972] {processor.py:163} INFO - Started process (PID=663) to work on /opt/airflow/dags/transform.py
[2024-06-05 12:26:46,973] {processor.py:642} INFO - Processing file /opt/airflow/dags/transform.py for tasks to queue
[2024-06-05 12:26:46,974] {logging_mixin.py:109} INFO - [2024-06-05 12:26:46,974] {dagbag.py:500} INFO - Filling up the DagBag from /opt/airflow/dags/transform.py
[2024-06-05 12:26:47,525] {processor.py:656} WARNING - No viable dags retrieved from /opt/airflow/dags/transform.py
[2024-06-05 12:26:47,529] {processor.py:171} INFO - Processing /opt/airflow/dags/transform.py took 0.559 seconds
[2024-06-05 12:27:17,561] {processor.py:163} INFO - Started process (PID=712) to work on /opt/airflow/dags/transform.py
[2024-06-05 12:27:17,564] {processor.py:642} INFO - Processing file /opt/airflow/dags/transform.py for tasks to queue
[2024-06-05 12:27:17,564] {logging_mixin.py:109} INFO - [2024-06-05 12:27:17,564] {dagbag.py:500} INFO - Filling up the DagBag from /opt/airflow/dags/transform.py
[2024-06-05 12:27:18,280] {processor.py:656} WARNING - No viable dags retrieved from /opt/airflow/dags/transform.py
[2024-06-05 12:27:18,283] {processor.py:171} INFO - Processing /opt/airflow/dags/transform.py took 0.725 seconds
[2024-06-05 12:27:48,972] {processor.py:163} INFO - Started process (PID=790) to work on /opt/airflow/dags/transform.py
[2024-06-05 12:27:48,973] {processor.py:642} INFO - Processing file /opt/airflow/dags/transform.py for tasks to queue
[2024-06-05 12:27:48,974] {logging_mixin.py:109} INFO - [2024-06-05 12:27:48,974] {dagbag.py:500} INFO - Filling up the DagBag from /opt/airflow/dags/transform.py
[2024-06-05 12:27:49,683] {processor.py:656} WARNING - No viable dags retrieved from /opt/airflow/dags/transform.py
[2024-06-05 12:27:49,686] {processor.py:171} INFO - Processing /opt/airflow/dags/transform.py took 0.717 seconds
[2024-06-05 12:28:19,772] {processor.py:163} INFO - Started process (PID=837) to work on /opt/airflow/dags/transform.py
[2024-06-05 12:28:19,774] {processor.py:642} INFO - Processing file /opt/airflow/dags/transform.py for tasks to queue
[2024-06-05 12:28:19,775] {logging_mixin.py:109} INFO - [2024-06-05 12:28:19,775] {dagbag.py:500} INFO - Filling up the DagBag from /opt/airflow/dags/transform.py
[2024-06-05 12:28:20,510] {processor.py:656} WARNING - No viable dags retrieved from /opt/airflow/dags/transform.py
[2024-06-05 12:28:20,514] {processor.py:171} INFO - Processing /opt/airflow/dags/transform.py took 0.747 seconds
[2024-06-05 12:28:50,636] {processor.py:163} INFO - Started process (PID=876) to work on /opt/airflow/dags/transform.py
[2024-06-05 12:28:50,637] {processor.py:642} INFO - Processing file /opt/airflow/dags/transform.py for tasks to queue
[2024-06-05 12:28:50,637] {logging_mixin.py:109} INFO - [2024-06-05 12:28:50,637] {dagbag.py:500} INFO - Filling up the DagBag from /opt/airflow/dags/transform.py
[2024-06-05 12:28:51,116] {processor.py:656} WARNING - No viable dags retrieved from /opt/airflow/dags/transform.py
[2024-06-05 12:28:51,119] {processor.py:171} INFO - Processing /opt/airflow/dags/transform.py took 0.486 seconds
[2024-06-05 12:29:21,220] {processor.py:163} INFO - Started process (PID=913) to work on /opt/airflow/dags/transform.py
[2024-06-05 12:29:21,225] {processor.py:642} INFO - Processing file /opt/airflow/dags/transform.py for tasks to queue
[2024-06-05 12:29:21,226] {logging_mixin.py:109} INFO - [2024-06-05 12:29:21,226] {dagbag.py:500} INFO - Filling up the DagBag from /opt/airflow/dags/transform.py
[2024-06-05 12:29:21,766] {processor.py:656} WARNING - No viable dags retrieved from /opt/airflow/dags/transform.py
[2024-06-05 12:29:21,769] {processor.py:171} INFO - Processing /opt/airflow/dags/transform.py took 0.555 seconds
[2024-06-05 12:29:52,625] {processor.py:163} INFO - Started process (PID=960) to work on /opt/airflow/dags/transform.py
[2024-06-05 12:29:52,627] {processor.py:642} INFO - Processing file /opt/airflow/dags/transform.py for tasks to queue
[2024-06-05 12:29:52,628] {logging_mixin.py:109} INFO - [2024-06-05 12:29:52,628] {dagbag.py:500} INFO - Filling up the DagBag from /opt/airflow/dags/transform.py
[2024-06-05 12:29:53,563] {processor.py:656} WARNING - No viable dags retrieved from /opt/airflow/dags/transform.py
[2024-06-05 12:29:53,567] {processor.py:171} INFO - Processing /opt/airflow/dags/transform.py took 0.947 seconds
[2024-06-05 12:30:23,793] {processor.py:163} INFO - Started process (PID=998) to work on /opt/airflow/dags/transform.py
[2024-06-05 12:30:23,794] {processor.py:642} INFO - Processing file /opt/airflow/dags/transform.py for tasks to queue
[2024-06-05 12:30:23,794] {logging_mixin.py:109} INFO - [2024-06-05 12:30:23,794] {dagbag.py:500} INFO - Filling up the DagBag from /opt/airflow/dags/transform.py
[2024-06-05 12:30:24,321] {processor.py:656} WARNING - No viable dags retrieved from /opt/airflow/dags/transform.py
[2024-06-05 12:30:24,324] {processor.py:171} INFO - Processing /opt/airflow/dags/transform.py took 0.535 seconds
[2024-06-05 12:30:54,473] {processor.py:163} INFO - Started process (PID=1046) to work on /opt/airflow/dags/transform.py
[2024-06-05 12:30:54,474] {processor.py:642} INFO - Processing file /opt/airflow/dags/transform.py for tasks to queue
[2024-06-05 12:30:54,475] {logging_mixin.py:109} INFO - [2024-06-05 12:30:54,474] {dagbag.py:500} INFO - Filling up the DagBag from /opt/airflow/dags/transform.py
[2024-06-05 12:30:55,322] {processor.py:656} WARNING - No viable dags retrieved from /opt/airflow/dags/transform.py
[2024-06-05 12:30:55,326] {processor.py:171} INFO - Processing /opt/airflow/dags/transform.py took 0.857 seconds
[2024-06-05 12:31:25,554] {processor.py:163} INFO - Started process (PID=1083) to work on /opt/airflow/dags/transform.py
[2024-06-05 12:31:25,555] {processor.py:642} INFO - Processing file /opt/airflow/dags/transform.py for tasks to queue
[2024-06-05 12:31:25,555] {logging_mixin.py:109} INFO - [2024-06-05 12:31:25,555] {dagbag.py:500} INFO - Filling up the DagBag from /opt/airflow/dags/transform.py
[2024-06-05 12:31:26,053] {processor.py:656} WARNING - No viable dags retrieved from /opt/airflow/dags/transform.py
[2024-06-05 12:31:26,056] {processor.py:171} INFO - Processing /opt/airflow/dags/transform.py took 0.506 seconds
[2024-06-05 12:31:56,663] {processor.py:163} INFO - Started process (PID=1131) to work on /opt/airflow/dags/transform.py
[2024-06-05 12:31:56,665] {processor.py:642} INFO - Processing file /opt/airflow/dags/transform.py for tasks to queue
[2024-06-05 12:31:56,665] {logging_mixin.py:109} INFO - [2024-06-05 12:31:56,665] {dagbag.py:500} INFO - Filling up the DagBag from /opt/airflow/dags/transform.py
[2024-06-05 12:31:57,316] {processor.py:656} WARNING - No viable dags retrieved from /opt/airflow/dags/transform.py
[2024-06-05 12:31:57,320] {processor.py:171} INFO - Processing /opt/airflow/dags/transform.py took 0.660 seconds
[2024-06-05 12:32:27,350] {processor.py:163} INFO - Started process (PID=1170) to work on /opt/airflow/dags/transform.py
[2024-06-05 12:32:27,353] {processor.py:642} INFO - Processing file /opt/airflow/dags/transform.py for tasks to queue
[2024-06-05 12:32:27,354] {logging_mixin.py:109} INFO - [2024-06-05 12:32:27,353] {dagbag.py:500} INFO - Filling up the DagBag from /opt/airflow/dags/transform.py
[2024-06-05 12:32:27,896] {processor.py:656} WARNING - No viable dags retrieved from /opt/airflow/dags/transform.py
[2024-06-05 12:32:27,899] {processor.py:171} INFO - Processing /opt/airflow/dags/transform.py took 0.552 seconds
[2024-06-05 12:32:57,984] {processor.py:163} INFO - Started process (PID=1217) to work on /opt/airflow/dags/transform.py
[2024-06-05 12:32:57,986] {processor.py:642} INFO - Processing file /opt/airflow/dags/transform.py for tasks to queue
[2024-06-05 12:32:57,987] {logging_mixin.py:109} INFO - [2024-06-05 12:32:57,987] {dagbag.py:500} INFO - Filling up the DagBag from /opt/airflow/dags/transform.py
[2024-06-05 12:32:58,567] {processor.py:656} WARNING - No viable dags retrieved from /opt/airflow/dags/transform.py
[2024-06-05 12:32:58,570] {processor.py:171} INFO - Processing /opt/airflow/dags/transform.py took 0.590 seconds
[2024-06-05 12:33:28,669] {processor.py:163} INFO - Started process (PID=1256) to work on /opt/airflow/dags/transform.py
[2024-06-05 12:33:28,671] {processor.py:642} INFO - Processing file /opt/airflow/dags/transform.py for tasks to queue
[2024-06-05 12:33:28,672] {logging_mixin.py:109} INFO - [2024-06-05 12:33:28,672] {dagbag.py:500} INFO - Filling up the DagBag from /opt/airflow/dags/transform.py
[2024-06-05 12:33:29,179] {processor.py:656} WARNING - No viable dags retrieved from /opt/airflow/dags/transform.py
[2024-06-05 12:33:29,182] {processor.py:171} INFO - Processing /opt/airflow/dags/transform.py took 0.516 seconds
[2024-06-05 12:33:59,271] {processor.py:163} INFO - Started process (PID=1293) to work on /opt/airflow/dags/transform.py
[2024-06-05 12:33:59,276] {processor.py:642} INFO - Processing file /opt/airflow/dags/transform.py for tasks to queue
[2024-06-05 12:33:59,277] {logging_mixin.py:109} INFO - [2024-06-05 12:33:59,277] {dagbag.py:500} INFO - Filling up the DagBag from /opt/airflow/dags/transform.py
[2024-06-05 12:33:59,907] {processor.py:656} WARNING - No viable dags retrieved from /opt/airflow/dags/transform.py
[2024-06-05 12:33:59,910] {processor.py:171} INFO - Processing /opt/airflow/dags/transform.py took 0.643 seconds
[2024-06-05 12:34:30,003] {processor.py:163} INFO - Started process (PID=1341) to work on /opt/airflow/dags/transform.py
[2024-06-05 12:34:30,007] {processor.py:642} INFO - Processing file /opt/airflow/dags/transform.py for tasks to queue
[2024-06-05 12:34:30,008] {logging_mixin.py:109} INFO - [2024-06-05 12:34:30,008] {dagbag.py:500} INFO - Filling up the DagBag from /opt/airflow/dags/transform.py
[2024-06-05 12:34:30,501] {processor.py:656} WARNING - No viable dags retrieved from /opt/airflow/dags/transform.py
[2024-06-05 12:34:30,504] {processor.py:171} INFO - Processing /opt/airflow/dags/transform.py took 0.505 seconds
[2024-06-05 12:35:00,608] {processor.py:163} INFO - Started process (PID=1379) to work on /opt/airflow/dags/transform.py
[2024-06-05 12:35:00,609] {processor.py:642} INFO - Processing file /opt/airflow/dags/transform.py for tasks to queue
[2024-06-05 12:35:00,610] {logging_mixin.py:109} INFO - [2024-06-05 12:35:00,610] {dagbag.py:500} INFO - Filling up the DagBag from /opt/airflow/dags/transform.py
[2024-06-05 12:35:01,158] {processor.py:656} WARNING - No viable dags retrieved from /opt/airflow/dags/transform.py
[2024-06-05 12:35:01,161] {processor.py:171} INFO - Processing /opt/airflow/dags/transform.py took 0.556 seconds
[2024-06-05 12:35:31,269] {processor.py:163} INFO - Started process (PID=1426) to work on /opt/airflow/dags/transform.py
[2024-06-05 12:35:31,273] {processor.py:642} INFO - Processing file /opt/airflow/dags/transform.py for tasks to queue
[2024-06-05 12:35:31,274] {logging_mixin.py:109} INFO - [2024-06-05 12:35:31,274] {dagbag.py:500} INFO - Filling up the DagBag from /opt/airflow/dags/transform.py
[2024-06-05 12:35:31,874] {processor.py:656} WARNING - No viable dags retrieved from /opt/airflow/dags/transform.py
[2024-06-05 12:35:31,879] {processor.py:171} INFO - Processing /opt/airflow/dags/transform.py took 0.614 seconds
[2024-06-05 12:36:01,976] {processor.py:163} INFO - Started process (PID=1464) to work on /opt/airflow/dags/transform.py
[2024-06-05 12:36:01,978] {processor.py:642} INFO - Processing file /opt/airflow/dags/transform.py for tasks to queue
[2024-06-05 12:36:01,978] {logging_mixin.py:109} INFO - [2024-06-05 12:36:01,978] {dagbag.py:500} INFO - Filling up the DagBag from /opt/airflow/dags/transform.py
[2024-06-05 12:36:02,538] {processor.py:656} WARNING - No viable dags retrieved from /opt/airflow/dags/transform.py
[2024-06-05 12:36:02,542] {processor.py:171} INFO - Processing /opt/airflow/dags/transform.py took 0.568 seconds
[2024-06-05 12:36:32,678] {processor.py:163} INFO - Started process (PID=1509) to work on /opt/airflow/dags/transform.py
[2024-06-05 12:36:32,680] {processor.py:642} INFO - Processing file /opt/airflow/dags/transform.py for tasks to queue
[2024-06-05 12:36:32,681] {logging_mixin.py:109} INFO - [2024-06-05 12:36:32,681] {dagbag.py:500} INFO - Filling up the DagBag from /opt/airflow/dags/transform.py
[2024-06-05 12:36:33,526] {processor.py:656} WARNING - No viable dags retrieved from /opt/airflow/dags/transform.py
[2024-06-05 12:36:33,529] {processor.py:171} INFO - Processing /opt/airflow/dags/transform.py took 0.855 seconds
[2024-06-05 12:37:03,590] {processor.py:163} INFO - Started process (PID=1546) to work on /opt/airflow/dags/transform.py
[2024-06-05 12:37:03,593] {processor.py:642} INFO - Processing file /opt/airflow/dags/transform.py for tasks to queue
[2024-06-05 12:37:03,594] {logging_mixin.py:109} INFO - [2024-06-05 12:37:03,594] {dagbag.py:500} INFO - Filling up the DagBag from /opt/airflow/dags/transform.py
[2024-06-05 12:37:04,133] {processor.py:656} WARNING - No viable dags retrieved from /opt/airflow/dags/transform.py
[2024-06-05 12:37:04,136] {processor.py:171} INFO - Processing /opt/airflow/dags/transform.py took 0.550 seconds
[2024-06-05 12:37:34,218] {processor.py:163} INFO - Started process (PID=1589) to work on /opt/airflow/dags/transform.py
[2024-06-05 12:37:34,221] {processor.py:642} INFO - Processing file /opt/airflow/dags/transform.py for tasks to queue
[2024-06-05 12:37:34,221] {logging_mixin.py:109} INFO - [2024-06-05 12:37:34,221] {dagbag.py:500} INFO - Filling up the DagBag from /opt/airflow/dags/transform.py
[2024-06-05 12:37:34,720] {processor.py:656} WARNING - No viable dags retrieved from /opt/airflow/dags/transform.py
[2024-06-05 12:37:34,723] {processor.py:171} INFO - Processing /opt/airflow/dags/transform.py took 0.508 seconds
[2024-06-05 12:38:05,305] {processor.py:163} INFO - Started process (PID=1630) to work on /opt/airflow/dags/transform.py
[2024-06-05 12:38:05,306] {processor.py:642} INFO - Processing file /opt/airflow/dags/transform.py for tasks to queue
[2024-06-05 12:38:05,307] {logging_mixin.py:109} INFO - [2024-06-05 12:38:05,307] {dagbag.py:500} INFO - Filling up the DagBag from /opt/airflow/dags/transform.py
[2024-06-05 12:38:05,805] {processor.py:656} WARNING - No viable dags retrieved from /opt/airflow/dags/transform.py
[2024-06-05 12:38:05,808] {processor.py:171} INFO - Processing /opt/airflow/dags/transform.py took 0.506 seconds
[2024-06-05 12:38:35,904] {processor.py:163} INFO - Started process (PID=1669) to work on /opt/airflow/dags/transform.py
[2024-06-05 12:38:35,907] {processor.py:642} INFO - Processing file /opt/airflow/dags/transform.py for tasks to queue
[2024-06-05 12:38:35,908] {logging_mixin.py:109} INFO - [2024-06-05 12:38:35,907] {dagbag.py:500} INFO - Filling up the DagBag from /opt/airflow/dags/transform.py
[2024-06-05 12:38:36,534] {processor.py:656} WARNING - No viable dags retrieved from /opt/airflow/dags/transform.py
[2024-06-05 12:38:36,537] {processor.py:171} INFO - Processing /opt/airflow/dags/transform.py took 0.636 seconds
[2024-06-05 12:39:06,662] {processor.py:163} INFO - Started process (PID=1717) to work on /opt/airflow/dags/transform.py
[2024-06-05 12:39:06,666] {processor.py:642} INFO - Processing file /opt/airflow/dags/transform.py for tasks to queue
[2024-06-05 12:39:06,667] {logging_mixin.py:109} INFO - [2024-06-05 12:39:06,667] {dagbag.py:500} INFO - Filling up the DagBag from /opt/airflow/dags/transform.py
[2024-06-05 12:39:07,500] {processor.py:656} WARNING - No viable dags retrieved from /opt/airflow/dags/transform.py
[2024-06-05 12:39:07,506] {processor.py:171} INFO - Processing /opt/airflow/dags/transform.py took 0.848 seconds
[2024-06-05 12:39:37,613] {processor.py:163} INFO - Started process (PID=1755) to work on /opt/airflow/dags/transform.py
[2024-06-05 12:39:37,615] {processor.py:642} INFO - Processing file /opt/airflow/dags/transform.py for tasks to queue
[2024-06-05 12:39:37,616] {logging_mixin.py:109} INFO - [2024-06-05 12:39:37,616] {dagbag.py:500} INFO - Filling up the DagBag from /opt/airflow/dags/transform.py
[2024-06-05 12:39:38,169] {processor.py:656} WARNING - No viable dags retrieved from /opt/airflow/dags/transform.py
[2024-06-05 12:39:38,173] {processor.py:171} INFO - Processing /opt/airflow/dags/transform.py took 0.564 seconds
[2024-06-05 12:40:08,267] {processor.py:163} INFO - Started process (PID=1804) to work on /opt/airflow/dags/transform.py
[2024-06-05 12:40:08,270] {processor.py:642} INFO - Processing file /opt/airflow/dags/transform.py for tasks to queue
[2024-06-05 12:40:08,270] {logging_mixin.py:109} INFO - [2024-06-05 12:40:08,270] {dagbag.py:500} INFO - Filling up the DagBag from /opt/airflow/dags/transform.py
[2024-06-05 12:40:08,878] {processor.py:656} WARNING - No viable dags retrieved from /opt/airflow/dags/transform.py
[2024-06-05 12:40:08,884] {processor.py:171} INFO - Processing /opt/airflow/dags/transform.py took 0.620 seconds
[2024-06-05 12:40:39,176] {processor.py:163} INFO - Started process (PID=1851) to work on /opt/airflow/dags/transform.py
[2024-06-05 12:40:39,180] {processor.py:642} INFO - Processing file /opt/airflow/dags/transform.py for tasks to queue
[2024-06-05 12:40:39,181] {logging_mixin.py:109} INFO - [2024-06-05 12:40:39,181] {dagbag.py:500} INFO - Filling up the DagBag from /opt/airflow/dags/transform.py
[2024-06-05 12:40:39,702] {processor.py:656} WARNING - No viable dags retrieved from /opt/airflow/dags/transform.py
[2024-06-05 12:40:39,706] {processor.py:171} INFO - Processing /opt/airflow/dags/transform.py took 0.534 seconds
[2024-06-05 12:41:09,804] {processor.py:163} INFO - Started process (PID=1899) to work on /opt/airflow/dags/transform.py
[2024-06-05 12:41:09,806] {processor.py:642} INFO - Processing file /opt/airflow/dags/transform.py for tasks to queue
[2024-06-05 12:41:09,806] {logging_mixin.py:109} INFO - [2024-06-05 12:41:09,806] {dagbag.py:500} INFO - Filling up the DagBag from /opt/airflow/dags/transform.py
[2024-06-05 12:41:10,492] {processor.py:656} WARNING - No viable dags retrieved from /opt/airflow/dags/transform.py
[2024-06-05 12:41:10,496] {processor.py:171} INFO - Processing /opt/airflow/dags/transform.py took 0.696 seconds
[2024-06-05 12:41:40,583] {processor.py:163} INFO - Started process (PID=1937) to work on /opt/airflow/dags/transform.py
[2024-06-05 12:41:40,586] {processor.py:642} INFO - Processing file /opt/airflow/dags/transform.py for tasks to queue
[2024-06-05 12:41:40,586] {logging_mixin.py:109} INFO - [2024-06-05 12:41:40,586] {dagbag.py:500} INFO - Filling up the DagBag from /opt/airflow/dags/transform.py
[2024-06-05 12:41:41,099] {processor.py:656} WARNING - No viable dags retrieved from /opt/airflow/dags/transform.py
[2024-06-05 12:41:41,103] {processor.py:171} INFO - Processing /opt/airflow/dags/transform.py took 0.522 seconds
[2024-06-05 12:42:11,191] {processor.py:163} INFO - Started process (PID=1985) to work on /opt/airflow/dags/transform.py
[2024-06-05 12:42:11,192] {processor.py:642} INFO - Processing file /opt/airflow/dags/transform.py for tasks to queue
[2024-06-05 12:42:11,192] {logging_mixin.py:109} INFO - [2024-06-05 12:42:11,192] {dagbag.py:500} INFO - Filling up the DagBag from /opt/airflow/dags/transform.py
[2024-06-05 12:42:11,690] {processor.py:656} WARNING - No viable dags retrieved from /opt/airflow/dags/transform.py
[2024-06-05 12:42:11,693] {processor.py:171} INFO - Processing /opt/airflow/dags/transform.py took 0.505 seconds
[2024-06-05 12:42:42,532] {processor.py:163} INFO - Started process (PID=2022) to work on /opt/airflow/dags/transform.py
[2024-06-05 12:42:42,536] {processor.py:642} INFO - Processing file /opt/airflow/dags/transform.py for tasks to queue
[2024-06-05 12:42:42,537] {logging_mixin.py:109} INFO - [2024-06-05 12:42:42,537] {dagbag.py:500} INFO - Filling up the DagBag from /opt/airflow/dags/transform.py
[2024-06-05 12:42:43,036] {processor.py:656} WARNING - No viable dags retrieved from /opt/airflow/dags/transform.py
[2024-06-05 12:42:43,039] {processor.py:171} INFO - Processing /opt/airflow/dags/transform.py took 0.511 seconds
[2024-06-05 12:43:13,128] {processor.py:163} INFO - Started process (PID=2060) to work on /opt/airflow/dags/transform.py
[2024-06-05 12:43:13,129] {processor.py:642} INFO - Processing file /opt/airflow/dags/transform.py for tasks to queue
[2024-06-05 12:43:13,130] {logging_mixin.py:109} INFO - [2024-06-05 12:43:13,130] {dagbag.py:500} INFO - Filling up the DagBag from /opt/airflow/dags/transform.py
[2024-06-05 12:43:13,769] {processor.py:656} WARNING - No viable dags retrieved from /opt/airflow/dags/transform.py
[2024-06-05 12:43:13,773] {processor.py:171} INFO - Processing /opt/airflow/dags/transform.py took 0.649 seconds
[2024-06-05 12:43:43,868] {processor.py:163} INFO - Started process (PID=2108) to work on /opt/airflow/dags/transform.py
[2024-06-05 12:43:43,870] {processor.py:642} INFO - Processing file /opt/airflow/dags/transform.py for tasks to queue
[2024-06-05 12:43:43,871] {logging_mixin.py:109} INFO - [2024-06-05 12:43:43,871] {dagbag.py:500} INFO - Filling up the DagBag from /opt/airflow/dags/transform.py
[2024-06-05 12:43:44,384] {processor.py:656} WARNING - No viable dags retrieved from /opt/airflow/dags/transform.py
[2024-06-05 12:43:44,387] {processor.py:171} INFO - Processing /opt/airflow/dags/transform.py took 0.523 seconds
[2024-06-05 12:44:14,473] {processor.py:163} INFO - Started process (PID=2146) to work on /opt/airflow/dags/transform.py
[2024-06-05 12:44:14,475] {processor.py:642} INFO - Processing file /opt/airflow/dags/transform.py for tasks to queue
[2024-06-05 12:44:14,477] {logging_mixin.py:109} INFO - [2024-06-05 12:44:14,477] {dagbag.py:500} INFO - Filling up the DagBag from /opt/airflow/dags/transform.py
[2024-06-05 12:44:15,185] {processor.py:656} WARNING - No viable dags retrieved from /opt/airflow/dags/transform.py
[2024-06-05 12:44:15,190] {processor.py:171} INFO - Processing /opt/airflow/dags/transform.py took 0.722 seconds
[2024-06-05 12:44:45,281] {processor.py:163} INFO - Started process (PID=2195) to work on /opt/airflow/dags/transform.py
[2024-06-05 12:44:45,282] {processor.py:642} INFO - Processing file /opt/airflow/dags/transform.py for tasks to queue
[2024-06-05 12:44:45,283] {logging_mixin.py:109} INFO - [2024-06-05 12:44:45,283] {dagbag.py:500} INFO - Filling up the DagBag from /opt/airflow/dags/transform.py
[2024-06-05 12:44:45,763] {processor.py:656} WARNING - No viable dags retrieved from /opt/airflow/dags/transform.py
[2024-06-05 12:44:45,766] {processor.py:171} INFO - Processing /opt/airflow/dags/transform.py took 0.488 seconds
[2024-06-05 12:45:15,842] {processor.py:163} INFO - Started process (PID=2233) to work on /opt/airflow/dags/transform.py
[2024-06-05 12:45:15,846] {processor.py:642} INFO - Processing file /opt/airflow/dags/transform.py for tasks to queue
[2024-06-05 12:45:15,847] {logging_mixin.py:109} INFO - [2024-06-05 12:45:15,847] {dagbag.py:500} INFO - Filling up the DagBag from /opt/airflow/dags/transform.py
[2024-06-05 12:45:16,506] {processor.py:656} WARNING - No viable dags retrieved from /opt/airflow/dags/transform.py
[2024-06-05 12:45:16,510] {processor.py:171} INFO - Processing /opt/airflow/dags/transform.py took 0.674 seconds
[2024-06-05 12:45:46,592] {processor.py:163} INFO - Started process (PID=2281) to work on /opt/airflow/dags/transform.py
[2024-06-05 12:45:46,594] {processor.py:642} INFO - Processing file /opt/airflow/dags/transform.py for tasks to queue
[2024-06-05 12:45:46,594] {logging_mixin.py:109} INFO - [2024-06-05 12:45:46,594] {dagbag.py:500} INFO - Filling up the DagBag from /opt/airflow/dags/transform.py
[2024-06-05 12:45:47,132] {processor.py:656} WARNING - No viable dags retrieved from /opt/airflow/dags/transform.py
[2024-06-05 12:45:47,135] {processor.py:171} INFO - Processing /opt/airflow/dags/transform.py took 0.546 seconds
[2024-06-05 12:46:17,681] {processor.py:163} INFO - Started process (PID=2319) to work on /opt/airflow/dags/transform.py
[2024-06-05 12:46:17,682] {processor.py:642} INFO - Processing file /opt/airflow/dags/transform.py for tasks to queue
[2024-06-05 12:46:17,683] {logging_mixin.py:109} INFO - [2024-06-05 12:46:17,682] {dagbag.py:500} INFO - Filling up the DagBag from /opt/airflow/dags/transform.py
[2024-06-05 12:46:18,213] {processor.py:656} WARNING - No viable dags retrieved from /opt/airflow/dags/transform.py
[2024-06-05 12:46:18,217] {processor.py:171} INFO - Processing /opt/airflow/dags/transform.py took 0.540 seconds
[2024-06-05 12:46:48,989] {processor.py:163} INFO - Started process (PID=2366) to work on /opt/airflow/dags/transform.py
[2024-06-05 12:46:48,991] {processor.py:642} INFO - Processing file /opt/airflow/dags/transform.py for tasks to queue
[2024-06-05 12:46:48,992] {logging_mixin.py:109} INFO - [2024-06-05 12:46:48,992] {dagbag.py:500} INFO - Filling up the DagBag from /opt/airflow/dags/transform.py
[2024-06-05 12:46:49,520] {processor.py:656} WARNING - No viable dags retrieved from /opt/airflow/dags/transform.py
[2024-06-05 12:46:49,523] {processor.py:171} INFO - Processing /opt/airflow/dags/transform.py took 0.538 seconds
[2024-06-05 12:47:20,263] {processor.py:163} INFO - Started process (PID=2404) to work on /opt/airflow/dags/transform.py
[2024-06-05 12:47:20,265] {processor.py:642} INFO - Processing file /opt/airflow/dags/transform.py for tasks to queue
[2024-06-05 12:47:20,266] {logging_mixin.py:109} INFO - [2024-06-05 12:47:20,266] {dagbag.py:500} INFO - Filling up the DagBag from /opt/airflow/dags/transform.py
[2024-06-05 12:47:20,771] {processor.py:656} WARNING - No viable dags retrieved from /opt/airflow/dags/transform.py
[2024-06-05 12:47:20,774] {processor.py:171} INFO - Processing /opt/airflow/dags/transform.py took 0.514 seconds
[2024-06-05 12:47:51,631] {processor.py:163} INFO - Started process (PID=2452) to work on /opt/airflow/dags/transform.py
[2024-06-05 12:47:51,638] {processor.py:642} INFO - Processing file /opt/airflow/dags/transform.py for tasks to queue
[2024-06-05 12:47:51,639] {logging_mixin.py:109} INFO - [2024-06-05 12:47:51,639] {dagbag.py:500} INFO - Filling up the DagBag from /opt/airflow/dags/transform.py
[2024-06-05 12:47:52,439] {processor.py:656} WARNING - No viable dags retrieved from /opt/airflow/dags/transform.py
[2024-06-05 12:47:52,444] {processor.py:171} INFO - Processing /opt/airflow/dags/transform.py took 0.817 seconds
[2024-06-05 12:48:22,864] {processor.py:163} INFO - Started process (PID=2490) to work on /opt/airflow/dags/transform.py
[2024-06-05 12:48:22,866] {processor.py:642} INFO - Processing file /opt/airflow/dags/transform.py for tasks to queue
[2024-06-05 12:48:22,867] {logging_mixin.py:109} INFO - [2024-06-05 12:48:22,867] {dagbag.py:500} INFO - Filling up the DagBag from /opt/airflow/dags/transform.py
[2024-06-05 12:48:23,382] {processor.py:656} WARNING - No viable dags retrieved from /opt/airflow/dags/transform.py
[2024-06-05 12:48:23,385] {processor.py:171} INFO - Processing /opt/airflow/dags/transform.py took 0.525 seconds
[2024-06-05 12:48:53,560] {processor.py:163} INFO - Started process (PID=2543) to work on /opt/airflow/dags/transform.py
[2024-06-05 12:48:53,569] {processor.py:642} INFO - Processing file /opt/airflow/dags/transform.py for tasks to queue
[2024-06-05 12:48:53,571] {logging_mixin.py:109} INFO - [2024-06-05 12:48:53,570] {dagbag.py:500} INFO - Filling up the DagBag from /opt/airflow/dags/transform.py
[2024-06-05 12:48:54,237] {processor.py:656} WARNING - No viable dags retrieved from /opt/airflow/dags/transform.py
[2024-06-05 12:48:54,246] {processor.py:171} INFO - Processing /opt/airflow/dags/transform.py took 0.691 seconds
[2024-06-05 12:49:24,348] {processor.py:163} INFO - Started process (PID=2578) to work on /opt/airflow/dags/transform.py
[2024-06-05 12:49:24,353] {processor.py:642} INFO - Processing file /opt/airflow/dags/transform.py for tasks to queue
[2024-06-05 12:49:24,353] {logging_mixin.py:109} INFO - [2024-06-05 12:49:24,353] {dagbag.py:500} INFO - Filling up the DagBag from /opt/airflow/dags/transform.py
[2024-06-05 12:49:24,833] {processor.py:656} WARNING - No viable dags retrieved from /opt/airflow/dags/transform.py
[2024-06-05 12:49:24,835] {processor.py:171} INFO - Processing /opt/airflow/dags/transform.py took 0.490 seconds
[2024-06-05 12:49:55,488] {processor.py:163} INFO - Started process (PID=2622) to work on /opt/airflow/dags/transform.py
[2024-06-05 12:49:55,492] {processor.py:642} INFO - Processing file /opt/airflow/dags/transform.py for tasks to queue
[2024-06-05 12:49:55,493] {logging_mixin.py:109} INFO - [2024-06-05 12:49:55,493] {dagbag.py:500} INFO - Filling up the DagBag from /opt/airflow/dags/transform.py
[2024-06-05 12:49:56,108] {processor.py:656} WARNING - No viable dags retrieved from /opt/airflow/dags/transform.py
[2024-06-05 12:49:56,112] {processor.py:171} INFO - Processing /opt/airflow/dags/transform.py took 0.628 seconds
[2024-06-05 12:50:26,270] {processor.py:163} INFO - Started process (PID=2666) to work on /opt/airflow/dags/transform.py
[2024-06-05 12:50:26,272] {processor.py:642} INFO - Processing file /opt/airflow/dags/transform.py for tasks to queue
[2024-06-05 12:50:26,273] {logging_mixin.py:109} INFO - [2024-06-05 12:50:26,272] {dagbag.py:500} INFO - Filling up the DagBag from /opt/airflow/dags/transform.py
[2024-06-05 12:50:26,808] {processor.py:656} WARNING - No viable dags retrieved from /opt/airflow/dags/transform.py
[2024-06-05 12:50:26,811] {processor.py:171} INFO - Processing /opt/airflow/dags/transform.py took 0.544 seconds
[2024-06-05 12:50:56,974] {processor.py:163} INFO - Started process (PID=2704) to work on /opt/airflow/dags/transform.py
[2024-06-05 12:50:56,976] {processor.py:642} INFO - Processing file /opt/airflow/dags/transform.py for tasks to queue
[2024-06-05 12:50:56,977] {logging_mixin.py:109} INFO - [2024-06-05 12:50:56,976] {dagbag.py:500} INFO - Filling up the DagBag from /opt/airflow/dags/transform.py
[2024-06-05 12:50:57,490] {processor.py:656} WARNING - No viable dags retrieved from /opt/airflow/dags/transform.py
[2024-06-05 12:50:57,494] {processor.py:171} INFO - Processing /opt/airflow/dags/transform.py took 0.523 seconds
[2024-06-05 12:51:28,069] {processor.py:163} INFO - Started process (PID=2753) to work on /opt/airflow/dags/transform.py
[2024-06-05 12:51:28,071] {processor.py:642} INFO - Processing file /opt/airflow/dags/transform.py for tasks to queue
[2024-06-05 12:51:28,072] {logging_mixin.py:109} INFO - [2024-06-05 12:51:28,072] {dagbag.py:500} INFO - Filling up the DagBag from /opt/airflow/dags/transform.py
[2024-06-05 12:51:28,570] {processor.py:656} WARNING - No viable dags retrieved from /opt/airflow/dags/transform.py
[2024-06-05 12:51:28,574] {processor.py:171} INFO - Processing /opt/airflow/dags/transform.py took 0.508 seconds
[2024-06-05 12:51:58,774] {processor.py:163} INFO - Started process (PID=2792) to work on /opt/airflow/dags/transform.py
[2024-06-05 12:51:58,776] {processor.py:642} INFO - Processing file /opt/airflow/dags/transform.py for tasks to queue
[2024-06-05 12:51:58,777] {logging_mixin.py:109} INFO - [2024-06-05 12:51:58,777] {dagbag.py:500} INFO - Filling up the DagBag from /opt/airflow/dags/transform.py
[2024-06-05 12:51:59,370] {processor.py:656} WARNING - No viable dags retrieved from /opt/airflow/dags/transform.py
[2024-06-05 12:51:59,375] {processor.py:171} INFO - Processing /opt/airflow/dags/transform.py took 0.604 seconds
[2024-06-05 12:52:29,715] {processor.py:163} INFO - Started process (PID=2863) to work on /opt/airflow/dags/transform.py
[2024-06-05 12:52:29,717] {processor.py:642} INFO - Processing file /opt/airflow/dags/transform.py for tasks to queue
[2024-06-05 12:52:29,717] {logging_mixin.py:109} INFO - [2024-06-05 12:52:29,717] {dagbag.py:500} INFO - Filling up the DagBag from /opt/airflow/dags/transform.py
[2024-06-05 12:52:30,132] {processor.py:656} WARNING - No viable dags retrieved from /opt/airflow/dags/transform.py
[2024-06-05 12:52:30,135] {processor.py:171} INFO - Processing /opt/airflow/dags/transform.py took 0.423 seconds
[2024-06-05 12:53:00,236] {processor.py:163} INFO - Started process (PID=2901) to work on /opt/airflow/dags/transform.py
[2024-06-05 12:53:00,237] {processor.py:642} INFO - Processing file /opt/airflow/dags/transform.py for tasks to queue
[2024-06-05 12:53:00,237] {logging_mixin.py:109} INFO - [2024-06-05 12:53:00,237] {dagbag.py:500} INFO - Filling up the DagBag from /opt/airflow/dags/transform.py
[2024-06-05 12:53:00,681] {processor.py:656} WARNING - No viable dags retrieved from /opt/airflow/dags/transform.py
[2024-06-05 12:53:00,686] {processor.py:171} INFO - Processing /opt/airflow/dags/transform.py took 0.453 seconds
[2024-06-05 12:53:31,020] {processor.py:163} INFO - Started process (PID=2958) to work on /opt/airflow/dags/transform.py
[2024-06-05 12:53:31,021] {processor.py:642} INFO - Processing file /opt/airflow/dags/transform.py for tasks to queue
[2024-06-05 12:53:31,022] {logging_mixin.py:109} INFO - [2024-06-05 12:53:31,022] {dagbag.py:500} INFO - Filling up the DagBag from /opt/airflow/dags/transform.py
[2024-06-05 12:53:31,516] {processor.py:656} WARNING - No viable dags retrieved from /opt/airflow/dags/transform.py
[2024-06-05 12:53:31,521] {processor.py:171} INFO - Processing /opt/airflow/dags/transform.py took 0.504 seconds
[2024-06-05 12:54:01,606] {processor.py:163} INFO - Started process (PID=2996) to work on /opt/airflow/dags/transform.py
[2024-06-05 12:54:01,607] {processor.py:642} INFO - Processing file /opt/airflow/dags/transform.py for tasks to queue
[2024-06-05 12:54:01,608] {logging_mixin.py:109} INFO - [2024-06-05 12:54:01,607] {dagbag.py:500} INFO - Filling up the DagBag from /opt/airflow/dags/transform.py
[2024-06-05 12:54:02,040] {processor.py:656} WARNING - No viable dags retrieved from /opt/airflow/dags/transform.py
[2024-06-05 12:54:02,044] {processor.py:171} INFO - Processing /opt/airflow/dags/transform.py took 0.441 seconds
[2024-06-05 12:54:32,134] {processor.py:163} INFO - Started process (PID=3045) to work on /opt/airflow/dags/transform.py
[2024-06-05 12:54:32,135] {processor.py:642} INFO - Processing file /opt/airflow/dags/transform.py for tasks to queue
[2024-06-05 12:54:32,136] {logging_mixin.py:109} INFO - [2024-06-05 12:54:32,136] {dagbag.py:500} INFO - Filling up the DagBag from /opt/airflow/dags/transform.py
[2024-06-05 12:54:32,546] {processor.py:656} WARNING - No viable dags retrieved from /opt/airflow/dags/transform.py
[2024-06-05 12:54:32,550] {processor.py:171} INFO - Processing /opt/airflow/dags/transform.py took 0.418 seconds
[2024-06-05 12:55:02,624] {processor.py:163} INFO - Started process (PID=3084) to work on /opt/airflow/dags/transform.py
[2024-06-05 12:55:02,625] {processor.py:642} INFO - Processing file /opt/airflow/dags/transform.py for tasks to queue
[2024-06-05 12:55:02,626] {logging_mixin.py:109} INFO - [2024-06-05 12:55:02,626] {dagbag.py:500} INFO - Filling up the DagBag from /opt/airflow/dags/transform.py
[2024-06-05 12:55:03,041] {processor.py:656} WARNING - No viable dags retrieved from /opt/airflow/dags/transform.py
[2024-06-05 12:55:03,044] {processor.py:171} INFO - Processing /opt/airflow/dags/transform.py took 0.423 seconds
[2024-06-05 12:55:33,135] {processor.py:163} INFO - Started process (PID=3132) to work on /opt/airflow/dags/transform.py
[2024-06-05 12:55:33,139] {processor.py:642} INFO - Processing file /opt/airflow/dags/transform.py for tasks to queue
[2024-06-05 12:55:33,140] {logging_mixin.py:109} INFO - [2024-06-05 12:55:33,140] {dagbag.py:500} INFO - Filling up the DagBag from /opt/airflow/dags/transform.py
[2024-06-05 12:55:33,546] {processor.py:656} WARNING - No viable dags retrieved from /opt/airflow/dags/transform.py
[2024-06-05 12:55:33,550] {processor.py:171} INFO - Processing /opt/airflow/dags/transform.py took 0.417 seconds
[2024-06-05 12:56:03,638] {processor.py:163} INFO - Started process (PID=3170) to work on /opt/airflow/dags/transform.py
[2024-06-05 12:56:03,640] {processor.py:642} INFO - Processing file /opt/airflow/dags/transform.py for tasks to queue
[2024-06-05 12:56:03,640] {logging_mixin.py:109} INFO - [2024-06-05 12:56:03,640] {dagbag.py:500} INFO - Filling up the DagBag from /opt/airflow/dags/transform.py
[2024-06-05 12:56:04,052] {processor.py:656} WARNING - No viable dags retrieved from /opt/airflow/dags/transform.py
[2024-06-05 12:56:04,055] {processor.py:171} INFO - Processing /opt/airflow/dags/transform.py took 0.421 seconds
[2024-06-05 12:56:34,141] {processor.py:163} INFO - Started process (PID=3239) to work on /opt/airflow/dags/transform.py
[2024-06-05 12:56:34,146] {processor.py:642} INFO - Processing file /opt/airflow/dags/transform.py for tasks to queue
[2024-06-05 12:56:34,146] {logging_mixin.py:109} INFO - [2024-06-05 12:56:34,146] {dagbag.py:500} INFO - Filling up the DagBag from /opt/airflow/dags/transform.py
[2024-06-05 12:56:34,571] {processor.py:656} WARNING - No viable dags retrieved from /opt/airflow/dags/transform.py
[2024-06-05 12:56:34,574] {processor.py:171} INFO - Processing /opt/airflow/dags/transform.py took 0.436 seconds
[2024-06-05 12:57:04,671] {processor.py:163} INFO - Started process (PID=3277) to work on /opt/airflow/dags/transform.py
[2024-06-05 12:57:04,672] {processor.py:642} INFO - Processing file /opt/airflow/dags/transform.py for tasks to queue
[2024-06-05 12:57:04,672] {logging_mixin.py:109} INFO - [2024-06-05 12:57:04,672] {dagbag.py:500} INFO - Filling up the DagBag from /opt/airflow/dags/transform.py
[2024-06-05 12:57:05,164] {processor.py:656} WARNING - No viable dags retrieved from /opt/airflow/dags/transform.py
[2024-06-05 12:57:05,168] {processor.py:171} INFO - Processing /opt/airflow/dags/transform.py took 0.500 seconds
[2024-06-05 12:57:35,256] {processor.py:163} INFO - Started process (PID=3325) to work on /opt/airflow/dags/transform.py
[2024-06-05 12:57:35,260] {processor.py:642} INFO - Processing file /opt/airflow/dags/transform.py for tasks to queue
[2024-06-05 12:57:35,260] {logging_mixin.py:109} INFO - [2024-06-05 12:57:35,260] {dagbag.py:500} INFO - Filling up the DagBag from /opt/airflow/dags/transform.py
[2024-06-05 12:57:35,713] {processor.py:656} WARNING - No viable dags retrieved from /opt/airflow/dags/transform.py
[2024-06-05 12:57:35,717] {processor.py:171} INFO - Processing /opt/airflow/dags/transform.py took 0.464 seconds
[2024-06-05 12:58:05,813] {processor.py:163} INFO - Started process (PID=3363) to work on /opt/airflow/dags/transform.py
[2024-06-05 12:58:05,814] {processor.py:642} INFO - Processing file /opt/airflow/dags/transform.py for tasks to queue
[2024-06-05 12:58:05,815] {logging_mixin.py:109} INFO - [2024-06-05 12:58:05,814] {dagbag.py:500} INFO - Filling up the DagBag from /opt/airflow/dags/transform.py
[2024-06-05 12:58:06,564] {processor.py:656} WARNING - No viable dags retrieved from /opt/airflow/dags/transform.py
[2024-06-05 12:58:06,574] {processor.py:171} INFO - Processing /opt/airflow/dags/transform.py took 0.765 seconds
[2024-06-05 12:58:36,714] {processor.py:163} INFO - Started process (PID=3408) to work on /opt/airflow/dags/transform.py
[2024-06-05 12:58:36,718] {processor.py:642} INFO - Processing file /opt/airflow/dags/transform.py for tasks to queue
[2024-06-05 12:58:36,719] {logging_mixin.py:109} INFO - [2024-06-05 12:58:36,719] {dagbag.py:500} INFO - Filling up the DagBag from /opt/airflow/dags/transform.py
[2024-06-05 12:58:37,328] {processor.py:656} WARNING - No viable dags retrieved from /opt/airflow/dags/transform.py
[2024-06-05 12:58:37,334] {processor.py:171} INFO - Processing /opt/airflow/dags/transform.py took 0.624 seconds
[2024-06-05 12:59:07,443] {processor.py:163} INFO - Started process (PID=3449) to work on /opt/airflow/dags/transform.py
[2024-06-05 12:59:07,444] {processor.py:642} INFO - Processing file /opt/airflow/dags/transform.py for tasks to queue
[2024-06-05 12:59:07,445] {logging_mixin.py:109} INFO - [2024-06-05 12:59:07,445] {dagbag.py:500} INFO - Filling up the DagBag from /opt/airflow/dags/transform.py
[2024-06-05 12:59:07,969] {processor.py:656} WARNING - No viable dags retrieved from /opt/airflow/dags/transform.py
[2024-06-05 12:59:07,973] {processor.py:171} INFO - Processing /opt/airflow/dags/transform.py took 0.533 seconds
[2024-06-05 12:59:38,075] {processor.py:163} INFO - Started process (PID=3487) to work on /opt/airflow/dags/transform.py
[2024-06-05 12:59:38,077] {processor.py:642} INFO - Processing file /opt/airflow/dags/transform.py for tasks to queue
[2024-06-05 12:59:38,077] {logging_mixin.py:109} INFO - [2024-06-05 12:59:38,077] {dagbag.py:500} INFO - Filling up the DagBag from /opt/airflow/dags/transform.py
[2024-06-05 12:59:38,576] {processor.py:656} WARNING - No viable dags retrieved from /opt/airflow/dags/transform.py
[2024-06-05 12:59:38,579] {processor.py:171} INFO - Processing /opt/airflow/dags/transform.py took 0.507 seconds
[2024-06-05 13:00:08,686] {processor.py:163} INFO - Started process (PID=3542) to work on /opt/airflow/dags/transform.py
[2024-06-05 13:00:08,688] {processor.py:642} INFO - Processing file /opt/airflow/dags/transform.py for tasks to queue
[2024-06-05 13:00:08,689] {logging_mixin.py:109} INFO - [2024-06-05 13:00:08,688] {dagbag.py:500} INFO - Filling up the DagBag from /opt/airflow/dags/transform.py
[2024-06-05 13:00:09,163] {processor.py:656} WARNING - No viable dags retrieved from /opt/airflow/dags/transform.py
[2024-06-05 13:00:09,166] {processor.py:171} INFO - Processing /opt/airflow/dags/transform.py took 0.486 seconds
[2024-06-05 13:00:39,829] {processor.py:163} INFO - Started process (PID=3598) to work on /opt/airflow/dags/transform.py
[2024-06-05 13:00:39,833] {processor.py:642} INFO - Processing file /opt/airflow/dags/transform.py for tasks to queue
[2024-06-05 13:00:39,833] {logging_mixin.py:109} INFO - [2024-06-05 13:00:39,833] {dagbag.py:500} INFO - Filling up the DagBag from /opt/airflow/dags/transform.py
[2024-06-05 13:00:40,315] {processor.py:656} WARNING - No viable dags retrieved from /opt/airflow/dags/transform.py
[2024-06-05 13:00:40,319] {processor.py:171} INFO - Processing /opt/airflow/dags/transform.py took 0.493 seconds
[2024-06-05 13:01:10,416] {processor.py:163} INFO - Started process (PID=3646) to work on /opt/airflow/dags/transform.py
[2024-06-05 13:01:10,419] {processor.py:642} INFO - Processing file /opt/airflow/dags/transform.py for tasks to queue
[2024-06-05 13:01:10,419] {logging_mixin.py:109} INFO - [2024-06-05 13:01:10,419] {dagbag.py:500} INFO - Filling up the DagBag from /opt/airflow/dags/transform.py
[2024-06-05 13:01:10,947] {processor.py:656} WARNING - No viable dags retrieved from /opt/airflow/dags/transform.py
[2024-06-05 13:01:10,952] {processor.py:171} INFO - Processing /opt/airflow/dags/transform.py took 0.540 seconds
[2024-06-05 13:01:41,040] {processor.py:163} INFO - Started process (PID=3684) to work on /opt/airflow/dags/transform.py
[2024-06-05 13:01:41,042] {processor.py:642} INFO - Processing file /opt/airflow/dags/transform.py for tasks to queue
[2024-06-05 13:01:41,043] {logging_mixin.py:109} INFO - [2024-06-05 13:01:41,043] {dagbag.py:500} INFO - Filling up the DagBag from /opt/airflow/dags/transform.py
[2024-06-05 13:01:41,718] {processor.py:656} WARNING - No viable dags retrieved from /opt/airflow/dags/transform.py
[2024-06-05 13:01:41,723] {processor.py:171} INFO - Processing /opt/airflow/dags/transform.py took 0.687 seconds
[2024-06-05 13:02:11,885] {processor.py:163} INFO - Started process (PID=3732) to work on /opt/airflow/dags/transform.py
[2024-06-05 13:02:11,890] {processor.py:642} INFO - Processing file /opt/airflow/dags/transform.py for tasks to queue
[2024-06-05 13:02:11,892] {logging_mixin.py:109} INFO - [2024-06-05 13:02:11,891] {dagbag.py:500} INFO - Filling up the DagBag from /opt/airflow/dags/transform.py
[2024-06-05 13:02:12,750] {processor.py:656} WARNING - No viable dags retrieved from /opt/airflow/dags/transform.py
[2024-06-05 13:02:12,757] {processor.py:171} INFO - Processing /opt/airflow/dags/transform.py took 0.877 seconds
[2024-06-05 13:02:42,876] {processor.py:163} INFO - Started process (PID=3770) to work on /opt/airflow/dags/transform.py
[2024-06-05 13:02:42,879] {processor.py:642} INFO - Processing file /opt/airflow/dags/transform.py for tasks to queue
[2024-06-05 13:02:42,879] {logging_mixin.py:109} INFO - [2024-06-05 13:02:42,879] {dagbag.py:500} INFO - Filling up the DagBag from /opt/airflow/dags/transform.py
[2024-06-05 13:02:43,346] {processor.py:656} WARNING - No viable dags retrieved from /opt/airflow/dags/transform.py
[2024-06-05 13:02:43,349] {processor.py:171} INFO - Processing /opt/airflow/dags/transform.py took 0.475 seconds
[2024-06-05 13:03:13,436] {processor.py:163} INFO - Started process (PID=3808) to work on /opt/airflow/dags/transform.py
[2024-06-05 13:03:13,438] {processor.py:642} INFO - Processing file /opt/airflow/dags/transform.py for tasks to queue
[2024-06-05 13:03:13,438] {logging_mixin.py:109} INFO - [2024-06-05 13:03:13,438] {dagbag.py:500} INFO - Filling up the DagBag from /opt/airflow/dags/transform.py
[2024-06-05 13:03:13,952] {processor.py:656} WARNING - No viable dags retrieved from /opt/airflow/dags/transform.py
[2024-06-05 13:03:13,955] {processor.py:171} INFO - Processing /opt/airflow/dags/transform.py took 0.521 seconds
[2024-06-05 13:03:44,024] {processor.py:163} INFO - Started process (PID=3856) to work on /opt/airflow/dags/transform.py
[2024-06-05 13:03:44,027] {processor.py:642} INFO - Processing file /opt/airflow/dags/transform.py for tasks to queue
[2024-06-05 13:03:44,027] {logging_mixin.py:109} INFO - [2024-06-05 13:03:44,027] {dagbag.py:500} INFO - Filling up the DagBag from /opt/airflow/dags/transform.py
[2024-06-05 13:03:44,472] {processor.py:656} WARNING - No viable dags retrieved from /opt/airflow/dags/transform.py
[2024-06-05 13:03:44,477] {processor.py:171} INFO - Processing /opt/airflow/dags/transform.py took 0.456 seconds
[2024-06-05 13:04:15,119] {processor.py:163} INFO - Started process (PID=3894) to work on /opt/airflow/dags/transform.py
[2024-06-05 13:04:15,123] {processor.py:642} INFO - Processing file /opt/airflow/dags/transform.py for tasks to queue
[2024-06-05 13:04:15,124] {logging_mixin.py:109} INFO - [2024-06-05 13:04:15,124] {dagbag.py:500} INFO - Filling up the DagBag from /opt/airflow/dags/transform.py
[2024-06-05 13:04:15,567] {processor.py:656} WARNING - No viable dags retrieved from /opt/airflow/dags/transform.py
[2024-06-05 13:04:15,571] {processor.py:171} INFO - Processing /opt/airflow/dags/transform.py took 0.455 seconds
[2024-06-05 13:04:45,655] {processor.py:163} INFO - Started process (PID=3941) to work on /opt/airflow/dags/transform.py
[2024-06-05 13:04:45,659] {processor.py:642} INFO - Processing file /opt/airflow/dags/transform.py for tasks to queue
[2024-06-05 13:04:45,660] {logging_mixin.py:109} INFO - [2024-06-05 13:04:45,660] {dagbag.py:500} INFO - Filling up the DagBag from /opt/airflow/dags/transform.py
[2024-06-05 13:04:46,097] {processor.py:656} WARNING - No viable dags retrieved from /opt/airflow/dags/transform.py
[2024-06-05 13:04:46,100] {processor.py:171} INFO - Processing /opt/airflow/dags/transform.py took 0.448 seconds
[2024-06-05 13:05:16,207] {processor.py:163} INFO - Started process (PID=3983) to work on /opt/airflow/dags/transform.py
[2024-06-05 13:05:16,216] {processor.py:642} INFO - Processing file /opt/airflow/dags/transform.py for tasks to queue
[2024-06-05 13:05:16,217] {logging_mixin.py:109} INFO - [2024-06-05 13:05:16,217] {dagbag.py:500} INFO - Filling up the DagBag from /opt/airflow/dags/transform.py
[2024-06-05 13:05:16,830] {processor.py:656} WARNING - No viable dags retrieved from /opt/airflow/dags/transform.py
[2024-06-05 13:05:16,834] {processor.py:171} INFO - Processing /opt/airflow/dags/transform.py took 0.636 seconds
[2024-06-05 13:05:46,932] {processor.py:163} INFO - Started process (PID=4052) to work on /opt/airflow/dags/transform.py
[2024-06-05 13:05:46,935] {processor.py:642} INFO - Processing file /opt/airflow/dags/transform.py for tasks to queue
[2024-06-05 13:05:46,936] {logging_mixin.py:109} INFO - [2024-06-05 13:05:46,935] {dagbag.py:500} INFO - Filling up the DagBag from /opt/airflow/dags/transform.py
[2024-06-05 13:05:47,387] {processor.py:656} WARNING - No viable dags retrieved from /opt/airflow/dags/transform.py
[2024-06-05 13:05:47,390] {processor.py:171} INFO - Processing /opt/airflow/dags/transform.py took 0.462 seconds
[2024-06-05 13:06:17,497] {processor.py:163} INFO - Started process (PID=4090) to work on /opt/airflow/dags/transform.py
[2024-06-05 13:06:17,498] {processor.py:642} INFO - Processing file /opt/airflow/dags/transform.py for tasks to queue
[2024-06-05 13:06:17,499] {logging_mixin.py:109} INFO - [2024-06-05 13:06:17,499] {dagbag.py:500} INFO - Filling up the DagBag from /opt/airflow/dags/transform.py
[2024-06-05 13:06:17,974] {processor.py:656} WARNING - No viable dags retrieved from /opt/airflow/dags/transform.py
[2024-06-05 13:06:17,978] {processor.py:171} INFO - Processing /opt/airflow/dags/transform.py took 0.484 seconds
[2024-06-05 13:06:48,058] {processor.py:163} INFO - Started process (PID=4138) to work on /opt/airflow/dags/transform.py
[2024-06-05 13:06:48,059] {processor.py:642} INFO - Processing file /opt/airflow/dags/transform.py for tasks to queue
[2024-06-05 13:06:48,060] {logging_mixin.py:109} INFO - [2024-06-05 13:06:48,060] {dagbag.py:500} INFO - Filling up the DagBag from /opt/airflow/dags/transform.py
[2024-06-05 13:06:48,630] {processor.py:656} WARNING - No viable dags retrieved from /opt/airflow/dags/transform.py
[2024-06-05 13:06:48,634] {processor.py:171} INFO - Processing /opt/airflow/dags/transform.py took 0.580 seconds
[2024-06-05 13:07:18,727] {processor.py:163} INFO - Started process (PID=4197) to work on /opt/airflow/dags/transform.py
[2024-06-05 13:07:18,728] {processor.py:642} INFO - Processing file /opt/airflow/dags/transform.py for tasks to queue
[2024-06-05 13:07:18,729] {logging_mixin.py:109} INFO - [2024-06-05 13:07:18,729] {dagbag.py:500} INFO - Filling up the DagBag from /opt/airflow/dags/transform.py
[2024-06-05 13:07:19,230] {processor.py:656} WARNING - No viable dags retrieved from /opt/airflow/dags/transform.py
[2024-06-05 13:07:19,238] {processor.py:171} INFO - Processing /opt/airflow/dags/transform.py took 0.514 seconds
[2024-06-05 13:07:49,344] {processor.py:163} INFO - Started process (PID=4235) to work on /opt/airflow/dags/transform.py
[2024-06-05 13:07:49,345] {processor.py:642} INFO - Processing file /opt/airflow/dags/transform.py for tasks to queue
[2024-06-05 13:07:49,345] {logging_mixin.py:109} INFO - [2024-06-05 13:07:49,345] {dagbag.py:500} INFO - Filling up the DagBag from /opt/airflow/dags/transform.py
[2024-06-05 13:07:49,771] {processor.py:656} WARNING - No viable dags retrieved from /opt/airflow/dags/transform.py
[2024-06-05 13:07:49,775] {processor.py:171} INFO - Processing /opt/airflow/dags/transform.py took 0.434 seconds
[2024-06-05 13:08:19,861] {processor.py:163} INFO - Started process (PID=4292) to work on /opt/airflow/dags/transform.py
[2024-06-05 13:08:19,862] {processor.py:642} INFO - Processing file /opt/airflow/dags/transform.py for tasks to queue
[2024-06-05 13:08:19,863] {logging_mixin.py:109} INFO - [2024-06-05 13:08:19,862] {dagbag.py:500} INFO - Filling up the DagBag from /opt/airflow/dags/transform.py
[2024-06-05 13:08:20,399] {processor.py:656} WARNING - No viable dags retrieved from /opt/airflow/dags/transform.py
[2024-06-05 13:08:20,402] {processor.py:171} INFO - Processing /opt/airflow/dags/transform.py took 0.545 seconds
[2024-06-05 13:08:50,489] {processor.py:163} INFO - Started process (PID=4330) to work on /opt/airflow/dags/transform.py
[2024-06-05 13:08:50,490] {processor.py:642} INFO - Processing file /opt/airflow/dags/transform.py for tasks to queue
[2024-06-05 13:08:50,491] {logging_mixin.py:109} INFO - [2024-06-05 13:08:50,490] {dagbag.py:500} INFO - Filling up the DagBag from /opt/airflow/dags/transform.py
[2024-06-05 13:08:50,924] {processor.py:656} WARNING - No viable dags retrieved from /opt/airflow/dags/transform.py
[2024-06-05 13:08:50,929] {processor.py:171} INFO - Processing /opt/airflow/dags/transform.py took 0.443 seconds
[2024-06-05 13:09:57,954] {processor.py:163} INFO - Started process (PID=168) to work on /opt/airflow/dags/transform.py
[2024-06-05 13:09:57,957] {processor.py:642} INFO - Processing file /opt/airflow/dags/transform.py for tasks to queue
[2024-06-05 13:09:57,958] {logging_mixin.py:109} INFO - [2024-06-05 13:09:57,957] {dagbag.py:500} INFO - Filling up the DagBag from /opt/airflow/dags/transform.py
[2024-06-05 13:09:59,650] {processor.py:656} WARNING - No viable dags retrieved from /opt/airflow/dags/transform.py
[2024-06-05 13:09:59,654] {processor.py:171} INFO - Processing /opt/airflow/dags/transform.py took 1.703 seconds
[2024-06-05 13:10:30,054] {processor.py:163} INFO - Started process (PID=214) to work on /opt/airflow/dags/transform.py
[2024-06-05 13:10:30,057] {processor.py:642} INFO - Processing file /opt/airflow/dags/transform.py for tasks to queue
[2024-06-05 13:10:30,057] {logging_mixin.py:109} INFO - [2024-06-05 13:10:30,057] {dagbag.py:500} INFO - Filling up the DagBag from /opt/airflow/dags/transform.py
[2024-06-05 13:10:31,226] {processor.py:656} WARNING - No viable dags retrieved from /opt/airflow/dags/transform.py
[2024-06-05 13:10:31,239] {processor.py:171} INFO - Processing /opt/airflow/dags/transform.py took 1.188 seconds
[2024-06-05 13:11:01,466] {processor.py:163} INFO - Started process (PID=279) to work on /opt/airflow/dags/transform.py
[2024-06-05 13:11:01,468] {processor.py:642} INFO - Processing file /opt/airflow/dags/transform.py for tasks to queue
[2024-06-05 13:11:01,469] {logging_mixin.py:109} INFO - [2024-06-05 13:11:01,468] {dagbag.py:500} INFO - Filling up the DagBag from /opt/airflow/dags/transform.py
[2024-06-05 13:11:02,100] {processor.py:656} WARNING - No viable dags retrieved from /opt/airflow/dags/transform.py
[2024-06-05 13:11:02,104] {processor.py:171} INFO - Processing /opt/airflow/dags/transform.py took 0.642 seconds
[2024-06-05 13:11:32,180] {processor.py:163} INFO - Started process (PID=328) to work on /opt/airflow/dags/transform.py
[2024-06-05 13:11:32,183] {processor.py:642} INFO - Processing file /opt/airflow/dags/transform.py for tasks to queue
[2024-06-05 13:11:32,183] {logging_mixin.py:109} INFO - [2024-06-05 13:11:32,183] {dagbag.py:500} INFO - Filling up the DagBag from /opt/airflow/dags/transform.py
[2024-06-05 13:11:32,683] {processor.py:656} WARNING - No viable dags retrieved from /opt/airflow/dags/transform.py
[2024-06-05 13:11:32,687] {processor.py:171} INFO - Processing /opt/airflow/dags/transform.py took 0.510 seconds
[2024-06-05 13:12:02,790] {processor.py:163} INFO - Started process (PID=366) to work on /opt/airflow/dags/transform.py
[2024-06-05 13:12:02,795] {processor.py:642} INFO - Processing file /opt/airflow/dags/transform.py for tasks to queue
[2024-06-05 13:12:02,796] {logging_mixin.py:109} INFO - [2024-06-05 13:12:02,796] {dagbag.py:500} INFO - Filling up the DagBag from /opt/airflow/dags/transform.py
[2024-06-05 13:12:03,331] {processor.py:656} WARNING - No viable dags retrieved from /opt/airflow/dags/transform.py
[2024-06-05 13:12:03,335] {processor.py:171} INFO - Processing /opt/airflow/dags/transform.py took 0.549 seconds
[2024-06-05 13:12:33,455] {processor.py:163} INFO - Started process (PID=421) to work on /opt/airflow/dags/transform.py
[2024-06-05 13:12:33,459] {processor.py:642} INFO - Processing file /opt/airflow/dags/transform.py for tasks to queue
[2024-06-05 13:12:33,460] {logging_mixin.py:109} INFO - [2024-06-05 13:12:33,459] {dagbag.py:500} INFO - Filling up the DagBag from /opt/airflow/dags/transform.py
[2024-06-05 13:12:33,951] {processor.py:656} WARNING - No viable dags retrieved from /opt/airflow/dags/transform.py
[2024-06-05 13:12:33,954] {processor.py:171} INFO - Processing /opt/airflow/dags/transform.py took 0.502 seconds
[2024-06-05 13:13:04,022] {processor.py:163} INFO - Started process (PID=480) to work on /opt/airflow/dags/transform.py
[2024-06-05 13:13:04,026] {processor.py:642} INFO - Processing file /opt/airflow/dags/transform.py for tasks to queue
[2024-06-05 13:13:04,027] {logging_mixin.py:109} INFO - [2024-06-05 13:13:04,027] {dagbag.py:500} INFO - Filling up the DagBag from /opt/airflow/dags/transform.py
[2024-06-05 13:13:04,568] {processor.py:656} WARNING - No viable dags retrieved from /opt/airflow/dags/transform.py
[2024-06-05 13:13:04,573] {processor.py:171} INFO - Processing /opt/airflow/dags/transform.py took 0.554 seconds
[2024-06-05 13:13:34,694] {processor.py:163} INFO - Started process (PID=546) to work on /opt/airflow/dags/transform.py
[2024-06-05 13:13:34,696] {processor.py:642} INFO - Processing file /opt/airflow/dags/transform.py for tasks to queue
[2024-06-05 13:13:34,696] {logging_mixin.py:109} INFO - [2024-06-05 13:13:34,696] {dagbag.py:500} INFO - Filling up the DagBag from /opt/airflow/dags/transform.py
[2024-06-05 13:13:35,381] {processor.py:656} WARNING - No viable dags retrieved from /opt/airflow/dags/transform.py
[2024-06-05 13:13:35,390] {processor.py:171} INFO - Processing /opt/airflow/dags/transform.py took 0.700 seconds
[2024-06-05 13:14:05,468] {processor.py:163} INFO - Started process (PID=593) to work on /opt/airflow/dags/transform.py
[2024-06-05 13:14:05,470] {processor.py:642} INFO - Processing file /opt/airflow/dags/transform.py for tasks to queue
[2024-06-05 13:14:05,470] {logging_mixin.py:109} INFO - [2024-06-05 13:14:05,470] {dagbag.py:500} INFO - Filling up the DagBag from /opt/airflow/dags/transform.py
[2024-06-05 13:14:05,947] {processor.py:656} WARNING - No viable dags retrieved from /opt/airflow/dags/transform.py
[2024-06-05 13:14:05,950] {processor.py:171} INFO - Processing /opt/airflow/dags/transform.py took 0.484 seconds
[2024-06-05 13:14:36,018] {processor.py:163} INFO - Started process (PID=631) to work on /opt/airflow/dags/transform.py
[2024-06-05 13:14:36,019] {processor.py:642} INFO - Processing file /opt/airflow/dags/transform.py for tasks to queue
[2024-06-05 13:14:36,020] {logging_mixin.py:109} INFO - [2024-06-05 13:14:36,020] {dagbag.py:500} INFO - Filling up the DagBag from /opt/airflow/dags/transform.py
[2024-06-05 13:14:36,652] {processor.py:656} WARNING - No viable dags retrieved from /opt/airflow/dags/transform.py
[2024-06-05 13:14:36,655] {processor.py:171} INFO - Processing /opt/airflow/dags/transform.py took 0.640 seconds
[2024-06-05 13:15:06,773] {processor.py:163} INFO - Started process (PID=679) to work on /opt/airflow/dags/transform.py
[2024-06-05 13:15:06,778] {processor.py:642} INFO - Processing file /opt/airflow/dags/transform.py for tasks to queue
[2024-06-05 13:15:06,780] {logging_mixin.py:109} INFO - [2024-06-05 13:15:06,780] {dagbag.py:500} INFO - Filling up the DagBag from /opt/airflow/dags/transform.py
[2024-06-05 13:15:07,721] {processor.py:656} WARNING - No viable dags retrieved from /opt/airflow/dags/transform.py
[2024-06-05 13:15:07,725] {processor.py:171} INFO - Processing /opt/airflow/dags/transform.py took 0.959 seconds
[2024-06-05 13:15:37,840] {processor.py:163} INFO - Started process (PID=716) to work on /opt/airflow/dags/transform.py
[2024-06-05 13:15:37,841] {processor.py:642} INFO - Processing file /opt/airflow/dags/transform.py for tasks to queue
[2024-06-05 13:15:37,842] {logging_mixin.py:109} INFO - [2024-06-05 13:15:37,842] {dagbag.py:500} INFO - Filling up the DagBag from /opt/airflow/dags/transform.py
[2024-06-05 13:15:38,320] {processor.py:656} WARNING - No viable dags retrieved from /opt/airflow/dags/transform.py
[2024-06-05 13:15:38,323] {processor.py:171} INFO - Processing /opt/airflow/dags/transform.py took 0.486 seconds
