[2024-06-05 12:25:45,252] {taskinstance.py:1032} INFO - Dependencies all met for <TaskInstance: data_ingestion_gcs_dag.transform_dataset_task manual__2024-06-05T12:25:41.248249+00:00 [queued]>
[2024-06-05 12:25:45,270] {taskinstance.py:1032} INFO - Dependencies all met for <TaskInstance: data_ingestion_gcs_dag.transform_dataset_task manual__2024-06-05T12:25:41.248249+00:00 [queued]>
[2024-06-05 12:25:45,271] {taskinstance.py:1238} INFO - 
--------------------------------------------------------------------------------
[2024-06-05 12:25:45,271] {taskinstance.py:1239} INFO - Starting attempt 1 of 2
[2024-06-05 12:25:45,271] {taskinstance.py:1240} INFO - 
--------------------------------------------------------------------------------
[2024-06-05 12:25:45,284] {taskinstance.py:1259} INFO - Executing <Task(PythonOperator): transform_dataset_task> on 2024-06-05 12:25:41.248249+00:00
[2024-06-05 12:25:45,289] {standard_task_runner.py:52} INFO - Started process 576 to run task
[2024-06-05 12:25:45,293] {standard_task_runner.py:76} INFO - Running: ['***', 'tasks', 'run', 'data_ingestion_gcs_dag', 'transform_dataset_task', 'manual__2024-06-05T12:25:41.248249+00:00', '--job-id', '224', '--raw', '--subdir', 'DAGS_FOLDER/data_ingestion.py', '--cfg-path', '/tmp/tmp2pcdpy54', '--error-file', '/tmp/tmp6hbl0lvh']
[2024-06-05 12:25:45,297] {standard_task_runner.py:77} INFO - Job 224: Subtask transform_dataset_task
[2024-06-05 12:25:45,354] {logging_mixin.py:109} INFO - Running <TaskInstance: data_ingestion_gcs_dag.transform_dataset_task manual__2024-06-05T12:25:41.248249+00:00 [running]> on host d816676767e6
[2024-06-05 12:25:45,407] {taskinstance.py:1426} INFO - Exporting the following env vars:
AIRFLOW_CTX_DAG_OWNER=***
AIRFLOW_CTX_DAG_ID=data_ingestion_gcs_dag
AIRFLOW_CTX_TASK_ID=transform_dataset_task
AIRFLOW_CTX_EXECUTION_DATE=2024-06-05T12:25:41.248249+00:00
AIRFLOW_CTX_DAG_RUN_ID=manual__2024-06-05T12:25:41.248249+00:00
[2024-06-05 12:25:45,429] {python.py:175} INFO - Done. Returned value was: None
[2024-06-05 12:25:45,439] {taskinstance.py:1277} INFO - Marking task as SUCCESS. dag_id=data_ingestion_gcs_dag, task_id=transform_dataset_task, execution_date=20240605T122541, start_date=20240605T122545, end_date=20240605T122545
[2024-06-05 12:25:45,464] {local_task_job.py:154} INFO - Task exited with return code 0
[2024-06-05 12:25:45,492] {local_task_job.py:264} INFO - 0 downstream tasks scheduled from follow-on schedule check
