[2024-06-07 15:45:43,137] {taskinstance.py:1032} INFO - Dependencies all met for <TaskInstance: data_ingestion_gcs_dag.download_dataset_task manual__2024-06-07T15:45:41.226345+00:00 [queued]>
[2024-06-07 15:45:43,153] {taskinstance.py:1032} INFO - Dependencies all met for <TaskInstance: data_ingestion_gcs_dag.download_dataset_task manual__2024-06-07T15:45:41.226345+00:00 [queued]>
[2024-06-07 15:45:43,153] {taskinstance.py:1238} INFO - 
--------------------------------------------------------------------------------
[2024-06-07 15:45:43,153] {taskinstance.py:1239} INFO - Starting attempt 1 of 2
[2024-06-07 15:45:43,153] {taskinstance.py:1240} INFO - 
--------------------------------------------------------------------------------
[2024-06-07 15:45:43,167] {taskinstance.py:1259} INFO - Executing <Task(BashOperator): download_dataset_task> on 2024-06-07 15:45:41.226345+00:00
[2024-06-07 15:45:43,173] {standard_task_runner.py:52} INFO - Started process 11965 to run task
[2024-06-07 15:45:43,178] {standard_task_runner.py:76} INFO - Running: ['***', 'tasks', 'run', 'data_ingestion_gcs_dag', 'download_dataset_task', 'manual__2024-06-07T15:45:41.226345+00:00', '--job-id', '337', '--raw', '--subdir', 'DAGS_FOLDER/data_ingestion.py', '--cfg-path', '/tmp/tmpz_31dk9k', '--error-file', '/tmp/tmperrd75mb']
[2024-06-07 15:45:43,181] {standard_task_runner.py:77} INFO - Job 337: Subtask download_dataset_task
[2024-06-07 15:45:43,245] {logging_mixin.py:109} INFO - Running <TaskInstance: data_ingestion_gcs_dag.download_dataset_task manual__2024-06-07T15:45:41.226345+00:00 [running]> on host fbb305b57b58
[2024-06-07 15:45:43,318] {taskinstance.py:1426} INFO - Exporting the following env vars:
AIRFLOW_CTX_DAG_OWNER=***
AIRFLOW_CTX_DAG_ID=data_ingestion_gcs_dag
AIRFLOW_CTX_TASK_ID=download_dataset_task
AIRFLOW_CTX_EXECUTION_DATE=2024-06-07T15:45:41.226345+00:00
AIRFLOW_CTX_DAG_RUN_ID=manual__2024-06-07T15:45:41.226345+00:00
[2024-06-07 15:45:43,321] {subprocess.py:62} INFO - Tmp dir root location: 
 /tmp
[2024-06-07 15:45:43,322] {subprocess.py:74} INFO - Running command: ['bash', '-c', 'curl -sSL https://api.nytimes.com/svc/mostpopular/v2/viewed/1.json?api-key=6RmAG7GJNkjXhOt5pYF8xPooXDpEpWt1 > /opt/***/new_york_times_most_viewed_2024-06-07_15-45-43.json']
[2024-06-07 15:45:43,336] {subprocess.py:85} INFO - Output:
[2024-06-07 15:45:44,175] {subprocess.py:93} INFO - Command exited with return code 0
[2024-06-07 15:45:44,206] {taskinstance.py:1277} INFO - Marking task as SUCCESS. dag_id=data_ingestion_gcs_dag, task_id=download_dataset_task, execution_date=20240607T154541, start_date=20240607T154543, end_date=20240607T154544
[2024-06-07 15:45:44,241] {local_task_job.py:154} INFO - Task exited with return code 0
[2024-06-07 15:45:44,277] {local_task_job.py:264} INFO - 1 downstream tasks scheduled from follow-on schedule check
