[2024-05-31 13:21:15,870] {taskinstance.py:1032} INFO - Dependencies all met for <TaskInstance: data_ingestion_gcs_dag.download_dataset_task manual__2024-05-31T13:21:14.616032+00:00 [queued]>
[2024-05-31 13:21:15,884] {taskinstance.py:1032} INFO - Dependencies all met for <TaskInstance: data_ingestion_gcs_dag.download_dataset_task manual__2024-05-31T13:21:14.616032+00:00 [queued]>
[2024-05-31 13:21:15,884] {taskinstance.py:1238} INFO - 
--------------------------------------------------------------------------------
[2024-05-31 13:21:15,885] {taskinstance.py:1239} INFO - Starting attempt 1 of 2
[2024-05-31 13:21:15,885] {taskinstance.py:1240} INFO - 
--------------------------------------------------------------------------------
[2024-05-31 13:21:15,901] {taskinstance.py:1259} INFO - Executing <Task(BashOperator): download_dataset_task> on 2024-05-31 13:21:14.616032+00:00
[2024-05-31 13:21:15,910] {standard_task_runner.py:52} INFO - Started process 1994 to run task
[2024-05-31 13:21:15,921] {standard_task_runner.py:76} INFO - Running: ['***', 'tasks', 'run', 'data_ingestion_gcs_dag', 'download_dataset_task', 'manual__2024-05-31T13:21:14.616032+00:00', '--job-id', '153', '--raw', '--subdir', 'DAGS_FOLDER/data_ingestion.py', '--cfg-path', '/tmp/tmpxb5v42xu', '--error-file', '/tmp/tmpy55os5ky']
[2024-05-31 13:21:15,924] {standard_task_runner.py:77} INFO - Job 153: Subtask download_dataset_task
[2024-05-31 13:21:16,002] {logging_mixin.py:109} INFO - Running <TaskInstance: data_ingestion_gcs_dag.download_dataset_task manual__2024-05-31T13:21:14.616032+00:00 [running]> on host b7a15074a928
[2024-05-31 13:21:16,105] {taskinstance.py:1426} INFO - Exporting the following env vars:
AIRFLOW_CTX_DAG_OWNER=***
AIRFLOW_CTX_DAG_ID=data_ingestion_gcs_dag
AIRFLOW_CTX_TASK_ID=download_dataset_task
AIRFLOW_CTX_EXECUTION_DATE=2024-05-31T13:21:14.616032+00:00
AIRFLOW_CTX_DAG_RUN_ID=manual__2024-05-31T13:21:14.616032+00:00
[2024-05-31 13:21:16,109] {subprocess.py:62} INFO - Tmp dir root location: 
 /tmp
[2024-05-31 13:21:16,110] {subprocess.py:74} INFO - Running command: ['bash', '-c', 'curl -sSL https://api.nytimes.com/svc/mostpopular/v2/viewed/1.json?api-key=6RmAG7GJNkjXhOt5pYF8xPooXDpEpWt1 > /opt/***/new_york_times_most_viewed.csv']
[2024-05-31 13:21:16,126] {subprocess.py:85} INFO - Output:
[2024-05-31 13:21:17,030] {subprocess.py:93} INFO - Command exited with return code 0
[2024-05-31 13:21:17,061] {taskinstance.py:1277} INFO - Marking task as SUCCESS. dag_id=data_ingestion_gcs_dag, task_id=download_dataset_task, execution_date=20240531T132114, start_date=20240531T132115, end_date=20240531T132117
[2024-05-31 13:21:17,098] {local_task_job.py:154} INFO - Task exited with return code 0
[2024-05-31 13:21:17,133] {local_task_job.py:264} INFO - 0 downstream tasks scheduled from follow-on schedule check
