[2024-06-07 14:25:04,993] {taskinstance.py:1032} INFO - Dependencies all met for <TaskInstance: data_ingestion_gcs_dag.transform_dataset_task manual__2024-06-07T14:13:38.202370+00:00 [queued]>
[2024-06-07 14:25:05,002] {taskinstance.py:1032} INFO - Dependencies all met for <TaskInstance: data_ingestion_gcs_dag.transform_dataset_task manual__2024-06-07T14:13:38.202370+00:00 [queued]>
[2024-06-07 14:25:05,002] {taskinstance.py:1238} INFO - 
--------------------------------------------------------------------------------
[2024-06-07 14:25:05,002] {taskinstance.py:1239} INFO - Starting attempt 2 of 2
[2024-06-07 14:25:05,002] {taskinstance.py:1240} INFO - 
--------------------------------------------------------------------------------
[2024-06-07 14:25:05,014] {taskinstance.py:1259} INFO - Executing <Task(PythonOperator): transform_dataset_task> on 2024-06-07 14:13:38.202370+00:00
[2024-06-07 14:25:05,019] {standard_task_runner.py:52} INFO - Started process 4728 to run task
[2024-06-07 14:25:05,023] {standard_task_runner.py:76} INFO - Running: ['***', 'tasks', 'run', 'data_ingestion_gcs_dag', 'transform_dataset_task', 'manual__2024-06-07T14:13:38.202370+00:00', '--job-id', '286', '--raw', '--subdir', 'DAGS_FOLDER/data_ingestion.py', '--cfg-path', '/tmp/tmp17fkgszm', '--error-file', '/tmp/tmp6cne0amz']
[2024-06-07 14:25:05,026] {standard_task_runner.py:77} INFO - Job 286: Subtask transform_dataset_task
[2024-06-07 14:25:05,076] {logging_mixin.py:109} INFO - Running <TaskInstance: data_ingestion_gcs_dag.transform_dataset_task manual__2024-06-07T14:13:38.202370+00:00 [running]> on host fbb305b57b58
[2024-06-07 14:25:05,120] {taskinstance.py:1426} INFO - Exporting the following env vars:
AIRFLOW_CTX_DAG_OWNER=***
AIRFLOW_CTX_DAG_ID=data_ingestion_gcs_dag
AIRFLOW_CTX_TASK_ID=transform_dataset_task
AIRFLOW_CTX_EXECUTION_DATE=2024-06-07T14:13:38.202370+00:00
AIRFLOW_CTX_DAG_RUN_ID=manual__2024-06-07T14:13:38.202370+00:00
[2024-06-07 14:25:05,156] {python.py:175} INFO - Done. Returned value was: None
[2024-06-07 14:25:05,167] {taskinstance.py:1277} INFO - Marking task as SUCCESS. dag_id=data_ingestion_gcs_dag, task_id=transform_dataset_task, execution_date=20240607T141338, start_date=20240607T142504, end_date=20240607T142505
[2024-06-07 14:25:05,198] {local_task_job.py:154} INFO - Task exited with return code 0
[2024-06-07 14:25:05,234] {local_task_job.py:264} INFO - 1 downstream tasks scheduled from follow-on schedule check
