[2024-06-05 13:13:32,234] {taskinstance.py:1032} INFO - Dependencies all met for <TaskInstance: data_ingestion_gcs_dag.load_data_to_bq_task manual__2024-06-05T13:12:52.129569+00:00 [queued]>
[2024-06-05 13:13:32,250] {taskinstance.py:1032} INFO - Dependencies all met for <TaskInstance: data_ingestion_gcs_dag.load_data_to_bq_task manual__2024-06-05T13:12:52.129569+00:00 [queued]>
[2024-06-05 13:13:32,250] {taskinstance.py:1238} INFO - 
--------------------------------------------------------------------------------
[2024-06-05 13:13:32,250] {taskinstance.py:1239} INFO - Starting attempt 1 of 2
[2024-06-05 13:13:32,250] {taskinstance.py:1240} INFO - 
--------------------------------------------------------------------------------
[2024-06-05 13:13:32,271] {taskinstance.py:1259} INFO - Executing <Task(PythonOperator): load_data_to_bq_task> on 2024-06-05 13:12:52.129569+00:00
[2024-06-05 13:13:32,280] {standard_task_runner.py:52} INFO - Started process 536 to run task
[2024-06-05 13:13:32,287] {standard_task_runner.py:76} INFO - Running: ['***', 'tasks', 'run', 'data_ingestion_gcs_dag', 'load_data_to_bq_task', 'manual__2024-06-05T13:12:52.129569+00:00', '--job-id', '253', '--raw', '--subdir', 'DAGS_FOLDER/data_ingestion.py', '--cfg-path', '/tmp/tmpblssct4o', '--error-file', '/tmp/tmp1gd41inz']
[2024-06-05 13:13:32,291] {standard_task_runner.py:77} INFO - Job 253: Subtask load_data_to_bq_task
[2024-06-05 13:13:32,378] {logging_mixin.py:109} INFO - Running <TaskInstance: data_ingestion_gcs_dag.load_data_to_bq_task manual__2024-06-05T13:12:52.129569+00:00 [running]> on host 4d7e4f8cc7e7
[2024-06-05 13:13:32,500] {taskinstance.py:1426} INFO - Exporting the following env vars:
AIRFLOW_CTX_DAG_OWNER=***
AIRFLOW_CTX_DAG_ID=data_ingestion_gcs_dag
AIRFLOW_CTX_TASK_ID=load_data_to_bq_task
AIRFLOW_CTX_EXECUTION_DATE=2024-06-05T13:12:52.129569+00:00
AIRFLOW_CTX_DAG_RUN_ID=manual__2024-06-05T13:12:52.129569+00:00
[2024-06-05 13:13:38,678] {logging_mixin.py:109} INFO - Loaded data from gs://nyt_most_viewved_bucket/transformed_data.json to parisvelib.ny_most_viewed.nyt_most_viewed_articles
[2024-06-05 13:13:38,679] {python.py:175} INFO - Done. Returned value was: None
[2024-06-05 13:13:38,691] {taskinstance.py:1277} INFO - Marking task as SUCCESS. dag_id=data_ingestion_gcs_dag, task_id=load_data_to_bq_task, execution_date=20240605T131252, start_date=20240605T131332, end_date=20240605T131338
[2024-06-05 13:13:38,748] {local_task_job.py:154} INFO - Task exited with return code 0
[2024-06-05 13:13:38,780] {local_task_job.py:264} INFO - 0 downstream tasks scheduled from follow-on schedule check
