[2024-06-13 14:31:27,813] {taskinstance.py:1032} INFO - Dependencies all met for <TaskInstance: data_ingestion_gcs_dag.load_data_to_bq_task manual__2024-06-13T14:31:18.764696+00:00 [queued]>
[2024-06-13 14:31:27,821] {taskinstance.py:1032} INFO - Dependencies all met for <TaskInstance: data_ingestion_gcs_dag.load_data_to_bq_task manual__2024-06-13T14:31:18.764696+00:00 [queued]>
[2024-06-13 14:31:27,821] {taskinstance.py:1238} INFO - 
--------------------------------------------------------------------------------
[2024-06-13 14:31:27,821] {taskinstance.py:1239} INFO - Starting attempt 1 of 2
[2024-06-13 14:31:27,821] {taskinstance.py:1240} INFO - 
--------------------------------------------------------------------------------
[2024-06-13 14:31:27,833] {taskinstance.py:1259} INFO - Executing <Task(PythonOperator): load_data_to_bq_task> on 2024-06-13 14:31:18.764696+00:00
[2024-06-13 14:31:27,838] {standard_task_runner.py:52} INFO - Started process 2101 to run task
[2024-06-13 14:31:27,841] {standard_task_runner.py:76} INFO - Running: ['***', 'tasks', 'run', 'data_ingestion_gcs_dag', 'load_data_to_bq_task', 'manual__2024-06-13T14:31:18.764696+00:00', '--job-id', '358', '--raw', '--subdir', 'DAGS_FOLDER/data_ingestion.py', '--cfg-path', '/tmp/tmpw29i9kik', '--error-file', '/tmp/tmpl9_317zp']
[2024-06-13 14:31:27,844] {standard_task_runner.py:77} INFO - Job 358: Subtask load_data_to_bq_task
[2024-06-13 14:31:27,898] {logging_mixin.py:109} INFO - Running <TaskInstance: data_ingestion_gcs_dag.load_data_to_bq_task manual__2024-06-13T14:31:18.764696+00:00 [running]> on host 975deb1a92e6
[2024-06-13 14:31:27,951] {taskinstance.py:1426} INFO - Exporting the following env vars:
AIRFLOW_CTX_DAG_OWNER=***
AIRFLOW_CTX_DAG_ID=data_ingestion_gcs_dag
AIRFLOW_CTX_TASK_ID=load_data_to_bq_task
AIRFLOW_CTX_EXECUTION_DATE=2024-06-13T14:31:18.764696+00:00
AIRFLOW_CTX_DAG_RUN_ID=manual__2024-06-13T14:31:18.764696+00:00
[2024-06-13 14:31:30,985] {logging_mixin.py:109} INFO - Loaded data from gs://nyt_most_viewved_bucket/new_york_times_most_viewed_2024-06-13_14-31-20.json to parisvelib.ny_most_viewed.nyt_most_viewed_articles
[2024-06-13 14:31:30,986] {python.py:175} INFO - Done. Returned value was: None
[2024-06-13 14:31:30,998] {taskinstance.py:1277} INFO - Marking task as SUCCESS. dag_id=data_ingestion_gcs_dag, task_id=load_data_to_bq_task, execution_date=20240613T143118, start_date=20240613T143127, end_date=20240613T143130
[2024-06-13 14:31:31,027] {local_task_job.py:154} INFO - Task exited with return code 0
[2024-06-13 14:31:31,057] {local_task_job.py:264} INFO - 0 downstream tasks scheduled from follow-on schedule check
