[2024-06-05 13:00:12,159] {taskinstance.py:1032} INFO - Dependencies all met for <TaskInstance: data_ingestion_gcs_dag.upload_to_gcs_task manual__2024-06-05T12:56:23.122270+00:00 [queued]>
[2024-06-05 13:00:12,168] {taskinstance.py:1032} INFO - Dependencies all met for <TaskInstance: data_ingestion_gcs_dag.upload_to_gcs_task manual__2024-06-05T12:56:23.122270+00:00 [queued]>
[2024-06-05 13:00:12,169] {taskinstance.py:1238} INFO - 
--------------------------------------------------------------------------------
[2024-06-05 13:00:12,169] {taskinstance.py:1239} INFO - Starting attempt 1 of 2
[2024-06-05 13:00:12,169] {taskinstance.py:1240} INFO - 
--------------------------------------------------------------------------------
[2024-06-05 13:00:12,185] {taskinstance.py:1259} INFO - Executing <Task(PythonOperator): upload_to_gcs_task> on 2024-06-05 12:56:23.122270+00:00
[2024-06-05 13:00:12,190] {standard_task_runner.py:52} INFO - Started process 3562 to run task
[2024-06-05 13:00:12,194] {standard_task_runner.py:76} INFO - Running: ['***', 'tasks', 'run', 'data_ingestion_gcs_dag', 'upload_to_gcs_task', 'manual__2024-06-05T12:56:23.122270+00:00', '--job-id', '233', '--raw', '--subdir', 'DAGS_FOLDER/data_ingestion.py', '--cfg-path', '/tmp/tmp8400gr4m', '--error-file', '/tmp/tmpk4igx_yz']
[2024-06-05 13:00:12,197] {standard_task_runner.py:77} INFO - Job 233: Subtask upload_to_gcs_task
[2024-06-05 13:00:12,244] {logging_mixin.py:109} INFO - Running <TaskInstance: data_ingestion_gcs_dag.upload_to_gcs_task manual__2024-06-05T12:56:23.122270+00:00 [running]> on host d816676767e6
[2024-06-05 13:00:12,294] {taskinstance.py:1426} INFO - Exporting the following env vars:
AIRFLOW_CTX_DAG_OWNER=***
AIRFLOW_CTX_DAG_ID=data_ingestion_gcs_dag
AIRFLOW_CTX_TASK_ID=upload_to_gcs_task
AIRFLOW_CTX_EXECUTION_DATE=2024-06-05T12:56:23.122270+00:00
AIRFLOW_CTX_DAG_RUN_ID=manual__2024-06-05T12:56:23.122270+00:00
[2024-06-05 13:00:12,773] {logging_mixin.py:109} INFO - File /opt/***/transformed_data.json uploaded to transformed_data.json.
[2024-06-05 13:00:12,773] {python.py:175} INFO - Done. Returned value was: None
[2024-06-05 13:00:12,784] {taskinstance.py:1277} INFO - Marking task as SUCCESS. dag_id=data_ingestion_gcs_dag, task_id=upload_to_gcs_task, execution_date=20240605T125623, start_date=20240605T130012, end_date=20240605T130012
[2024-06-05 13:00:12,810] {local_task_job.py:154} INFO - Task exited with return code 0
[2024-06-05 13:00:12,842] {local_task_job.py:264} INFO - 1 downstream tasks scheduled from follow-on schedule check
