[2024-06-13 14:52:14,547] {taskinstance.py:1032} INFO - Dependencies all met for <TaskInstance: data_ingestion_gcs_dag.load_data_to_bq_task manual__2024-06-13T14:52:03.455202+00:00 [queued]>
[2024-06-13 14:52:14,558] {taskinstance.py:1032} INFO - Dependencies all met for <TaskInstance: data_ingestion_gcs_dag.load_data_to_bq_task manual__2024-06-13T14:52:03.455202+00:00 [queued]>
[2024-06-13 14:52:14,558] {taskinstance.py:1238} INFO - 
--------------------------------------------------------------------------------
[2024-06-13 14:52:14,558] {taskinstance.py:1239} INFO - Starting attempt 1 of 2
[2024-06-13 14:52:14,558] {taskinstance.py:1240} INFO - 
--------------------------------------------------------------------------------
[2024-06-13 14:52:14,570] {taskinstance.py:1259} INFO - Executing <Task(PythonOperator): load_data_to_bq_task> on 2024-06-13 14:52:03.455202+00:00
[2024-06-13 14:52:14,579] {standard_task_runner.py:52} INFO - Started process 394 to run task
[2024-06-13 14:52:14,583] {standard_task_runner.py:76} INFO - Running: ['***', 'tasks', 'run', 'data_ingestion_gcs_dag', 'load_data_to_bq_task', 'manual__2024-06-13T14:52:03.455202+00:00', '--job-id', '365', '--raw', '--subdir', 'DAGS_FOLDER/data_ingestion.py', '--cfg-path', '/tmp/tmpldk4o80g', '--error-file', '/tmp/tmpscyvez9r']
[2024-06-13 14:52:14,586] {standard_task_runner.py:77} INFO - Job 365: Subtask load_data_to_bq_task
[2024-06-13 14:52:14,662] {logging_mixin.py:109} INFO - Running <TaskInstance: data_ingestion_gcs_dag.load_data_to_bq_task manual__2024-06-13T14:52:03.455202+00:00 [running]> on host 2186e324427f
[2024-06-13 14:52:14,726] {taskinstance.py:1426} INFO - Exporting the following env vars:
AIRFLOW_CTX_DAG_OWNER=***
AIRFLOW_CTX_DAG_ID=data_ingestion_gcs_dag
AIRFLOW_CTX_TASK_ID=load_data_to_bq_task
AIRFLOW_CTX_EXECUTION_DATE=2024-06-13T14:52:03.455202+00:00
AIRFLOW_CTX_DAG_RUN_ID=manual__2024-06-13T14:52:03.455202+00:00
[2024-06-13 14:52:18,323] {logging_mixin.py:109} INFO - Loaded data from gs://nyt_most_viewved_bucket/new_york_times_most_viewed_2024-06-13_14-52-06.json to parisvelib.ny_most_viewed.nyt_most_viewed_articles
[2024-06-13 14:52:18,324] {python.py:175} INFO - Done. Returned value was: None
[2024-06-13 14:52:18,342] {taskinstance.py:1277} INFO - Marking task as SUCCESS. dag_id=data_ingestion_gcs_dag, task_id=load_data_to_bq_task, execution_date=20240613T145203, start_date=20240613T145214, end_date=20240613T145218
[2024-06-13 14:52:18,387] {local_task_job.py:154} INFO - Task exited with return code 0
[2024-06-13 14:52:18,421] {local_task_job.py:264} INFO - 0 downstream tasks scheduled from follow-on schedule check
