[2024-06-04 13:44:07,222] {taskinstance.py:1032} INFO - Dependencies all met for <TaskInstance: data_ingestion_gcs_dag.transform_dataset_task manual__2024-06-04T13:44:02.911588+00:00 [queued]>
[2024-06-04 13:44:07,232] {taskinstance.py:1032} INFO - Dependencies all met for <TaskInstance: data_ingestion_gcs_dag.transform_dataset_task manual__2024-06-04T13:44:02.911588+00:00 [queued]>
[2024-06-04 13:44:07,232] {taskinstance.py:1238} INFO - 
--------------------------------------------------------------------------------
[2024-06-04 13:44:07,232] {taskinstance.py:1239} INFO - Starting attempt 1 of 2
[2024-06-04 13:44:07,232] {taskinstance.py:1240} INFO - 
--------------------------------------------------------------------------------
[2024-06-04 13:44:07,250] {taskinstance.py:1259} INFO - Executing <Task(PythonOperator): transform_dataset_task> on 2024-06-04 13:44:02.911588+00:00
[2024-06-04 13:44:07,257] {standard_task_runner.py:52} INFO - Started process 19687 to run task
[2024-06-04 13:44:07,264] {standard_task_runner.py:76} INFO - Running: ['***', 'tasks', 'run', 'data_ingestion_gcs_dag', 'transform_dataset_task', 'manual__2024-06-04T13:44:02.911588+00:00', '--job-id', '212', '--raw', '--subdir', 'DAGS_FOLDER/data_ingestion.py', '--cfg-path', '/tmp/tmp96hexiuu', '--error-file', '/tmp/tmpgfm51bpj']
[2024-06-04 13:44:07,269] {standard_task_runner.py:77} INFO - Job 212: Subtask transform_dataset_task
[2024-06-04 13:44:07,324] {logging_mixin.py:109} INFO - Running <TaskInstance: data_ingestion_gcs_dag.transform_dataset_task manual__2024-06-04T13:44:02.911588+00:00 [running]> on host 7ae6972dd88f
[2024-06-04 13:44:07,381] {taskinstance.py:1426} INFO - Exporting the following env vars:
AIRFLOW_CTX_DAG_OWNER=***
AIRFLOW_CTX_DAG_ID=data_ingestion_gcs_dag
AIRFLOW_CTX_TASK_ID=transform_dataset_task
AIRFLOW_CTX_EXECUTION_DATE=2024-06-04T13:44:02.911588+00:00
AIRFLOW_CTX_DAG_RUN_ID=manual__2024-06-04T13:44:02.911588+00:00
[2024-06-04 13:44:07,408] {python.py:175} INFO - Done. Returned value was: None
[2024-06-04 13:44:07,423] {taskinstance.py:1277} INFO - Marking task as SUCCESS. dag_id=data_ingestion_gcs_dag, task_id=transform_dataset_task, execution_date=20240604T134402, start_date=20240604T134407, end_date=20240604T134407
[2024-06-04 13:44:07,476] {local_task_job.py:154} INFO - Task exited with return code 0
[2024-06-04 13:44:07,508] {local_task_job.py:264} INFO - 0 downstream tasks scheduled from follow-on schedule check
