[2024-06-05 12:27:45,100] {taskinstance.py:1032} INFO - Dependencies all met for <TaskInstance: data_ingestion_gcs_dag.download_dataset_task manual__2024-06-05T12:27:29.399535+00:00 [queued]>
[2024-06-05 12:27:45,109] {taskinstance.py:1032} INFO - Dependencies all met for <TaskInstance: data_ingestion_gcs_dag.download_dataset_task manual__2024-06-05T12:27:29.399535+00:00 [queued]>
[2024-06-05 12:27:45,109] {taskinstance.py:1238} INFO - 
--------------------------------------------------------------------------------
[2024-06-05 12:27:45,109] {taskinstance.py:1239} INFO - Starting attempt 1 of 2
[2024-06-05 12:27:45,109] {taskinstance.py:1240} INFO - 
--------------------------------------------------------------------------------
[2024-06-05 12:27:45,117] {taskinstance.py:1259} INFO - Executing <Task(BashOperator): download_dataset_task> on 2024-06-05 12:27:29.399535+00:00
[2024-06-05 12:27:45,122] {standard_task_runner.py:52} INFO - Started process 774 to run task
[2024-06-05 12:27:45,125] {standard_task_runner.py:76} INFO - Running: ['***', 'tasks', 'run', 'data_ingestion_gcs_dag', 'download_dataset_task', 'manual__2024-06-05T12:27:29.399535+00:00', '--job-id', '225', '--raw', '--subdir', 'DAGS_FOLDER/data_ingestion.py', '--cfg-path', '/tmp/tmpabvieea8', '--error-file', '/tmp/tmpva9ps7st']
[2024-06-05 12:27:45,129] {standard_task_runner.py:77} INFO - Job 225: Subtask download_dataset_task
[2024-06-05 12:27:45,189] {logging_mixin.py:109} INFO - Running <TaskInstance: data_ingestion_gcs_dag.download_dataset_task manual__2024-06-05T12:27:29.399535+00:00 [running]> on host d816676767e6
[2024-06-05 12:27:45,241] {taskinstance.py:1426} INFO - Exporting the following env vars:
AIRFLOW_CTX_DAG_OWNER=***
AIRFLOW_CTX_DAG_ID=data_ingestion_gcs_dag
AIRFLOW_CTX_TASK_ID=download_dataset_task
AIRFLOW_CTX_EXECUTION_DATE=2024-06-05T12:27:29.399535+00:00
AIRFLOW_CTX_DAG_RUN_ID=manual__2024-06-05T12:27:29.399535+00:00
[2024-06-05 12:27:45,243] {subprocess.py:62} INFO - Tmp dir root location: 
 /tmp
[2024-06-05 12:27:45,243] {subprocess.py:74} INFO - Running command: ['bash', '-c', 'curl -sSL https://api.nytimes.com/svc/mostpopular/v2/viewed/1.json?api-key=6RmAG7GJNkjXhOt5pYF8xPooXDpEpWt1 > /opt/***/new_york_times_most_viewed.json']
[2024-06-05 12:27:45,254] {subprocess.py:85} INFO - Output:
[2024-06-05 12:27:46,180] {subprocess.py:93} INFO - Command exited with return code 0
[2024-06-05 12:27:46,216] {taskinstance.py:1277} INFO - Marking task as SUCCESS. dag_id=data_ingestion_gcs_dag, task_id=download_dataset_task, execution_date=20240605T122729, start_date=20240605T122745, end_date=20240605T122746
[2024-06-05 12:27:46,261] {local_task_job.py:154} INFO - Task exited with return code 0
[2024-06-05 12:27:46,339] {local_task_job.py:264} INFO - 0 downstream tasks scheduled from follow-on schedule check
