[2024-06-07 13:54:05,522] {taskinstance.py:1032} INFO - Dependencies all met for <TaskInstance: data_ingestion_gcs_dag.download_dataset_task manual__2024-06-07T13:54:03.095249+00:00 [queued]>
[2024-06-07 13:54:05,531] {taskinstance.py:1032} INFO - Dependencies all met for <TaskInstance: data_ingestion_gcs_dag.download_dataset_task manual__2024-06-07T13:54:03.095249+00:00 [queued]>
[2024-06-07 13:54:05,532] {taskinstance.py:1238} INFO - 
--------------------------------------------------------------------------------
[2024-06-07 13:54:05,532] {taskinstance.py:1239} INFO - Starting attempt 1 of 2
[2024-06-07 13:54:05,532] {taskinstance.py:1240} INFO - 
--------------------------------------------------------------------------------
[2024-06-07 13:54:05,546] {taskinstance.py:1259} INFO - Executing <Task(BashOperator): download_dataset_task> on 2024-06-07 13:54:03.095249+00:00
[2024-06-07 13:54:05,551] {standard_task_runner.py:52} INFO - Started process 1979 to run task
[2024-06-07 13:54:05,554] {standard_task_runner.py:76} INFO - Running: ['***', 'tasks', 'run', 'data_ingestion_gcs_dag', 'download_dataset_task', 'manual__2024-06-07T13:54:03.095249+00:00', '--job-id', '278', '--raw', '--subdir', 'DAGS_FOLDER/data_ingestion.py', '--cfg-path', '/tmp/tmpz136kx5j', '--error-file', '/tmp/tmpw9i0f2cy']
[2024-06-07 13:54:05,557] {standard_task_runner.py:77} INFO - Job 278: Subtask download_dataset_task
[2024-06-07 13:54:05,626] {logging_mixin.py:109} INFO - Running <TaskInstance: data_ingestion_gcs_dag.download_dataset_task manual__2024-06-07T13:54:03.095249+00:00 [running]> on host fbb305b57b58
[2024-06-07 13:54:05,693] {taskinstance.py:1426} INFO - Exporting the following env vars:
AIRFLOW_CTX_DAG_OWNER=***
AIRFLOW_CTX_DAG_ID=data_ingestion_gcs_dag
AIRFLOW_CTX_TASK_ID=download_dataset_task
AIRFLOW_CTX_EXECUTION_DATE=2024-06-07T13:54:03.095249+00:00
AIRFLOW_CTX_DAG_RUN_ID=manual__2024-06-07T13:54:03.095249+00:00
[2024-06-07 13:54:05,696] {subprocess.py:62} INFO - Tmp dir root location: 
 /tmp
[2024-06-07 13:54:05,696] {subprocess.py:74} INFO - Running command: ['bash', '-c', 'curl -sSL https://api.nytimes.com/svc/mostpopular/v2/viewed/1.json?api-key=6RmAG7GJNkjXhOt5pYF8xPooXDpEpWt1 > /opt/***/new_york_times_most_viewed_2024-06-07_13-54-05.json']
[2024-06-07 13:54:05,722] {subprocess.py:85} INFO - Output:
[2024-06-07 13:54:06,809] {subprocess.py:93} INFO - Command exited with return code 0
[2024-06-07 13:54:06,859] {taskinstance.py:1277} INFO - Marking task as SUCCESS. dag_id=data_ingestion_gcs_dag, task_id=download_dataset_task, execution_date=20240607T135403, start_date=20240607T135405, end_date=20240607T135406
[2024-06-07 13:54:06,895] {local_task_job.py:154} INFO - Task exited with return code 0
[2024-06-07 13:54:06,959] {local_task_job.py:264} INFO - 1 downstream tasks scheduled from follow-on schedule check
