[2024-06-07 15:45:47,715] {taskinstance.py:1032} INFO - Dependencies all met for <TaskInstance: data_ingestion_gcs_dag.upload_to_gcs_task manual__2024-06-07T15:45:41.226345+00:00 [queued]>
[2024-06-07 15:45:47,735] {taskinstance.py:1032} INFO - Dependencies all met for <TaskInstance: data_ingestion_gcs_dag.upload_to_gcs_task manual__2024-06-07T15:45:41.226345+00:00 [queued]>
[2024-06-07 15:45:47,735] {taskinstance.py:1238} INFO - 
--------------------------------------------------------------------------------
[2024-06-07 15:45:47,735] {taskinstance.py:1239} INFO - Starting attempt 1 of 2
[2024-06-07 15:45:47,735] {taskinstance.py:1240} INFO - 
--------------------------------------------------------------------------------
[2024-06-07 15:45:47,753] {taskinstance.py:1259} INFO - Executing <Task(PythonOperator): upload_to_gcs_task> on 2024-06-07 15:45:41.226345+00:00
[2024-06-07 15:45:47,766] {standard_task_runner.py:52} INFO - Started process 12000 to run task
[2024-06-07 15:45:47,775] {standard_task_runner.py:76} INFO - Running: ['***', 'tasks', 'run', 'data_ingestion_gcs_dag', 'upload_to_gcs_task', 'manual__2024-06-07T15:45:41.226345+00:00', '--job-id', '339', '--raw', '--subdir', 'DAGS_FOLDER/data_ingestion.py', '--cfg-path', '/tmp/tmpdn_ydzpp', '--error-file', '/tmp/tmpxsgh_c_t']
[2024-06-07 15:45:47,782] {standard_task_runner.py:77} INFO - Job 339: Subtask upload_to_gcs_task
[2024-06-07 15:45:47,876] {logging_mixin.py:109} INFO - Running <TaskInstance: data_ingestion_gcs_dag.upload_to_gcs_task manual__2024-06-07T15:45:41.226345+00:00 [running]> on host fbb305b57b58
[2024-06-07 15:45:47,996] {taskinstance.py:1426} INFO - Exporting the following env vars:
AIRFLOW_CTX_DAG_OWNER=***
AIRFLOW_CTX_DAG_ID=data_ingestion_gcs_dag
AIRFLOW_CTX_TASK_ID=upload_to_gcs_task
AIRFLOW_CTX_EXECUTION_DATE=2024-06-07T15:45:41.226345+00:00
AIRFLOW_CTX_DAG_RUN_ID=manual__2024-06-07T15:45:41.226345+00:00
[2024-06-07 15:45:48,317] {logging_mixin.py:109} INFO - File new_york_times_most_viewed_2024-06-07_15-45-43.json uploaded to new_york_times_most_viewed_2024-06-07_15-45-43.json.
[2024-06-07 15:45:48,317] {python.py:175} INFO - Done. Returned value was: None
[2024-06-07 15:45:48,328] {taskinstance.py:1277} INFO - Marking task as SUCCESS. dag_id=data_ingestion_gcs_dag, task_id=upload_to_gcs_task, execution_date=20240607T154541, start_date=20240607T154547, end_date=20240607T154548
[2024-06-07 15:45:48,353] {local_task_job.py:154} INFO - Task exited with return code 0
[2024-06-07 15:45:48,387] {local_task_job.py:264} INFO - 1 downstream tasks scheduled from follow-on schedule check
