[2024-06-04 13:39:06,828] {taskinstance.py:1032} INFO - Dependencies all met for <TaskInstance: data_ingestion_gcs_dag.transform_dataset_task manual__2024-06-04T13:39:02.871796+00:00 [queued]>
[2024-06-04 13:39:06,847] {taskinstance.py:1032} INFO - Dependencies all met for <TaskInstance: data_ingestion_gcs_dag.transform_dataset_task manual__2024-06-04T13:39:02.871796+00:00 [queued]>
[2024-06-04 13:39:06,847] {taskinstance.py:1238} INFO - 
--------------------------------------------------------------------------------
[2024-06-04 13:39:06,847] {taskinstance.py:1239} INFO - Starting attempt 1 of 2
[2024-06-04 13:39:06,847] {taskinstance.py:1240} INFO - 
--------------------------------------------------------------------------------
[2024-06-04 13:39:06,869] {taskinstance.py:1259} INFO - Executing <Task(PythonOperator): transform_dataset_task> on 2024-06-04 13:39:02.871796+00:00
[2024-06-04 13:39:06,878] {standard_task_runner.py:52} INFO - Started process 19287 to run task
[2024-06-04 13:39:06,884] {standard_task_runner.py:76} INFO - Running: ['***', 'tasks', 'run', 'data_ingestion_gcs_dag', 'transform_dataset_task', 'manual__2024-06-04T13:39:02.871796+00:00', '--job-id', '204', '--raw', '--subdir', 'DAGS_FOLDER/data_ingestion.py', '--cfg-path', '/tmp/tmpdbghcr3x', '--error-file', '/tmp/tmpvdc7kgku']
[2024-06-04 13:39:06,894] {standard_task_runner.py:77} INFO - Job 204: Subtask transform_dataset_task
[2024-06-04 13:39:06,955] {logging_mixin.py:109} INFO - Running <TaskInstance: data_ingestion_gcs_dag.transform_dataset_task manual__2024-06-04T13:39:02.871796+00:00 [running]> on host 7ae6972dd88f
[2024-06-04 13:39:07,010] {taskinstance.py:1426} INFO - Exporting the following env vars:
AIRFLOW_CTX_DAG_OWNER=***
AIRFLOW_CTX_DAG_ID=data_ingestion_gcs_dag
AIRFLOW_CTX_TASK_ID=transform_dataset_task
AIRFLOW_CTX_EXECUTION_DATE=2024-06-04T13:39:02.871796+00:00
AIRFLOW_CTX_DAG_RUN_ID=manual__2024-06-04T13:39:02.871796+00:00
[2024-06-04 13:39:07,050] {logging_mixin.py:109} INFO - 0     {'uri': 'nyt://article/5417a5b2-29a8-5e47-8795...
1     {'uri': 'nyt://article/361d20a8-556b-56ba-a9a6...
2     {'uri': 'nyt://article/ab9db728-d744-5a51-a220...
3     {'uri': 'nyt://article/d52686d9-a259-5cd4-a0aa...
4     {'uri': 'nyt://article/946429a3-e297-54be-bde0...
5     {'uri': 'nyt://article/ca824b3e-85ea-506d-b6bf...
6     {'uri': 'nyt://article/7f245975-7289-5e30-afb7...
7     {'uri': 'nyt://article/036ce54d-1a74-58b6-800c...
8     {'uri': 'nyt://article/d9a998fb-8914-5681-a6bf...
9     {'uri': 'nyt://article/75787b3b-61c3-5c29-a50b...
10    {'uri': 'nyt://interactive/91d165d6-83c8-523e-...
11    {'uri': 'nyt://article/12b3e832-294f-5e89-bcac...
12    {'uri': 'nyt://article/031be2ac-5f2f-5e57-92ca...
13    {'uri': 'nyt://article/8ce48888-18eb-5159-84f4...
14    {'uri': 'nyt://article/a7d007e0-6136-5fee-a79c...
15    {'uri': 'nyt://interactive/1fbf720e-a531-510b-...
16    {'uri': 'nyt://article/50d927f1-7ed5-539f-aa25...
17    {'uri': 'nyt://article/5597c7e3-e0ab-5845-b96a...
18    {'uri': 'nyt://article/d8374226-4af8-5304-8a5d...
19    {'uri': 'nyt://article/4b902855-9a11-54ca-a087...
Name: results, dtype: object
[2024-06-04 13:39:07,051] {python.py:175} INFO - Done. Returned value was: None
[2024-06-04 13:39:07,061] {taskinstance.py:1277} INFO - Marking task as SUCCESS. dag_id=data_ingestion_gcs_dag, task_id=transform_dataset_task, execution_date=20240604T133902, start_date=20240604T133906, end_date=20240604T133907
[2024-06-04 13:39:07,095] {local_task_job.py:154} INFO - Task exited with return code 0
[2024-06-04 13:39:07,125] {local_task_job.py:264} INFO - 0 downstream tasks scheduled from follow-on schedule check
