[2024-06-13 14:52:08,894] {taskinstance.py:1032} INFO - Dependencies all met for <TaskInstance: data_ingestion_gcs_dag.transform_dataset_task manual__2024-06-13T14:52:03.455202+00:00 [queued]>
[2024-06-13 14:52:08,905] {taskinstance.py:1032} INFO - Dependencies all met for <TaskInstance: data_ingestion_gcs_dag.transform_dataset_task manual__2024-06-13T14:52:03.455202+00:00 [queued]>
[2024-06-13 14:52:08,906] {taskinstance.py:1238} INFO - 
--------------------------------------------------------------------------------
[2024-06-13 14:52:08,906] {taskinstance.py:1239} INFO - Starting attempt 1 of 2
[2024-06-13 14:52:08,906] {taskinstance.py:1240} INFO - 
--------------------------------------------------------------------------------
[2024-06-13 14:52:08,919] {taskinstance.py:1259} INFO - Executing <Task(PythonOperator): transform_dataset_task> on 2024-06-13 14:52:03.455202+00:00
[2024-06-13 14:52:08,925] {standard_task_runner.py:52} INFO - Started process 354 to run task
[2024-06-13 14:52:08,929] {standard_task_runner.py:76} INFO - Running: ['***', 'tasks', 'run', 'data_ingestion_gcs_dag', 'transform_dataset_task', 'manual__2024-06-13T14:52:03.455202+00:00', '--job-id', '363', '--raw', '--subdir', 'DAGS_FOLDER/data_ingestion.py', '--cfg-path', '/tmp/tmp7wwitmxs', '--error-file', '/tmp/tmp69mw_3fw']
[2024-06-13 14:52:08,932] {standard_task_runner.py:77} INFO - Job 363: Subtask transform_dataset_task
[2024-06-13 14:52:08,990] {logging_mixin.py:109} INFO - Running <TaskInstance: data_ingestion_gcs_dag.transform_dataset_task manual__2024-06-13T14:52:03.455202+00:00 [running]> on host 2186e324427f
[2024-06-13 14:52:09,044] {taskinstance.py:1426} INFO - Exporting the following env vars:
AIRFLOW_CTX_DAG_OWNER=***
AIRFLOW_CTX_DAG_ID=data_ingestion_gcs_dag
AIRFLOW_CTX_TASK_ID=transform_dataset_task
AIRFLOW_CTX_EXECUTION_DATE=2024-06-13T14:52:03.455202+00:00
AIRFLOW_CTX_DAG_RUN_ID=manual__2024-06-13T14:52:03.455202+00:00
[2024-06-13 14:52:09,079] {python.py:175} INFO - Done. Returned value was: None
[2024-06-13 14:52:09,089] {taskinstance.py:1277} INFO - Marking task as SUCCESS. dag_id=data_ingestion_gcs_dag, task_id=transform_dataset_task, execution_date=20240613T145203, start_date=20240613T145208, end_date=20240613T145209
[2024-06-13 14:52:09,144] {local_task_job.py:154} INFO - Task exited with return code 0
[2024-06-13 14:52:09,180] {local_task_job.py:264} INFO - 1 downstream tasks scheduled from follow-on schedule check
