[2024-06-04 12:55:44,609] {taskinstance.py:1032} INFO - Dependencies all met for <TaskInstance: data_ingestion_gcs_dag.transform_dataset_task manual__2024-06-04T12:52:17.082197+00:00 [queued]>
[2024-06-04 12:55:44,618] {taskinstance.py:1032} INFO - Dependencies all met for <TaskInstance: data_ingestion_gcs_dag.transform_dataset_task manual__2024-06-04T12:52:17.082197+00:00 [queued]>
[2024-06-04 12:55:44,618] {taskinstance.py:1238} INFO - 
--------------------------------------------------------------------------------
[2024-06-04 12:55:44,618] {taskinstance.py:1239} INFO - Starting attempt 1 of 2
[2024-06-04 12:55:44,618] {taskinstance.py:1240} INFO - 
--------------------------------------------------------------------------------
[2024-06-04 12:55:44,629] {taskinstance.py:1259} INFO - Executing <Task(PythonOperator): transform_dataset_task> on 2024-06-04 12:52:17.082197+00:00
[2024-06-04 12:55:44,634] {standard_task_runner.py:52} INFO - Started process 16118 to run task
[2024-06-04 12:55:44,637] {standard_task_runner.py:76} INFO - Running: ['***', 'tasks', 'run', 'data_ingestion_gcs_dag', 'transform_dataset_task', 'manual__2024-06-04T12:52:17.082197+00:00', '--job-id', '175', '--raw', '--subdir', 'DAGS_FOLDER/data_ingestion.py', '--cfg-path', '/tmp/tmpe92ujkdh', '--error-file', '/tmp/tmpw5m00pxm']
[2024-06-04 12:55:44,641] {standard_task_runner.py:77} INFO - Job 175: Subtask transform_dataset_task
[2024-06-04 12:55:44,698] {logging_mixin.py:109} INFO - Running <TaskInstance: data_ingestion_gcs_dag.transform_dataset_task manual__2024-06-04T12:52:17.082197+00:00 [running]> on host 7ae6972dd88f
[2024-06-04 12:55:44,750] {taskinstance.py:1426} INFO - Exporting the following env vars:
AIRFLOW_CTX_DAG_OWNER=***
AIRFLOW_CTX_DAG_ID=data_ingestion_gcs_dag
AIRFLOW_CTX_TASK_ID=transform_dataset_task
AIRFLOW_CTX_EXECUTION_DATE=2024-06-04T12:52:17.082197+00:00
AIRFLOW_CTX_DAG_RUN_ID=manual__2024-06-04T12:52:17.082197+00:00
[2024-06-04 12:55:45,165] {logging_mixin.py:109} INFO - <class 'pandas.core.frame.DataFrame'>
Index: 0 entries
Columns: 935 entries, {"status":"OK" to eta_id:0}]}
dtypes: object(935)
memory usage: 0.0+ bytes
[2024-06-04 12:55:45,165] {logging_mixin.py:109} INFO - None
[2024-06-04 12:55:45,166] {python.py:175} INFO - Done. Returned value was: None
[2024-06-04 12:55:45,180] {taskinstance.py:1277} INFO - Marking task as SUCCESS. dag_id=data_ingestion_gcs_dag, task_id=transform_dataset_task, execution_date=20240604T125217, start_date=20240604T125544, end_date=20240604T125545
[2024-06-04 12:55:45,212] {local_task_job.py:154} INFO - Task exited with return code 0
[2024-06-04 12:55:45,245] {local_task_job.py:264} INFO - 0 downstream tasks scheduled from follow-on schedule check
