[2024-06-13 11:47:22,029] {taskinstance.py:1032} INFO - Dependencies all met for <TaskInstance: data_ingestion_gcs_dag.download_dataset_task scheduled__2024-06-12T09:00:00+00:00 [queued]>
[2024-06-13 11:47:22,051] {taskinstance.py:1032} INFO - Dependencies all met for <TaskInstance: data_ingestion_gcs_dag.download_dataset_task scheduled__2024-06-12T09:00:00+00:00 [queued]>
[2024-06-13 11:47:22,052] {taskinstance.py:1238} INFO - 
--------------------------------------------------------------------------------
[2024-06-13 11:47:22,052] {taskinstance.py:1239} INFO - Starting attempt 1 of 2
[2024-06-13 11:47:22,052] {taskinstance.py:1240} INFO - 
--------------------------------------------------------------------------------
[2024-06-13 11:47:22,080] {taskinstance.py:1259} INFO - Executing <Task(BashOperator): download_dataset_task> on 2024-06-12 09:00:00+00:00
[2024-06-13 11:47:22,086] {standard_task_runner.py:52} INFO - Started process 273 to run task
[2024-06-13 11:47:22,106] {standard_task_runner.py:76} INFO - Running: ['***', 'tasks', 'run', 'data_ingestion_gcs_dag', 'download_dataset_task', 'scheduled__2024-06-12T09:00:00+00:00', '--job-id', '350', '--raw', '--subdir', 'DAGS_FOLDER/data_ingestion.py', '--cfg-path', '/tmp/tmpumanp5il', '--error-file', '/tmp/tmpl9__z76h']
[2024-06-13 11:47:22,113] {standard_task_runner.py:77} INFO - Job 350: Subtask download_dataset_task
[2024-06-13 11:47:22,178] {logging_mixin.py:109} INFO - Running <TaskInstance: data_ingestion_gcs_dag.download_dataset_task scheduled__2024-06-12T09:00:00+00:00 [running]> on host e092adbea91d
[2024-06-13 11:47:22,231] {taskinstance.py:1426} INFO - Exporting the following env vars:
AIRFLOW_CTX_DAG_OWNER=***
AIRFLOW_CTX_DAG_ID=data_ingestion_gcs_dag
AIRFLOW_CTX_TASK_ID=download_dataset_task
AIRFLOW_CTX_EXECUTION_DATE=2024-06-12T09:00:00+00:00
AIRFLOW_CTX_DAG_RUN_ID=scheduled__2024-06-12T09:00:00+00:00
[2024-06-13 11:47:22,233] {subprocess.py:62} INFO - Tmp dir root location: 
 /tmp
[2024-06-13 11:47:22,234] {subprocess.py:74} INFO - Running command: ['bash', '-c', 'curl -sSL https://api.nytimes.com/svc/mostpopular/v2/viewed/1.json?api-key=6RmAG7GJNkjXhOt5pYF8xPooXDpEpWt1 > /opt/***/new_york_times_most_viewed_2024-06-13_11-47-21.json']
[2024-06-13 11:47:22,246] {subprocess.py:85} INFO - Output:
[2024-06-13 11:47:23,056] {subprocess.py:93} INFO - Command exited with return code 0
[2024-06-13 11:47:23,103] {taskinstance.py:1277} INFO - Marking task as SUCCESS. dag_id=data_ingestion_gcs_dag, task_id=download_dataset_task, execution_date=20240612T090000, start_date=20240613T114722, end_date=20240613T114723
[2024-06-13 11:47:23,142] {local_task_job.py:154} INFO - Task exited with return code 0
[2024-06-13 11:47:23,207] {local_task_job.py:264} INFO - 0 downstream tasks scheduled from follow-on schedule check
