[2024-06-04 13:39:54,515] {taskinstance.py:1032} INFO - Dependencies all met for <TaskInstance: data_ingestion_gcs_dag.download_dataset_task manual__2024-06-04T13:39:53.261108+00:00 [queued]>
[2024-06-04 13:39:54,526] {taskinstance.py:1032} INFO - Dependencies all met for <TaskInstance: data_ingestion_gcs_dag.download_dataset_task manual__2024-06-04T13:39:53.261108+00:00 [queued]>
[2024-06-04 13:39:54,527] {taskinstance.py:1238} INFO - 
--------------------------------------------------------------------------------
[2024-06-04 13:39:54,527] {taskinstance.py:1239} INFO - Starting attempt 1 of 2
[2024-06-04 13:39:54,527] {taskinstance.py:1240} INFO - 
--------------------------------------------------------------------------------
[2024-06-04 13:39:54,539] {taskinstance.py:1259} INFO - Executing <Task(BashOperator): download_dataset_task> on 2024-06-04 13:39:53.261108+00:00
[2024-06-04 13:39:54,545] {standard_task_runner.py:52} INFO - Started process 19351 to run task
[2024-06-04 13:39:54,549] {standard_task_runner.py:76} INFO - Running: ['***', 'tasks', 'run', 'data_ingestion_gcs_dag', 'download_dataset_task', 'manual__2024-06-04T13:39:53.261108+00:00', '--job-id', '205', '--raw', '--subdir', 'DAGS_FOLDER/data_ingestion.py', '--cfg-path', '/tmp/tmp7r1twmm6', '--error-file', '/tmp/tmpzt0bkhoh']
[2024-06-04 13:39:54,554] {standard_task_runner.py:77} INFO - Job 205: Subtask download_dataset_task
[2024-06-04 13:39:54,622] {logging_mixin.py:109} INFO - Running <TaskInstance: data_ingestion_gcs_dag.download_dataset_task manual__2024-06-04T13:39:53.261108+00:00 [running]> on host 7ae6972dd88f
[2024-06-04 13:39:54,685] {taskinstance.py:1426} INFO - Exporting the following env vars:
AIRFLOW_CTX_DAG_OWNER=***
AIRFLOW_CTX_DAG_ID=data_ingestion_gcs_dag
AIRFLOW_CTX_TASK_ID=download_dataset_task
AIRFLOW_CTX_EXECUTION_DATE=2024-06-04T13:39:53.261108+00:00
AIRFLOW_CTX_DAG_RUN_ID=manual__2024-06-04T13:39:53.261108+00:00
[2024-06-04 13:39:54,686] {subprocess.py:62} INFO - Tmp dir root location: 
 /tmp
[2024-06-04 13:39:54,687] {subprocess.py:74} INFO - Running command: ['bash', '-c', 'curl -sSL https://api.nytimes.com/svc/mostpopular/v2/viewed/1.json?api-key=6RmAG7GJNkjXhOt5pYF8xPooXDpEpWt1 > /opt/***/new_york_times_most_viewed.json']
[2024-06-04 13:39:54,697] {subprocess.py:85} INFO - Output:
[2024-06-04 13:39:55,645] {subprocess.py:93} INFO - Command exited with return code 0
[2024-06-04 13:39:55,673] {taskinstance.py:1277} INFO - Marking task as SUCCESS. dag_id=data_ingestion_gcs_dag, task_id=download_dataset_task, execution_date=20240604T133953, start_date=20240604T133954, end_date=20240604T133955
[2024-06-04 13:39:55,723] {local_task_job.py:154} INFO - Task exited with return code 0
[2024-06-04 13:39:55,759] {local_task_job.py:264} INFO - 1 downstream tasks scheduled from follow-on schedule check
