[2024-06-13 14:31:25,678] {taskinstance.py:1032} INFO - Dependencies all met for <TaskInstance: data_ingestion_gcs_dag.upload_to_gcs_task manual__2024-06-13T14:31:18.764696+00:00 [queued]>
[2024-06-13 14:31:25,695] {taskinstance.py:1032} INFO - Dependencies all met for <TaskInstance: data_ingestion_gcs_dag.upload_to_gcs_task manual__2024-06-13T14:31:18.764696+00:00 [queued]>
[2024-06-13 14:31:25,695] {taskinstance.py:1238} INFO - 
--------------------------------------------------------------------------------
[2024-06-13 14:31:25,695] {taskinstance.py:1239} INFO - Starting attempt 1 of 2
[2024-06-13 14:31:25,695] {taskinstance.py:1240} INFO - 
--------------------------------------------------------------------------------
[2024-06-13 14:31:25,723] {taskinstance.py:1259} INFO - Executing <Task(PythonOperator): upload_to_gcs_task> on 2024-06-13 14:31:18.764696+00:00
[2024-06-13 14:31:25,731] {standard_task_runner.py:52} INFO - Started process 2095 to run task
[2024-06-13 14:31:25,747] {standard_task_runner.py:76} INFO - Running: ['***', 'tasks', 'run', 'data_ingestion_gcs_dag', 'upload_to_gcs_task', 'manual__2024-06-13T14:31:18.764696+00:00', '--job-id', '357', '--raw', '--subdir', 'DAGS_FOLDER/data_ingestion.py', '--cfg-path', '/tmp/tmp1gzhxszn', '--error-file', '/tmp/tmpjhhpnmv3']
[2024-06-13 14:31:25,751] {standard_task_runner.py:77} INFO - Job 357: Subtask upload_to_gcs_task
[2024-06-13 14:31:25,849] {logging_mixin.py:109} INFO - Running <TaskInstance: data_ingestion_gcs_dag.upload_to_gcs_task manual__2024-06-13T14:31:18.764696+00:00 [running]> on host 975deb1a92e6
[2024-06-13 14:31:25,962] {taskinstance.py:1426} INFO - Exporting the following env vars:
AIRFLOW_CTX_DAG_OWNER=***
AIRFLOW_CTX_DAG_ID=data_ingestion_gcs_dag
AIRFLOW_CTX_TASK_ID=upload_to_gcs_task
AIRFLOW_CTX_EXECUTION_DATE=2024-06-13T14:31:18.764696+00:00
AIRFLOW_CTX_DAG_RUN_ID=manual__2024-06-13T14:31:18.764696+00:00
[2024-06-13 14:31:26,225] {logging_mixin.py:109} INFO - File new_york_times_most_viewed_2024-06-13_14-31-20.json uploaded to new_york_times_most_viewed_2024-06-13_14-31-20.json.
[2024-06-13 14:31:26,225] {python.py:175} INFO - Done. Returned value was: None
[2024-06-13 14:31:26,236] {taskinstance.py:1277} INFO - Marking task as SUCCESS. dag_id=data_ingestion_gcs_dag, task_id=upload_to_gcs_task, execution_date=20240613T143118, start_date=20240613T143125, end_date=20240613T143126
[2024-06-13 14:31:26,291] {local_task_job.py:154} INFO - Task exited with return code 0
[2024-06-13 14:31:26,328] {local_task_job.py:264} INFO - 1 downstream tasks scheduled from follow-on schedule check
