[2024-06-07 15:01:13,482] {taskinstance.py:1032} INFO - Dependencies all met for <TaskInstance: data_ingestion_gcs_dag.download_dataset_task manual__2024-06-07T15:01:11.898942+00:00 [queued]>
[2024-06-07 15:01:13,492] {taskinstance.py:1032} INFO - Dependencies all met for <TaskInstance: data_ingestion_gcs_dag.download_dataset_task manual__2024-06-07T15:01:11.898942+00:00 [queued]>
[2024-06-07 15:01:13,492] {taskinstance.py:1238} INFO - 
--------------------------------------------------------------------------------
[2024-06-07 15:01:13,493] {taskinstance.py:1239} INFO - Starting attempt 1 of 2
[2024-06-07 15:01:13,493] {taskinstance.py:1240} INFO - 
--------------------------------------------------------------------------------
[2024-06-07 15:01:13,509] {taskinstance.py:1259} INFO - Executing <Task(BashOperator): download_dataset_task> on 2024-06-07 15:01:11.898942+00:00
[2024-06-07 15:01:13,513] {standard_task_runner.py:52} INFO - Started process 7999 to run task
[2024-06-07 15:01:13,517] {standard_task_runner.py:76} INFO - Running: ['***', 'tasks', 'run', 'data_ingestion_gcs_dag', 'download_dataset_task', 'manual__2024-06-07T15:01:11.898942+00:00', '--job-id', '309', '--raw', '--subdir', 'DAGS_FOLDER/data_ingestion.py', '--cfg-path', '/tmp/tmpmxdf0vyg', '--error-file', '/tmp/tmpwlpqq365']
[2024-06-07 15:01:13,521] {standard_task_runner.py:77} INFO - Job 309: Subtask download_dataset_task
[2024-06-07 15:01:13,578] {logging_mixin.py:109} INFO - Running <TaskInstance: data_ingestion_gcs_dag.download_dataset_task manual__2024-06-07T15:01:11.898942+00:00 [running]> on host fbb305b57b58
[2024-06-07 15:01:13,633] {taskinstance.py:1426} INFO - Exporting the following env vars:
AIRFLOW_CTX_DAG_OWNER=***
AIRFLOW_CTX_DAG_ID=data_ingestion_gcs_dag
AIRFLOW_CTX_TASK_ID=download_dataset_task
AIRFLOW_CTX_EXECUTION_DATE=2024-06-07T15:01:11.898942+00:00
AIRFLOW_CTX_DAG_RUN_ID=manual__2024-06-07T15:01:11.898942+00:00
[2024-06-07 15:01:13,635] {subprocess.py:62} INFO - Tmp dir root location: 
 /tmp
[2024-06-07 15:01:13,635] {subprocess.py:74} INFO - Running command: ['bash', '-c', 'curl -sSL https://api.nytimes.com/svc/mostpopular/v2/viewed/1.json?api-key=6RmAG7GJNkjXhOt5pYF8xPooXDpEpWt1 > /opt/***/new_york_times_most_viewed_2024-06-07_15-01-13.json']
[2024-06-07 15:01:13,647] {subprocess.py:85} INFO - Output:
[2024-06-07 15:01:14,483] {subprocess.py:93} INFO - Command exited with return code 0
[2024-06-07 15:01:14,514] {taskinstance.py:1277} INFO - Marking task as SUCCESS. dag_id=data_ingestion_gcs_dag, task_id=download_dataset_task, execution_date=20240607T150111, start_date=20240607T150113, end_date=20240607T150114
[2024-06-07 15:01:14,540] {local_task_job.py:154} INFO - Task exited with return code 0
[2024-06-07 15:01:14,579] {local_task_job.py:264} INFO - 1 downstream tasks scheduled from follow-on schedule check
