[2024-06-05 13:13:28,733] {taskinstance.py:1032} INFO - Dependencies all met for <TaskInstance: data_ingestion_gcs_dag.transform_dataset_task manual__2024-06-05T13:12:52.129569+00:00 [queued]>
[2024-06-05 13:13:28,741] {taskinstance.py:1032} INFO - Dependencies all met for <TaskInstance: data_ingestion_gcs_dag.transform_dataset_task manual__2024-06-05T13:12:52.129569+00:00 [queued]>
[2024-06-05 13:13:28,741] {taskinstance.py:1238} INFO - 
--------------------------------------------------------------------------------
[2024-06-05 13:13:28,742] {taskinstance.py:1239} INFO - Starting attempt 1 of 2
[2024-06-05 13:13:28,742] {taskinstance.py:1240} INFO - 
--------------------------------------------------------------------------------
[2024-06-05 13:13:28,753] {taskinstance.py:1259} INFO - Executing <Task(PythonOperator): transform_dataset_task> on 2024-06-05 13:12:52.129569+00:00
[2024-06-05 13:13:28,759] {standard_task_runner.py:52} INFO - Started process 524 to run task
[2024-06-05 13:13:28,763] {standard_task_runner.py:76} INFO - Running: ['***', 'tasks', 'run', 'data_ingestion_gcs_dag', 'transform_dataset_task', 'manual__2024-06-05T13:12:52.129569+00:00', '--job-id', '251', '--raw', '--subdir', 'DAGS_FOLDER/data_ingestion.py', '--cfg-path', '/tmp/tmpq5oxnj_t', '--error-file', '/tmp/tmpmim0pg5t']
[2024-06-05 13:13:28,767] {standard_task_runner.py:77} INFO - Job 251: Subtask transform_dataset_task
[2024-06-05 13:13:28,820] {logging_mixin.py:109} INFO - Running <TaskInstance: data_ingestion_gcs_dag.transform_dataset_task manual__2024-06-05T13:12:52.129569+00:00 [running]> on host 4d7e4f8cc7e7
[2024-06-05 13:13:28,894] {taskinstance.py:1426} INFO - Exporting the following env vars:
AIRFLOW_CTX_DAG_OWNER=***
AIRFLOW_CTX_DAG_ID=data_ingestion_gcs_dag
AIRFLOW_CTX_TASK_ID=transform_dataset_task
AIRFLOW_CTX_EXECUTION_DATE=2024-06-05T13:12:52.129569+00:00
AIRFLOW_CTX_DAG_RUN_ID=manual__2024-06-05T13:12:52.129569+00:00
[2024-06-05 13:13:28,936] {python.py:175} INFO - Done. Returned value was: None
[2024-06-05 13:13:28,955] {taskinstance.py:1277} INFO - Marking task as SUCCESS. dag_id=data_ingestion_gcs_dag, task_id=transform_dataset_task, execution_date=20240605T131252, start_date=20240605T131328, end_date=20240605T131328
[2024-06-05 13:13:29,018] {local_task_job.py:154} INFO - Task exited with return code 0
[2024-06-05 13:13:29,098] {local_task_job.py:264} INFO - 0 downstream tasks scheduled from follow-on schedule check
