[2024-06-05 13:10:47,995] {taskinstance.py:1032} INFO - Dependencies all met for <TaskInstance: data_ingestion_gcs_dag.upload_to_gcs_task manual__2024-06-05T13:07:11.242650+00:00 [queued]>
[2024-06-05 13:10:48,004] {taskinstance.py:1032} INFO - Dependencies all met for <TaskInstance: data_ingestion_gcs_dag.upload_to_gcs_task manual__2024-06-05T13:07:11.242650+00:00 [queued]>
[2024-06-05 13:10:48,004] {taskinstance.py:1238} INFO - 
--------------------------------------------------------------------------------
[2024-06-05 13:10:48,004] {taskinstance.py:1239} INFO - Starting attempt 1 of 2
[2024-06-05 13:10:48,004] {taskinstance.py:1240} INFO - 
--------------------------------------------------------------------------------
[2024-06-05 13:10:48,018] {taskinstance.py:1259} INFO - Executing <Task(PythonOperator): upload_to_gcs_task> on 2024-06-05 13:07:11.242650+00:00
[2024-06-05 13:10:48,023] {standard_task_runner.py:52} INFO - Started process 262 to run task
[2024-06-05 13:10:48,026] {standard_task_runner.py:76} INFO - Running: ['***', 'tasks', 'run', 'data_ingestion_gcs_dag', 'upload_to_gcs_task', 'manual__2024-06-05T13:07:11.242650+00:00', '--job-id', '245', '--raw', '--subdir', 'DAGS_FOLDER/data_ingestion.py', '--cfg-path', '/tmp/tmp8m73vqrr', '--error-file', '/tmp/tmphcav2kk8']
[2024-06-05 13:10:48,029] {standard_task_runner.py:77} INFO - Job 245: Subtask upload_to_gcs_task
[2024-06-05 13:10:48,080] {logging_mixin.py:109} INFO - Running <TaskInstance: data_ingestion_gcs_dag.upload_to_gcs_task manual__2024-06-05T13:07:11.242650+00:00 [running]> on host 4d7e4f8cc7e7
[2024-06-05 13:10:48,133] {taskinstance.py:1426} INFO - Exporting the following env vars:
AIRFLOW_CTX_DAG_OWNER=***
AIRFLOW_CTX_DAG_ID=data_ingestion_gcs_dag
AIRFLOW_CTX_TASK_ID=upload_to_gcs_task
AIRFLOW_CTX_EXECUTION_DATE=2024-06-05T13:07:11.242650+00:00
AIRFLOW_CTX_DAG_RUN_ID=manual__2024-06-05T13:07:11.242650+00:00
[2024-06-05 13:10:48,379] {logging_mixin.py:109} INFO - File /opt/***/transformed_data.json uploaded to transformed_data.json.
[2024-06-05 13:10:48,380] {python.py:175} INFO - Done. Returned value was: None
[2024-06-05 13:10:48,411] {taskinstance.py:1277} INFO - Marking task as SUCCESS. dag_id=data_ingestion_gcs_dag, task_id=upload_to_gcs_task, execution_date=20240605T130711, start_date=20240605T131047, end_date=20240605T131048
[2024-06-05 13:10:48,483] {local_task_job.py:154} INFO - Task exited with return code 0
[2024-06-05 13:10:48,532] {local_task_job.py:264} INFO - 1 downstream tasks scheduled from follow-on schedule check
