[2024-06-04 13:28:49,767] {taskinstance.py:1032} INFO - Dependencies all met for <TaskInstance: data_ingestion_gcs_dag.transform_dataset_task manual__2024-06-04T13:28:46.328163+00:00 [queued]>
[2024-06-04 13:28:49,777] {taskinstance.py:1032} INFO - Dependencies all met for <TaskInstance: data_ingestion_gcs_dag.transform_dataset_task manual__2024-06-04T13:28:46.328163+00:00 [queued]>
[2024-06-04 13:28:49,777] {taskinstance.py:1238} INFO - 
--------------------------------------------------------------------------------
[2024-06-04 13:28:49,777] {taskinstance.py:1239} INFO - Starting attempt 1 of 2
[2024-06-04 13:28:49,777] {taskinstance.py:1240} INFO - 
--------------------------------------------------------------------------------
[2024-06-04 13:28:49,790] {taskinstance.py:1259} INFO - Executing <Task(PythonOperator): transform_dataset_task> on 2024-06-04 13:28:46.328163+00:00
[2024-06-04 13:28:49,795] {standard_task_runner.py:52} INFO - Started process 18485 to run task
[2024-06-04 13:28:49,799] {standard_task_runner.py:76} INFO - Running: ['***', 'tasks', 'run', 'data_ingestion_gcs_dag', 'transform_dataset_task', 'manual__2024-06-04T13:28:46.328163+00:00', '--job-id', '192', '--raw', '--subdir', 'DAGS_FOLDER/data_ingestion.py', '--cfg-path', '/tmp/tmpxqcyvjd9', '--error-file', '/tmp/tmpjz286gxh']
[2024-06-04 13:28:49,803] {standard_task_runner.py:77} INFO - Job 192: Subtask transform_dataset_task
[2024-06-04 13:28:49,857] {logging_mixin.py:109} INFO - Running <TaskInstance: data_ingestion_gcs_dag.transform_dataset_task manual__2024-06-04T13:28:46.328163+00:00 [running]> on host 7ae6972dd88f
[2024-06-04 13:28:49,959] {taskinstance.py:1426} INFO - Exporting the following env vars:
AIRFLOW_CTX_DAG_OWNER=***
AIRFLOW_CTX_DAG_ID=data_ingestion_gcs_dag
AIRFLOW_CTX_TASK_ID=transform_dataset_task
AIRFLOW_CTX_EXECUTION_DATE=2024-06-04T13:28:46.328163+00:00
AIRFLOW_CTX_DAG_RUN_ID=manual__2024-06-04T13:28:46.328163+00:00
[2024-06-04 13:28:50,013] {logging_mixin.py:109} INFO - 0     {'uri': 'nyt://article/361d20a8-556b-56ba-a9a6...
1     {'uri': 'nyt://article/cd10cee5-a0a2-5ddb-a076...
2     {'uri': 'nyt://article/4b902855-9a11-54ca-a087...
3     {'uri': 'nyt://interactive/e26bf618-e0b6-5ba6-...
4     {'uri': 'nyt://article/a7d007e0-6136-5fee-a79c...
5     {'uri': 'nyt://article/12a6e758-2cd4-50b4-a7df...
6     {'uri': 'nyt://article/b8116046-b2d9-5e2e-b2cd...
7     {'uri': 'nyt://article/36a15f6e-41b0-565a-a096...
8     {'uri': 'nyt://article/3292a6d6-a39d-5953-9cd2...
9     {'uri': 'nyt://article/8be0a444-4804-5c78-98f5...
10    {'uri': 'nyt://article/c707e1ce-cbe2-5853-8b0d...
11    {'uri': 'nyt://article/50d927f1-7ed5-539f-aa25...
12    {'uri': 'nyt://interactive/3e859d5e-5e8b-5da2-...
13    {'uri': 'nyt://article/946429a3-e297-54be-bde0...
14    {'uri': 'nyt://article/d8374226-4af8-5304-8a5d...
15    {'uri': 'nyt://article/7da1e5a6-26e9-577d-8c09...
16    {'uri': 'nyt://article/75787b3b-61c3-5c29-a50b...
17    {'uri': 'nyt://article/1c83957c-9fda-5c7d-9a7f...
18    {'uri': 'nyt://article/2d5a07d8-4816-5279-bb6e...
19    {'uri': 'nyt://article/ab9db728-d744-5a51-a220...
Name: results, dtype: object
[2024-06-04 13:28:50,016] {python.py:175} INFO - Done. Returned value was: None
[2024-06-04 13:28:50,035] {taskinstance.py:1277} INFO - Marking task as SUCCESS. dag_id=data_ingestion_gcs_dag, task_id=transform_dataset_task, execution_date=20240604T132846, start_date=20240604T132849, end_date=20240604T132850
[2024-06-04 13:28:50,093] {local_task_job.py:154} INFO - Task exited with return code 0
[2024-06-04 13:28:50,143] {local_task_job.py:264} INFO - 0 downstream tasks scheduled from follow-on schedule check
