[2024-06-04 13:00:24,196] {taskinstance.py:1032} INFO - Dependencies all met for <TaskInstance: data_ingestion_gcs_dag.transform_dataset_task manual__2024-06-04T13:00:13.539253+00:00 [queued]>
[2024-06-04 13:00:24,215] {taskinstance.py:1032} INFO - Dependencies all met for <TaskInstance: data_ingestion_gcs_dag.transform_dataset_task manual__2024-06-04T13:00:13.539253+00:00 [queued]>
[2024-06-04 13:00:24,215] {taskinstance.py:1238} INFO - 
--------------------------------------------------------------------------------
[2024-06-04 13:00:24,215] {taskinstance.py:1239} INFO - Starting attempt 1 of 2
[2024-06-04 13:00:24,215] {taskinstance.py:1240} INFO - 
--------------------------------------------------------------------------------
[2024-06-04 13:00:24,235] {taskinstance.py:1259} INFO - Executing <Task(PythonOperator): transform_dataset_task> on 2024-06-04 13:00:13.539253+00:00
[2024-06-04 13:00:24,243] {standard_task_runner.py:52} INFO - Started process 16459 to run task
[2024-06-04 13:00:24,246] {standard_task_runner.py:76} INFO - Running: ['***', 'tasks', 'run', 'data_ingestion_gcs_dag', 'transform_dataset_task', 'manual__2024-06-04T13:00:13.539253+00:00', '--job-id', '179', '--raw', '--subdir', 'DAGS_FOLDER/data_ingestion.py', '--cfg-path', '/tmp/tmpkxw0dpem', '--error-file', '/tmp/tmp4g2to0wc']
[2024-06-04 13:00:24,251] {standard_task_runner.py:77} INFO - Job 179: Subtask transform_dataset_task
[2024-06-04 13:00:24,307] {logging_mixin.py:109} INFO - Running <TaskInstance: data_ingestion_gcs_dag.transform_dataset_task manual__2024-06-04T13:00:13.539253+00:00 [running]> on host 7ae6972dd88f
[2024-06-04 13:00:24,362] {taskinstance.py:1426} INFO - Exporting the following env vars:
AIRFLOW_CTX_DAG_OWNER=***
AIRFLOW_CTX_DAG_ID=data_ingestion_gcs_dag
AIRFLOW_CTX_TASK_ID=transform_dataset_task
AIRFLOW_CTX_EXECUTION_DATE=2024-06-04T13:00:13.539253+00:00
AIRFLOW_CTX_DAG_RUN_ID=manual__2024-06-04T13:00:13.539253+00:00
[2024-06-04 13:00:24,392] {logging_mixin.py:109} INFO - <class 'pandas.core.frame.DataFrame'>
RangeIndex: 20 entries, 0 to 19
Data columns (total 4 columns):
 #   Column       Non-Null Count  Dtype 
---  ------       --------------  ----- 
 0   status       20 non-null     object
 1   copyright    20 non-null     object
 2   num_results  20 non-null     int64 
 3   results      20 non-null     object
dtypes: int64(1), object(3)
memory usage: 768.0+ bytes
[2024-06-04 13:00:24,392] {logging_mixin.py:109} INFO - None
[2024-06-04 13:00:24,393] {python.py:175} INFO - Done. Returned value was: None
[2024-06-04 13:00:24,403] {taskinstance.py:1277} INFO - Marking task as SUCCESS. dag_id=data_ingestion_gcs_dag, task_id=transform_dataset_task, execution_date=20240604T130013, start_date=20240604T130024, end_date=20240604T130024
[2024-06-04 13:00:24,458] {local_task_job.py:154} INFO - Task exited with return code 0
[2024-06-04 13:00:24,492] {local_task_job.py:264} INFO - 0 downstream tasks scheduled from follow-on schedule check
