[2024-06-04 13:39:56,584] {taskinstance.py:1032} INFO - Dependencies all met for <TaskInstance: data_ingestion_gcs_dag.transform_dataset_task manual__2024-06-04T13:39:53.261108+00:00 [queued]>
[2024-06-04 13:39:56,593] {taskinstance.py:1032} INFO - Dependencies all met for <TaskInstance: data_ingestion_gcs_dag.transform_dataset_task manual__2024-06-04T13:39:53.261108+00:00 [queued]>
[2024-06-04 13:39:56,593] {taskinstance.py:1238} INFO - 
--------------------------------------------------------------------------------
[2024-06-04 13:39:56,593] {taskinstance.py:1239} INFO - Starting attempt 1 of 2
[2024-06-04 13:39:56,594] {taskinstance.py:1240} INFO - 
--------------------------------------------------------------------------------
[2024-06-04 13:39:56,603] {taskinstance.py:1259} INFO - Executing <Task(PythonOperator): transform_dataset_task> on 2024-06-04 13:39:53.261108+00:00
[2024-06-04 13:39:56,608] {standard_task_runner.py:52} INFO - Started process 19360 to run task
[2024-06-04 13:39:56,611] {standard_task_runner.py:76} INFO - Running: ['***', 'tasks', 'run', 'data_ingestion_gcs_dag', 'transform_dataset_task', 'manual__2024-06-04T13:39:53.261108+00:00', '--job-id', '206', '--raw', '--subdir', 'DAGS_FOLDER/data_ingestion.py', '--cfg-path', '/tmp/tmpqix3d92e', '--error-file', '/tmp/tmpekei3p4l']
[2024-06-04 13:39:56,615] {standard_task_runner.py:77} INFO - Job 206: Subtask transform_dataset_task
[2024-06-04 13:39:56,668] {logging_mixin.py:109} INFO - Running <TaskInstance: data_ingestion_gcs_dag.transform_dataset_task manual__2024-06-04T13:39:53.261108+00:00 [running]> on host 7ae6972dd88f
[2024-06-04 13:39:56,750] {taskinstance.py:1426} INFO - Exporting the following env vars:
AIRFLOW_CTX_DAG_OWNER=***
AIRFLOW_CTX_DAG_ID=data_ingestion_gcs_dag
AIRFLOW_CTX_TASK_ID=transform_dataset_task
AIRFLOW_CTX_EXECUTION_DATE=2024-06-04T13:39:53.261108+00:00
AIRFLOW_CTX_DAG_RUN_ID=manual__2024-06-04T13:39:53.261108+00:00
[2024-06-04 13:39:56,794] {logging_mixin.py:109} INFO - Liberals Find a TV Prescription for Election Jitters: Monday Nights
[2024-06-04 13:39:56,794] {logging_mixin.py:109} INFO - Harvard’s Largest Faculty Division Will No Longer Require Diversity Statements
[2024-06-04 13:39:56,794] {logging_mixin.py:109} INFO - People With Criminal Records React to Trump Verdict: ‘Now You Understand’
[2024-06-04 13:39:56,794] {logging_mixin.py:109} INFO - Why the New Human Case of Bird Flu Is So Alarming
[2024-06-04 13:39:56,794] {logging_mixin.py:109} INFO - Electric Cars Are Suddenly Becoming Affordable
[2024-06-04 13:39:56,794] {logging_mixin.py:109} INFO - My Country Shows What Europe Has Become
[2024-06-04 13:39:56,794] {logging_mixin.py:109} INFO - During Impassioned Defense of Trump, Congressman’s 6-Year-Old Steals the Spotlight
[2024-06-04 13:39:56,795] {logging_mixin.py:109} INFO - The Best Films of 2024, So Far
[2024-06-04 13:39:56,795] {logging_mixin.py:109} INFO - Another Milestone in Mexico: Its First Jewish President
[2024-06-04 13:39:56,795] {logging_mixin.py:109} INFO - Menendez, on Trial, Files to Run for Re-election as an Independent
[2024-06-04 13:39:56,795] {logging_mixin.py:109} INFO - Why the Pandemic Probably Started in a Lab, in 5 Key Points
[2024-06-04 13:39:56,795] {logging_mixin.py:109} INFO - Rupert Murdoch Marries for the Fifth Time
[2024-06-04 13:39:56,795] {logging_mixin.py:109} INFO - Claudia Sheinbaum Makes History as First Woman Elected to Lead Mexico
[2024-06-04 13:39:56,795] {logging_mixin.py:109} INFO - Fauci Grilled by Lawmakers on Masks, Vaccine Mandates and Lab Leak Theory
[2024-06-04 13:39:56,795] {logging_mixin.py:109} INFO - Biden Is Expected to Sign Order Letting Him Seal Border With Mexico
[2024-06-04 13:39:56,795] {logging_mixin.py:109} INFO - 2024 India General Election: Live Results
[2024-06-04 13:39:56,795] {logging_mixin.py:109} INFO - What to Know About Claudia Sheinbaum, Mexico’s Newly Elected President
[2024-06-04 13:39:56,795] {logging_mixin.py:109} INFO - The Heat Wave Scenario That Keeps Climate Scientists Up at Night
[2024-06-04 13:39:56,795] {logging_mixin.py:109} INFO - Washington Post Newsroom Reels From Its Editor’s Sudden Exit
[2024-06-04 13:39:56,795] {logging_mixin.py:109} INFO - In Baltimore’s Senior Homes, Overdoses Plague a Forgotten Generation
[2024-06-04 13:39:56,797] {python.py:175} INFO - Done. Returned value was: None
[2024-06-04 13:39:56,818] {taskinstance.py:1277} INFO - Marking task as SUCCESS. dag_id=data_ingestion_gcs_dag, task_id=transform_dataset_task, execution_date=20240604T133953, start_date=20240604T133956, end_date=20240604T133956
[2024-06-04 13:39:56,864] {local_task_job.py:154} INFO - Task exited with return code 0
[2024-06-04 13:39:56,918] {local_task_job.py:264} INFO - 0 downstream tasks scheduled from follow-on schedule check
