[2024-06-13 11:46:44,698] {processor.py:163} INFO - Started process (PID=178) to work on /opt/airflow/dags/data_ingestion.py
[2024-06-13 11:46:44,699] {processor.py:642} INFO - Processing file /opt/airflow/dags/data_ingestion.py for tasks to queue
[2024-06-13 11:46:44,714] {logging_mixin.py:109} INFO - [2024-06-13 11:46:44,713] {dagbag.py:500} INFO - Filling up the DagBag from /opt/airflow/dags/data_ingestion.py
[2024-06-13 11:46:48,354] {processor.py:654} INFO - DAG(s) dict_keys(['data_ingestion_gcs_dag']) retrieved from /opt/airflow/dags/data_ingestion.py
[2024-06-13 11:46:49,158] {logging_mixin.py:109} INFO - [2024-06-13 11:46:49,157] {dag.py:2396} INFO - Sync 1 DAGs
[2024-06-13 11:46:49,189] {processor.py:171} INFO - Processing /opt/airflow/dags/data_ingestion.py took 4.494 seconds
[2024-06-13 11:47:19,290] {processor.py:163} INFO - Started process (PID=249) to work on /opt/airflow/dags/data_ingestion.py
[2024-06-13 11:47:19,293] {processor.py:642} INFO - Processing file /opt/airflow/dags/data_ingestion.py for tasks to queue
[2024-06-13 11:47:19,295] {logging_mixin.py:109} INFO - [2024-06-13 11:47:19,294] {dagbag.py:500} INFO - Filling up the DagBag from /opt/airflow/dags/data_ingestion.py
[2024-06-13 11:47:20,286] {processor.py:654} INFO - DAG(s) dict_keys(['data_ingestion_gcs_dag']) retrieved from /opt/airflow/dags/data_ingestion.py
[2024-06-13 11:47:20,764] {logging_mixin.py:109} INFO - [2024-06-13 11:47:20,761] {dag.py:2396} INFO - Sync 1 DAGs
[2024-06-13 11:47:20,785] {logging_mixin.py:109} INFO - [2024-06-13 11:47:20,785] {dag.py:2935} INFO - Setting next_dagrun for data_ingestion_gcs_dag to 2024-06-12 09:00:00+00:00
[2024-06-13 11:47:20,802] {processor.py:171} INFO - Processing /opt/airflow/dags/data_ingestion.py took 1.518 seconds
[2024-06-13 11:47:50,882] {processor.py:163} INFO - Started process (PID=326) to work on /opt/airflow/dags/data_ingestion.py
[2024-06-13 11:47:50,883] {processor.py:642} INFO - Processing file /opt/airflow/dags/data_ingestion.py for tasks to queue
[2024-06-13 11:47:50,884] {logging_mixin.py:109} INFO - [2024-06-13 11:47:50,884] {dagbag.py:500} INFO - Filling up the DagBag from /opt/airflow/dags/data_ingestion.py
[2024-06-13 11:47:51,619] {processor.py:654} INFO - DAG(s) dict_keys(['data_ingestion_gcs_dag']) retrieved from /opt/airflow/dags/data_ingestion.py
[2024-06-13 11:47:51,994] {logging_mixin.py:109} INFO - [2024-06-13 11:47:51,993] {dag.py:2396} INFO - Sync 1 DAGs
[2024-06-13 11:47:52,011] {logging_mixin.py:109} INFO - [2024-06-13 11:47:52,011] {dag.py:2935} INFO - Setting next_dagrun for data_ingestion_gcs_dag to 2024-06-13T09:00:00+00:00
[2024-06-13 11:47:52,031] {processor.py:171} INFO - Processing /opt/airflow/dags/data_ingestion.py took 1.152 seconds
[2024-06-13 11:48:22,115] {processor.py:163} INFO - Started process (PID=364) to work on /opt/airflow/dags/data_ingestion.py
[2024-06-13 11:48:22,118] {processor.py:642} INFO - Processing file /opt/airflow/dags/data_ingestion.py for tasks to queue
[2024-06-13 11:48:22,118] {logging_mixin.py:109} INFO - [2024-06-13 11:48:22,118] {dagbag.py:500} INFO - Filling up the DagBag from /opt/airflow/dags/data_ingestion.py
[2024-06-13 11:48:22,786] {processor.py:654} INFO - DAG(s) dict_keys(['data_ingestion_gcs_dag']) retrieved from /opt/airflow/dags/data_ingestion.py
[2024-06-13 11:48:23,061] {logging_mixin.py:109} INFO - [2024-06-13 11:48:23,060] {dag.py:2396} INFO - Sync 1 DAGs
[2024-06-13 11:48:23,077] {logging_mixin.py:109} INFO - [2024-06-13 11:48:23,077] {dag.py:2935} INFO - Setting next_dagrun for data_ingestion_gcs_dag to 2024-06-13T09:00:00+00:00
[2024-06-13 11:48:23,089] {processor.py:171} INFO - Processing /opt/airflow/dags/data_ingestion.py took 0.977 seconds
[2024-06-13 11:48:53,193] {processor.py:163} INFO - Started process (PID=412) to work on /opt/airflow/dags/data_ingestion.py
[2024-06-13 11:48:53,194] {processor.py:642} INFO - Processing file /opt/airflow/dags/data_ingestion.py for tasks to queue
[2024-06-13 11:48:53,194] {logging_mixin.py:109} INFO - [2024-06-13 11:48:53,194] {dagbag.py:500} INFO - Filling up the DagBag from /opt/airflow/dags/data_ingestion.py
[2024-06-13 11:48:53,787] {processor.py:654} INFO - DAG(s) dict_keys(['data_ingestion_gcs_dag']) retrieved from /opt/airflow/dags/data_ingestion.py
[2024-06-13 11:48:54,038] {logging_mixin.py:109} INFO - [2024-06-13 11:48:54,037] {dag.py:2396} INFO - Sync 1 DAGs
[2024-06-13 11:48:54,052] {logging_mixin.py:109} INFO - [2024-06-13 11:48:54,052] {dag.py:2935} INFO - Setting next_dagrun for data_ingestion_gcs_dag to 2024-06-13T09:00:00+00:00
[2024-06-13 11:48:54,070] {processor.py:171} INFO - Processing /opt/airflow/dags/data_ingestion.py took 0.881 seconds
[2024-06-13 11:49:24,392] {processor.py:163} INFO - Started process (PID=449) to work on /opt/airflow/dags/data_ingestion.py
[2024-06-13 11:49:24,395] {processor.py:642} INFO - Processing file /opt/airflow/dags/data_ingestion.py for tasks to queue
[2024-06-13 11:49:24,395] {logging_mixin.py:109} INFO - [2024-06-13 11:49:24,395] {dagbag.py:500} INFO - Filling up the DagBag from /opt/airflow/dags/data_ingestion.py
[2024-06-13 11:49:25,023] {processor.py:654} INFO - DAG(s) dict_keys(['data_ingestion_gcs_dag']) retrieved from /opt/airflow/dags/data_ingestion.py
[2024-06-13 11:49:25,300] {logging_mixin.py:109} INFO - [2024-06-13 11:49:25,299] {dag.py:2396} INFO - Sync 1 DAGs
[2024-06-13 11:49:25,314] {logging_mixin.py:109} INFO - [2024-06-13 11:49:25,314] {dag.py:2935} INFO - Setting next_dagrun for data_ingestion_gcs_dag to 2024-06-13T09:00:00+00:00
[2024-06-13 11:49:25,327] {processor.py:171} INFO - Processing /opt/airflow/dags/data_ingestion.py took 0.937 seconds
[2024-06-13 11:49:55,404] {processor.py:163} INFO - Started process (PID=497) to work on /opt/airflow/dags/data_ingestion.py
[2024-06-13 11:49:55,406] {processor.py:642} INFO - Processing file /opt/airflow/dags/data_ingestion.py for tasks to queue
[2024-06-13 11:49:55,407] {logging_mixin.py:109} INFO - [2024-06-13 11:49:55,406] {dagbag.py:500} INFO - Filling up the DagBag from /opt/airflow/dags/data_ingestion.py
[2024-06-13 11:49:56,135] {processor.py:654} INFO - DAG(s) dict_keys(['data_ingestion_gcs_dag']) retrieved from /opt/airflow/dags/data_ingestion.py
[2024-06-13 11:49:56,403] {logging_mixin.py:109} INFO - [2024-06-13 11:49:56,402] {dag.py:2396} INFO - Sync 1 DAGs
[2024-06-13 11:49:56,420] {logging_mixin.py:109} INFO - [2024-06-13 11:49:56,419] {dag.py:2935} INFO - Setting next_dagrun for data_ingestion_gcs_dag to 2024-06-13T09:00:00+00:00
[2024-06-13 11:49:56,433] {processor.py:171} INFO - Processing /opt/airflow/dags/data_ingestion.py took 1.032 seconds
[2024-06-13 11:50:26,506] {processor.py:163} INFO - Started process (PID=534) to work on /opt/airflow/dags/data_ingestion.py
[2024-06-13 11:50:26,509] {processor.py:642} INFO - Processing file /opt/airflow/dags/data_ingestion.py for tasks to queue
[2024-06-13 11:50:26,510] {logging_mixin.py:109} INFO - [2024-06-13 11:50:26,510] {dagbag.py:500} INFO - Filling up the DagBag from /opt/airflow/dags/data_ingestion.py
[2024-06-13 11:50:27,153] {processor.py:654} INFO - DAG(s) dict_keys(['data_ingestion_gcs_dag']) retrieved from /opt/airflow/dags/data_ingestion.py
[2024-06-13 11:50:27,596] {logging_mixin.py:109} INFO - [2024-06-13 11:50:27,595] {dag.py:2396} INFO - Sync 1 DAGs
[2024-06-13 11:50:27,609] {logging_mixin.py:109} INFO - [2024-06-13 11:50:27,609] {dag.py:2935} INFO - Setting next_dagrun for data_ingestion_gcs_dag to 2024-06-13T09:00:00+00:00
[2024-06-13 11:50:27,622] {processor.py:171} INFO - Processing /opt/airflow/dags/data_ingestion.py took 1.121 seconds
[2024-06-13 11:50:57,698] {processor.py:163} INFO - Started process (PID=582) to work on /opt/airflow/dags/data_ingestion.py
[2024-06-13 11:50:57,698] {processor.py:642} INFO - Processing file /opt/airflow/dags/data_ingestion.py for tasks to queue
[2024-06-13 11:50:57,699] {logging_mixin.py:109} INFO - [2024-06-13 11:50:57,699] {dagbag.py:500} INFO - Filling up the DagBag from /opt/airflow/dags/data_ingestion.py
[2024-06-13 11:50:58,410] {processor.py:654} INFO - DAG(s) dict_keys(['data_ingestion_gcs_dag']) retrieved from /opt/airflow/dags/data_ingestion.py
[2024-06-13 11:50:58,690] {logging_mixin.py:109} INFO - [2024-06-13 11:50:58,689] {dag.py:2396} INFO - Sync 1 DAGs
[2024-06-13 11:50:58,705] {logging_mixin.py:109} INFO - [2024-06-13 11:50:58,705] {dag.py:2935} INFO - Setting next_dagrun for data_ingestion_gcs_dag to 2024-06-13T09:00:00+00:00
[2024-06-13 11:50:58,717] {processor.py:171} INFO - Processing /opt/airflow/dags/data_ingestion.py took 1.023 seconds
[2024-06-13 11:51:28,793] {processor.py:163} INFO - Started process (PID=620) to work on /opt/airflow/dags/data_ingestion.py
[2024-06-13 11:51:28,797] {processor.py:642} INFO - Processing file /opt/airflow/dags/data_ingestion.py for tasks to queue
[2024-06-13 11:51:28,798] {logging_mixin.py:109} INFO - [2024-06-13 11:51:28,798] {dagbag.py:500} INFO - Filling up the DagBag from /opt/airflow/dags/data_ingestion.py
[2024-06-13 11:51:29,385] {processor.py:654} INFO - DAG(s) dict_keys(['data_ingestion_gcs_dag']) retrieved from /opt/airflow/dags/data_ingestion.py
[2024-06-13 11:51:29,632] {logging_mixin.py:109} INFO - [2024-06-13 11:51:29,631] {dag.py:2396} INFO - Sync 1 DAGs
[2024-06-13 11:51:29,651] {logging_mixin.py:109} INFO - [2024-06-13 11:51:29,651] {dag.py:2935} INFO - Setting next_dagrun for data_ingestion_gcs_dag to 2024-06-13T09:00:00+00:00
[2024-06-13 11:51:29,667] {processor.py:171} INFO - Processing /opt/airflow/dags/data_ingestion.py took 0.877 seconds
[2024-06-13 11:51:59,761] {processor.py:163} INFO - Started process (PID=669) to work on /opt/airflow/dags/data_ingestion.py
[2024-06-13 11:51:59,762] {processor.py:642} INFO - Processing file /opt/airflow/dags/data_ingestion.py for tasks to queue
[2024-06-13 11:51:59,762] {logging_mixin.py:109} INFO - [2024-06-13 11:51:59,762] {dagbag.py:500} INFO - Filling up the DagBag from /opt/airflow/dags/data_ingestion.py
[2024-06-13 11:52:00,517] {processor.py:654} INFO - DAG(s) dict_keys(['data_ingestion_gcs_dag']) retrieved from /opt/airflow/dags/data_ingestion.py
[2024-06-13 11:52:00,824] {logging_mixin.py:109} INFO - [2024-06-13 11:52:00,823] {dag.py:2396} INFO - Sync 1 DAGs
[2024-06-13 11:52:00,840] {logging_mixin.py:109} INFO - [2024-06-13 11:52:00,840] {dag.py:2935} INFO - Setting next_dagrun for data_ingestion_gcs_dag to 2024-06-13T09:00:00+00:00
[2024-06-13 11:52:00,857] {processor.py:171} INFO - Processing /opt/airflow/dags/data_ingestion.py took 1.100 seconds
[2024-06-13 11:52:30,919] {processor.py:163} INFO - Started process (PID=708) to work on /opt/airflow/dags/data_ingestion.py
[2024-06-13 11:52:30,923] {processor.py:642} INFO - Processing file /opt/airflow/dags/data_ingestion.py for tasks to queue
[2024-06-13 11:52:30,924] {logging_mixin.py:109} INFO - [2024-06-13 11:52:30,924] {dagbag.py:500} INFO - Filling up the DagBag from /opt/airflow/dags/data_ingestion.py
[2024-06-13 11:52:31,526] {processor.py:654} INFO - DAG(s) dict_keys(['data_ingestion_gcs_dag']) retrieved from /opt/airflow/dags/data_ingestion.py
[2024-06-13 11:52:31,775] {logging_mixin.py:109} INFO - [2024-06-13 11:52:31,774] {dag.py:2396} INFO - Sync 1 DAGs
[2024-06-13 11:52:31,789] {logging_mixin.py:109} INFO - [2024-06-13 11:52:31,789] {dag.py:2935} INFO - Setting next_dagrun for data_ingestion_gcs_dag to 2024-06-13T09:00:00+00:00
[2024-06-13 11:52:31,803] {processor.py:171} INFO - Processing /opt/airflow/dags/data_ingestion.py took 0.887 seconds
[2024-06-13 11:53:01,864] {processor.py:163} INFO - Started process (PID=756) to work on /opt/airflow/dags/data_ingestion.py
[2024-06-13 11:53:01,865] {processor.py:642} INFO - Processing file /opt/airflow/dags/data_ingestion.py for tasks to queue
[2024-06-13 11:53:01,866] {logging_mixin.py:109} INFO - [2024-06-13 11:53:01,866] {dagbag.py:500} INFO - Filling up the DagBag from /opt/airflow/dags/data_ingestion.py
[2024-06-13 11:53:02,666] {processor.py:654} INFO - DAG(s) dict_keys(['data_ingestion_gcs_dag']) retrieved from /opt/airflow/dags/data_ingestion.py
[2024-06-13 11:53:02,983] {logging_mixin.py:109} INFO - [2024-06-13 11:53:02,982] {dag.py:2396} INFO - Sync 1 DAGs
[2024-06-13 11:53:02,999] {logging_mixin.py:109} INFO - [2024-06-13 11:53:02,999] {dag.py:2935} INFO - Setting next_dagrun for data_ingestion_gcs_dag to 2024-06-13T09:00:00+00:00
[2024-06-13 11:53:03,014] {processor.py:171} INFO - Processing /opt/airflow/dags/data_ingestion.py took 1.153 seconds
[2024-06-13 11:53:33,083] {processor.py:163} INFO - Started process (PID=793) to work on /opt/airflow/dags/data_ingestion.py
[2024-06-13 11:53:33,084] {processor.py:642} INFO - Processing file /opt/airflow/dags/data_ingestion.py for tasks to queue
[2024-06-13 11:53:33,085] {logging_mixin.py:109} INFO - [2024-06-13 11:53:33,085] {dagbag.py:500} INFO - Filling up the DagBag from /opt/airflow/dags/data_ingestion.py
[2024-06-13 11:53:33,697] {processor.py:654} INFO - DAG(s) dict_keys(['data_ingestion_gcs_dag']) retrieved from /opt/airflow/dags/data_ingestion.py
[2024-06-13 11:53:33,966] {logging_mixin.py:109} INFO - [2024-06-13 11:53:33,964] {dag.py:2396} INFO - Sync 1 DAGs
[2024-06-13 11:53:33,984] {logging_mixin.py:109} INFO - [2024-06-13 11:53:33,983] {dag.py:2935} INFO - Setting next_dagrun for data_ingestion_gcs_dag to 2024-06-13T09:00:00+00:00
[2024-06-13 11:53:33,998] {processor.py:171} INFO - Processing /opt/airflow/dags/data_ingestion.py took 0.918 seconds
[2024-06-13 11:54:04,093] {processor.py:163} INFO - Started process (PID=842) to work on /opt/airflow/dags/data_ingestion.py
[2024-06-13 11:54:04,094] {processor.py:642} INFO - Processing file /opt/airflow/dags/data_ingestion.py for tasks to queue
[2024-06-13 11:54:04,095] {logging_mixin.py:109} INFO - [2024-06-13 11:54:04,095] {dagbag.py:500} INFO - Filling up the DagBag from /opt/airflow/dags/data_ingestion.py
[2024-06-13 11:54:04,725] {processor.py:654} INFO - DAG(s) dict_keys(['data_ingestion_gcs_dag']) retrieved from /opt/airflow/dags/data_ingestion.py
[2024-06-13 11:54:05,007] {logging_mixin.py:109} INFO - [2024-06-13 11:54:05,006] {dag.py:2396} INFO - Sync 1 DAGs
[2024-06-13 11:54:05,021] {logging_mixin.py:109} INFO - [2024-06-13 11:54:05,021] {dag.py:2935} INFO - Setting next_dagrun for data_ingestion_gcs_dag to 2024-06-13T09:00:00+00:00
[2024-06-13 11:54:05,033] {processor.py:171} INFO - Processing /opt/airflow/dags/data_ingestion.py took 0.943 seconds
[2024-06-13 11:54:35,375] {processor.py:163} INFO - Started process (PID=879) to work on /opt/airflow/dags/data_ingestion.py
[2024-06-13 11:54:35,377] {processor.py:642} INFO - Processing file /opt/airflow/dags/data_ingestion.py for tasks to queue
[2024-06-13 11:54:35,378] {logging_mixin.py:109} INFO - [2024-06-13 11:54:35,378] {dagbag.py:500} INFO - Filling up the DagBag from /opt/airflow/dags/data_ingestion.py
[2024-06-13 11:54:36,014] {processor.py:654} INFO - DAG(s) dict_keys(['data_ingestion_gcs_dag']) retrieved from /opt/airflow/dags/data_ingestion.py
[2024-06-13 11:54:36,265] {logging_mixin.py:109} INFO - [2024-06-13 11:54:36,265] {dag.py:2396} INFO - Sync 1 DAGs
[2024-06-13 11:54:36,279] {logging_mixin.py:109} INFO - [2024-06-13 11:54:36,278] {dag.py:2935} INFO - Setting next_dagrun for data_ingestion_gcs_dag to 2024-06-13T09:00:00+00:00
[2024-06-13 11:54:36,291] {processor.py:171} INFO - Processing /opt/airflow/dags/data_ingestion.py took 0.919 seconds
[2024-06-13 11:55:06,364] {processor.py:163} INFO - Started process (PID=927) to work on /opt/airflow/dags/data_ingestion.py
[2024-06-13 11:55:06,366] {processor.py:642} INFO - Processing file /opt/airflow/dags/data_ingestion.py for tasks to queue
[2024-06-13 11:55:06,367] {logging_mixin.py:109} INFO - [2024-06-13 11:55:06,366] {dagbag.py:500} INFO - Filling up the DagBag from /opt/airflow/dags/data_ingestion.py
[2024-06-13 11:55:07,021] {processor.py:654} INFO - DAG(s) dict_keys(['data_ingestion_gcs_dag']) retrieved from /opt/airflow/dags/data_ingestion.py
[2024-06-13 11:55:07,418] {logging_mixin.py:109} INFO - [2024-06-13 11:55:07,415] {dag.py:2396} INFO - Sync 1 DAGs
[2024-06-13 11:55:07,449] {logging_mixin.py:109} INFO - [2024-06-13 11:55:07,449] {dag.py:2935} INFO - Setting next_dagrun for data_ingestion_gcs_dag to 2024-06-13T09:00:00+00:00
[2024-06-13 11:55:07,497] {processor.py:171} INFO - Processing /opt/airflow/dags/data_ingestion.py took 1.136 seconds
[2024-06-13 11:55:37,600] {processor.py:163} INFO - Started process (PID=964) to work on /opt/airflow/dags/data_ingestion.py
[2024-06-13 11:55:37,603] {processor.py:642} INFO - Processing file /opt/airflow/dags/data_ingestion.py for tasks to queue
[2024-06-13 11:55:37,604] {logging_mixin.py:109} INFO - [2024-06-13 11:55:37,604] {dagbag.py:500} INFO - Filling up the DagBag from /opt/airflow/dags/data_ingestion.py
[2024-06-13 11:55:38,205] {processor.py:654} INFO - DAG(s) dict_keys(['data_ingestion_gcs_dag']) retrieved from /opt/airflow/dags/data_ingestion.py
[2024-06-13 11:55:38,454] {logging_mixin.py:109} INFO - [2024-06-13 11:55:38,453] {dag.py:2396} INFO - Sync 1 DAGs
[2024-06-13 11:55:38,470] {logging_mixin.py:109} INFO - [2024-06-13 11:55:38,470] {dag.py:2935} INFO - Setting next_dagrun for data_ingestion_gcs_dag to 2024-06-13T09:00:00+00:00
[2024-06-13 11:55:38,484] {processor.py:171} INFO - Processing /opt/airflow/dags/data_ingestion.py took 0.887 seconds
[2024-06-13 11:56:08,576] {processor.py:163} INFO - Started process (PID=1010) to work on /opt/airflow/dags/data_ingestion.py
[2024-06-13 11:56:08,577] {processor.py:642} INFO - Processing file /opt/airflow/dags/data_ingestion.py for tasks to queue
[2024-06-13 11:56:08,578] {logging_mixin.py:109} INFO - [2024-06-13 11:56:08,578] {dagbag.py:500} INFO - Filling up the DagBag from /opt/airflow/dags/data_ingestion.py
[2024-06-13 11:56:09,579] {processor.py:654} INFO - DAG(s) dict_keys(['data_ingestion_gcs_dag']) retrieved from /opt/airflow/dags/data_ingestion.py
[2024-06-13 11:56:09,980] {logging_mixin.py:109} INFO - [2024-06-13 11:56:09,979] {dag.py:2396} INFO - Sync 1 DAGs
[2024-06-13 11:56:09,999] {logging_mixin.py:109} INFO - [2024-06-13 11:56:09,999] {dag.py:2935} INFO - Setting next_dagrun for data_ingestion_gcs_dag to 2024-06-13T09:00:00+00:00
[2024-06-13 11:56:10,015] {processor.py:171} INFO - Processing /opt/airflow/dags/data_ingestion.py took 1.448 seconds
[2024-06-13 11:56:40,120] {processor.py:163} INFO - Started process (PID=1049) to work on /opt/airflow/dags/data_ingestion.py
[2024-06-13 11:56:40,122] {processor.py:642} INFO - Processing file /opt/airflow/dags/data_ingestion.py for tasks to queue
[2024-06-13 11:56:40,123] {logging_mixin.py:109} INFO - [2024-06-13 11:56:40,123] {dagbag.py:500} INFO - Filling up the DagBag from /opt/airflow/dags/data_ingestion.py
[2024-06-13 11:56:41,086] {processor.py:654} INFO - DAG(s) dict_keys(['data_ingestion_gcs_dag']) retrieved from /opt/airflow/dags/data_ingestion.py
[2024-06-13 11:56:41,501] {logging_mixin.py:109} INFO - [2024-06-13 11:56:41,500] {dag.py:2396} INFO - Sync 1 DAGs
[2024-06-13 11:56:41,521] {logging_mixin.py:109} INFO - [2024-06-13 11:56:41,520] {dag.py:2935} INFO - Setting next_dagrun for data_ingestion_gcs_dag to 2024-06-13T09:00:00+00:00
[2024-06-13 11:56:41,541] {processor.py:171} INFO - Processing /opt/airflow/dags/data_ingestion.py took 1.427 seconds
[2024-06-13 11:57:11,650] {processor.py:163} INFO - Started process (PID=1086) to work on /opt/airflow/dags/data_ingestion.py
[2024-06-13 11:57:11,652] {processor.py:642} INFO - Processing file /opt/airflow/dags/data_ingestion.py for tasks to queue
[2024-06-13 11:57:11,653] {logging_mixin.py:109} INFO - [2024-06-13 11:57:11,653] {dagbag.py:500} INFO - Filling up the DagBag from /opt/airflow/dags/data_ingestion.py
[2024-06-13 11:57:12,856] {processor.py:654} INFO - DAG(s) dict_keys(['data_ingestion_gcs_dag']) retrieved from /opt/airflow/dags/data_ingestion.py
[2024-06-13 11:57:13,323] {logging_mixin.py:109} INFO - [2024-06-13 11:57:13,321] {dag.py:2396} INFO - Sync 1 DAGs
[2024-06-13 11:57:13,352] {logging_mixin.py:109} INFO - [2024-06-13 11:57:13,352] {dag.py:2935} INFO - Setting next_dagrun for data_ingestion_gcs_dag to 2024-06-13T09:00:00+00:00
[2024-06-13 11:57:13,378] {processor.py:171} INFO - Processing /opt/airflow/dags/data_ingestion.py took 1.733 seconds
[2024-06-13 11:57:43,549] {processor.py:163} INFO - Started process (PID=1133) to work on /opt/airflow/dags/data_ingestion.py
[2024-06-13 11:57:43,553] {processor.py:642} INFO - Processing file /opt/airflow/dags/data_ingestion.py for tasks to queue
[2024-06-13 11:57:43,554] {logging_mixin.py:109} INFO - [2024-06-13 11:57:43,554] {dagbag.py:500} INFO - Filling up the DagBag from /opt/airflow/dags/data_ingestion.py
[2024-06-13 11:57:44,611] {processor.py:654} INFO - DAG(s) dict_keys(['data_ingestion_gcs_dag']) retrieved from /opt/airflow/dags/data_ingestion.py
[2024-06-13 11:57:45,031] {logging_mixin.py:109} INFO - [2024-06-13 11:57:45,030] {dag.py:2396} INFO - Sync 1 DAGs
[2024-06-13 11:57:45,060] {logging_mixin.py:109} INFO - [2024-06-13 11:57:45,060] {dag.py:2935} INFO - Setting next_dagrun for data_ingestion_gcs_dag to 2024-06-13T09:00:00+00:00
[2024-06-13 11:57:45,088] {processor.py:171} INFO - Processing /opt/airflow/dags/data_ingestion.py took 1.545 seconds
[2024-06-13 11:58:15,209] {processor.py:163} INFO - Started process (PID=1171) to work on /opt/airflow/dags/data_ingestion.py
[2024-06-13 11:58:15,213] {processor.py:642} INFO - Processing file /opt/airflow/dags/data_ingestion.py for tasks to queue
[2024-06-13 11:58:15,214] {logging_mixin.py:109} INFO - [2024-06-13 11:58:15,214] {dagbag.py:500} INFO - Filling up the DagBag from /opt/airflow/dags/data_ingestion.py
[2024-06-13 11:58:16,233] {processor.py:654} INFO - DAG(s) dict_keys(['data_ingestion_gcs_dag']) retrieved from /opt/airflow/dags/data_ingestion.py
[2024-06-13 11:58:16,671] {logging_mixin.py:109} INFO - [2024-06-13 11:58:16,669] {dag.py:2396} INFO - Sync 1 DAGs
[2024-06-13 11:58:16,704] {logging_mixin.py:109} INFO - [2024-06-13 11:58:16,704] {dag.py:2935} INFO - Setting next_dagrun for data_ingestion_gcs_dag to 2024-06-13T09:00:00+00:00
[2024-06-13 11:58:16,725] {processor.py:171} INFO - Processing /opt/airflow/dags/data_ingestion.py took 1.521 seconds
[2024-06-13 11:58:46,849] {processor.py:163} INFO - Started process (PID=1207) to work on /opt/airflow/dags/data_ingestion.py
[2024-06-13 11:58:46,850] {processor.py:642} INFO - Processing file /opt/airflow/dags/data_ingestion.py for tasks to queue
[2024-06-13 11:58:46,851] {logging_mixin.py:109} INFO - [2024-06-13 11:58:46,851] {dagbag.py:500} INFO - Filling up the DagBag from /opt/airflow/dags/data_ingestion.py
[2024-06-13 11:58:47,813] {processor.py:654} INFO - DAG(s) dict_keys(['data_ingestion_gcs_dag']) retrieved from /opt/airflow/dags/data_ingestion.py
[2024-06-13 11:58:48,197] {logging_mixin.py:109} INFO - [2024-06-13 11:58:48,195] {dag.py:2396} INFO - Sync 1 DAGs
[2024-06-13 11:58:48,218] {logging_mixin.py:109} INFO - [2024-06-13 11:58:48,218] {dag.py:2935} INFO - Setting next_dagrun for data_ingestion_gcs_dag to 2024-06-13T09:00:00+00:00
[2024-06-13 11:58:48,235] {processor.py:171} INFO - Processing /opt/airflow/dags/data_ingestion.py took 1.391 seconds
[2024-06-13 11:59:18,330] {processor.py:163} INFO - Started process (PID=1255) to work on /opt/airflow/dags/data_ingestion.py
[2024-06-13 11:59:18,332] {processor.py:642} INFO - Processing file /opt/airflow/dags/data_ingestion.py for tasks to queue
[2024-06-13 11:59:18,333] {logging_mixin.py:109} INFO - [2024-06-13 11:59:18,333] {dagbag.py:500} INFO - Filling up the DagBag from /opt/airflow/dags/data_ingestion.py
[2024-06-13 11:59:18,947] {processor.py:654} INFO - DAG(s) dict_keys(['data_ingestion_gcs_dag']) retrieved from /opt/airflow/dags/data_ingestion.py
[2024-06-13 11:59:19,202] {logging_mixin.py:109} INFO - [2024-06-13 11:59:19,201] {dag.py:2396} INFO - Sync 1 DAGs
[2024-06-13 11:59:19,218] {logging_mixin.py:109} INFO - [2024-06-13 11:59:19,218] {dag.py:2935} INFO - Setting next_dagrun for data_ingestion_gcs_dag to 2024-06-13T09:00:00+00:00
[2024-06-13 11:59:19,231] {processor.py:171} INFO - Processing /opt/airflow/dags/data_ingestion.py took 0.904 seconds
[2024-06-13 11:59:49,322] {processor.py:163} INFO - Started process (PID=1292) to work on /opt/airflow/dags/data_ingestion.py
[2024-06-13 11:59:49,323] {processor.py:642} INFO - Processing file /opt/airflow/dags/data_ingestion.py for tasks to queue
[2024-06-13 11:59:49,324] {logging_mixin.py:109} INFO - [2024-06-13 11:59:49,324] {dagbag.py:500} INFO - Filling up the DagBag from /opt/airflow/dags/data_ingestion.py
[2024-06-13 11:59:49,986] {processor.py:654} INFO - DAG(s) dict_keys(['data_ingestion_gcs_dag']) retrieved from /opt/airflow/dags/data_ingestion.py
[2024-06-13 11:59:50,234] {logging_mixin.py:109} INFO - [2024-06-13 11:59:50,233] {dag.py:2396} INFO - Sync 1 DAGs
[2024-06-13 11:59:50,249] {logging_mixin.py:109} INFO - [2024-06-13 11:59:50,249] {dag.py:2935} INFO - Setting next_dagrun for data_ingestion_gcs_dag to 2024-06-13T09:00:00+00:00
[2024-06-13 11:59:50,262] {processor.py:171} INFO - Processing /opt/airflow/dags/data_ingestion.py took 0.947 seconds
[2024-06-13 12:00:20,567] {processor.py:163} INFO - Started process (PID=1340) to work on /opt/airflow/dags/data_ingestion.py
[2024-06-13 12:00:20,569] {processor.py:642} INFO - Processing file /opt/airflow/dags/data_ingestion.py for tasks to queue
[2024-06-13 12:00:20,570] {logging_mixin.py:109} INFO - [2024-06-13 12:00:20,570] {dagbag.py:500} INFO - Filling up the DagBag from /opt/airflow/dags/data_ingestion.py
[2024-06-13 12:00:21,179] {processor.py:654} INFO - DAG(s) dict_keys(['data_ingestion_gcs_dag']) retrieved from /opt/airflow/dags/data_ingestion.py
[2024-06-13 12:00:21,422] {logging_mixin.py:109} INFO - [2024-06-13 12:00:21,421] {dag.py:2396} INFO - Sync 1 DAGs
[2024-06-13 12:00:21,437] {logging_mixin.py:109} INFO - [2024-06-13 12:00:21,437] {dag.py:2935} INFO - Setting next_dagrun for data_ingestion_gcs_dag to 2024-06-13T09:00:00+00:00
[2024-06-13 12:00:21,449] {processor.py:171} INFO - Processing /opt/airflow/dags/data_ingestion.py took 0.886 seconds
[2024-06-13 12:00:51,539] {processor.py:163} INFO - Started process (PID=1377) to work on /opt/airflow/dags/data_ingestion.py
[2024-06-13 12:00:51,542] {processor.py:642} INFO - Processing file /opt/airflow/dags/data_ingestion.py for tasks to queue
[2024-06-13 12:00:51,542] {logging_mixin.py:109} INFO - [2024-06-13 12:00:51,542] {dagbag.py:500} INFO - Filling up the DagBag from /opt/airflow/dags/data_ingestion.py
[2024-06-13 12:00:52,168] {processor.py:654} INFO - DAG(s) dict_keys(['data_ingestion_gcs_dag']) retrieved from /opt/airflow/dags/data_ingestion.py
[2024-06-13 12:00:52,422] {logging_mixin.py:109} INFO - [2024-06-13 12:00:52,421] {dag.py:2396} INFO - Sync 1 DAGs
[2024-06-13 12:00:52,436] {logging_mixin.py:109} INFO - [2024-06-13 12:00:52,436] {dag.py:2935} INFO - Setting next_dagrun for data_ingestion_gcs_dag to 2024-06-13T09:00:00+00:00
[2024-06-13 12:00:52,448] {processor.py:171} INFO - Processing /opt/airflow/dags/data_ingestion.py took 0.917 seconds
[2024-06-13 12:01:22,539] {processor.py:163} INFO - Started process (PID=1424) to work on /opt/airflow/dags/data_ingestion.py
[2024-06-13 12:01:22,543] {processor.py:642} INFO - Processing file /opt/airflow/dags/data_ingestion.py for tasks to queue
[2024-06-13 12:01:22,543] {logging_mixin.py:109} INFO - [2024-06-13 12:01:22,543] {dagbag.py:500} INFO - Filling up the DagBag from /opt/airflow/dags/data_ingestion.py
[2024-06-13 12:01:23,183] {processor.py:654} INFO - DAG(s) dict_keys(['data_ingestion_gcs_dag']) retrieved from /opt/airflow/dags/data_ingestion.py
[2024-06-13 12:01:23,457] {logging_mixin.py:109} INFO - [2024-06-13 12:01:23,456] {dag.py:2396} INFO - Sync 1 DAGs
[2024-06-13 12:01:23,473] {logging_mixin.py:109} INFO - [2024-06-13 12:01:23,473] {dag.py:2935} INFO - Setting next_dagrun for data_ingestion_gcs_dag to 2024-06-13T09:00:00+00:00
[2024-06-13 12:01:23,489] {processor.py:171} INFO - Processing /opt/airflow/dags/data_ingestion.py took 0.954 seconds
[2024-06-13 12:01:53,959] {processor.py:163} INFO - Started process (PID=1460) to work on /opt/airflow/dags/data_ingestion.py
[2024-06-13 12:01:53,961] {processor.py:642} INFO - Processing file /opt/airflow/dags/data_ingestion.py for tasks to queue
[2024-06-13 12:01:53,961] {logging_mixin.py:109} INFO - [2024-06-13 12:01:53,961] {dagbag.py:500} INFO - Filling up the DagBag from /opt/airflow/dags/data_ingestion.py
[2024-06-13 12:01:54,566] {processor.py:654} INFO - DAG(s) dict_keys(['data_ingestion_gcs_dag']) retrieved from /opt/airflow/dags/data_ingestion.py
[2024-06-13 12:01:54,816] {logging_mixin.py:109} INFO - [2024-06-13 12:01:54,816] {dag.py:2396} INFO - Sync 1 DAGs
[2024-06-13 12:01:54,830] {logging_mixin.py:109} INFO - [2024-06-13 12:01:54,830] {dag.py:2935} INFO - Setting next_dagrun for data_ingestion_gcs_dag to 2024-06-13T09:00:00+00:00
[2024-06-13 12:01:54,842] {processor.py:171} INFO - Processing /opt/airflow/dags/data_ingestion.py took 0.886 seconds
[2024-06-13 12:02:25,148] {processor.py:163} INFO - Started process (PID=1508) to work on /opt/airflow/dags/data_ingestion.py
[2024-06-13 12:02:25,151] {processor.py:642} INFO - Processing file /opt/airflow/dags/data_ingestion.py for tasks to queue
[2024-06-13 12:02:25,151] {logging_mixin.py:109} INFO - [2024-06-13 12:02:25,151] {dagbag.py:500} INFO - Filling up the DagBag from /opt/airflow/dags/data_ingestion.py
[2024-06-13 12:02:25,732] {processor.py:654} INFO - DAG(s) dict_keys(['data_ingestion_gcs_dag']) retrieved from /opt/airflow/dags/data_ingestion.py
[2024-06-13 12:02:25,990] {logging_mixin.py:109} INFO - [2024-06-13 12:02:25,989] {dag.py:2396} INFO - Sync 1 DAGs
[2024-06-13 12:02:26,004] {logging_mixin.py:109} INFO - [2024-06-13 12:02:26,004] {dag.py:2935} INFO - Setting next_dagrun for data_ingestion_gcs_dag to 2024-06-13T09:00:00+00:00
[2024-06-13 12:02:26,017] {processor.py:171} INFO - Processing /opt/airflow/dags/data_ingestion.py took 0.872 seconds
[2024-06-13 12:02:56,097] {processor.py:163} INFO - Started process (PID=1545) to work on /opt/airflow/dags/data_ingestion.py
[2024-06-13 12:02:56,100] {processor.py:642} INFO - Processing file /opt/airflow/dags/data_ingestion.py for tasks to queue
[2024-06-13 12:02:56,100] {logging_mixin.py:109} INFO - [2024-06-13 12:02:56,100] {dagbag.py:500} INFO - Filling up the DagBag from /opt/airflow/dags/data_ingestion.py
[2024-06-13 12:02:56,831] {processor.py:654} INFO - DAG(s) dict_keys(['data_ingestion_gcs_dag']) retrieved from /opt/airflow/dags/data_ingestion.py
[2024-06-13 12:02:57,175] {logging_mixin.py:109} INFO - [2024-06-13 12:02:57,174] {dag.py:2396} INFO - Sync 1 DAGs
[2024-06-13 12:02:57,198] {logging_mixin.py:109} INFO - [2024-06-13 12:02:57,197] {dag.py:2935} INFO - Setting next_dagrun for data_ingestion_gcs_dag to 2024-06-13T09:00:00+00:00
[2024-06-13 12:02:57,219] {processor.py:171} INFO - Processing /opt/airflow/dags/data_ingestion.py took 1.124 seconds
[2024-06-13 12:03:27,309] {processor.py:163} INFO - Started process (PID=1592) to work on /opt/airflow/dags/data_ingestion.py
[2024-06-13 12:03:27,314] {processor.py:642} INFO - Processing file /opt/airflow/dags/data_ingestion.py for tasks to queue
[2024-06-13 12:03:27,315] {logging_mixin.py:109} INFO - [2024-06-13 12:03:27,315] {dagbag.py:500} INFO - Filling up the DagBag from /opt/airflow/dags/data_ingestion.py
[2024-06-13 12:03:27,930] {processor.py:654} INFO - DAG(s) dict_keys(['data_ingestion_gcs_dag']) retrieved from /opt/airflow/dags/data_ingestion.py
[2024-06-13 12:03:28,198] {logging_mixin.py:109} INFO - [2024-06-13 12:03:28,197] {dag.py:2396} INFO - Sync 1 DAGs
[2024-06-13 12:03:28,211] {logging_mixin.py:109} INFO - [2024-06-13 12:03:28,211] {dag.py:2935} INFO - Setting next_dagrun for data_ingestion_gcs_dag to 2024-06-13T09:00:00+00:00
[2024-06-13 12:03:28,223] {processor.py:171} INFO - Processing /opt/airflow/dags/data_ingestion.py took 0.919 seconds
[2024-06-13 12:03:58,321] {processor.py:163} INFO - Started process (PID=1630) to work on /opt/airflow/dags/data_ingestion.py
[2024-06-13 12:03:58,323] {processor.py:642} INFO - Processing file /opt/airflow/dags/data_ingestion.py for tasks to queue
[2024-06-13 12:03:58,324] {logging_mixin.py:109} INFO - [2024-06-13 12:03:58,324] {dagbag.py:500} INFO - Filling up the DagBag from /opt/airflow/dags/data_ingestion.py
[2024-06-13 12:03:58,974] {processor.py:654} INFO - DAG(s) dict_keys(['data_ingestion_gcs_dag']) retrieved from /opt/airflow/dags/data_ingestion.py
[2024-06-13 12:03:59,228] {logging_mixin.py:109} INFO - [2024-06-13 12:03:59,227] {dag.py:2396} INFO - Sync 1 DAGs
[2024-06-13 12:03:59,243] {logging_mixin.py:109} INFO - [2024-06-13 12:03:59,242] {dag.py:2935} INFO - Setting next_dagrun for data_ingestion_gcs_dag to 2024-06-13T09:00:00+00:00
[2024-06-13 12:03:59,257] {processor.py:171} INFO - Processing /opt/airflow/dags/data_ingestion.py took 0.941 seconds
[2024-06-13 12:04:29,472] {processor.py:163} INFO - Started process (PID=1679) to work on /opt/airflow/dags/data_ingestion.py
[2024-06-13 12:04:29,476] {processor.py:642} INFO - Processing file /opt/airflow/dags/data_ingestion.py for tasks to queue
[2024-06-13 12:04:29,477] {logging_mixin.py:109} INFO - [2024-06-13 12:04:29,476] {dagbag.py:500} INFO - Filling up the DagBag from /opt/airflow/dags/data_ingestion.py
[2024-06-13 12:04:30,124] {processor.py:654} INFO - DAG(s) dict_keys(['data_ingestion_gcs_dag']) retrieved from /opt/airflow/dags/data_ingestion.py
[2024-06-13 12:04:30,397] {logging_mixin.py:109} INFO - [2024-06-13 12:04:30,396] {dag.py:2396} INFO - Sync 1 DAGs
[2024-06-13 12:04:30,410] {logging_mixin.py:109} INFO - [2024-06-13 12:04:30,410] {dag.py:2935} INFO - Setting next_dagrun for data_ingestion_gcs_dag to 2024-06-13T09:00:00+00:00
[2024-06-13 12:04:30,422] {processor.py:171} INFO - Processing /opt/airflow/dags/data_ingestion.py took 0.954 seconds
