[2024-06-13 11:46:44,787] {processor.py:163} INFO - Started process (PID=181) to work on /opt/airflow/dags/transform.py
[2024-06-13 11:46:44,790] {processor.py:642} INFO - Processing file /opt/airflow/dags/transform.py for tasks to queue
[2024-06-13 11:46:44,791] {logging_mixin.py:109} INFO - [2024-06-13 11:46:44,791] {dagbag.py:500} INFO - Filling up the DagBag from /opt/airflow/dags/transform.py
[2024-06-13 11:46:47,980] {processor.py:656} WARNING - No viable dags retrieved from /opt/airflow/dags/transform.py
[2024-06-13 11:46:47,984] {processor.py:171} INFO - Processing /opt/airflow/dags/transform.py took 3.203 seconds
[2024-06-13 11:47:18,097] {processor.py:163} INFO - Started process (PID=240) to work on /opt/airflow/dags/transform.py
[2024-06-13 11:47:18,100] {processor.py:642} INFO - Processing file /opt/airflow/dags/transform.py for tasks to queue
[2024-06-13 11:47:18,101] {logging_mixin.py:109} INFO - [2024-06-13 11:47:18,101] {dagbag.py:500} INFO - Filling up the DagBag from /opt/airflow/dags/transform.py
[2024-06-13 11:47:18,879] {processor.py:656} WARNING - No viable dags retrieved from /opt/airflow/dags/transform.py
[2024-06-13 11:47:18,884] {processor.py:171} INFO - Processing /opt/airflow/dags/transform.py took 0.794 seconds
[2024-06-13 11:47:49,387] {processor.py:163} INFO - Started process (PID=317) to work on /opt/airflow/dags/transform.py
[2024-06-13 11:47:49,389] {processor.py:642} INFO - Processing file /opt/airflow/dags/transform.py for tasks to queue
[2024-06-13 11:47:49,390] {logging_mixin.py:109} INFO - [2024-06-13 11:47:49,389] {dagbag.py:500} INFO - Filling up the DagBag from /opt/airflow/dags/transform.py
[2024-06-13 11:47:50,127] {processor.py:656} WARNING - No viable dags retrieved from /opt/airflow/dags/transform.py
[2024-06-13 11:47:50,130] {processor.py:171} INFO - Processing /opt/airflow/dags/transform.py took 0.748 seconds
[2024-06-13 11:48:20,992] {processor.py:163} INFO - Started process (PID=355) to work on /opt/airflow/dags/transform.py
[2024-06-13 11:48:20,993] {processor.py:642} INFO - Processing file /opt/airflow/dags/transform.py for tasks to queue
[2024-06-13 11:48:20,993] {logging_mixin.py:109} INFO - [2024-06-13 11:48:20,993] {dagbag.py:500} INFO - Filling up the DagBag from /opt/airflow/dags/transform.py
[2024-06-13 11:48:21,551] {processor.py:656} WARNING - No viable dags retrieved from /opt/airflow/dags/transform.py
[2024-06-13 11:48:21,554] {processor.py:171} INFO - Processing /opt/airflow/dags/transform.py took 0.566 seconds
[2024-06-13 11:48:51,633] {processor.py:163} INFO - Started process (PID=403) to work on /opt/airflow/dags/transform.py
[2024-06-13 11:48:51,635] {processor.py:642} INFO - Processing file /opt/airflow/dags/transform.py for tasks to queue
[2024-06-13 11:48:51,636] {logging_mixin.py:109} INFO - [2024-06-13 11:48:51,636] {dagbag.py:500} INFO - Filling up the DagBag from /opt/airflow/dags/transform.py
[2024-06-13 11:48:52,281] {processor.py:656} WARNING - No viable dags retrieved from /opt/airflow/dags/transform.py
[2024-06-13 11:48:52,285] {processor.py:171} INFO - Processing /opt/airflow/dags/transform.py took 0.657 seconds
[2024-06-13 11:49:22,387] {processor.py:163} INFO - Started process (PID=440) to work on /opt/airflow/dags/transform.py
[2024-06-13 11:49:22,388] {processor.py:642} INFO - Processing file /opt/airflow/dags/transform.py for tasks to queue
[2024-06-13 11:49:22,388] {logging_mixin.py:109} INFO - [2024-06-13 11:49:22,388] {dagbag.py:500} INFO - Filling up the DagBag from /opt/airflow/dags/transform.py
[2024-06-13 11:49:22,918] {processor.py:656} WARNING - No viable dags retrieved from /opt/airflow/dags/transform.py
[2024-06-13 11:49:22,921] {processor.py:171} INFO - Processing /opt/airflow/dags/transform.py took 0.537 seconds
[2024-06-13 11:49:53,025] {processor.py:163} INFO - Started process (PID=487) to work on /opt/airflow/dags/transform.py
[2024-06-13 11:49:53,026] {processor.py:642} INFO - Processing file /opt/airflow/dags/transform.py for tasks to queue
[2024-06-13 11:49:53,026] {logging_mixin.py:109} INFO - [2024-06-13 11:49:53,026] {dagbag.py:500} INFO - Filling up the DagBag from /opt/airflow/dags/transform.py
[2024-06-13 11:49:53,791] {processor.py:656} WARNING - No viable dags retrieved from /opt/airflow/dags/transform.py
[2024-06-13 11:49:53,794] {processor.py:171} INFO - Processing /opt/airflow/dags/transform.py took 0.773 seconds
[2024-06-13 11:50:24,499] {processor.py:163} INFO - Started process (PID=525) to work on /opt/airflow/dags/transform.py
[2024-06-13 11:50:24,504] {processor.py:642} INFO - Processing file /opt/airflow/dags/transform.py for tasks to queue
[2024-06-13 11:50:24,505] {logging_mixin.py:109} INFO - [2024-06-13 11:50:24,505] {dagbag.py:500} INFO - Filling up the DagBag from /opt/airflow/dags/transform.py
[2024-06-13 11:50:25,006] {processor.py:656} WARNING - No viable dags retrieved from /opt/airflow/dags/transform.py
[2024-06-13 11:50:25,010] {processor.py:171} INFO - Processing /opt/airflow/dags/transform.py took 0.526 seconds
[2024-06-13 11:50:55,601] {processor.py:163} INFO - Started process (PID=563) to work on /opt/airflow/dags/transform.py
[2024-06-13 11:50:55,605] {processor.py:642} INFO - Processing file /opt/airflow/dags/transform.py for tasks to queue
[2024-06-13 11:50:55,605] {logging_mixin.py:109} INFO - [2024-06-13 11:50:55,605] {dagbag.py:500} INFO - Filling up the DagBag from /opt/airflow/dags/transform.py
[2024-06-13 11:50:56,133] {processor.py:656} WARNING - No viable dags retrieved from /opt/airflow/dags/transform.py
[2024-06-13 11:50:56,137] {processor.py:171} INFO - Processing /opt/airflow/dags/transform.py took 0.539 seconds
[2024-06-13 11:51:26,774] {processor.py:163} INFO - Started process (PID=611) to work on /opt/airflow/dags/transform.py
[2024-06-13 11:51:26,775] {processor.py:642} INFO - Processing file /opt/airflow/dags/transform.py for tasks to queue
[2024-06-13 11:51:26,776] {logging_mixin.py:109} INFO - [2024-06-13 11:51:26,776] {dagbag.py:500} INFO - Filling up the DagBag from /opt/airflow/dags/transform.py
[2024-06-13 11:51:27,266] {processor.py:656} WARNING - No viable dags retrieved from /opt/airflow/dags/transform.py
[2024-06-13 11:51:27,269] {processor.py:171} INFO - Processing /opt/airflow/dags/transform.py took 0.498 seconds
[2024-06-13 11:51:57,364] {processor.py:163} INFO - Started process (PID=650) to work on /opt/airflow/dags/transform.py
[2024-06-13 11:51:57,369] {processor.py:642} INFO - Processing file /opt/airflow/dags/transform.py for tasks to queue
[2024-06-13 11:51:57,369] {logging_mixin.py:109} INFO - [2024-06-13 11:51:57,369] {dagbag.py:500} INFO - Filling up the DagBag from /opt/airflow/dags/transform.py
[2024-06-13 11:51:57,933] {processor.py:656} WARNING - No viable dags retrieved from /opt/airflow/dags/transform.py
[2024-06-13 11:51:57,937] {processor.py:171} INFO - Processing /opt/airflow/dags/transform.py took 0.576 seconds
[2024-06-13 11:52:28,852] {processor.py:163} INFO - Started process (PID=699) to work on /opt/airflow/dags/transform.py
[2024-06-13 11:52:28,854] {processor.py:642} INFO - Processing file /opt/airflow/dags/transform.py for tasks to queue
[2024-06-13 11:52:28,855] {logging_mixin.py:109} INFO - [2024-06-13 11:52:28,854] {dagbag.py:500} INFO - Filling up the DagBag from /opt/airflow/dags/transform.py
[2024-06-13 11:52:29,698] {processor.py:656} WARNING - No viable dags retrieved from /opt/airflow/dags/transform.py
[2024-06-13 11:52:29,703] {processor.py:171} INFO - Processing /opt/airflow/dags/transform.py took 0.857 seconds
[2024-06-13 11:52:59,824] {processor.py:163} INFO - Started process (PID=737) to work on /opt/airflow/dags/transform.py
[2024-06-13 11:52:59,826] {processor.py:642} INFO - Processing file /opt/airflow/dags/transform.py for tasks to queue
[2024-06-13 11:52:59,826] {logging_mixin.py:109} INFO - [2024-06-13 11:52:59,826] {dagbag.py:500} INFO - Filling up the DagBag from /opt/airflow/dags/transform.py
[2024-06-13 11:53:00,402] {processor.py:656} WARNING - No viable dags retrieved from /opt/airflow/dags/transform.py
[2024-06-13 11:53:00,405] {processor.py:171} INFO - Processing /opt/airflow/dags/transform.py took 0.584 seconds
[2024-06-13 11:53:30,974] {processor.py:163} INFO - Started process (PID=784) to work on /opt/airflow/dags/transform.py
[2024-06-13 11:53:30,976] {processor.py:642} INFO - Processing file /opt/airflow/dags/transform.py for tasks to queue
[2024-06-13 11:53:30,977] {logging_mixin.py:109} INFO - [2024-06-13 11:53:30,977] {dagbag.py:500} INFO - Filling up the DagBag from /opt/airflow/dags/transform.py
[2024-06-13 11:53:31,661] {processor.py:656} WARNING - No viable dags retrieved from /opt/airflow/dags/transform.py
[2024-06-13 11:53:31,664] {processor.py:171} INFO - Processing /opt/airflow/dags/transform.py took 0.695 seconds
[2024-06-13 11:54:01,746] {processor.py:163} INFO - Started process (PID=823) to work on /opt/airflow/dags/transform.py
[2024-06-13 11:54:01,749] {processor.py:642} INFO - Processing file /opt/airflow/dags/transform.py for tasks to queue
[2024-06-13 11:54:01,749] {logging_mixin.py:109} INFO - [2024-06-13 11:54:01,749] {dagbag.py:500} INFO - Filling up the DagBag from /opt/airflow/dags/transform.py
[2024-06-13 11:54:02,279] {processor.py:656} WARNING - No viable dags retrieved from /opt/airflow/dags/transform.py
[2024-06-13 11:54:02,283] {processor.py:171} INFO - Processing /opt/airflow/dags/transform.py took 0.539 seconds
[2024-06-13 11:54:32,368] {processor.py:163} INFO - Started process (PID=870) to work on /opt/airflow/dags/transform.py
[2024-06-13 11:54:32,369] {processor.py:642} INFO - Processing file /opt/airflow/dags/transform.py for tasks to queue
[2024-06-13 11:54:32,369] {logging_mixin.py:109} INFO - [2024-06-13 11:54:32,369] {dagbag.py:500} INFO - Filling up the DagBag from /opt/airflow/dags/transform.py
[2024-06-13 11:54:32,854] {processor.py:656} WARNING - No viable dags retrieved from /opt/airflow/dags/transform.py
[2024-06-13 11:54:32,857] {processor.py:171} INFO - Processing /opt/airflow/dags/transform.py took 0.493 seconds
[2024-06-13 11:55:02,959] {processor.py:163} INFO - Started process (PID=908) to work on /opt/airflow/dags/transform.py
[2024-06-13 11:55:02,961] {processor.py:642} INFO - Processing file /opt/airflow/dags/transform.py for tasks to queue
[2024-06-13 11:55:02,962] {logging_mixin.py:109} INFO - [2024-06-13 11:55:02,962] {dagbag.py:500} INFO - Filling up the DagBag from /opt/airflow/dags/transform.py
[2024-06-13 11:55:03,445] {processor.py:656} WARNING - No viable dags retrieved from /opt/airflow/dags/transform.py
[2024-06-13 11:55:03,448] {processor.py:171} INFO - Processing /opt/airflow/dags/transform.py took 0.492 seconds
[2024-06-13 11:55:33,562] {processor.py:163} INFO - Started process (PID=955) to work on /opt/airflow/dags/transform.py
[2024-06-13 11:55:33,563] {processor.py:642} INFO - Processing file /opt/airflow/dags/transform.py for tasks to queue
[2024-06-13 11:55:33,564] {logging_mixin.py:109} INFO - [2024-06-13 11:55:33,563] {dagbag.py:500} INFO - Filling up the DagBag from /opt/airflow/dags/transform.py
[2024-06-13 11:55:34,049] {processor.py:656} WARNING - No viable dags retrieved from /opt/airflow/dags/transform.py
[2024-06-13 11:55:34,052] {processor.py:171} INFO - Processing /opt/airflow/dags/transform.py took 0.493 seconds
[2024-06-13 11:56:04,160] {processor.py:163} INFO - Started process (PID=992) to work on /opt/airflow/dags/transform.py
[2024-06-13 11:56:04,163] {processor.py:642} INFO - Processing file /opt/airflow/dags/transform.py for tasks to queue
[2024-06-13 11:56:04,164] {logging_mixin.py:109} INFO - [2024-06-13 11:56:04,164] {dagbag.py:500} INFO - Filling up the DagBag from /opt/airflow/dags/transform.py
[2024-06-13 11:56:04,919] {processor.py:656} WARNING - No viable dags retrieved from /opt/airflow/dags/transform.py
[2024-06-13 11:56:04,925] {processor.py:171} INFO - Processing /opt/airflow/dags/transform.py took 0.769 seconds
[2024-06-13 11:56:35,101] {processor.py:163} INFO - Started process (PID=1039) to work on /opt/airflow/dags/transform.py
[2024-06-13 11:56:35,102] {processor.py:642} INFO - Processing file /opt/airflow/dags/transform.py for tasks to queue
[2024-06-13 11:56:35,102] {logging_mixin.py:109} INFO - [2024-06-13 11:56:35,102] {dagbag.py:500} INFO - Filling up the DagBag from /opt/airflow/dags/transform.py
[2024-06-13 11:56:36,102] {processor.py:656} WARNING - No viable dags retrieved from /opt/airflow/dags/transform.py
[2024-06-13 11:56:36,107] {processor.py:171} INFO - Processing /opt/airflow/dags/transform.py took 1.012 seconds
[2024-06-13 11:57:06,274] {processor.py:163} INFO - Started process (PID=1077) to work on /opt/airflow/dags/transform.py
[2024-06-13 11:57:06,277] {processor.py:642} INFO - Processing file /opt/airflow/dags/transform.py for tasks to queue
[2024-06-13 11:57:06,278] {logging_mixin.py:109} INFO - [2024-06-13 11:57:06,278] {dagbag.py:500} INFO - Filling up the DagBag from /opt/airflow/dags/transform.py
[2024-06-13 11:57:07,063] {processor.py:656} WARNING - No viable dags retrieved from /opt/airflow/dags/transform.py
[2024-06-13 11:57:07,070] {processor.py:171} INFO - Processing /opt/airflow/dags/transform.py took 0.801 seconds
[2024-06-13 11:57:37,189] {processor.py:163} INFO - Started process (PID=1115) to work on /opt/airflow/dags/transform.py
[2024-06-13 11:57:37,191] {processor.py:642} INFO - Processing file /opt/airflow/dags/transform.py for tasks to queue
[2024-06-13 11:57:37,192] {logging_mixin.py:109} INFO - [2024-06-13 11:57:37,192] {dagbag.py:500} INFO - Filling up the DagBag from /opt/airflow/dags/transform.py
[2024-06-13 11:57:37,958] {processor.py:656} WARNING - No viable dags retrieved from /opt/airflow/dags/transform.py
[2024-06-13 11:57:37,964] {processor.py:171} INFO - Processing /opt/airflow/dags/transform.py took 0.780 seconds
[2024-06-13 11:58:08,101] {processor.py:163} INFO - Started process (PID=1152) to work on /opt/airflow/dags/transform.py
[2024-06-13 11:58:08,104] {processor.py:642} INFO - Processing file /opt/airflow/dags/transform.py for tasks to queue
[2024-06-13 11:58:08,104] {logging_mixin.py:109} INFO - [2024-06-13 11:58:08,104] {dagbag.py:500} INFO - Filling up the DagBag from /opt/airflow/dags/transform.py
[2024-06-13 11:58:08,953] {processor.py:656} WARNING - No viable dags retrieved from /opt/airflow/dags/transform.py
[2024-06-13 11:58:08,958] {processor.py:171} INFO - Processing /opt/airflow/dags/transform.py took 0.863 seconds
[2024-06-13 11:58:39,280] {processor.py:163} INFO - Started process (PID=1198) to work on /opt/airflow/dags/transform.py
[2024-06-13 11:58:39,282] {processor.py:642} INFO - Processing file /opt/airflow/dags/transform.py for tasks to queue
[2024-06-13 11:58:39,283] {logging_mixin.py:109} INFO - [2024-06-13 11:58:39,283] {dagbag.py:500} INFO - Filling up the DagBag from /opt/airflow/dags/transform.py
[2024-06-13 11:58:40,147] {processor.py:656} WARNING - No viable dags retrieved from /opt/airflow/dags/transform.py
[2024-06-13 11:58:40,151] {processor.py:171} INFO - Processing /opt/airflow/dags/transform.py took 0.875 seconds
[2024-06-13 11:59:10,262] {processor.py:163} INFO - Started process (PID=1236) to work on /opt/airflow/dags/transform.py
[2024-06-13 11:59:10,264] {processor.py:642} INFO - Processing file /opt/airflow/dags/transform.py for tasks to queue
[2024-06-13 11:59:10,264] {logging_mixin.py:109} INFO - [2024-06-13 11:59:10,264] {dagbag.py:500} INFO - Filling up the DagBag from /opt/airflow/dags/transform.py
[2024-06-13 11:59:10,747] {processor.py:656} WARNING - No viable dags retrieved from /opt/airflow/dags/transform.py
[2024-06-13 11:59:10,750] {processor.py:171} INFO - Processing /opt/airflow/dags/transform.py took 0.490 seconds
[2024-06-13 11:59:40,853] {processor.py:163} INFO - Started process (PID=1283) to work on /opt/airflow/dags/transform.py
[2024-06-13 11:59:40,854] {processor.py:642} INFO - Processing file /opt/airflow/dags/transform.py for tasks to queue
[2024-06-13 11:59:40,854] {logging_mixin.py:109} INFO - [2024-06-13 11:59:40,854] {dagbag.py:500} INFO - Filling up the DagBag from /opt/airflow/dags/transform.py
[2024-06-13 11:59:41,471] {processor.py:656} WARNING - No viable dags retrieved from /opt/airflow/dags/transform.py
[2024-06-13 11:59:41,475] {processor.py:171} INFO - Processing /opt/airflow/dags/transform.py took 0.627 seconds
[2024-06-13 12:00:11,541] {processor.py:163} INFO - Started process (PID=1321) to work on /opt/airflow/dags/transform.py
[2024-06-13 12:00:11,542] {processor.py:642} INFO - Processing file /opt/airflow/dags/transform.py for tasks to queue
[2024-06-13 12:00:11,543] {logging_mixin.py:109} INFO - [2024-06-13 12:00:11,543] {dagbag.py:500} INFO - Filling up the DagBag from /opt/airflow/dags/transform.py
[2024-06-13 12:00:12,041] {processor.py:656} WARNING - No viable dags retrieved from /opt/airflow/dags/transform.py
[2024-06-13 12:00:12,045] {processor.py:171} INFO - Processing /opt/airflow/dags/transform.py took 0.507 seconds
[2024-06-13 12:00:42,181] {processor.py:163} INFO - Started process (PID=1359) to work on /opt/airflow/dags/transform.py
[2024-06-13 12:00:42,184] {processor.py:642} INFO - Processing file /opt/airflow/dags/transform.py for tasks to queue
[2024-06-13 12:00:42,185] {logging_mixin.py:109} INFO - [2024-06-13 12:00:42,185] {dagbag.py:500} INFO - Filling up the DagBag from /opt/airflow/dags/transform.py
[2024-06-13 12:00:42,760] {processor.py:656} WARNING - No viable dags retrieved from /opt/airflow/dags/transform.py
[2024-06-13 12:00:42,763] {processor.py:171} INFO - Processing /opt/airflow/dags/transform.py took 0.588 seconds
[2024-06-13 12:01:12,848] {processor.py:163} INFO - Started process (PID=1405) to work on /opt/airflow/dags/transform.py
[2024-06-13 12:01:12,849] {processor.py:642} INFO - Processing file /opt/airflow/dags/transform.py for tasks to queue
[2024-06-13 12:01:12,850] {logging_mixin.py:109} INFO - [2024-06-13 12:01:12,850] {dagbag.py:500} INFO - Filling up the DagBag from /opt/airflow/dags/transform.py
[2024-06-13 12:01:13,479] {processor.py:656} WARNING - No viable dags retrieved from /opt/airflow/dags/transform.py
[2024-06-13 12:01:13,483] {processor.py:171} INFO - Processing /opt/airflow/dags/transform.py took 0.639 seconds
[2024-06-13 12:01:43,550] {processor.py:163} INFO - Started process (PID=1442) to work on /opt/airflow/dags/transform.py
[2024-06-13 12:01:43,551] {processor.py:642} INFO - Processing file /opt/airflow/dags/transform.py for tasks to queue
[2024-06-13 12:01:43,552] {logging_mixin.py:109} INFO - [2024-06-13 12:01:43,552] {dagbag.py:500} INFO - Filling up the DagBag from /opt/airflow/dags/transform.py
[2024-06-13 12:01:44,038] {processor.py:656} WARNING - No viable dags retrieved from /opt/airflow/dags/transform.py
[2024-06-13 12:01:44,042] {processor.py:171} INFO - Processing /opt/airflow/dags/transform.py took 0.495 seconds
[2024-06-13 12:02:14,122] {processor.py:163} INFO - Started process (PID=1489) to work on /opt/airflow/dags/transform.py
[2024-06-13 12:02:14,126] {processor.py:642} INFO - Processing file /opt/airflow/dags/transform.py for tasks to queue
[2024-06-13 12:02:14,127] {logging_mixin.py:109} INFO - [2024-06-13 12:02:14,126] {dagbag.py:500} INFO - Filling up the DagBag from /opt/airflow/dags/transform.py
[2024-06-13 12:02:14,611] {processor.py:656} WARNING - No viable dags retrieved from /opt/airflow/dags/transform.py
[2024-06-13 12:02:14,614] {processor.py:171} INFO - Processing /opt/airflow/dags/transform.py took 0.496 seconds
[2024-06-13 12:02:44,715] {processor.py:163} INFO - Started process (PID=1526) to work on /opt/airflow/dags/transform.py
[2024-06-13 12:02:44,716] {processor.py:642} INFO - Processing file /opt/airflow/dags/transform.py for tasks to queue
[2024-06-13 12:02:44,717] {logging_mixin.py:109} INFO - [2024-06-13 12:02:44,717] {dagbag.py:500} INFO - Filling up the DagBag from /opt/airflow/dags/transform.py
[2024-06-13 12:02:45,271] {processor.py:656} WARNING - No viable dags retrieved from /opt/airflow/dags/transform.py
[2024-06-13 12:02:45,275] {processor.py:171} INFO - Processing /opt/airflow/dags/transform.py took 0.562 seconds
[2024-06-13 12:03:16,167] {processor.py:163} INFO - Started process (PID=1573) to work on /opt/airflow/dags/transform.py
[2024-06-13 12:03:16,169] {processor.py:642} INFO - Processing file /opt/airflow/dags/transform.py for tasks to queue
[2024-06-13 12:03:16,170] {logging_mixin.py:109} INFO - [2024-06-13 12:03:16,170] {dagbag.py:500} INFO - Filling up the DagBag from /opt/airflow/dags/transform.py
[2024-06-13 12:03:16,765] {processor.py:656} WARNING - No viable dags retrieved from /opt/airflow/dags/transform.py
[2024-06-13 12:03:16,768] {processor.py:171} INFO - Processing /opt/airflow/dags/transform.py took 0.605 seconds
[2024-06-13 12:03:46,860] {processor.py:163} INFO - Started process (PID=1611) to work on /opt/airflow/dags/transform.py
[2024-06-13 12:03:46,860] {processor.py:642} INFO - Processing file /opt/airflow/dags/transform.py for tasks to queue
[2024-06-13 12:03:46,861] {logging_mixin.py:109} INFO - [2024-06-13 12:03:46,861] {dagbag.py:500} INFO - Filling up the DagBag from /opt/airflow/dags/transform.py
[2024-06-13 12:03:47,354] {processor.py:656} WARNING - No viable dags retrieved from /opt/airflow/dags/transform.py
[2024-06-13 12:03:47,357] {processor.py:171} INFO - Processing /opt/airflow/dags/transform.py took 0.500 seconds
[2024-06-13 12:04:17,440] {processor.py:163} INFO - Started process (PID=1660) to work on /opt/airflow/dags/transform.py
[2024-06-13 12:04:17,441] {processor.py:642} INFO - Processing file /opt/airflow/dags/transform.py for tasks to queue
[2024-06-13 12:04:17,442] {logging_mixin.py:109} INFO - [2024-06-13 12:04:17,442] {dagbag.py:500} INFO - Filling up the DagBag from /opt/airflow/dags/transform.py
[2024-06-13 12:04:17,944] {processor.py:656} WARNING - No viable dags retrieved from /opt/airflow/dags/transform.py
[2024-06-13 12:04:17,947] {processor.py:171} INFO - Processing /opt/airflow/dags/transform.py took 0.510 seconds
[2024-06-13 12:04:48,046] {processor.py:163} INFO - Started process (PID=1697) to work on /opt/airflow/dags/transform.py
[2024-06-13 12:04:48,047] {processor.py:642} INFO - Processing file /opt/airflow/dags/transform.py for tasks to queue
[2024-06-13 12:04:48,048] {logging_mixin.py:109} INFO - [2024-06-13 12:04:48,048] {dagbag.py:500} INFO - Filling up the DagBag from /opt/airflow/dags/transform.py
[2024-06-13 12:04:48,631] {processor.py:656} WARNING - No viable dags retrieved from /opt/airflow/dags/transform.py
[2024-06-13 12:04:48,635] {processor.py:171} INFO - Processing /opt/airflow/dags/transform.py took 0.592 seconds
[2024-06-13 12:05:18,729] {processor.py:163} INFO - Started process (PID=1746) to work on /opt/airflow/dags/transform.py
[2024-06-13 12:05:18,730] {processor.py:642} INFO - Processing file /opt/airflow/dags/transform.py for tasks to queue
[2024-06-13 12:05:18,731] {logging_mixin.py:109} INFO - [2024-06-13 12:05:18,731] {dagbag.py:500} INFO - Filling up the DagBag from /opt/airflow/dags/transform.py
[2024-06-13 12:05:19,366] {processor.py:656} WARNING - No viable dags retrieved from /opt/airflow/dags/transform.py
[2024-06-13 12:05:19,369] {processor.py:171} INFO - Processing /opt/airflow/dags/transform.py took 0.644 seconds
[2024-06-13 12:05:49,467] {processor.py:163} INFO - Started process (PID=1784) to work on /opt/airflow/dags/transform.py
[2024-06-13 12:05:49,468] {processor.py:642} INFO - Processing file /opt/airflow/dags/transform.py for tasks to queue
[2024-06-13 12:05:49,469] {logging_mixin.py:109} INFO - [2024-06-13 12:05:49,469] {dagbag.py:500} INFO - Filling up the DagBag from /opt/airflow/dags/transform.py
[2024-06-13 12:05:50,006] {processor.py:656} WARNING - No viable dags retrieved from /opt/airflow/dags/transform.py
[2024-06-13 12:05:50,010] {processor.py:171} INFO - Processing /opt/airflow/dags/transform.py took 0.548 seconds
[2024-06-13 12:06:20,089] {processor.py:163} INFO - Started process (PID=1833) to work on /opt/airflow/dags/transform.py
[2024-06-13 12:06:20,090] {processor.py:642} INFO - Processing file /opt/airflow/dags/transform.py for tasks to queue
[2024-06-13 12:06:20,091] {logging_mixin.py:109} INFO - [2024-06-13 12:06:20,091] {dagbag.py:500} INFO - Filling up the DagBag from /opt/airflow/dags/transform.py
[2024-06-13 12:06:20,623] {processor.py:656} WARNING - No viable dags retrieved from /opt/airflow/dags/transform.py
[2024-06-13 12:06:20,628] {processor.py:171} INFO - Processing /opt/airflow/dags/transform.py took 0.542 seconds
[2024-06-13 12:06:51,210] {processor.py:163} INFO - Started process (PID=1871) to work on /opt/airflow/dags/transform.py
[2024-06-13 12:06:51,211] {processor.py:642} INFO - Processing file /opt/airflow/dags/transform.py for tasks to queue
[2024-06-13 12:06:51,211] {logging_mixin.py:109} INFO - [2024-06-13 12:06:51,211] {dagbag.py:500} INFO - Filling up the DagBag from /opt/airflow/dags/transform.py
[2024-06-13 12:06:51,926] {processor.py:656} WARNING - No viable dags retrieved from /opt/airflow/dags/transform.py
[2024-06-13 12:06:51,930] {processor.py:171} INFO - Processing /opt/airflow/dags/transform.py took 0.727 seconds
[2024-06-13 12:07:22,017] {processor.py:163} INFO - Started process (PID=1918) to work on /opt/airflow/dags/transform.py
[2024-06-13 12:07:22,018] {processor.py:642} INFO - Processing file /opt/airflow/dags/transform.py for tasks to queue
[2024-06-13 12:07:22,019] {logging_mixin.py:109} INFO - [2024-06-13 12:07:22,019] {dagbag.py:500} INFO - Filling up the DagBag from /opt/airflow/dags/transform.py
[2024-06-13 12:07:22,551] {processor.py:656} WARNING - No viable dags retrieved from /opt/airflow/dags/transform.py
[2024-06-13 12:07:22,555] {processor.py:171} INFO - Processing /opt/airflow/dags/transform.py took 0.541 seconds
[2024-06-13 12:07:52,636] {processor.py:163} INFO - Started process (PID=1956) to work on /opt/airflow/dags/transform.py
[2024-06-13 12:07:52,637] {processor.py:642} INFO - Processing file /opt/airflow/dags/transform.py for tasks to queue
[2024-06-13 12:07:52,638] {logging_mixin.py:109} INFO - [2024-06-13 12:07:52,638] {dagbag.py:500} INFO - Filling up the DagBag from /opt/airflow/dags/transform.py
[2024-06-13 12:07:53,369] {processor.py:656} WARNING - No viable dags retrieved from /opt/airflow/dags/transform.py
[2024-06-13 12:07:53,376] {processor.py:171} INFO - Processing /opt/airflow/dags/transform.py took 0.745 seconds
[2024-06-13 12:08:23,497] {processor.py:163} INFO - Started process (PID=1993) to work on /opt/airflow/dags/transform.py
[2024-06-13 12:08:23,498] {processor.py:642} INFO - Processing file /opt/airflow/dags/transform.py for tasks to queue
[2024-06-13 12:08:23,499] {logging_mixin.py:109} INFO - [2024-06-13 12:08:23,499] {dagbag.py:500} INFO - Filling up the DagBag from /opt/airflow/dags/transform.py
[2024-06-13 12:08:24,241] {processor.py:656} WARNING - No viable dags retrieved from /opt/airflow/dags/transform.py
[2024-06-13 12:08:24,246] {processor.py:171} INFO - Processing /opt/airflow/dags/transform.py took 0.751 seconds
[2024-06-13 12:08:54,364] {processor.py:163} INFO - Started process (PID=2041) to work on /opt/airflow/dags/transform.py
[2024-06-13 12:08:54,366] {processor.py:642} INFO - Processing file /opt/airflow/dags/transform.py for tasks to queue
[2024-06-13 12:08:54,367] {logging_mixin.py:109} INFO - [2024-06-13 12:08:54,367] {dagbag.py:500} INFO - Filling up the DagBag from /opt/airflow/dags/transform.py
[2024-06-13 12:08:54,974] {processor.py:656} WARNING - No viable dags retrieved from /opt/airflow/dags/transform.py
[2024-06-13 12:08:54,978] {processor.py:171} INFO - Processing /opt/airflow/dags/transform.py took 0.617 seconds
[2024-06-13 12:09:25,076] {processor.py:163} INFO - Started process (PID=2079) to work on /opt/airflow/dags/transform.py
[2024-06-13 12:09:25,078] {processor.py:642} INFO - Processing file /opt/airflow/dags/transform.py for tasks to queue
[2024-06-13 12:09:25,079] {logging_mixin.py:109} INFO - [2024-06-13 12:09:25,079] {dagbag.py:500} INFO - Filling up the DagBag from /opt/airflow/dags/transform.py
[2024-06-13 12:09:25,665] {processor.py:656} WARNING - No viable dags retrieved from /opt/airflow/dags/transform.py
[2024-06-13 12:09:25,673] {processor.py:171} INFO - Processing /opt/airflow/dags/transform.py took 0.600 seconds
[2024-06-13 12:09:56,426] {processor.py:163} INFO - Started process (PID=2129) to work on /opt/airflow/dags/transform.py
[2024-06-13 12:09:56,431] {processor.py:642} INFO - Processing file /opt/airflow/dags/transform.py for tasks to queue
[2024-06-13 12:09:56,431] {logging_mixin.py:109} INFO - [2024-06-13 12:09:56,431] {dagbag.py:500} INFO - Filling up the DagBag from /opt/airflow/dags/transform.py
[2024-06-13 12:09:56,946] {processor.py:656} WARNING - No viable dags retrieved from /opt/airflow/dags/transform.py
[2024-06-13 12:09:56,949] {processor.py:171} INFO - Processing /opt/airflow/dags/transform.py took 0.526 seconds
[2024-06-13 12:10:27,034] {processor.py:163} INFO - Started process (PID=2168) to work on /opt/airflow/dags/transform.py
[2024-06-13 12:10:27,035] {processor.py:642} INFO - Processing file /opt/airflow/dags/transform.py for tasks to queue
[2024-06-13 12:10:27,036] {logging_mixin.py:109} INFO - [2024-06-13 12:10:27,036] {dagbag.py:500} INFO - Filling up the DagBag from /opt/airflow/dags/transform.py
[2024-06-13 12:10:27,558] {processor.py:656} WARNING - No viable dags retrieved from /opt/airflow/dags/transform.py
[2024-06-13 12:10:27,561] {processor.py:171} INFO - Processing /opt/airflow/dags/transform.py took 0.531 seconds
[2024-06-13 12:10:57,663] {processor.py:163} INFO - Started process (PID=2216) to work on /opt/airflow/dags/transform.py
[2024-06-13 12:10:57,665] {processor.py:642} INFO - Processing file /opt/airflow/dags/transform.py for tasks to queue
[2024-06-13 12:10:57,666] {logging_mixin.py:109} INFO - [2024-06-13 12:10:57,666] {dagbag.py:500} INFO - Filling up the DagBag from /opt/airflow/dags/transform.py
[2024-06-13 12:10:58,338] {processor.py:656} WARNING - No viable dags retrieved from /opt/airflow/dags/transform.py
[2024-06-13 12:10:58,341] {processor.py:171} INFO - Processing /opt/airflow/dags/transform.py took 0.684 seconds
[2024-06-13 12:11:28,753] {processor.py:163} INFO - Started process (PID=2253) to work on /opt/airflow/dags/transform.py
[2024-06-13 12:11:28,755] {processor.py:642} INFO - Processing file /opt/airflow/dags/transform.py for tasks to queue
[2024-06-13 12:11:28,756] {logging_mixin.py:109} INFO - [2024-06-13 12:11:28,756] {dagbag.py:500} INFO - Filling up the DagBag from /opt/airflow/dags/transform.py
[2024-06-13 12:11:29,326] {processor.py:656} WARNING - No viable dags retrieved from /opt/airflow/dags/transform.py
[2024-06-13 12:11:29,335] {processor.py:171} INFO - Processing /opt/airflow/dags/transform.py took 0.586 seconds
[2024-06-13 12:11:59,943] {processor.py:163} INFO - Started process (PID=2300) to work on /opt/airflow/dags/transform.py
[2024-06-13 12:11:59,948] {processor.py:642} INFO - Processing file /opt/airflow/dags/transform.py for tasks to queue
[2024-06-13 12:11:59,949] {logging_mixin.py:109} INFO - [2024-06-13 12:11:59,949] {dagbag.py:500} INFO - Filling up the DagBag from /opt/airflow/dags/transform.py
[2024-06-13 12:12:00,801] {processor.py:656} WARNING - No viable dags retrieved from /opt/airflow/dags/transform.py
[2024-06-13 12:12:00,810] {processor.py:171} INFO - Processing /opt/airflow/dags/transform.py took 0.871 seconds
[2024-06-13 12:12:31,076] {processor.py:163} INFO - Started process (PID=2338) to work on /opt/airflow/dags/transform.py
[2024-06-13 12:12:31,077] {processor.py:642} INFO - Processing file /opt/airflow/dags/transform.py for tasks to queue
[2024-06-13 12:12:31,078] {logging_mixin.py:109} INFO - [2024-06-13 12:12:31,078] {dagbag.py:500} INFO - Filling up the DagBag from /opt/airflow/dags/transform.py
[2024-06-13 12:12:31,608] {processor.py:656} WARNING - No viable dags retrieved from /opt/airflow/dags/transform.py
[2024-06-13 12:12:31,612] {processor.py:171} INFO - Processing /opt/airflow/dags/transform.py took 0.539 seconds
[2024-06-13 12:13:02,265] {processor.py:163} INFO - Started process (PID=2386) to work on /opt/airflow/dags/transform.py
[2024-06-13 12:13:02,266] {processor.py:642} INFO - Processing file /opt/airflow/dags/transform.py for tasks to queue
[2024-06-13 12:13:02,272] {logging_mixin.py:109} INFO - [2024-06-13 12:13:02,271] {dagbag.py:500} INFO - Filling up the DagBag from /opt/airflow/dags/transform.py
[2024-06-13 12:13:02,909] {processor.py:656} WARNING - No viable dags retrieved from /opt/airflow/dags/transform.py
[2024-06-13 12:13:02,913] {processor.py:171} INFO - Processing /opt/airflow/dags/transform.py took 0.658 seconds
[2024-06-13 12:13:33,348] {processor.py:163} INFO - Started process (PID=2424) to work on /opt/airflow/dags/transform.py
[2024-06-13 12:13:33,352] {processor.py:642} INFO - Processing file /opt/airflow/dags/transform.py for tasks to queue
[2024-06-13 12:13:33,352] {logging_mixin.py:109} INFO - [2024-06-13 12:13:33,352] {dagbag.py:500} INFO - Filling up the DagBag from /opt/airflow/dags/transform.py
[2024-06-13 12:13:33,912] {processor.py:656} WARNING - No viable dags retrieved from /opt/airflow/dags/transform.py
[2024-06-13 12:13:33,916] {processor.py:171} INFO - Processing /opt/airflow/dags/transform.py took 0.572 seconds
[2024-06-13 12:14:04,530] {processor.py:163} INFO - Started process (PID=2472) to work on /opt/airflow/dags/transform.py
[2024-06-13 12:14:04,531] {processor.py:642} INFO - Processing file /opt/airflow/dags/transform.py for tasks to queue
[2024-06-13 12:14:04,532] {logging_mixin.py:109} INFO - [2024-06-13 12:14:04,532] {dagbag.py:500} INFO - Filling up the DagBag from /opt/airflow/dags/transform.py
[2024-06-13 12:14:05,186] {processor.py:656} WARNING - No viable dags retrieved from /opt/airflow/dags/transform.py
[2024-06-13 12:14:05,194] {processor.py:171} INFO - Processing /opt/airflow/dags/transform.py took 0.667 seconds
[2024-06-13 12:14:35,919] {processor.py:163} INFO - Started process (PID=2511) to work on /opt/airflow/dags/transform.py
[2024-06-13 12:14:35,921] {processor.py:642} INFO - Processing file /opt/airflow/dags/transform.py for tasks to queue
[2024-06-13 12:14:35,922] {logging_mixin.py:109} INFO - [2024-06-13 12:14:35,922] {dagbag.py:500} INFO - Filling up the DagBag from /opt/airflow/dags/transform.py
[2024-06-13 12:14:36,411] {processor.py:656} WARNING - No viable dags retrieved from /opt/airflow/dags/transform.py
[2024-06-13 12:14:36,415] {processor.py:171} INFO - Processing /opt/airflow/dags/transform.py took 0.499 seconds
[2024-06-13 12:15:06,489] {processor.py:163} INFO - Started process (PID=2550) to work on /opt/airflow/dags/transform.py
[2024-06-13 12:15:06,490] {processor.py:642} INFO - Processing file /opt/airflow/dags/transform.py for tasks to queue
[2024-06-13 12:15:06,490] {logging_mixin.py:109} INFO - [2024-06-13 12:15:06,490] {dagbag.py:500} INFO - Filling up the DagBag from /opt/airflow/dags/transform.py
[2024-06-13 12:15:07,141] {processor.py:656} WARNING - No viable dags retrieved from /opt/airflow/dags/transform.py
[2024-06-13 12:15:07,145] {processor.py:171} INFO - Processing /opt/airflow/dags/transform.py took 0.660 seconds
[2024-06-13 12:15:37,575] {processor.py:163} INFO - Started process (PID=2599) to work on /opt/airflow/dags/transform.py
[2024-06-13 12:15:37,578] {processor.py:642} INFO - Processing file /opt/airflow/dags/transform.py for tasks to queue
[2024-06-13 12:15:37,579] {logging_mixin.py:109} INFO - [2024-06-13 12:15:37,579] {dagbag.py:500} INFO - Filling up the DagBag from /opt/airflow/dags/transform.py
[2024-06-13 12:15:38,264] {processor.py:656} WARNING - No viable dags retrieved from /opt/airflow/dags/transform.py
[2024-06-13 12:15:38,270] {processor.py:171} INFO - Processing /opt/airflow/dags/transform.py took 0.698 seconds
[2024-06-13 12:16:08,374] {processor.py:163} INFO - Started process (PID=2636) to work on /opt/airflow/dags/transform.py
[2024-06-13 12:16:08,375] {processor.py:642} INFO - Processing file /opt/airflow/dags/transform.py for tasks to queue
[2024-06-13 12:16:08,375] {logging_mixin.py:109} INFO - [2024-06-13 12:16:08,375] {dagbag.py:500} INFO - Filling up the DagBag from /opt/airflow/dags/transform.py
[2024-06-13 12:16:08,998] {processor.py:656} WARNING - No viable dags retrieved from /opt/airflow/dags/transform.py
[2024-06-13 12:16:09,004] {processor.py:171} INFO - Processing /opt/airflow/dags/transform.py took 0.633 seconds
[2024-06-13 12:16:39,091] {processor.py:163} INFO - Started process (PID=2686) to work on /opt/airflow/dags/transform.py
[2024-06-13 12:16:39,095] {processor.py:642} INFO - Processing file /opt/airflow/dags/transform.py for tasks to queue
[2024-06-13 12:16:39,096] {logging_mixin.py:109} INFO - [2024-06-13 12:16:39,095] {dagbag.py:500} INFO - Filling up the DagBag from /opt/airflow/dags/transform.py
[2024-06-13 12:16:39,600] {processor.py:656} WARNING - No viable dags retrieved from /opt/airflow/dags/transform.py
[2024-06-13 12:16:39,603] {processor.py:171} INFO - Processing /opt/airflow/dags/transform.py took 0.516 seconds
[2024-06-13 12:17:09,692] {processor.py:163} INFO - Started process (PID=2724) to work on /opt/airflow/dags/transform.py
[2024-06-13 12:17:09,693] {processor.py:642} INFO - Processing file /opt/airflow/dags/transform.py for tasks to queue
[2024-06-13 12:17:09,693] {logging_mixin.py:109} INFO - [2024-06-13 12:17:09,693] {dagbag.py:500} INFO - Filling up the DagBag from /opt/airflow/dags/transform.py
[2024-06-13 12:17:10,192] {processor.py:656} WARNING - No viable dags retrieved from /opt/airflow/dags/transform.py
[2024-06-13 12:17:10,195] {processor.py:171} INFO - Processing /opt/airflow/dags/transform.py took 0.507 seconds
[2024-06-13 12:17:40,791] {processor.py:163} INFO - Started process (PID=2770) to work on /opt/airflow/dags/transform.py
[2024-06-13 12:17:40,795] {processor.py:642} INFO - Processing file /opt/airflow/dags/transform.py for tasks to queue
[2024-06-13 12:17:40,796] {logging_mixin.py:109} INFO - [2024-06-13 12:17:40,796] {dagbag.py:500} INFO - Filling up the DagBag from /opt/airflow/dags/transform.py
[2024-06-13 12:17:41,327] {processor.py:656} WARNING - No viable dags retrieved from /opt/airflow/dags/transform.py
[2024-06-13 12:17:41,330] {processor.py:171} INFO - Processing /opt/airflow/dags/transform.py took 0.543 seconds
[2024-06-13 12:18:12,275] {processor.py:163} INFO - Started process (PID=2808) to work on /opt/airflow/dags/transform.py
[2024-06-13 12:18:12,276] {processor.py:642} INFO - Processing file /opt/airflow/dags/transform.py for tasks to queue
[2024-06-13 12:18:12,276] {logging_mixin.py:109} INFO - [2024-06-13 12:18:12,276] {dagbag.py:500} INFO - Filling up the DagBag from /opt/airflow/dags/transform.py
[2024-06-13 12:18:12,751] {processor.py:656} WARNING - No viable dags retrieved from /opt/airflow/dags/transform.py
[2024-06-13 12:18:12,755] {processor.py:171} INFO - Processing /opt/airflow/dags/transform.py took 0.483 seconds
[2024-06-13 14:42:53,691] {processor.py:163} INFO - Started process (PID=179) to work on /opt/airflow/dags/transform.py
[2024-06-13 14:42:53,695] {processor.py:642} INFO - Processing file /opt/airflow/dags/transform.py for tasks to queue
[2024-06-13 14:42:53,696] {logging_mixin.py:109} INFO - [2024-06-13 14:42:53,696] {dagbag.py:500} INFO - Filling up the DagBag from /opt/airflow/dags/transform.py
[2024-06-13 14:42:56,038] {processor.py:656} WARNING - No viable dags retrieved from /opt/airflow/dags/transform.py
[2024-06-13 14:42:56,042] {processor.py:171} INFO - Processing /opt/airflow/dags/transform.py took 2.355 seconds
[2024-06-13 14:44:27,152] {processor.py:163} INFO - Started process (PID=179) to work on /opt/airflow/dags/transform.py
[2024-06-13 14:44:27,156] {processor.py:642} INFO - Processing file /opt/airflow/dags/transform.py for tasks to queue
[2024-06-13 14:44:27,157] {logging_mixin.py:109} INFO - [2024-06-13 14:44:27,156] {dagbag.py:500} INFO - Filling up the DagBag from /opt/airflow/dags/transform.py
[2024-06-13 14:44:29,340] {processor.py:656} WARNING - No viable dags retrieved from /opt/airflow/dags/transform.py
[2024-06-13 14:44:29,346] {processor.py:171} INFO - Processing /opt/airflow/dags/transform.py took 2.197 seconds
[2024-06-13 14:45:00,268] {processor.py:163} INFO - Started process (PID=214) to work on /opt/airflow/dags/transform.py
[2024-06-13 14:45:00,270] {processor.py:642} INFO - Processing file /opt/airflow/dags/transform.py for tasks to queue
[2024-06-13 14:45:00,271] {logging_mixin.py:109} INFO - [2024-06-13 14:45:00,271] {dagbag.py:500} INFO - Filling up the DagBag from /opt/airflow/dags/transform.py
[2024-06-13 14:45:01,216] {processor.py:656} WARNING - No viable dags retrieved from /opt/airflow/dags/transform.py
[2024-06-13 14:45:01,219] {processor.py:171} INFO - Processing /opt/airflow/dags/transform.py took 0.954 seconds
[2024-06-13 14:45:31,436] {processor.py:163} INFO - Started process (PID=264) to work on /opt/airflow/dags/transform.py
[2024-06-13 14:45:31,437] {processor.py:642} INFO - Processing file /opt/airflow/dags/transform.py for tasks to queue
[2024-06-13 14:45:31,437] {logging_mixin.py:109} INFO - [2024-06-13 14:45:31,437] {dagbag.py:500} INFO - Filling up the DagBag from /opt/airflow/dags/transform.py
[2024-06-13 14:45:32,411] {processor.py:656} WARNING - No viable dags retrieved from /opt/airflow/dags/transform.py
[2024-06-13 14:45:32,422] {processor.py:171} INFO - Processing /opt/airflow/dags/transform.py took 0.989 seconds
[2024-06-13 14:46:02,563] {processor.py:163} INFO - Started process (PID=301) to work on /opt/airflow/dags/transform.py
[2024-06-13 14:46:02,568] {processor.py:642} INFO - Processing file /opt/airflow/dags/transform.py for tasks to queue
[2024-06-13 14:46:02,569] {logging_mixin.py:109} INFO - [2024-06-13 14:46:02,569] {dagbag.py:500} INFO - Filling up the DagBag from /opt/airflow/dags/transform.py
[2024-06-13 14:46:03,233] {processor.py:656} WARNING - No viable dags retrieved from /opt/airflow/dags/transform.py
[2024-06-13 14:46:03,236] {processor.py:171} INFO - Processing /opt/airflow/dags/transform.py took 0.678 seconds
[2024-06-13 14:46:33,354] {processor.py:163} INFO - Started process (PID=348) to work on /opt/airflow/dags/transform.py
[2024-06-13 14:46:33,356] {processor.py:642} INFO - Processing file /opt/airflow/dags/transform.py for tasks to queue
[2024-06-13 14:46:33,357] {logging_mixin.py:109} INFO - [2024-06-13 14:46:33,357] {dagbag.py:500} INFO - Filling up the DagBag from /opt/airflow/dags/transform.py
[2024-06-13 14:46:34,051] {processor.py:656} WARNING - No viable dags retrieved from /opt/airflow/dags/transform.py
[2024-06-13 14:46:34,055] {processor.py:171} INFO - Processing /opt/airflow/dags/transform.py took 0.705 seconds
[2024-06-13 14:47:04,500] {processor.py:163} INFO - Started process (PID=386) to work on /opt/airflow/dags/transform.py
[2024-06-13 14:47:04,505] {processor.py:642} INFO - Processing file /opt/airflow/dags/transform.py for tasks to queue
[2024-06-13 14:47:04,506] {logging_mixin.py:109} INFO - [2024-06-13 14:47:04,506] {dagbag.py:500} INFO - Filling up the DagBag from /opt/airflow/dags/transform.py
[2024-06-13 14:47:05,402] {processor.py:656} WARNING - No viable dags retrieved from /opt/airflow/dags/transform.py
[2024-06-13 14:47:05,406] {processor.py:171} INFO - Processing /opt/airflow/dags/transform.py took 0.909 seconds
[2024-06-13 14:47:36,090] {processor.py:163} INFO - Started process (PID=424) to work on /opt/airflow/dags/transform.py
[2024-06-13 14:47:36,091] {processor.py:642} INFO - Processing file /opt/airflow/dags/transform.py for tasks to queue
[2024-06-13 14:47:36,092] {logging_mixin.py:109} INFO - [2024-06-13 14:47:36,092] {dagbag.py:500} INFO - Filling up the DagBag from /opt/airflow/dags/transform.py
[2024-06-13 14:47:36,598] {processor.py:656} WARNING - No viable dags retrieved from /opt/airflow/dags/transform.py
[2024-06-13 14:47:36,603] {processor.py:171} INFO - Processing /opt/airflow/dags/transform.py took 0.515 seconds
[2024-06-13 14:48:07,191] {processor.py:163} INFO - Started process (PID=471) to work on /opt/airflow/dags/transform.py
[2024-06-13 14:48:07,195] {processor.py:642} INFO - Processing file /opt/airflow/dags/transform.py for tasks to queue
[2024-06-13 14:48:07,196] {logging_mixin.py:109} INFO - [2024-06-13 14:48:07,196] {dagbag.py:500} INFO - Filling up the DagBag from /opt/airflow/dags/transform.py
[2024-06-13 14:48:07,966] {processor.py:656} WARNING - No viable dags retrieved from /opt/airflow/dags/transform.py
[2024-06-13 14:48:07,977] {processor.py:171} INFO - Processing /opt/airflow/dags/transform.py took 0.789 seconds
[2024-06-13 14:48:38,108] {processor.py:163} INFO - Started process (PID=509) to work on /opt/airflow/dags/transform.py
[2024-06-13 14:48:38,109] {processor.py:642} INFO - Processing file /opt/airflow/dags/transform.py for tasks to queue
[2024-06-13 14:48:38,110] {logging_mixin.py:109} INFO - [2024-06-13 14:48:38,110] {dagbag.py:500} INFO - Filling up the DagBag from /opt/airflow/dags/transform.py
[2024-06-13 14:48:38,677] {processor.py:656} WARNING - No viable dags retrieved from /opt/airflow/dags/transform.py
[2024-06-13 14:48:38,680] {processor.py:171} INFO - Processing /opt/airflow/dags/transform.py took 0.577 seconds
[2024-06-13 14:50:04,287] {processor.py:163} INFO - Started process (PID=169) to work on /opt/airflow/dags/transform.py
[2024-06-13 14:50:04,288] {processor.py:642} INFO - Processing file /opt/airflow/dags/transform.py for tasks to queue
[2024-06-13 14:50:04,289] {logging_mixin.py:109} INFO - [2024-06-13 14:50:04,289] {dagbag.py:500} INFO - Filling up the DagBag from /opt/airflow/dags/transform.py
[2024-06-13 14:50:05,998] {processor.py:656} WARNING - No viable dags retrieved from /opt/airflow/dags/transform.py
[2024-06-13 14:50:06,001] {processor.py:171} INFO - Processing /opt/airflow/dags/transform.py took 1.717 seconds
[2024-06-13 14:50:36,080] {processor.py:163} INFO - Started process (PID=215) to work on /opt/airflow/dags/transform.py
[2024-06-13 14:50:36,081] {processor.py:642} INFO - Processing file /opt/airflow/dags/transform.py for tasks to queue
[2024-06-13 14:50:36,082] {logging_mixin.py:109} INFO - [2024-06-13 14:50:36,082] {dagbag.py:500} INFO - Filling up the DagBag from /opt/airflow/dags/transform.py
[2024-06-13 14:50:36,741] {processor.py:656} WARNING - No viable dags retrieved from /opt/airflow/dags/transform.py
[2024-06-13 14:50:36,744] {processor.py:171} INFO - Processing /opt/airflow/dags/transform.py took 0.667 seconds
[2024-06-13 14:51:07,480] {processor.py:163} INFO - Started process (PID=253) to work on /opt/airflow/dags/transform.py
[2024-06-13 14:51:07,484] {processor.py:642} INFO - Processing file /opt/airflow/dags/transform.py for tasks to queue
[2024-06-13 14:51:07,484] {logging_mixin.py:109} INFO - [2024-06-13 14:51:07,484] {dagbag.py:500} INFO - Filling up the DagBag from /opt/airflow/dags/transform.py
[2024-06-13 14:51:08,288] {processor.py:656} WARNING - No viable dags retrieved from /opt/airflow/dags/transform.py
[2024-06-13 14:51:08,292] {processor.py:171} INFO - Processing /opt/airflow/dags/transform.py took 0.815 seconds
[2024-06-13 14:51:38,575] {processor.py:163} INFO - Started process (PID=302) to work on /opt/airflow/dags/transform.py
[2024-06-13 14:51:38,577] {processor.py:642} INFO - Processing file /opt/airflow/dags/transform.py for tasks to queue
[2024-06-13 14:51:38,577] {logging_mixin.py:109} INFO - [2024-06-13 14:51:38,577] {dagbag.py:500} INFO - Filling up the DagBag from /opt/airflow/dags/transform.py
[2024-06-13 14:51:39,444] {processor.py:656} WARNING - No viable dags retrieved from /opt/airflow/dags/transform.py
[2024-06-13 14:51:39,447] {processor.py:171} INFO - Processing /opt/airflow/dags/transform.py took 0.875 seconds
[2024-06-13 14:52:09,816] {processor.py:163} INFO - Started process (PID=355) to work on /opt/airflow/dags/transform.py
[2024-06-13 14:52:09,818] {processor.py:642} INFO - Processing file /opt/airflow/dags/transform.py for tasks to queue
[2024-06-13 14:52:09,818] {logging_mixin.py:109} INFO - [2024-06-13 14:52:09,818] {dagbag.py:500} INFO - Filling up the DagBag from /opt/airflow/dags/transform.py
[2024-06-13 14:52:11,099] {processor.py:656} WARNING - No viable dags retrieved from /opt/airflow/dags/transform.py
[2024-06-13 14:52:11,105] {processor.py:171} INFO - Processing /opt/airflow/dags/transform.py took 1.293 seconds
[2024-06-13 14:52:41,281] {processor.py:163} INFO - Started process (PID=405) to work on /opt/airflow/dags/transform.py
[2024-06-13 14:52:41,283] {processor.py:642} INFO - Processing file /opt/airflow/dags/transform.py for tasks to queue
[2024-06-13 14:52:41,284] {logging_mixin.py:109} INFO - [2024-06-13 14:52:41,284] {dagbag.py:500} INFO - Filling up the DagBag from /opt/airflow/dags/transform.py
[2024-06-13 14:52:42,817] {processor.py:656} WARNING - No viable dags retrieved from /opt/airflow/dags/transform.py
[2024-06-13 14:52:42,829] {processor.py:171} INFO - Processing /opt/airflow/dags/transform.py took 1.551 seconds
