[2024-06-04 13:46:29,952] {taskinstance.py:1032} INFO - Dependencies all met for <TaskInstance: data_ingestion_gcs_dag.transform_dataset_task manual__2024-06-04T13:46:25.495358+00:00 [queued]>
[2024-06-04 13:46:29,961] {taskinstance.py:1032} INFO - Dependencies all met for <TaskInstance: data_ingestion_gcs_dag.transform_dataset_task manual__2024-06-04T13:46:25.495358+00:00 [queued]>
[2024-06-04 13:46:29,961] {taskinstance.py:1238} INFO - 
--------------------------------------------------------------------------------
[2024-06-04 13:46:29,961] {taskinstance.py:1239} INFO - Starting attempt 1 of 2
[2024-06-04 13:46:29,961] {taskinstance.py:1240} INFO - 
--------------------------------------------------------------------------------
[2024-06-04 13:46:29,975] {taskinstance.py:1259} INFO - Executing <Task(PythonOperator): transform_dataset_task> on 2024-06-04 13:46:25.495358+00:00
[2024-06-04 13:46:29,981] {standard_task_runner.py:52} INFO - Started process 19879 to run task
[2024-06-04 13:46:29,984] {standard_task_runner.py:76} INFO - Running: ['***', 'tasks', 'run', 'data_ingestion_gcs_dag', 'transform_dataset_task', 'manual__2024-06-04T13:46:25.495358+00:00', '--job-id', '214', '--raw', '--subdir', 'DAGS_FOLDER/data_ingestion.py', '--cfg-path', '/tmp/tmpziin9vgf', '--error-file', '/tmp/tmpjsxt_zss']
[2024-06-04 13:46:29,988] {standard_task_runner.py:77} INFO - Job 214: Subtask transform_dataset_task
[2024-06-04 13:46:30,041] {logging_mixin.py:109} INFO - Running <TaskInstance: data_ingestion_gcs_dag.transform_dataset_task manual__2024-06-04T13:46:25.495358+00:00 [running]> on host 7ae6972dd88f
[2024-06-04 13:46:30,093] {taskinstance.py:1426} INFO - Exporting the following env vars:
AIRFLOW_CTX_DAG_OWNER=***
AIRFLOW_CTX_DAG_ID=data_ingestion_gcs_dag
AIRFLOW_CTX_TASK_ID=transform_dataset_task
AIRFLOW_CTX_EXECUTION_DATE=2024-06-04T13:46:25.495358+00:00
AIRFLOW_CTX_DAG_RUN_ID=manual__2024-06-04T13:46:25.495358+00:00
[2024-06-04 13:46:30,113] {python.py:175} INFO - Done. Returned value was: None
[2024-06-04 13:46:30,124] {taskinstance.py:1277} INFO - Marking task as SUCCESS. dag_id=data_ingestion_gcs_dag, task_id=transform_dataset_task, execution_date=20240604T134625, start_date=20240604T134629, end_date=20240604T134630
[2024-06-04 13:46:30,156] {local_task_job.py:154} INFO - Task exited with return code 0
[2024-06-04 13:46:30,191] {local_task_job.py:264} INFO - 0 downstream tasks scheduled from follow-on schedule check
