[2024-06-04 12:55:41,902] {taskinstance.py:1032} INFO - Dependencies all met for <TaskInstance: data_ingestion_gcs_dag.download_dataset_task manual__2024-06-04T12:52:17.082197+00:00 [queued]>
[2024-06-04 12:55:41,912] {taskinstance.py:1032} INFO - Dependencies all met for <TaskInstance: data_ingestion_gcs_dag.download_dataset_task manual__2024-06-04T12:52:17.082197+00:00 [queued]>
[2024-06-04 12:55:41,912] {taskinstance.py:1238} INFO - 
--------------------------------------------------------------------------------
[2024-06-04 12:55:41,913] {taskinstance.py:1239} INFO - Starting attempt 1 of 2
[2024-06-04 12:55:41,913] {taskinstance.py:1240} INFO - 
--------------------------------------------------------------------------------
[2024-06-04 12:55:41,926] {taskinstance.py:1259} INFO - Executing <Task(BashOperator): download_dataset_task> on 2024-06-04 12:52:17.082197+00:00
[2024-06-04 12:55:41,931] {standard_task_runner.py:52} INFO - Started process 16099 to run task
[2024-06-04 12:55:41,935] {standard_task_runner.py:76} INFO - Running: ['***', 'tasks', 'run', 'data_ingestion_gcs_dag', 'download_dataset_task', 'manual__2024-06-04T12:52:17.082197+00:00', '--job-id', '174', '--raw', '--subdir', 'DAGS_FOLDER/data_ingestion.py', '--cfg-path', '/tmp/tmplv2_zolh', '--error-file', '/tmp/tmpjotgfe8a']
[2024-06-04 12:55:41,939] {standard_task_runner.py:77} INFO - Job 174: Subtask download_dataset_task
[2024-06-04 12:55:41,992] {logging_mixin.py:109} INFO - Running <TaskInstance: data_ingestion_gcs_dag.download_dataset_task manual__2024-06-04T12:52:17.082197+00:00 [running]> on host 7ae6972dd88f
[2024-06-04 12:55:42,047] {taskinstance.py:1426} INFO - Exporting the following env vars:
AIRFLOW_CTX_DAG_OWNER=***
AIRFLOW_CTX_DAG_ID=data_ingestion_gcs_dag
AIRFLOW_CTX_TASK_ID=download_dataset_task
AIRFLOW_CTX_EXECUTION_DATE=2024-06-04T12:52:17.082197+00:00
AIRFLOW_CTX_DAG_RUN_ID=manual__2024-06-04T12:52:17.082197+00:00
[2024-06-04 12:55:42,048] {subprocess.py:62} INFO - Tmp dir root location: 
 /tmp
[2024-06-04 12:55:42,049] {subprocess.py:74} INFO - Running command: ['bash', '-c', 'curl -sSL https://api.nytimes.com/svc/mostpopular/v2/viewed/1.json?api-key=6RmAG7GJNkjXhOt5pYF8xPooXDpEpWt1 > /opt/***/new_york_times_most_viewed.csv']
[2024-06-04 12:55:42,059] {subprocess.py:85} INFO - Output:
[2024-06-04 12:55:43,010] {subprocess.py:93} INFO - Command exited with return code 0
[2024-06-04 12:55:43,042] {taskinstance.py:1277} INFO - Marking task as SUCCESS. dag_id=data_ingestion_gcs_dag, task_id=download_dataset_task, execution_date=20240604T125217, start_date=20240604T125541, end_date=20240604T125543
[2024-06-04 12:55:43,069] {local_task_job.py:154} INFO - Task exited with return code 0
[2024-06-04 12:55:43,111] {local_task_job.py:264} INFO - 1 downstream tasks scheduled from follow-on schedule check
