[2024-06-07 14:07:34,047] {taskinstance.py:1032} INFO - Dependencies all met for <TaskInstance: data_ingestion_gcs_dag.download_dataset_task manual__2024-06-07T14:07:32.533207+00:00 [queued]>
[2024-06-07 14:07:34,058] {taskinstance.py:1032} INFO - Dependencies all met for <TaskInstance: data_ingestion_gcs_dag.download_dataset_task manual__2024-06-07T14:07:32.533207+00:00 [queued]>
[2024-06-07 14:07:34,058] {taskinstance.py:1238} INFO - 
--------------------------------------------------------------------------------
[2024-06-07 14:07:34,059] {taskinstance.py:1239} INFO - Starting attempt 1 of 2
[2024-06-07 14:07:34,059] {taskinstance.py:1240} INFO - 
--------------------------------------------------------------------------------
[2024-06-07 14:07:34,073] {taskinstance.py:1259} INFO - Executing <Task(BashOperator): download_dataset_task> on 2024-06-07 14:07:32.533207+00:00
[2024-06-07 14:07:34,079] {standard_task_runner.py:52} INFO - Started process 3175 to run task
[2024-06-07 14:07:34,082] {standard_task_runner.py:76} INFO - Running: ['***', 'tasks', 'run', 'data_ingestion_gcs_dag', 'download_dataset_task', 'manual__2024-06-07T14:07:32.533207+00:00', '--job-id', '281', '--raw', '--subdir', 'DAGS_FOLDER/data_ingestion.py', '--cfg-path', '/tmp/tmp2gnpncoi', '--error-file', '/tmp/tmpfex3kyjz']
[2024-06-07 14:07:34,086] {standard_task_runner.py:77} INFO - Job 281: Subtask download_dataset_task
[2024-06-07 14:07:34,140] {logging_mixin.py:109} INFO - Running <TaskInstance: data_ingestion_gcs_dag.download_dataset_task manual__2024-06-07T14:07:32.533207+00:00 [running]> on host fbb305b57b58
[2024-06-07 14:07:34,196] {taskinstance.py:1426} INFO - Exporting the following env vars:
AIRFLOW_CTX_DAG_OWNER=***
AIRFLOW_CTX_DAG_ID=data_ingestion_gcs_dag
AIRFLOW_CTX_TASK_ID=download_dataset_task
AIRFLOW_CTX_EXECUTION_DATE=2024-06-07T14:07:32.533207+00:00
AIRFLOW_CTX_DAG_RUN_ID=manual__2024-06-07T14:07:32.533207+00:00
[2024-06-07 14:07:34,198] {subprocess.py:62} INFO - Tmp dir root location: 
 /tmp
[2024-06-07 14:07:34,199] {subprocess.py:74} INFO - Running command: ['bash', '-c', 'curl -sSL https://api.nytimes.com/svc/mostpopular/v2/viewed/1.json?api-key=6RmAG7GJNkjXhOt5pYF8xPooXDpEpWt1 > /opt/***/new_york_times_most_viewed_2024-06-07_14-07-33.json']
[2024-06-07 14:07:34,209] {subprocess.py:85} INFO - Output:
[2024-06-07 14:07:35,117] {subprocess.py:93} INFO - Command exited with return code 0
[2024-06-07 14:07:35,151] {taskinstance.py:1277} INFO - Marking task as SUCCESS. dag_id=data_ingestion_gcs_dag, task_id=download_dataset_task, execution_date=20240607T140732, start_date=20240607T140734, end_date=20240607T140735
[2024-06-07 14:07:35,181] {local_task_job.py:154} INFO - Task exited with return code 0
[2024-06-07 14:07:35,220] {local_task_job.py:264} INFO - 1 downstream tasks scheduled from follow-on schedule check
