[2024-05-31 12:54:01,005] {processor.py:163} INFO - Started process (PID=165) to work on /opt/airflow/dags/data_ingestion.py
[2024-05-31 12:54:01,006] {processor.py:642} INFO - Processing file /opt/airflow/dags/data_ingestion.py for tasks to queue
[2024-05-31 12:54:01,008] {logging_mixin.py:109} INFO - [2024-05-31 12:54:01,008] {dagbag.py:500} INFO - Filling up the DagBag from /opt/airflow/dags/data_ingestion.py
[2024-05-31 12:54:04,133] {processor.py:654} INFO - DAG(s) dict_keys(['data_ingestion_gcs_dag']) retrieved from /opt/airflow/dags/data_ingestion.py
[2024-05-31 12:54:05,142] {logging_mixin.py:109} INFO - [2024-05-31 12:54:05,140] {dag.py:2396} INFO - Sync 1 DAGs
[2024-05-31 12:54:05,173] {processor.py:171} INFO - Processing /opt/airflow/dags/data_ingestion.py took 4.172 seconds
[2024-05-31 12:54:35,257] {processor.py:163} INFO - Started process (PID=222) to work on /opt/airflow/dags/data_ingestion.py
[2024-05-31 12:54:35,261] {processor.py:642} INFO - Processing file /opt/airflow/dags/data_ingestion.py for tasks to queue
[2024-05-31 12:54:35,262] {logging_mixin.py:109} INFO - [2024-05-31 12:54:35,262] {dagbag.py:500} INFO - Filling up the DagBag from /opt/airflow/dags/data_ingestion.py
[2024-05-31 12:54:36,190] {processor.py:654} INFO - DAG(s) dict_keys(['data_ingestion_gcs_dag']) retrieved from /opt/airflow/dags/data_ingestion.py
[2024-05-31 12:54:36,200] {logging_mixin.py:109} INFO - [2024-05-31 12:54:36,199] {dag.py:2396} INFO - Sync 1 DAGs
[2024-05-31 12:54:36,217] {logging_mixin.py:109} INFO - [2024-05-31 12:54:36,217] {dag.py:2935} INFO - Setting next_dagrun for data_ingestion_gcs_dag to 2024-05-30 00:00:00+00:00
[2024-05-31 12:54:36,226] {processor.py:171} INFO - Processing /opt/airflow/dags/data_ingestion.py took 0.972 seconds
[2024-05-31 12:55:06,299] {processor.py:163} INFO - Started process (PID=259) to work on /opt/airflow/dags/data_ingestion.py
[2024-05-31 12:55:06,300] {processor.py:642} INFO - Processing file /opt/airflow/dags/data_ingestion.py for tasks to queue
[2024-05-31 12:55:06,300] {logging_mixin.py:109} INFO - [2024-05-31 12:55:06,300] {dagbag.py:500} INFO - Filling up the DagBag from /opt/airflow/dags/data_ingestion.py
[2024-05-31 12:55:07,151] {processor.py:654} INFO - DAG(s) dict_keys(['data_ingestion_gcs_dag']) retrieved from /opt/airflow/dags/data_ingestion.py
[2024-05-31 12:55:07,161] {logging_mixin.py:109} INFO - [2024-05-31 12:55:07,160] {dag.py:2396} INFO - Sync 1 DAGs
[2024-05-31 12:55:07,176] {logging_mixin.py:109} INFO - [2024-05-31 12:55:07,176] {dag.py:2935} INFO - Setting next_dagrun for data_ingestion_gcs_dag to 2024-05-31T00:00:00+00:00
[2024-05-31 12:55:07,187] {processor.py:171} INFO - Processing /opt/airflow/dags/data_ingestion.py took 0.893 seconds
[2024-05-31 12:55:37,271] {processor.py:163} INFO - Started process (PID=298) to work on /opt/airflow/dags/data_ingestion.py
[2024-05-31 12:55:37,274] {processor.py:642} INFO - Processing file /opt/airflow/dags/data_ingestion.py for tasks to queue
[2024-05-31 12:55:37,275] {logging_mixin.py:109} INFO - [2024-05-31 12:55:37,275] {dagbag.py:500} INFO - Filling up the DagBag from /opt/airflow/dags/data_ingestion.py
[2024-05-31 12:55:38,003] {processor.py:654} INFO - DAG(s) dict_keys(['data_ingestion_gcs_dag']) retrieved from /opt/airflow/dags/data_ingestion.py
[2024-05-31 12:55:38,012] {logging_mixin.py:109} INFO - [2024-05-31 12:55:38,011] {dag.py:2396} INFO - Sync 1 DAGs
[2024-05-31 12:55:38,028] {logging_mixin.py:109} INFO - [2024-05-31 12:55:38,028] {dag.py:2935} INFO - Setting next_dagrun for data_ingestion_gcs_dag to 2024-05-31T00:00:00+00:00
[2024-05-31 12:55:38,039] {processor.py:171} INFO - Processing /opt/airflow/dags/data_ingestion.py took 0.770 seconds
[2024-05-31 12:56:08,127] {processor.py:163} INFO - Started process (PID=327) to work on /opt/airflow/dags/data_ingestion.py
[2024-05-31 12:56:08,128] {processor.py:642} INFO - Processing file /opt/airflow/dags/data_ingestion.py for tasks to queue
[2024-05-31 12:56:08,128] {logging_mixin.py:109} INFO - [2024-05-31 12:56:08,128] {dagbag.py:500} INFO - Filling up the DagBag from /opt/airflow/dags/data_ingestion.py
[2024-05-31 12:56:08,849] {processor.py:654} INFO - DAG(s) dict_keys(['data_ingestion_gcs_dag']) retrieved from /opt/airflow/dags/data_ingestion.py
[2024-05-31 12:56:08,858] {logging_mixin.py:109} INFO - [2024-05-31 12:56:08,857] {dag.py:2396} INFO - Sync 1 DAGs
[2024-05-31 12:56:08,874] {logging_mixin.py:109} INFO - [2024-05-31 12:56:08,874] {dag.py:2935} INFO - Setting next_dagrun for data_ingestion_gcs_dag to 2024-05-31T00:00:00+00:00
[2024-05-31 12:56:08,883] {processor.py:171} INFO - Processing /opt/airflow/dags/data_ingestion.py took 0.759 seconds
[2024-05-31 12:56:38,951] {processor.py:163} INFO - Started process (PID=373) to work on /opt/airflow/dags/data_ingestion.py
[2024-05-31 12:56:38,954] {processor.py:642} INFO - Processing file /opt/airflow/dags/data_ingestion.py for tasks to queue
[2024-05-31 12:56:38,954] {logging_mixin.py:109} INFO - [2024-05-31 12:56:38,954] {dagbag.py:500} INFO - Filling up the DagBag from /opt/airflow/dags/data_ingestion.py
[2024-05-31 12:56:39,796] {processor.py:654} INFO - DAG(s) dict_keys(['data_ingestion_gcs_dag']) retrieved from /opt/airflow/dags/data_ingestion.py
[2024-05-31 12:56:39,806] {logging_mixin.py:109} INFO - [2024-05-31 12:56:39,805] {dag.py:2396} INFO - Sync 1 DAGs
[2024-05-31 12:56:39,823] {logging_mixin.py:109} INFO - [2024-05-31 12:56:39,823] {dag.py:2935} INFO - Setting next_dagrun for data_ingestion_gcs_dag to 2024-05-31T00:00:00+00:00
[2024-05-31 12:56:39,839] {processor.py:171} INFO - Processing /opt/airflow/dags/data_ingestion.py took 0.892 seconds
[2024-05-31 12:57:09,942] {processor.py:163} INFO - Started process (PID=401) to work on /opt/airflow/dags/data_ingestion.py
[2024-05-31 12:57:09,943] {processor.py:642} INFO - Processing file /opt/airflow/dags/data_ingestion.py for tasks to queue
[2024-05-31 12:57:09,944] {logging_mixin.py:109} INFO - [2024-05-31 12:57:09,944] {dagbag.py:500} INFO - Filling up the DagBag from /opt/airflow/dags/data_ingestion.py
[2024-05-31 12:57:10,907] {processor.py:654} INFO - DAG(s) dict_keys(['data_ingestion_gcs_dag']) retrieved from /opt/airflow/dags/data_ingestion.py
[2024-05-31 12:57:10,917] {logging_mixin.py:109} INFO - [2024-05-31 12:57:10,916] {dag.py:2396} INFO - Sync 1 DAGs
[2024-05-31 12:57:10,932] {logging_mixin.py:109} INFO - [2024-05-31 12:57:10,932] {dag.py:2935} INFO - Setting next_dagrun for data_ingestion_gcs_dag to 2024-05-31T00:00:00+00:00
[2024-05-31 12:57:10,941] {processor.py:171} INFO - Processing /opt/airflow/dags/data_ingestion.py took 1.003 seconds
[2024-05-31 12:57:41,022] {processor.py:163} INFO - Started process (PID=440) to work on /opt/airflow/dags/data_ingestion.py
[2024-05-31 12:57:41,024] {processor.py:642} INFO - Processing file /opt/airflow/dags/data_ingestion.py for tasks to queue
[2024-05-31 12:57:41,024] {logging_mixin.py:109} INFO - [2024-05-31 12:57:41,024] {dagbag.py:500} INFO - Filling up the DagBag from /opt/airflow/dags/data_ingestion.py
[2024-05-31 12:57:41,749] {processor.py:654} INFO - DAG(s) dict_keys(['data_ingestion_gcs_dag']) retrieved from /opt/airflow/dags/data_ingestion.py
[2024-05-31 12:57:41,757] {logging_mixin.py:109} INFO - [2024-05-31 12:57:41,756] {dag.py:2396} INFO - Sync 1 DAGs
[2024-05-31 12:57:41,772] {logging_mixin.py:109} INFO - [2024-05-31 12:57:41,772] {dag.py:2935} INFO - Setting next_dagrun for data_ingestion_gcs_dag to 2024-05-31T00:00:00+00:00
[2024-05-31 12:57:41,783] {processor.py:171} INFO - Processing /opt/airflow/dags/data_ingestion.py took 0.764 seconds
