[2024-06-13 11:46:56,378] {taskinstance.py:1032} INFO - Dependencies all met for <TaskInstance: data_ingestion_gcs_dag.load_data_to_bq_task scheduled__2024-06-07T00:00:00+00:00 [queued]>
[2024-06-13 11:46:56,388] {taskinstance.py:1032} INFO - Dependencies all met for <TaskInstance: data_ingestion_gcs_dag.load_data_to_bq_task scheduled__2024-06-07T00:00:00+00:00 [queued]>
[2024-06-13 11:46:56,388] {taskinstance.py:1238} INFO - 
--------------------------------------------------------------------------------
[2024-06-13 11:46:56,388] {taskinstance.py:1239} INFO - Starting attempt 1 of 2
[2024-06-13 11:46:56,388] {taskinstance.py:1240} INFO - 
--------------------------------------------------------------------------------
[2024-06-13 11:46:56,398] {taskinstance.py:1259} INFO - Executing <Task(PythonOperator): load_data_to_bq_task> on 2024-06-07 00:00:00+00:00
[2024-06-13 11:46:56,403] {standard_task_runner.py:52} INFO - Started process 229 to run task
[2024-06-13 11:46:56,406] {standard_task_runner.py:76} INFO - Running: ['***', 'tasks', 'run', 'data_ingestion_gcs_dag', 'load_data_to_bq_task', 'scheduled__2024-06-07T00:00:00+00:00', '--job-id', '349', '--raw', '--subdir', 'DAGS_FOLDER/data_ingestion.py', '--cfg-path', '/tmp/tmplrw8dajj', '--error-file', '/tmp/tmp5mihpnrn']
[2024-06-13 11:46:56,409] {standard_task_runner.py:77} INFO - Job 349: Subtask load_data_to_bq_task
[2024-06-13 11:46:56,467] {logging_mixin.py:109} INFO - Running <TaskInstance: data_ingestion_gcs_dag.load_data_to_bq_task scheduled__2024-06-07T00:00:00+00:00 [running]> on host e092adbea91d
[2024-06-13 11:46:56,517] {taskinstance.py:1426} INFO - Exporting the following env vars:
AIRFLOW_CTX_DAG_OWNER=***
AIRFLOW_CTX_DAG_ID=data_ingestion_gcs_dag
AIRFLOW_CTX_TASK_ID=load_data_to_bq_task
AIRFLOW_CTX_EXECUTION_DATE=2024-06-07T00:00:00+00:00
AIRFLOW_CTX_DAG_RUN_ID=scheduled__2024-06-07T00:00:00+00:00
[2024-06-13 11:47:02,048] {logging_mixin.py:109} INFO - Loaded data from gs://nyt_most_viewved_bucket/new_york_times_most_viewed_2024-06-13_11-46-48.json to parisvelib.ny_most_viewed.nyt_most_viewed_articles
[2024-06-13 11:47:02,048] {python.py:175} INFO - Done. Returned value was: None
[2024-06-13 11:47:02,062] {taskinstance.py:1277} INFO - Marking task as SUCCESS. dag_id=data_ingestion_gcs_dag, task_id=load_data_to_bq_task, execution_date=20240607T000000, start_date=20240613T114656, end_date=20240613T114702
[2024-06-13 11:47:02,114] {local_task_job.py:154} INFO - Task exited with return code 0
[2024-06-13 11:47:02,146] {local_task_job.py:264} INFO - 0 downstream tasks scheduled from follow-on schedule check
