[2024-05-31 12:54:37,378] {taskinstance.py:1032} INFO - Dependencies all met for <TaskInstance: data_ingestion_gcs_dag.download_dataset_task scheduled__2024-05-30T00:00:00+00:00 [queued]>
[2024-05-31 12:54:37,387] {taskinstance.py:1032} INFO - Dependencies all met for <TaskInstance: data_ingestion_gcs_dag.download_dataset_task scheduled__2024-05-30T00:00:00+00:00 [queued]>
[2024-05-31 12:54:37,387] {taskinstance.py:1238} INFO - 
--------------------------------------------------------------------------------
[2024-05-31 12:54:37,387] {taskinstance.py:1239} INFO - Starting attempt 1 of 2
[2024-05-31 12:54:37,387] {taskinstance.py:1240} INFO - 
--------------------------------------------------------------------------------
[2024-05-31 12:54:37,398] {taskinstance.py:1259} INFO - Executing <Task(BashOperator): download_dataset_task> on 2024-05-30 00:00:00+00:00
[2024-05-31 12:54:37,403] {standard_task_runner.py:52} INFO - Started process 236 to run task
[2024-05-31 12:54:37,406] {standard_task_runner.py:76} INFO - Running: ['***', 'tasks', 'run', 'data_ingestion_gcs_dag', 'download_dataset_task', 'scheduled__2024-05-30T00:00:00+00:00', '--job-id', '150', '--raw', '--subdir', 'DAGS_FOLDER/data_ingestion.py', '--cfg-path', '/tmp/tmpqxfnic6r', '--error-file', '/tmp/tmppklei4qq']
[2024-05-31 12:54:37,409] {standard_task_runner.py:77} INFO - Job 150: Subtask download_dataset_task
[2024-05-31 12:54:37,460] {logging_mixin.py:109} INFO - Running <TaskInstance: data_ingestion_gcs_dag.download_dataset_task scheduled__2024-05-30T00:00:00+00:00 [running]> on host b7a15074a928
[2024-05-31 12:54:37,518] {taskinstance.py:1426} INFO - Exporting the following env vars:
AIRFLOW_CTX_DAG_OWNER=***
AIRFLOW_CTX_DAG_ID=data_ingestion_gcs_dag
AIRFLOW_CTX_TASK_ID=download_dataset_task
AIRFLOW_CTX_EXECUTION_DATE=2024-05-30T00:00:00+00:00
AIRFLOW_CTX_DAG_RUN_ID=scheduled__2024-05-30T00:00:00+00:00
[2024-05-31 12:54:37,520] {subprocess.py:62} INFO - Tmp dir root location: 
 /tmp
[2024-05-31 12:54:37,521] {subprocess.py:74} INFO - Running command: ['bash', '-c', 'curl -sSL https://api.nytimes.com/svc/mostpopular/v2/viewed/1.json?api-key=6RmAG7GJNkjXhOt5pYF8xPooXDpEpWt1 > /opt/***/new_york_times_most_viewed.csv']
[2024-05-31 12:54:37,531] {subprocess.py:85} INFO - Output:
[2024-05-31 12:54:38,333] {subprocess.py:93} INFO - Command exited with return code 0
[2024-05-31 12:54:38,359] {taskinstance.py:1277} INFO - Marking task as SUCCESS. dag_id=data_ingestion_gcs_dag, task_id=download_dataset_task, execution_date=20240530T000000, start_date=20240531T125437, end_date=20240531T125438
[2024-05-31 12:54:38,383] {local_task_job.py:154} INFO - Task exited with return code 0
[2024-05-31 12:54:38,412] {local_task_job.py:264} INFO - 0 downstream tasks scheduled from follow-on schedule check
