[2024-06-07 15:09:56,884] {taskinstance.py:1032} INFO - Dependencies all met for <TaskInstance: data_ingestion_gcs_dag.transform_dataset_task manual__2024-06-07T15:09:52.972962+00:00 [queued]>
[2024-06-07 15:09:56,901] {taskinstance.py:1032} INFO - Dependencies all met for <TaskInstance: data_ingestion_gcs_dag.transform_dataset_task manual__2024-06-07T15:09:52.972962+00:00 [queued]>
[2024-06-07 15:09:56,901] {taskinstance.py:1238} INFO - 
--------------------------------------------------------------------------------
[2024-06-07 15:09:56,901] {taskinstance.py:1239} INFO - Starting attempt 1 of 2
[2024-06-07 15:09:56,902] {taskinstance.py:1240} INFO - 
--------------------------------------------------------------------------------
[2024-06-07 15:09:56,922] {taskinstance.py:1259} INFO - Executing <Task(PythonOperator): transform_dataset_task> on 2024-06-07 15:09:52.972962+00:00
[2024-06-07 15:09:56,928] {standard_task_runner.py:52} INFO - Started process 8798 to run task
[2024-06-07 15:09:56,932] {standard_task_runner.py:76} INFO - Running: ['***', 'tasks', 'run', 'data_ingestion_gcs_dag', 'transform_dataset_task', 'manual__2024-06-07T15:09:52.972962+00:00', '--job-id', '314', '--raw', '--subdir', 'DAGS_FOLDER/data_ingestion.py', '--cfg-path', '/tmp/tmpxbskvk65', '--error-file', '/tmp/tmpu5gyrs3t']
[2024-06-07 15:09:56,935] {standard_task_runner.py:77} INFO - Job 314: Subtask transform_dataset_task
[2024-06-07 15:09:56,986] {logging_mixin.py:109} INFO - Running <TaskInstance: data_ingestion_gcs_dag.transform_dataset_task manual__2024-06-07T15:09:52.972962+00:00 [running]> on host fbb305b57b58
[2024-06-07 15:09:57,034] {taskinstance.py:1426} INFO - Exporting the following env vars:
AIRFLOW_CTX_DAG_OWNER=***
AIRFLOW_CTX_DAG_ID=data_ingestion_gcs_dag
AIRFLOW_CTX_TASK_ID=transform_dataset_task
AIRFLOW_CTX_EXECUTION_DATE=2024-06-07T15:09:52.972962+00:00
AIRFLOW_CTX_DAG_RUN_ID=manual__2024-06-07T15:09:52.972962+00:00
[2024-06-07 15:09:57,060] {python.py:175} INFO - Done. Returned value was: None
[2024-06-07 15:09:57,071] {taskinstance.py:1277} INFO - Marking task as SUCCESS. dag_id=data_ingestion_gcs_dag, task_id=transform_dataset_task, execution_date=20240607T150952, start_date=20240607T150956, end_date=20240607T150957
[2024-06-07 15:09:57,108] {local_task_job.py:154} INFO - Task exited with return code 0
[2024-06-07 15:09:57,142] {local_task_job.py:264} INFO - 1 downstream tasks scheduled from follow-on schedule check
