[2024-06-04 13:02:26,803] {taskinstance.py:1032} INFO - Dependencies all met for <TaskInstance: data_ingestion_gcs_dag.transform_dataset_task manual__2024-06-04T13:02:15.581090+00:00 [queued]>
[2024-06-04 13:02:26,818] {taskinstance.py:1032} INFO - Dependencies all met for <TaskInstance: data_ingestion_gcs_dag.transform_dataset_task manual__2024-06-04T13:02:15.581090+00:00 [queued]>
[2024-06-04 13:02:26,819] {taskinstance.py:1238} INFO - 
--------------------------------------------------------------------------------
[2024-06-04 13:02:26,819] {taskinstance.py:1239} INFO - Starting attempt 1 of 2
[2024-06-04 13:02:26,819] {taskinstance.py:1240} INFO - 
--------------------------------------------------------------------------------
[2024-06-04 13:02:26,838] {taskinstance.py:1259} INFO - Executing <Task(PythonOperator): transform_dataset_task> on 2024-06-04 13:02:15.581090+00:00
[2024-06-04 13:02:26,847] {standard_task_runner.py:52} INFO - Started process 16644 to run task
[2024-06-04 13:02:26,852] {standard_task_runner.py:76} INFO - Running: ['***', 'tasks', 'run', 'data_ingestion_gcs_dag', 'transform_dataset_task', 'manual__2024-06-04T13:02:15.581090+00:00', '--job-id', '183', '--raw', '--subdir', 'DAGS_FOLDER/data_ingestion.py', '--cfg-path', '/tmp/tmp36iqf9i3', '--error-file', '/tmp/tmpisml1q9s']
[2024-06-04 13:02:26,861] {standard_task_runner.py:77} INFO - Job 183: Subtask transform_dataset_task
[2024-06-04 13:02:26,946] {logging_mixin.py:109} INFO - Running <TaskInstance: data_ingestion_gcs_dag.transform_dataset_task manual__2024-06-04T13:02:15.581090+00:00 [running]> on host 7ae6972dd88f
[2024-06-04 13:02:27,003] {taskinstance.py:1426} INFO - Exporting the following env vars:
AIRFLOW_CTX_DAG_OWNER=***
AIRFLOW_CTX_DAG_ID=data_ingestion_gcs_dag
AIRFLOW_CTX_TASK_ID=transform_dataset_task
AIRFLOW_CTX_EXECUTION_DATE=2024-06-04T13:02:15.581090+00:00
AIRFLOW_CTX_DAG_RUN_ID=manual__2024-06-04T13:02:15.581090+00:00
[2024-06-04 13:02:27,039] {logging_mixin.py:109} INFO - 0     {'uri': 'nyt://article/c707e1ce-cbe2-5853-8b0d...
1     {'uri': 'nyt://article/a7d007e0-6136-5fee-a79c...
2     {'uri': 'nyt://article/d8374226-4af8-5304-8a5d...
3     {'uri': 'nyt://article/5417a5b2-29a8-5e47-8795...
4     {'uri': 'nyt://article/2d5a07d8-4816-5279-bb6e...
5     {'uri': 'nyt://article/036ce54d-1a74-58b6-800c...
6     {'uri': 'nyt://article/031be2ac-5f2f-5e57-92ca...
7     {'uri': 'nyt://article/946429a3-e297-54be-bde0...
8     {'uri': 'nyt://article/361d20a8-556b-56ba-a9a6...
9     {'uri': 'nyt://article/12a6e758-2cd4-50b4-a7df...
10    {'uri': 'nyt://article/1c83957c-9fda-5c7d-9a7f...
11    {'uri': 'nyt://article/a3709974-3888-52a9-8bfb...
12    {'uri': 'nyt://article/2cbdb175-4b53-5943-a06c...
13    {'uri': 'nyt://interactive/91d165d6-83c8-523e-...
14    {'uri': 'nyt://interactive/1fbf720e-a531-510b-...
15    {'uri': 'nyt://interactive/3e859d5e-5e8b-5da2-...
16    {'uri': 'nyt://article/36a15f6e-41b0-565a-a096...
17    {'uri': 'nyt://article/d9a998fb-8914-5681-a6bf...
18    {'uri': 'nyt://article/ab9db728-d744-5a51-a220...
19    {'uri': 'nyt://article/12b3e832-294f-5e89-bcac...
Name: results, dtype: object
[2024-06-04 13:02:27,040] {python.py:175} INFO - Done. Returned value was: None
[2024-06-04 13:02:27,050] {taskinstance.py:1277} INFO - Marking task as SUCCESS. dag_id=data_ingestion_gcs_dag, task_id=transform_dataset_task, execution_date=20240604T130215, start_date=20240604T130226, end_date=20240604T130227
[2024-06-04 13:02:27,103] {local_task_job.py:154} INFO - Task exited with return code 0
[2024-06-04 13:02:27,135] {local_task_job.py:264} INFO - 0 downstream tasks scheduled from follow-on schedule check
